Log file D:\Myeongjin\SensorTestProject\log\D600_000000003479A0A0.log created on 2021-01-27 at 11:03:43 AM
System Logging Level = 2
1432162: RecordSize = 12 (2 I2C dev, 0 SPI dev)
1432204: Mapped RecordSize = 12
Trying to connect to Bluetooth Serial Device
Currently in state 1, so releasing existing hardware...done.
1432830: Searching 1 ports
Trying to open COM3 at 921600 baud
Sending command +++AT
Read "ERROR"  from port 3
Matched ERROR, Connected to COM3 at 921600 baud
1433149: Found port 921600 at baudrate 921600
1433178: Configuring: sending reset command
Sending command ATZ
Start configuring at 1433244
699: Parsing string OK in state Reset
733: Found "OK"
Baudrate is correct, entering bypass mode for DAQ
Sending command ATD00019525dfd8
817: Resetting setup timeout at 1434071 changing from Reset to Connect
34:  Done parsing command in Reset
81: Parsing string OK in state Connect
Didn't find CONNECT in OK
140:  Done parsing command in Connect
1220: Parsing string CONNECT 00019525DFD8 in state Connect
1256: Found "CONNECT"; trying to configure system
1282: Configuring system.
 Queuing message 0x63 ackSize 1
1319: Sending stop scanning command
 Queuing message 0x10 ackSize 2
 Queuing message 0x20 ackSize 7
1490: I2C scan list configured
1506: Configuring Scan Lists
 Queuing message 0x25 ackSize 3
1549: Scan length lists set
 Queuing message 0x33 ackSize 2
1590: Setting up all of the passthru commands
Device 0 (I2C Addr = 1): DacCurrent = 50, ScanCount = 20, AveLength = 3
Passing through cmd 8 to 0
 Queuing message 0x40 ackSize 5
Passing through cmd 5 to 0
 Queuing message 0x40 ackSize 6
Passing through cmd 6 to 0
 Queuing message 0x40 ackSize 6
Passing through cmd 7 to 0
 Queuing message 0x40 ackSize 6
Device 1 (I2C Addr = 2): DacCurrent = 50, ScanCount = 20, AveLength = 3
Passing through cmd 8 to 1
 Queuing message 0x40 ackSize 5
Passing through cmd 5 to 1
 Queuing message 0x40 ackSize 6
Passing through cmd 6 to 1
 Queuing message 0x40 ackSize 6
Passing through cmd 7 to 1
 Queuing message 0x40 ackSize 6
Passing through cmd 1 to 255
 Queuing message 0x40 ackSize 5
3519: Requested continuous frames
 Queuing message 0x11 ackSize 3
 Queuing message 0x10 ackSize 2
3588: Resetting setup timeout at 1437669 changing from Connect to DAQ
37:  Done parsing command in Connect
Successfully sent message 0x63 with 1 bytes at 1437.8s (16 remain)
Timeout waiting for ACK of 0x63 at 1438.03
Successfully sent message 0x10 with 2 bytes at 1438.11s (15 remain)
Timeout waiting for ACK of 0x10 at 1438.35
Successfully sent message 0x20 with 7 bytes at 1438.43s (14 remain)
Timeout waiting for ACK of 0x20 at 1438.66
Successfully sent message 0x25 with 3 bytes at 1438.75s (13 remain)
Timeout waiting for ACK of 0x25 at 1438.98
Successfully sent message 0x33 with 2 bytes at 1439.06s (12 remain)
Timeout waiting for ACK of 0x33 at 1439.3
Successfully sent message 0x40 with 5 bytes at 1439.38s (11 remain)
Timeout waiting for ACK of 0x40 at 1439.62
Successfully sent message 0x40 with 6 bytes at 1439.7s (10 remain)
Timeout waiting for ACK of 0x40 at 1439.94
Successfully sent message 0x40 with 6 bytes at 1440.03s (9 remain)
Timeout waiting for ACK of 0x40 at 1440.26
Successfully sent message 0x40 with 6 bytes at 1440.35s (8 remain)
Timeout waiting for ACK of 0x40 at 1440.59
Successfully sent message 0x40 with 5 bytes at 1440.68s (7 remain)
Timeout waiting for ACK of 0x40 at 1440.92
Successfully sent message 0x40 with 6 bytes at 1441s (6 remain)
Timeout waiting for ACK of 0x40 at 1441.24
Successfully sent message 0x40 with 6 bytes at 1441.32s (5 remain)
Timeout waiting for ACK of 0x40 at 1441.56
Successfully sent message 0x40 with 6 bytes at 1441.64s (4 remain)
3994: Timeout 4000 waiting for data from 4294967286 to 4022
ERROR: Timeout waiting for new data. This is most likely due 
to a Bluetooth connection issue due to interference, 
a low battery, or being out of range. Check that the 
battery is charged, and possibly try moving closer to the 
computer.
4066: Sending stop scanning command
Successfully sent message 0x10 with 2 bytes at 1441.82s (3 remain)
Sending command +++
Finished escape sequence. Now disconnecting hardware
Sending command ATH
Successfully disconnected from Bluetooth
5269: Deleting D600 Object
