Log file D:\Myeongjin\SensorTestProject\log\D600_000000004D089FA0.log created on 2020-12-08 at 11:05:49 AM
System Logging Level = 2
102719: RecordSize = 12 (2 I2C dev, 0 SPI dev)
102753: Mapped RecordSize = 12
Trying to connect to Bluetooth Serial Device
Currently in state 1, so releasing existing hardware...done.
103243: Searching 1 ports
Trying to open COM3 at 921600 baud
Sending command +++AT
Read "ERROR"  from port 3
Matched ERROR, Connected to COM3 at 921600 baud
103533: Found port 921600 at baudrate 921600
103558: Configuring: sending reset command
Sending command ATZ
Start configuring at 103615
698: Parsing string OK in state Reset
726: Found "OK"
Baudrate is correct, entering bypass mode for DAQ
Sending command ATD00019525dfd8
807: Resetting setup timeout at 104431 changing from Reset to Connect
34:  Done parsing command in Reset
72: Parsing string OK in state Connect
Didn't find CONNECT in OK
123:  Done parsing command in Connect
1038: Parsing string CONNECT 00019525DFD8 in state Connect
1070: Found "CONNECT"; trying to configure system
1096: Configuring system.
 Queuing message 0x63 ackSize 1
1132: Sending stop scanning command
 Queuing message 0x10 ackSize 2
 Queuing message 0x20 ackSize 7
1295: I2C scan list configured
1309: Configuring Scan Lists
 Queuing message 0x25 ackSize 3
1346: Scan length lists set
 Queuing message 0x33 ackSize 2
1381: Setting up all of the passthru commands
Device 0 (I2C Addr = 1): DacCurrent = 50, ScanCount = 20, AveLength = 3
Passing through cmd 8 to 0
 Queuing message 0x40 ackSize 5
Passing through cmd 5 to 0
 Queuing message 0x40 ackSize 6
Passing through cmd 6 to 0
 Queuing message 0x40 ackSize 6
Passing through cmd 7 to 0
 Queuing message 0x40 ackSize 6
Device 1 (I2C Addr = 2): DacCurrent = 50, ScanCount = 20, AveLength = 3
Passing through cmd 8 to 1
 Queuing message 0x40 ackSize 5
Passing through cmd 5 to 1
 Queuing message 0x40 ackSize 6
Passing through cmd 6 to 1
 Queuing message 0x40 ackSize 6
Passing through cmd 7 to 1
 Queuing message 0x40 ackSize 6
Passing through cmd 1 to 255
 Queuing message 0x40 ackSize 5
3215: Requested continuous frames
 Queuing message 0x11 ackSize 3
 Queuing message 0x10 ackSize 2
3272: Resetting setup timeout at 107712 changing from Connect to DAQ
31:  Done parsing command in Connect
Successfully sent message 0x63 with 1 bytes at 107.834s (16 remain)
Timeout waiting for ACK of 0x63 at 108.061
Successfully sent message 0x10 with 2 bytes at 108.128s (15 remain)
Timeout waiting for ACK of 0x10 at 108.355
Successfully sent message 0x20 with 7 bytes at 108.425s (14 remain)

 --Protocol Rev change was:0 now: 4--
 ACK Mismatch: Received 0x63 while waiting for 0x20
Timeout waiting for ACK of 0x20 at 108.653
Successfully sent message 0x20 with 7 bytes at 108.723s (13 remain)
 ACKing cmd 0x20; 13 remain
Successfully sent message 0x25 with 3 bytes at 108.855s (13 remain)
 ACKing cmd 0x25; 12 remain
Successfully sent message 0x33 with 2 bytes at 108.994s (12 remain)
 ACKing cmd 0x33; 11 remain
Successfully sent message 0x40 with 5 bytes at 109.108s (11 remain)
 ACKing cmd 0x40; 10 remain
Successfully sent message 0x40 with 6 bytes at 109.236s (10 remain)
 ACKing cmd 0x40; 9 remain
Successfully sent message 0x40 with 6 bytes at 109.348s (9 remain)
 ACKing cmd 0x40; 8 remain
Successfully sent message 0x40 with 6 bytes at 109.478s (8 remain)
 ACKing cmd 0x40; 7 remain
Successfully sent message 0x40 with 5 bytes at 109.608s (7 remain)
 ACKing cmd 0x40; 6 remain
Successfully sent message 0x40 with 6 bytes at 109.733s (6 remain)
 ACKing cmd 0x40; 5 remain
Successfully sent message 0x40 with 6 bytes at 109.861s (5 remain)
 ACKing cmd 0x40; 4 remain
Successfully sent message 0x40 with 6 bytes at 109.989s (4 remain)
 ACKing cmd 0x40; 3 remain
Successfully sent message 0x40 with 5 bytes at 110.133s (3 remain)
 ACKing cmd 0x40; 2 remain
Successfully sent message 0x11 with 3 bytes at 110.262s (2 remain)
 ACKing cmd 0x11; 1 remain
Successfully sent message 0x10 with 2 bytes at 110.389s (1 remain)
 ACKing cmd 0x10; 0 remain
2733: 10 received, but 26 are needed for a full frame. Flushing.
10184: Sending stop scanning command
Successfully sent message 0x10 with 2 bytes at 117.977s (0 remain)
Sending command +++
Finished escape sequence. Now disconnecting hardware
Sending command ATH
Successfully disconnected from Bluetooth
11286: Deleting D600 Object
