Log file D:\Myeongjin\SensorTestProject\log\D600_00000000510B9F40.log created on 2020-12-16 at 03:54:40 PM
System Logging Level = 2
615214: RecordSize = 12 (2 I2C dev, 0 SPI dev)
615215: Mapped RecordSize = 12
Trying to connect to Bluetooth Serial Device
Currently in state 1, so releasing existing hardware...done.
615239: Searching 1 ports
Trying to open COM3 at 921600 baud
Sending command +++AT
Read "ERROR"  from port 3
Matched ERROR, Connected to COM3 at 921600 baud
615336: Found port 921600 at baudrate 921600
615337: Configuring: sending reset command
Sending command ATZ
Start configuring at 615340
702: Parsing string OK in state Reset
703: Found "OK"
Baudrate is correct, entering bypass mode for DAQ
Sending command ATD00019525dfd8
706: Resetting setup timeout at 616046 changing from Reset to Connect
1:  Done parsing command in Reset
107: Parsing string OK in state Connect
Didn't find CONNECT in OK
108:  Done parsing command in Connect
1356: Parsing string CONNECT 00019525DFD8 in state Connect
1357: Found "CONNECT"; trying to configure system
1358: Configuring system.
 Queuing message 0x63 ackSize 1
1359: Sending stop scanning command
 Queuing message 0x10 ackSize 2
 Queuing message 0x20 ackSize 7
1461: I2C scan list configured
1462: Configuring Scan Lists
 Queuing message 0x25 ackSize 3
1463: Scan length lists set
 Queuing message 0x33 ackSize 2
1464: Setting up all of the passthru commands
Device 0 (I2C Addr = 1): DacCurrent = 50, ScanCount = 20, AveLength = 3
Passing through cmd 8 to 0
 Queuing message 0x40 ackSize 5
Passing through cmd 5 to 0
 Queuing message 0x40 ackSize 6
Passing through cmd 6 to 0
 Queuing message 0x40 ackSize 6
Passing through cmd 7 to 0
 Queuing message 0x40 ackSize 6
Device 1 (I2C Addr = 2): DacCurrent = 50, ScanCount = 20, AveLength = 3
Passing through cmd 8 to 1
 Queuing message 0x40 ackSize 5
Passing through cmd 5 to 1
 Queuing message 0x40 ackSize 6
Passing through cmd 6 to 1
 Queuing message 0x40 ackSize 6
Passing through cmd 7 to 1
 Queuing message 0x40 ackSize 6
Passing through cmd 1 to 255
 Queuing message 0x40 ackSize 5
2787: Requested continuous frames
 Queuing message 0x11 ackSize 3
 Queuing message 0x10 ackSize 2
2789: Resetting setup timeout at 618835 changing from Connect to DAQ
1:  Done parsing command in Connect
Successfully sent message 0x63 with 1 bytes at 618.839s (16 remain)
Timeout waiting for ACK of 0x63 at 619.041
Successfully sent message 0x10 with 2 bytes at 619.044s (15 remain)
Timeout waiting for ACK of 0x10 at 619.245
Successfully sent message 0x20 with 7 bytes at 619.248s (14 remain)
Timeout waiting for ACK of 0x20 at 619.449
Successfully sent message 0x25 with 3 bytes at 619.452s (13 remain)
Timeout waiting for ACK of 0x25 at 619.654
Successfully sent message 0x33 with 2 bytes at 619.657s (12 remain)
Timeout waiting for ACK of 0x33 at 619.858
Successfully sent message 0x40 with 5 bytes at 619.861s (11 remain)
Timeout waiting for ACK of 0x40 at 620.062
Successfully sent message 0x40 with 6 bytes at 620.065s (10 remain)
Timeout waiting for ACK of 0x40 at 620.266
Successfully sent message 0x40 with 6 bytes at 620.268s (9 remain)
Timeout waiting for ACK of 0x40 at 620.47
Successfully sent message 0x40 with 6 bytes at 620.472s (8 remain)
Timeout waiting for ACK of 0x40 at 620.674
Successfully sent message 0x40 with 5 bytes at 620.676s (7 remain)
Timeout waiting for ACK of 0x40 at 620.877
Successfully sent message 0x40 with 6 bytes at 620.879s (6 remain)
Timeout waiting for ACK of 0x40 at 621.081
Successfully sent message 0x40 with 6 bytes at 621.084s (5 remain)
Timeout waiting for ACK of 0x40 at 621.285
Successfully sent message 0x40 with 6 bytes at 621.287s (4 remain)
Timeout waiting for ACK of 0x40 at 621.489
Successfully sent message 0x40 with 5 bytes at 621.492s (3 remain)
Timeout waiting for ACK of 0x40 at 621.693
Successfully sent message 0x11 with 3 bytes at 621.695s (2 remain)
Timeout waiting for ACK of 0x11 at 621.896
Successfully sent message 0x10 with 2 bytes at 621.898s (1 remain)
Timeout waiting for ACK of 0x10 at 622.1
4001: Timeout 4000 waiting for data from 0 to 4001
ERROR: Timeout waiting for new data. This is most likely due 
to a Bluetooth connection issue due to interference, 
a low battery, or being out of range. Check that the 
battery is charged, and possibly try moving closer to the 
computer.
4003: Sending stop scanning command
Successfully sent message 0x10 with 2 bytes at 622.84s (0 remain)
Sending command +++
Finished escape sequence. Now disconnecting hardware
Sending command ATH
Successfully disconnected from Bluetooth
4829: Deleting D600 Object
