Log file D:\Myeongjin\SensorTestProject\log\D600_00000000436DA090.log created on 2021-02-04 at 01:44:55 PM
System Logging Level = 2
2297134: RecordSize = 12 (2 I2C dev, 0 SPI dev)
2297196: Mapped RecordSize = 12
Trying to connect to Bluetooth Serial Device
Currently in state 1, so releasing existing hardware...done.
2298046: Searching 1 ports
Trying to open COM3 at 921600 baud
Sending command +++AT
Read "ERROR"  from port 3
Matched ERROR, Connected to COM3 at 921600 baud
2298464: Found port 921600 at baudrate 921600
2298501: Configuring: sending reset command
Sending command ATZ
Start configuring at 2298590
697: Parsing string OK in state Reset
741: Found "OK"
Baudrate is correct, entering bypass mode for DAQ
Sending command ATD00019525dfd8
856: Resetting setup timeout at 2299460 changing from Reset to Connect
51:  Done parsing command in Reset
88: Parsing string OK in state Connect
Didn't find CONNECT in OK
181:  Done parsing command in Connect
1222: Parsing string CONNECT 00019525DFD8 in state Connect
1276: Found "CONNECT"; trying to configure system
1311: Configuring system.
 Queuing message 0x63 ackSize 1
1362: Sending stop scanning command
 Queuing message 0x10 ackSize 2
 Queuing message 0x20 ackSize 7
1550: I2C scan list configured
1572: Configuring Scan Lists
 Queuing message 0x25 ackSize 3
1628: Scan length lists set
 Queuing message 0x33 ackSize 2
1682: Setting up all of the passthru commands
Device 0 (I2C Addr = 1): DacCurrent = 50, ScanCount = 20, AveLength = 3
Passing through cmd 8 to 0
 Queuing message 0x40 ackSize 5
Passing through cmd 5 to 0
 Queuing message 0x40 ackSize 6
Passing through cmd 6 to 0
 Queuing message 0x40 ackSize 6
Passing through cmd 7 to 0
 Queuing message 0x40 ackSize 6
Device 1 (I2C Addr = 2): DacCurrent = 50, ScanCount = 20, AveLength = 3
Passing through cmd 8 to 1
 Queuing message 0x40 ackSize 5
Passing through cmd 5 to 1
 Queuing message 0x40 ackSize 6
Passing through cmd 6 to 1
 Queuing message 0x40 ackSize 6
Passing through cmd 7 to 1
 Queuing message 0x40 ackSize 6
Passing through cmd 1 to 255
 Queuing message 0x40 ackSize 5
3868: Requested continuous frames
 Queuing message 0x11 ackSize 3
 Queuing message 0x10 ackSize 2
3960: Resetting setup timeout at 2303435 changing from Connect to DAQ
49:  Done parsing command in Connect
Successfully sent message 0x63 with 1 bytes at 2303.61s (16 remain)
Timeout waiting for ACK of 0x63 at 2303.84
Successfully sent message 0x10 with 2 bytes at 2303.96s (15 remain)
Timeout waiting for ACK of 0x10 at 2304.2
Successfully sent message 0x20 with 7 bytes at 2304.32s (14 remain)

 --Protocol Rev change was:0 now: 4--
 ACK Mismatch: Received 0x63 while waiting for 0x20
Timeout waiting for ACK of 0x20 at 2304.56
Successfully sent message 0x20 with 7 bytes at 2304.67s (13 remain)
 ACKing cmd 0x20; 13 remain
Successfully sent message 0x25 with 3 bytes at 2304.83s (13 remain)
 ACKing cmd 0x25; 12 remain
Successfully sent message 0x33 with 2 bytes at 2305s (12 remain)
 ACKing cmd 0x33; 11 remain
Successfully sent message 0x40 with 5 bytes at 2305.19s (11 remain)
 ACKing cmd 0x40; 10 remain
Successfully sent message 0x40 with 6 bytes at 2305.37s (10 remain)
 ACKing cmd 0x40; 9 remain
Successfully sent message 0x40 with 6 bytes at 2305.53s (9 remain)
 ACKing cmd 0x40; 8 remain
Successfully sent message 0x40 with 6 bytes at 2305.71s (8 remain)
 ACKing cmd 0x40; 7 remain
Successfully sent message 0x40 with 5 bytes at 2305.88s (7 remain)
 ACKing cmd 0x40; 6 remain
Successfully sent message 0x40 with 6 bytes at 2306.04s (6 remain)
 ACKing cmd 0x40; 5 remain
Successfully sent message 0x40 with 6 bytes at 2306.21s (5 remain)
 ACKing cmd 0x40; 4 remain
Successfully sent message 0x40 with 6 bytes at 2306.4s (4 remain)
 ACKing cmd 0x40; 3 remain
Successfully sent message 0x40 with 5 bytes at 2306.56s (3 remain)
 ACKing cmd 0x40; 2 remain
Successfully sent message 0x11 with 3 bytes at 2306.71s (2 remain)
 ACKing cmd 0x11; 1 remain
Successfully sent message 0x10 with 2 bytes at 2306.86s (1 remain)
 ACKing cmd 0x10; 0 remain
3494: 10 received, but 26 are needed for a full frame. Flushing.
33926: Sending stop scanning command
Successfully sent message 0x10 with 2 bytes at 2337.48s (0 remain)
Sending command +++
Finished escape sequence. Now disconnecting hardware
Sending command ATH
Successfully disconnected from Bluetooth
35192: Deleting D600 Object
