Log file D:\Myeongjin\SensorTestProject\log\D600_0000000056E3A030.log created on 2020-10-26 at 01:42:33 PM
System Logging Level = 2
3345347: RecordSize = 12 (2 I2C dev, 0 SPI dev)
3345381: Mapped RecordSize = 12
Trying to connect to Bluetooth Serial Device
Currently in state 1, so releasing existing hardware...done.
3345869: Searching 1 ports
Trying to open COM3 at 921600 baud
Sending command +++AT
Read "ERROR"  from port 3
Matched ERROR, Connected to COM3 at 921600 baud
3346136: Found port 921600 at baudrate 921600
3346160: Configuring: sending reset command
Sending command ATZ
Start configuring at 3346216
696: Parsing string OK in state Reset
725: Found "OK"
Baudrate is correct, entering bypass mode for DAQ
Sending command ATD00019525dfd8
819: Resetting setup timeout at 3347043 changing from Reset to Connect
28:  Done parsing command in Reset
76: Parsing string OK in state Connect
Didn't find CONNECT in OK
125:  Done parsing command in Connect
951: Parsing string CONNECT 00019525DFD8 in state Connect
980: Found "CONNECT"; trying to configure system
1001: Configuring system.
 Queuing message 0x63 ackSize 1
1031: Sending stop scanning command
 Queuing message 0x10 ackSize 2
 Queuing message 0x20 ackSize 7
1188: I2C scan list configured
1201: Configuring Scan Lists
 Queuing message 0x25 ackSize 3
1234: Scan length lists set
 Queuing message 0x33 ackSize 2
1269: Setting up all of the passthru commands
Device 0 (I2C Addr = 1): DacCurrent = 50, ScanCount = 20, AveLength = 3
Passing through cmd 8 to 0
 Queuing message 0x40 ackSize 5
Passing through cmd 5 to 0
 Queuing message 0x40 ackSize 6
Passing through cmd 6 to 0
 Queuing message 0x40 ackSize 6
Passing through cmd 7 to 0
 Queuing message 0x40 ackSize 6
Device 1 (I2C Addr = 2): DacCurrent = 50, ScanCount = 20, AveLength = 3
Passing through cmd 8 to 1
 Queuing message 0x40 ackSize 5
Passing through cmd 5 to 1
 Queuing message 0x40 ackSize 6
Passing through cmd 6 to 1
 Queuing message 0x40 ackSize 6
Passing through cmd 7 to 1
 Queuing message 0x40 ackSize 6
Passing through cmd 1 to 255
 Queuing message 0x40 ackSize 5
3087: Requested continuous frames
 Queuing message 0x11 ackSize 3
 Queuing message 0x10 ackSize 2
3147: Resetting setup timeout at 3350199 changing from Connect to DAQ
31:  Done parsing command in Connect
Successfully sent message 0x63 with 1 bytes at 3350.3s (16 remain)
Timeout waiting for ACK of 0x63 at 3350.53
Successfully sent message 0x10 with 2 bytes at 3350.6s (15 remain)
Timeout waiting for ACK of 0x10 at 3350.82
Successfully sent message 0x20 with 7 bytes at 3350.89s (14 remain)

 --Protocol Rev change was:0 now: 4--
 ACK Mismatch: Received 0x63 while waiting for 0x20
Timeout waiting for ACK of 0x20 at 3351.12
Successfully sent message 0x20 with 7 bytes at 3351.19s (13 remain)
 ACKing cmd 0x20; 13 remain
Successfully sent message 0x25 with 3 bytes at 3351.32s (13 remain)
 ACKing cmd 0x25; 12 remain
Successfully sent message 0x33 with 2 bytes at 3351.44s (12 remain)
 ACKing cmd 0x33; 11 remain
Successfully sent message 0x40 with 5 bytes at 3351.56s (11 remain)
 ACKing cmd 0x40; 10 remain
Successfully sent message 0x40 with 6 bytes at 3351.68s (10 remain)
 ACKing cmd 0x40; 9 remain
Successfully sent message 0x40 with 6 bytes at 3351.8s (9 remain)
 ACKing cmd 0x40; 8 remain
Successfully sent message 0x40 with 6 bytes at 3351.93s (8 remain)
 ACKing cmd 0x40; 7 remain
Successfully sent message 0x40 with 5 bytes at 3352.04s (7 remain)
 ACKing cmd 0x40; 6 remain
Successfully sent message 0x40 with 6 bytes at 3352.17s (6 remain)
 ACKing cmd 0x40; 5 remain
Successfully sent message 0x40 with 6 bytes at 3352.3s (5 remain)
 ACKing cmd 0x40; 4 remain
Successfully sent message 0x40 with 6 bytes at 3352.43s (4 remain)
 ACKing cmd 0x40; 3 remain
Successfully sent message 0x40 with 5 bytes at 3352.55s (3 remain)
 ACKing cmd 0x40; 2 remain
Successfully sent message 0x11 with 3 bytes at 3352.68s (2 remain)
 ACKing cmd 0x11; 1 remain
Successfully sent message 0x10 with 2 bytes at 3352.8s (1 remain)
 ACKing cmd 0x10; 0 remain
2667: 10 received, but 26 are needed for a full frame. Flushing.
1502661: Sending stop scanning command
Successfully sent message 0x10 with 2 bytes at 4852.93s (0 remain)
Sending command +++
Finished escape sequence. Now disconnecting hardware
Sending command ATH
Successfully disconnected from Bluetooth
1503730: Deleting D600 Object
