Log file D:\Myeongjin\projects\SensorTestProject\log\D600_0000000035709DD0.log created on 2020-03-05 at 12:57:26 PM
System Logging Level = 2
7795603: RecordSize = 12 (2 I2C dev, 0 SPI dev)
7795615: Mapped RecordSize = 12
Trying to connect to Bluetooth Serial Device
Currently in state 1, so releasing existing hardware...done.
7795764: Searching 1 ports
Trying to open COM7 at 921600 baud
Sending command +++AT
Read "ERROR"  from port 7
Matched ERROR, Connected to COM7 at 921600 baud
7795900: Found port 921600 at baudrate 921600
7795907: Configuring: sending reset command
Sending command ATZ
Start configuring at 7795926
700: Parsing string OK in state Reset
708: Found "OK"
Baudrate is correct, entering bypass mode for DAQ
Sending command ATD00019525dfd8
732: Resetting setup timeout at 7796660 changing from Reset to Connect
9:  Done parsing command in Reset
94: Parsing string OK in state Connect
Didn't find CONNECT in OK
110:  Done parsing command in Connect
1383: Parsing string CONNECT 00019525DFD8 in state Connect
1392: Found "CONNECT"; trying to configure system
1400: Configuring system.
 Queuing message 0x63 ackSize 1
1410: Sending stop scanning command
 Queuing message 0x10 ackSize 2
 Queuing message 0x20 ackSize 7
1530: I2C scan list configured
1534: Configuring Scan Lists
 Queuing message 0x25 ackSize 3
1548: Scan length lists set
 Queuing message 0x33 ackSize 2
1560: Setting up all of the passthru commands
Device 0 (I2C Addr = 1): DacCurrent = 50, ScanCount = 20, AveLength = 3
Passing through cmd 8 to 0
 Queuing message 0x40 ackSize 5
Passing through cmd 5 to 0
 Queuing message 0x40 ackSize 6
Passing through cmd 6 to 0
 Queuing message 0x40 ackSize 6
Passing through cmd 7 to 0
 Queuing message 0x40 ackSize 6
Device 1 (I2C Addr = 2): DacCurrent = 50, ScanCount = 20, AveLength = 3
Passing through cmd 8 to 1
 Queuing message 0x40 ackSize 5
Passing through cmd 5 to 1
 Queuing message 0x40 ackSize 6
Passing through cmd 6 to 1
 Queuing message 0x40 ackSize 6
Passing through cmd 7 to 1
 Queuing message 0x40 ackSize 6
Passing through cmd 1 to 255
 Queuing message 0x40 ackSize 5
3040: Requested continuous frames
 Queuing message 0x11 ackSize 3
 Queuing message 0x10 ackSize 2
3059: Resetting setup timeout at 7799722 changing from Connect to DAQ
9:  Done parsing command in Connect
Successfully sent message 0x63 with 1 bytes at 7799.76s (16 remain)
Timeout waiting for ACK of 0x63 at 7799.97
Successfully sent message 0x10 with 2 bytes at 7799.99s (15 remain)
Timeout waiting for ACK of 0x10 at 7800.2
Successfully sent message 0x20 with 7 bytes at 7800.23s (14 remain)

 --Protocol Rev change was:0 now: 4--
 ACK Mismatch: Received 0x63 while waiting for 0x20
Timeout waiting for ACK of 0x20 at 7800.44
Successfully sent message 0x20 with 7 bytes at 7800.46s (13 remain)
 ACKing cmd 0x20; 13 remain
Successfully sent message 0x25 with 3 bytes at 7800.54s (13 remain)
 ACKing cmd 0x25; 12 remain
Successfully sent message 0x33 with 2 bytes at 7800.62s (12 remain)
 ACKing cmd 0x33; 11 remain
Successfully sent message 0x40 with 5 bytes at 7800.7s (11 remain)
 ACKing cmd 0x40; 10 remain
Successfully sent message 0x40 with 6 bytes at 7800.8s (10 remain)
 ACKing cmd 0x40; 9 remain
Successfully sent message 0x40 with 6 bytes at 7800.88s (9 remain)
 ACKing cmd 0x40; 8 remain
Successfully sent message 0x40 with 6 bytes at 7800.98s (8 remain)
 ACKing cmd 0x40; 7 remain
Successfully sent message 0x40 with 5 bytes at 7801.08s (7 remain)
 ACKing cmd 0x40; 6 remain
Successfully sent message 0x40 with 6 bytes at 7801.17s (6 remain)
 ACKing cmd 0x40; 5 remain
Successfully sent message 0x40 with 6 bytes at 7801.26s (5 remain)
 ACKing cmd 0x40; 4 remain
Successfully sent message 0x40 with 6 bytes at 7801.36s (4 remain)
 ACKing cmd 0x40; 3 remain
Successfully sent message 0x40 with 5 bytes at 7801.44s (3 remain)
 ACKing cmd 0x40; 2 remain
Successfully sent message 0x11 with 3 bytes at 7801.53s (2 remain)
 ACKing cmd 0x11; 1 remain
Successfully sent message 0x10 with 2 bytes at 7801.63s (1 remain)
 ACKing cmd 0x10; 0 remain
1967: 10 received, but 26 are needed for a full frame. Flushing.
12637: Sending stop scanning command
Successfully sent message 0x10 with 2 bytes at 7812.38s (0 remain)
Sending command +++
Finished escape sequence. Now disconnecting hardware
Sending command ATH
Successfully disconnected from Bluetooth
13495: Deleting D600 Object
Log file D:\Myeongjin\projects\SensorTestProject\log\D600_0000000035709DD0.log created on 2020-03-05 at 12:59:30 PM
System Logging Level = 2
7919602: RecordSize = 12 (2 I2C dev, 0 SPI dev)
7919613: Mapped RecordSize = 12
Trying to connect to Bluetooth Serial Device
Currently in state 1, so releasing existing hardware...done.
7919761: Searching 1 ports
Trying to open COM7 at 921600 baud
Sending command +++AT
Read "ERROR"  from port 7
Matched ERROR, Connected to COM7 at 921600 baud
7919888: Found port 921600 at baudrate 921600
7919897: Configuring: sending reset command
Sending command ATZ
Start configuring at 7919916
4: Parsing string ERROR in state Reset
Didn't find Reset success message OK in ERROR
22:  Done parsing command in Reset
700: Parsing string OK in state Reset
711: Found "OK"
Baudrate is correct, entering bypass mode for DAQ
Sending command ATD00019525dfd8
733: Resetting setup timeout at 7920652 changing from Reset to Connect
10:  Done parsing command in Reset
92: Parsing string OK in state Connect
Didn't find CONNECT in OK
108:  Done parsing command in Connect
6001: Timeout waiting to change state: 0 bytes in FIFO. ()
ERROR: Timeout connecting to the PPS electronics module over Bluetooth.
Check that the module is powered on, in range, that the battery is charged,
and that the Bluetooth address is 00019525dfd8
(The Bluetooth address is printed on the back of the electronics.)
Sending command +++
Failed reading a string from COM port after 21 tries. FIFO size = 0
Sending command +++
Failed reading a string from COM port after 21 tries. FIFO size = 0
Sending command +++
Failed reading a string from COM port after 21 tries. FIFO size = 0
Sending command +++
Failed reading a string from COM port after 21 tries. FIFO size = 0
Sending command +++
Failed reading a string from COM port after 21 tries. FIFO size = 0
Error receiving escape sequence confirmation!
9204: Deleting D600 Object
