Log file D:\Myeongjin\SensorTestProject\log\D600_0000000037B2A090.log created on 2021-01-21 at 12:41:03 PM
System Logging Level = 2
2875260: RecordSize = 12 (2 I2C dev, 0 SPI dev)
2875306: Mapped RecordSize = 12
Trying to connect to Bluetooth Serial Device
Currently in state 1, so releasing existing hardware...done.
2875982: Searching 1 ports
Trying to open COM3 at 921600 baud
Sending command +++AT
Read "ERROR"  from port 3
Matched ERROR, Connected to COM3 at 921600 baud
2876315: Found port 921600 at baudrate 921600
2876350: Configuring: sending reset command
Sending command ATZ
Start configuring at 2876423
698: Parsing string OK in state Reset
738: Found "OK"
Baudrate is correct, entering bypass mode for DAQ
Sending command ATD00019525dfd8
829: Resetting setup timeout at 2877263 changing from Reset to Connect
38:  Done parsing command in Reset
81: Parsing string OK in state Connect
Didn't find CONNECT in OK
148:  Done parsing command in Connect
1005: Parsing string CONNECT 00019525DFD8 in state Connect
1045: Found "CONNECT"; trying to configure system
1073: Configuring system.
 Queuing message 0x63 ackSize 1
1112: Sending stop scanning command
 Queuing message 0x10 ackSize 2
 Queuing message 0x20 ackSize 7
1289: I2C scan list configured
1306: Configuring Scan Lists
 Queuing message 0x25 ackSize 3
1351: Scan length lists set
 Queuing message 0x33 ackSize 2
1396: Setting up all of the passthru commands
Device 0 (I2C Addr = 1): DacCurrent = 50, ScanCount = 20, AveLength = 3
Passing through cmd 8 to 0
 Queuing message 0x40 ackSize 5
Passing through cmd 5 to 0
 Queuing message 0x40 ackSize 6
Passing through cmd 6 to 0
 Queuing message 0x40 ackSize 6
Passing through cmd 7 to 0
 Queuing message 0x40 ackSize 6
Device 1 (I2C Addr = 2): DacCurrent = 50, ScanCount = 20, AveLength = 3
Passing through cmd 8 to 1
 Queuing message 0x40 ackSize 5
Passing through cmd 5 to 1
 Queuing message 0x40 ackSize 6
Passing through cmd 6 to 1
 Queuing message 0x40 ackSize 6
Passing through cmd 7 to 1
 Queuing message 0x40 ackSize 6
Passing through cmd 1 to 255
 Queuing message 0x40 ackSize 5
3401: Requested continuous frames
 Queuing message 0x11 ackSize 3
 Queuing message 0x10 ackSize 2
3478: Resetting setup timeout at 2880752 changing from Connect to DAQ
42:  Done parsing command in Connect
Successfully sent message 0x63 with 1 bytes at 2880.9s (16 remain)
Timeout waiting for ACK of 0x63 at 2881.14
Successfully sent message 0x10 with 2 bytes at 2881.24s (15 remain)
Timeout waiting for ACK of 0x10 at 2881.48
Successfully sent message 0x20 with 7 bytes at 2881.57s (14 remain)

 --Protocol Rev change was:0 now: 4--
 ACK Mismatch: Received 0x63 while waiting for 0x20
Timeout waiting for ACK of 0x20 at 2881.8
Successfully sent message 0x20 with 7 bytes at 2881.9s (13 remain)
 ACKing cmd 0x20; 13 remain
Successfully sent message 0x25 with 3 bytes at 2882.05s (13 remain)
 ACKing cmd 0x25; 12 remain
Successfully sent message 0x33 with 2 bytes at 2882.17s (12 remain)
 ACKing cmd 0x33; 11 remain
Successfully sent message 0x40 with 5 bytes at 2882.32s (11 remain)
 ACKing cmd 0x40; 10 remain
Successfully sent message 0x40 with 6 bytes at 2882.47s (10 remain)
 ACKing cmd 0x40; 9 remain
Successfully sent message 0x40 with 6 bytes at 2882.61s (9 remain)
 ACKing cmd 0x40; 8 remain
Successfully sent message 0x40 with 6 bytes at 2882.74s (8 remain)
 ACKing cmd 0x40; 7 remain
Successfully sent message 0x40 with 5 bytes at 2882.89s (7 remain)
 ACKing cmd 0x40; 6 remain
Successfully sent message 0x40 with 6 bytes at 2883.05s (6 remain)
 ACKing cmd 0x40; 5 remain
Successfully sent message 0x40 with 6 bytes at 2883.2s (5 remain)
 ACKing cmd 0x40; 4 remain
Successfully sent message 0x40 with 6 bytes at 2883.33s (4 remain)
 ACKing cmd 0x40; 3 remain
Successfully sent message 0x40 with 5 bytes at 2883.47s (3 remain)
 ACKing cmd 0x40; 2 remain
Successfully sent message 0x11 with 3 bytes at 2883.62s (2 remain)
 ACKing cmd 0x11; 1 remain
Successfully sent message 0x10 with 2 bytes at 2883.76s (1 remain)
 ACKing cmd 0x10; 0 remain
3059: 10 received, but 26 are needed for a full frame. Flushing.
30438: Sending stop scanning command
Successfully sent message 0x10 with 2 bytes at 2911.29s (0 remain)
Sending command +++
Finished escape sequence. Now disconnecting hardware
Sending command ATH
Successfully disconnected from Bluetooth
31616: Deleting D600 Object
