Log file D:\Myeongjin\SensorTestProject\log\D600_0000000050F99F80.log created on 2020-05-26 at 04:34:29 PM
System Logging Level = 2
795717: RecordSize = 12 (2 I2C dev, 0 SPI dev)
795760: Mapped RecordSize = 12
Trying to connect to Bluetooth Serial Device
Currently in state 1, so releasing existing hardware...done.
796390: Searching 1 ports
Trying to open COM3 at 921600 baud
Sending command +++AT
Read "ERROR"  from port 3
Matched ERROR, Connected to COM3 at 921600 baud
796712: Found port 921600 at baudrate 921600
796743: Configuring: sending reset command
Sending command ATZ
Start configuring at 796811
695: Parsing string OK in state Reset
730: Found "OK"
Baudrate is correct, entering bypass mode for DAQ
Sending command ATD00019525dfd8
811: Resetting setup timeout at 797632 changing from Reset to Connect
35:  Done parsing command in Reset
82: Parsing string OK in state Connect
Didn't find CONNECT in OK
144:  Done parsing command in Connect
886: Parsing string CONNECT 00019525DFD8 in state Connect
920: Found "CONNECT"; trying to configure system
945: Configuring system.
 Queuing message 0x63 ackSize 1
980: Sending stop scanning command
 Queuing message 0x10 ackSize 2
 Queuing message 0x20 ackSize 7
1147: I2C scan list configured
1163: Configuring Scan Lists
 Queuing message 0x25 ackSize 3
1205: Scan length lists set
 Queuing message 0x33 ackSize 2
1247: Setting up all of the passthru commands
Device 0 (I2C Addr = 1): DacCurrent = 50, ScanCount = 20, AveLength = 3
Passing through cmd 8 to 0
 Queuing message 0x40 ackSize 5
Passing through cmd 5 to 0
 Queuing message 0x40 ackSize 6
Passing through cmd 6 to 0
 Queuing message 0x40 ackSize 6
Passing through cmd 7 to 0
 Queuing message 0x40 ackSize 6
Device 1 (I2C Addr = 2): DacCurrent = 50, ScanCount = 20, AveLength = 3
Passing through cmd 8 to 1
 Queuing message 0x40 ackSize 5
Passing through cmd 5 to 1
 Queuing message 0x40 ackSize 6
Passing through cmd 6 to 1
 Queuing message 0x40 ackSize 6
Passing through cmd 7 to 1
 Queuing message 0x40 ackSize 6
Passing through cmd 1 to 255
 Queuing message 0x40 ackSize 5
3180: Requested continuous frames
 Queuing message 0x11 ackSize 3
 Queuing message 0x10 ackSize 2
3247: Resetting setup timeout at 800890 changing from Connect to DAQ
38:  Done parsing command in Connect
Successfully sent message 0x63 with 1 bytes at 801.022s (16 remain)
Timeout waiting for ACK of 0x63 at 801.255
Successfully sent message 0x10 with 2 bytes at 801.337s (15 remain)
Timeout waiting for ACK of 0x10 at 801.57
Successfully sent message 0x20 with 7 bytes at 801.651s (14 remain)

 --Protocol Rev change was:0 now: 4--
 ACK Mismatch: Received 0x63 while waiting for 0x20
Timeout waiting for ACK of 0x20 at 801.897
Successfully sent message 0x20 with 7 bytes at 802.026s (13 remain)
 ACKing cmd 0x20; 13 remain
Successfully sent message 0x25 with 3 bytes at 802.204s (13 remain)
 ACKing cmd 0x25; 12 remain
Successfully sent message 0x33 with 2 bytes at 802.335s (12 remain)
 ACKing cmd 0x33; 11 remain
Successfully sent message 0x40 with 5 bytes at 802.464s (11 remain)
 ACKing cmd 0x40; 10 remain
Successfully sent message 0x40 with 6 bytes at 802.591s (10 remain)
 ACKing cmd 0x40; 9 remain
Successfully sent message 0x40 with 6 bytes at 802.736s (9 remain)
 ACKing cmd 0x40; 8 remain
Successfully sent message 0x40 with 6 bytes at 802.878s (8 remain)
 ACKing cmd 0x40; 7 remain
Successfully sent message 0x40 with 5 bytes at 803.005s (7 remain)
 ACKing cmd 0x40; 6 remain
Successfully sent message 0x40 with 6 bytes at 803.172s (6 remain)
 ACKing cmd 0x40; 5 remain
Successfully sent message 0x40 with 6 bytes at 803.307s (5 remain)
 ACKing cmd 0x40; 4 remain
Successfully sent message 0x40 with 6 bytes at 803.455s (4 remain)
 ACKing cmd 0x40; 3 remain
Successfully sent message 0x40 with 5 bytes at 803.597s (3 remain)
 ACKing cmd 0x40; 2 remain
Successfully sent message 0x11 with 3 bytes at 803.729s (2 remain)
 ACKing cmd 0x11; 1 remain
Successfully sent message 0x10 with 2 bytes at 803.86s (1 remain)
 ACKing cmd 0x10; 0 remain
3025: 10 received, but 26 are needed for a full frame. Flushing.
168585: Sending stop scanning command
Successfully sent message 0x10 with 2 bytes at 969.573s (0 remain)
Sending command +++
Finished escape sequence. Now disconnecting hardware
Sending command ATH
Successfully disconnected from Bluetooth
169728: Deleting D600 Object
