Log file D:\Myeongjin\SensorTestProject\log\D600_000002C584F1A0E0.log created on 2021-03-24 at 03:44:37 PM
System Logging Level = 2
5382916: RecordSize = 12 (2 I2C dev, 0 SPI dev)
5382954: Mapped RecordSize = 12
Trying to connect to Bluetooth Serial Device
Currently in state 1, so releasing existing hardware...done.
5383555: Searching 1 ports
Trying to open COM3 at 921600 baud
Sending command +++AT
Read "ERROR"  from port 3
Matched ERROR, Connected to COM3 at 921600 baud
5383849: Found port 921600 at baudrate 921600
5383875: Configuring: sending reset command
Sending command ATZ
Start configuring at 5383935
699: Parsing string OK in state Reset
731: Found "OK"
Baudrate is correct, entering bypass mode for DAQ
Sending command ATD00019525dfd8
808: Resetting setup timeout at 5384752 changing from Reset to Connect
31:  Done parsing command in Reset
74: Parsing string OK in state Connect
Didn't find CONNECT in OK
133:  Done parsing command in Connect
1081: Parsing string CONNECT 00019525DFD8 in state Connect
1117: Found "CONNECT"; trying to configure system
1144: Configuring system.
 Queuing message 0x63 ackSize 1
1179: Sending stop scanning command
 Queuing message 0x10 ackSize 2
 Queuing message 0x20 ackSize 7
1375: I2C scan list configured
1388: Configuring Scan Lists
 Queuing message 0x25 ackSize 3
1427: Scan length lists set
 Queuing message 0x33 ackSize 2
1466: Setting up all of the passthru commands
Device 0 (I2C Addr = 1): DacCurrent = 50, ScanCount = 20, AveLength = 3
Passing through cmd 8 to 0
 Queuing message 0x40 ackSize 5
Passing through cmd 5 to 0
 Queuing message 0x40 ackSize 6
Passing through cmd 6 to 0
 Queuing message 0x40 ackSize 6
Passing through cmd 7 to 0
 Queuing message 0x40 ackSize 6
Device 1 (I2C Addr = 2): DacCurrent = 50, ScanCount = 20, AveLength = 3
Passing through cmd 8 to 1
 Queuing message 0x40 ackSize 5
Passing through cmd 5 to 1
 Queuing message 0x40 ackSize 6
Passing through cmd 6 to 1
 Queuing message 0x40 ackSize 6
Passing through cmd 7 to 1
 Queuing message 0x40 ackSize 6
Passing through cmd 1 to 255
 Queuing message 0x40 ackSize 5
3334: Requested continuous frames
 Queuing message 0x11 ackSize 3
 Queuing message 0x10 ackSize 2
3396: Resetting setup timeout at 5388157 changing from Connect to DAQ
35:  Done parsing command in Connect
Successfully sent message 0x63 with 1 bytes at 5388.27s (16 remain)
Timeout waiting for ACK of 0x63 at 5388.51
Successfully sent message 0x10 with 2 bytes at 5388.58s (15 remain)
Timeout waiting for ACK of 0x10 at 5388.81
Successfully sent message 0x20 with 7 bytes at 5388.89s (14 remain)

 --Protocol Rev change was:0 now: 4--
 ACK Mismatch: Received 0x63 while waiting for 0x20
Timeout waiting for ACK of 0x20 at 5389.12
Successfully sent message 0x20 with 7 bytes at 5389.19s (13 remain)
 ACKing cmd 0x20; 13 remain
Successfully sent message 0x25 with 3 bytes at 5389.33s (13 remain)
 ACKing cmd 0x25; 12 remain
Successfully sent message 0x33 with 2 bytes at 5389.45s (12 remain)
 ACKing cmd 0x33; 11 remain
Successfully sent message 0x40 with 5 bytes at 5389.58s (11 remain)
 ACKing cmd 0x40; 10 remain
Successfully sent message 0x40 with 6 bytes at 5389.71s (10 remain)
 ACKing cmd 0x40; 9 remain
Successfully sent message 0x40 with 6 bytes at 5389.86s (9 remain)
 ACKing cmd 0x40; 8 remain
Successfully sent message 0x40 with 6 bytes at 5390s (8 remain)
 ACKing cmd 0x40; 7 remain
Successfully sent message 0x40 with 5 bytes at 5390.13s (7 remain)
 ACKing cmd 0x40; 6 remain
Successfully sent message 0x40 with 6 bytes at 5390.26s (6 remain)
 ACKing cmd 0x40; 5 remain
Successfully sent message 0x40 with 6 bytes at 5390.4s (5 remain)
 ACKing cmd 0x40; 4 remain
Successfully sent message 0x40 with 6 bytes at 5390.53s (4 remain)
 ACKing cmd 0x40; 3 remain
Successfully sent message 0x40 with 5 bytes at 5390.65s (3 remain)
 ACKing cmd 0x40; 2 remain
Successfully sent message 0x11 with 3 bytes at 5390.8s (2 remain)
 ACKing cmd 0x11; 1 remain
Successfully sent message 0x10 with 2 bytes at 5390.93s (1 remain)
 ACKing cmd 0x10; 0 remain
2836: 10 received, but 26 are needed for a full frame. Flushing.
77092: Sending stop scanning command
Successfully sent message 0x10 with 2 bytes at 5465.33s (0 remain)
Sending command +++
Finished escape sequence. Now disconnecting hardware
Sending command ATH
Successfully disconnected from Bluetooth
78209: Deleting D600 Object
