Log file D:\Myeongjin\SensorTestProject\log\D600_00000297C277A030.log created on 2021-03-11 at 12:41:19 PM
System Logging Level = 2
125269: RecordSize = 12 (2 I2C dev, 0 SPI dev)
125308: Mapped RecordSize = 12
Trying to connect to Bluetooth Serial Device
Currently in state 1, so releasing existing hardware...done.
125855: Searching 1 ports
Trying to open COM3 at 921600 baud
Sending command +++AT
Read "ERROR"  from port 3
Matched ERROR, Connected to COM3 at 921600 baud
126152: Found port 921600 at baudrate 921600
126179: Configuring: sending reset command
Sending command ATZ
Start configuring at 126244
698: Parsing string OK in state Reset
730: Found "OK"
Baudrate is correct, entering bypass mode for DAQ
Sending command ATD00019525dfd8
808: Resetting setup timeout at 127061 changing from Reset to Connect
33:  Done parsing command in Reset
88: Parsing string OK in state Connect
Didn't find CONNECT in OK
144:  Done parsing command in Connect
1264: Parsing string CONNECT 00019525DFD8 in state Connect
1296: Found "CONNECT"; trying to configure system
1320: Configuring system.
 Queuing message 0x63 ackSize 1
1354: Sending stop scanning command
 Queuing message 0x10 ackSize 2
 Queuing message 0x20 ackSize 7
1522: I2C scan list configured
1536: Configuring Scan Lists
 Queuing message 0x25 ackSize 3
1575: Scan length lists set
 Queuing message 0x33 ackSize 2
1613: Setting up all of the passthru commands
Device 0 (I2C Addr = 1): DacCurrent = 50, ScanCount = 20, AveLength = 3
Passing through cmd 8 to 0
 Queuing message 0x40 ackSize 5
Passing through cmd 5 to 0
 Queuing message 0x40 ackSize 6
Passing through cmd 6 to 0
 Queuing message 0x40 ackSize 6
Passing through cmd 7 to 0
 Queuing message 0x40 ackSize 6
Device 1 (I2C Addr = 2): DacCurrent = 50, ScanCount = 20, AveLength = 3
Passing through cmd 8 to 1
 Queuing message 0x40 ackSize 5
Passing through cmd 5 to 1
 Queuing message 0x40 ackSize 6
Passing through cmd 6 to 1
 Queuing message 0x40 ackSize 6
Passing through cmd 7 to 1
 Queuing message 0x40 ackSize 6
Passing through cmd 1 to 255
 Queuing message 0x40 ackSize 5
3498: Requested continuous frames
 Queuing message 0x11 ackSize 3
 Queuing message 0x10 ackSize 2
3565: Resetting setup timeout at 130636 changing from Connect to DAQ
35:  Done parsing command in Connect
Successfully sent message 0x63 with 1 bytes at 130.758s (16 remain)
Timeout waiting for ACK of 0x63 at 130.988
Successfully sent message 0x10 with 2 bytes at 131.065s (15 remain)
Timeout waiting for ACK of 0x10 at 131.296
Successfully sent message 0x20 with 7 bytes at 131.374s (14 remain)
Timeout waiting for ACK of 0x20 at 131.605
Successfully sent message 0x25 with 3 bytes at 131.683s (13 remain)
Timeout waiting for ACK of 0x25 at 131.914
Successfully sent message 0x33 with 2 bytes at 131.995s (12 remain)
Timeout waiting for ACK of 0x33 at 132.226
Successfully sent message 0x40 with 5 bytes at 132.305s (11 remain)
Timeout waiting for ACK of 0x40 at 132.538
Successfully sent message 0x40 with 6 bytes at 132.615s (10 remain)
Timeout waiting for ACK of 0x40 at 132.847
Successfully sent message 0x40 with 6 bytes at 132.924s (9 remain)
Timeout waiting for ACK of 0x40 at 133.157
Successfully sent message 0x40 with 6 bytes at 133.237s (8 remain)
Timeout waiting for ACK of 0x40 at 133.469
Successfully sent message 0x40 with 5 bytes at 133.547s (7 remain)
Timeout waiting for ACK of 0x40 at 133.779
Successfully sent message 0x40 with 6 bytes at 133.858s (6 remain)
Timeout waiting for ACK of 0x40 at 134.089
Successfully sent message 0x40 with 6 bytes at 134.17s (5 remain)
Timeout waiting for ACK of 0x40 at 134.402
Successfully sent message 0x40 with 6 bytes at 134.481s (4 remain)
3991: Timeout 4000 waiting for data from 4294967286 to 4017
ERROR: Timeout waiting for new data. This is most likely due 
to a Bluetooth connection issue due to interference, 
a low battery, or being out of range. Check that the 
battery is charged, and possibly try moving closer to the 
computer.
4058: Sending stop scanning command
Successfully sent message 0x10 with 2 bytes at 134.774s (3 remain)
Sending command +++
Finished escape sequence. Now disconnecting hardware
Sending command ATH
Successfully disconnected from Bluetooth
5242: Deleting D600 Object
