Log file D:\Myeongjin\projects\SensorTestProject\log\D600_000000005AAF9DD0.log created on 2020-03-04 at 11:10:40 AM
System Logging Level = 2
2338159: RecordSize = 12 (2 I2C dev, 0 SPI dev)
2338174: Mapped RecordSize = 12
Trying to connect to Bluetooth Serial Device
Currently in state 1, so releasing existing hardware...done.
2338374: Searching 1 ports
Trying to open COM7 at 921600 baud
Sending command +++AT
Read "ERROR"  from port 7
Matched ERROR, Connected to COM7 at 921600 baud
2338514: Found port 921600 at baudrate 921600
2338522: Configuring: sending reset command
Sending command ATZ
Start configuring at 2338545
701: Parsing string OK in state Reset
711: Found "OK"
Baudrate is correct, entering bypass mode for DAQ
Sending command ATD00019525dfd8
740: Resetting setup timeout at 2339288 changing from Reset to Connect
12:  Done parsing command in Reset
86: Parsing string OK in state Connect
Didn't find CONNECT in OK
106:  Done parsing command in Connect
850: Parsing string CONNECT 00019525DFD8 in state Connect
862: Found "CONNECT"; trying to configure system
871: Configuring system.
 Queuing message 0x63 ackSize 1
887: Sending stop scanning command
 Queuing message 0x10 ackSize 2
 Queuing message 0x20 ackSize 7
1015: I2C scan list configured
1020: Configuring Scan Lists
 Queuing message 0x25 ackSize 3
1035: Scan length lists set
 Queuing message 0x33 ackSize 2
1053: Setting up all of the passthru commands
Device 0 (I2C Addr = 1): DacCurrent = 50, ScanCount = 20, AveLength = 3
Passing through cmd 8 to 0
 Queuing message 0x40 ackSize 5
Passing through cmd 5 to 0
 Queuing message 0x40 ackSize 6
Passing through cmd 6 to 0
 Queuing message 0x40 ackSize 6
Passing through cmd 7 to 0
 Queuing message 0x40 ackSize 6
Device 1 (I2C Addr = 2): DacCurrent = 50, ScanCount = 20, AveLength = 3
Passing through cmd 8 to 1
 Queuing message 0x40 ackSize 5
Passing through cmd 5 to 1
 Queuing message 0x40 ackSize 6
Passing through cmd 6 to 1
 Queuing message 0x40 ackSize 6
Passing through cmd 7 to 1
 Queuing message 0x40 ackSize 6
Passing through cmd 1 to 255
 Queuing message 0x40 ackSize 5
2573: Requested continuous frames
 Queuing message 0x11 ackSize 3
 Queuing message 0x10 ackSize 2
2605: Resetting setup timeout at 2341896 changing from Connect to DAQ
14:  Done parsing command in Connect
Successfully sent message 0x63 with 1 bytes at 2341.94s (16 remain)
Timeout waiting for ACK of 0x63 at 2342.16
Successfully sent message 0x10 with 2 bytes at 2342.18s (15 remain)
Timeout waiting for ACK of 0x10 at 2342.4
Successfully sent message 0x20 with 7 bytes at 2342.43s (14 remain)

 --Protocol Rev change was:0 now: 4--
 ACK Mismatch: Received 0x63 while waiting for 0x20
Timeout waiting for ACK of 0x20 at 2342.64
Successfully sent message 0x20 with 7 bytes at 2342.67s (13 remain)
 ACKing cmd 0x20; 13 remain
Successfully sent message 0x25 with 3 bytes at 2342.77s (13 remain)
 ACKing cmd 0x25; 12 remain
Successfully sent message 0x33 with 2 bytes at 2342.87s (12 remain)
 ACKing cmd 0x33; 11 remain
Successfully sent message 0x40 with 5 bytes at 2342.97s (11 remain)
 ACKing cmd 0x40; 10 remain
Successfully sent message 0x40 with 6 bytes at 2343.06s (10 remain)
 ACKing cmd 0x40; 9 remain
Successfully sent message 0x40 with 6 bytes at 2343.16s (9 remain)
 ACKing cmd 0x40; 8 remain
Successfully sent message 0x40 with 6 bytes at 2343.25s (8 remain)
 ACKing cmd 0x40; 7 remain
Successfully sent message 0x40 with 5 bytes at 2343.35s (7 remain)
 ACKing cmd 0x40; 6 remain
Successfully sent message 0x40 with 6 bytes at 2343.45s (6 remain)
 ACKing cmd 0x40; 5 remain
Successfully sent message 0x40 with 6 bytes at 2343.54s (5 remain)
 ACKing cmd 0x40; 4 remain
Successfully sent message 0x40 with 6 bytes at 2343.64s (4 remain)
 ACKing cmd 0x40; 3 remain
Successfully sent message 0x40 with 5 bytes at 2343.75s (3 remain)
 ACKing cmd 0x40; 2 remain
Successfully sent message 0x11 with 3 bytes at 2343.85s (2 remain)
 ACKing cmd 0x11; 1 remain
Successfully sent message 0x10 with 2 bytes at 2343.93s (1 remain)
 ACKing cmd 0x10; 0 remain
2101: 10 received, but 26 are needed for a full frame. Flushing.
89223: Sending stop scanning command
Successfully sent message 0x10 with 2 bytes at 2431.15s (0 remain)
Sending command +++
Finished escape sequence. Now disconnecting hardware
Sending command ATH
Successfully disconnected from Bluetooth
90111: Deleting D600 Object
