Log file D:\Myeongjin\SensorTestProject\log\D600_00000200FCDC9FB0.log created on 2021-08-11 at 02:31:58 PM
System Logging Level = 2
81072039: RecordSize = 12 (2 I2C dev, 0 SPI dev)
81072040: Mapped RecordSize = 12
Trying to connect to Bluetooth Serial Device
Currently in state 1, so releasing existing hardware...done.
81072067: Searching 1 ports
Trying to open COM3 at 921600 baud
Sending command +++AT
Read "ERROR"  from port 3
Matched ERROR, Connected to COM3 at 921600 baud
81072165: Found port 921600 at baudrate 921600
81072166: Configuring: sending reset command
Sending command ATZ
Start configuring at 81072169
702: Parsing string OK in state Reset
703: Found "OK"
Baudrate is correct, entering bypass mode for DAQ
Sending command ATD00019525dfd8
706: Resetting setup timeout at 81072875 changing from Reset to Connect
1:  Done parsing command in Reset
107: Parsing string OK in state Connect
Didn't find CONNECT in OK
109:  Done parsing command in Connect
1047: Parsing string CONNECT 00019525DFD8 in state Connect
1049: Found "CONNECT"; trying to configure system
1050: Configuring system.
 Queuing message 0x63 ackSize 1
1050: Sending stop scanning command
 Queuing message 0x10 ackSize 2
 Queuing message 0x20 ackSize 7
1153: I2C scan list configured
1153: Configuring Scan Lists
 Queuing message 0x25 ackSize 3
1155: Scan length lists set
 Queuing message 0x33 ackSize 2
1157: Setting up all of the passthru commands
Device 0 (I2C Addr = 1): DacCurrent = 50, ScanCount = 20, AveLength = 3
Passing through cmd 8 to 0
 Queuing message 0x40 ackSize 5
Passing through cmd 5 to 0
 Queuing message 0x40 ackSize 6
Passing through cmd 6 to 0
 Queuing message 0x40 ackSize 6
Passing through cmd 7 to 0
 Queuing message 0x40 ackSize 6
Device 1 (I2C Addr = 2): DacCurrent = 50, ScanCount = 20, AveLength = 3
Passing through cmd 8 to 1
 Queuing message 0x40 ackSize 5
Passing through cmd 5 to 1
 Queuing message 0x40 ackSize 6
Passing through cmd 6 to 1
 Queuing message 0x40 ackSize 6
Passing through cmd 7 to 1
 Queuing message 0x40 ackSize 6
Passing through cmd 1 to 255
 Queuing message 0x40 ackSize 5
2487: Requested continuous frames
 Queuing message 0x11 ackSize 3
 Queuing message 0x10 ackSize 2
2489: Resetting setup timeout at 81075364 changing from Connect to DAQ
1:  Done parsing command in Connect
Successfully sent message 0x63 with 1 bytes at 81075.4s (16 remain)
Timeout waiting for ACK of 0x63 at 81075.6
Successfully sent message 0x10 with 2 bytes at 81075.6s (15 remain)
Timeout waiting for ACK of 0x10 at 81075.8
Successfully sent message 0x20 with 7 bytes at 81075.8s (14 remain)
Timeout waiting for ACK of 0x20 at 81076
Successfully sent message 0x25 with 3 bytes at 81076s (13 remain)
Timeout waiting for ACK of 0x25 at 81076.2
Successfully sent message 0x33 with 2 bytes at 81076.2s (12 remain)
Timeout waiting for ACK of 0x33 at 81076.4
Successfully sent message 0x40 with 5 bytes at 81076.4s (11 remain)
Timeout waiting for ACK of 0x40 at 81076.6
Successfully sent message 0x40 with 6 bytes at 81076.6s (10 remain)
Timeout waiting for ACK of 0x40 at 81076.8
Successfully sent message 0x40 with 6 bytes at 81076.8s (9 remain)
Timeout waiting for ACK of 0x40 at 81077
Successfully sent message 0x40 with 6 bytes at 81077s (8 remain)
Timeout waiting for ACK of 0x40 at 81077.2
Successfully sent message 0x40 with 5 bytes at 81077.2s (7 remain)
Timeout waiting for ACK of 0x40 at 81077.4
Successfully sent message 0x40 with 6 bytes at 81077.4s (6 remain)
Timeout waiting for ACK of 0x40 at 81077.6
Successfully sent message 0x40 with 6 bytes at 81077.6s (5 remain)
Timeout waiting for ACK of 0x40 at 81077.8
Successfully sent message 0x40 with 6 bytes at 81077.8s (4 remain)
Timeout waiting for ACK of 0x40 at 81078
Successfully sent message 0x40 with 5 bytes at 81078s (3 remain)
Timeout waiting for ACK of 0x40 at 81078.2
Successfully sent message 0x11 with 3 bytes at 81078.2s (2 remain)
Timeout waiting for ACK of 0x11 at 81078.4
Successfully sent message 0x10 with 2 bytes at 81078.4s (1 remain)
Timeout waiting for ACK of 0x10 at 81078.6
4001: Timeout 4000 waiting for data from 0 to 4002
ERROR: Timeout waiting for new data. This is most likely due 
to a Bluetooth connection issue due to interference, 
a low battery, or being out of range. Check that the 
battery is charged, and possibly try moving closer to the 
computer.
4004: Sending stop scanning command
Successfully sent message 0x10 with 2 bytes at 81079.4s (0 remain)
Sending command +++
Finished escape sequence. Now disconnecting hardware
Sending command ATH
Successfully disconnected from Bluetooth
4812: Deleting D600 Object
