Log file D:\Myeongjin\SensorTestProject\log\D600_000000003453A090.log created on 2021-01-21 at 12:50:22 PM
System Logging Level = 2
3434343: RecordSize = 12 (2 I2C dev, 0 SPI dev)
3434394: Mapped RecordSize = 12
Trying to connect to Bluetooth Serial Device
Currently in state 1, so releasing existing hardware...done.
3435134: Searching 1 ports
Trying to open COM3 at 921600 baud
Sending command +++AT
Read "ERROR"  from port 3
Matched ERROR, Connected to COM3 at 921600 baud
3435504: Found port 921600 at baudrate 921600
3435539: Configuring: sending reset command
Sending command ATZ
Start configuring at 3435623
693: Parsing string OK in state Reset
737: Found "OK"
Baudrate is correct, entering bypass mode for DAQ
Sending command ATD00019525dfd8
841: Resetting setup timeout at 3436476 changing from Reset to Connect
41:  Done parsing command in Reset
81: Parsing string OK in state Connect
Didn't find CONNECT in OK
152:  Done parsing command in Connect
1323: Parsing string CONNECT 00019525DFD8 in state Connect
1366: Found "CONNECT"; trying to configure system
1396: Configuring system.
 Queuing message 0x63 ackSize 1
1437: Sending stop scanning command
 Queuing message 0x10 ackSize 2
 Queuing message 0x20 ackSize 7
1622: I2C scan list configured
1640: Configuring Scan Lists
 Queuing message 0x25 ackSize 3
1687: Scan length lists set
 Queuing message 0x33 ackSize 2
1738: Setting up all of the passthru commands
Device 0 (I2C Addr = 1): DacCurrent = 50, ScanCount = 20, AveLength = 3
Passing through cmd 8 to 0
 Queuing message 0x40 ackSize 5
Passing through cmd 5 to 0
 Queuing message 0x40 ackSize 6
Passing through cmd 6 to 0
 Queuing message 0x40 ackSize 6
Passing through cmd 7 to 0
 Queuing message 0x40 ackSize 6
Device 1 (I2C Addr = 2): DacCurrent = 50, ScanCount = 20, AveLength = 3
Passing through cmd 8 to 1
 Queuing message 0x40 ackSize 5
Passing through cmd 5 to 1
 Queuing message 0x40 ackSize 6
Passing through cmd 6 to 1
 Queuing message 0x40 ackSize 6
Passing through cmd 7 to 1
 Queuing message 0x40 ackSize 6
Passing through cmd 1 to 255
 Queuing message 0x40 ackSize 5
3779: Requested continuous frames
 Queuing message 0x11 ackSize 3
 Queuing message 0x10 ackSize 2
3864: Resetting setup timeout at 3440352 changing from Connect to DAQ
43:  Done parsing command in Connect
Successfully sent message 0x63 with 1 bytes at 3440.5s (16 remain)
Timeout waiting for ACK of 0x63 at 3440.74
Successfully sent message 0x10 with 2 bytes at 3440.84s (15 remain)
Timeout waiting for ACK of 0x10 at 3441.08
Successfully sent message 0x20 with 7 bytes at 3441.17s (14 remain)

 --Protocol Rev change was:0 now: 4--
 ACK Mismatch: Received 0x63 while waiting for 0x20
Timeout waiting for ACK of 0x20 at 3441.41
Successfully sent message 0x20 with 7 bytes at 3441.51s (13 remain)
 ACKing cmd 0x20; 13 remain
Successfully sent message 0x25 with 3 bytes at 3441.66s (13 remain)
 ACKing cmd 0x25; 12 remain
Successfully sent message 0x33 with 2 bytes at 3441.81s (12 remain)
 ACKing cmd 0x33; 11 remain
Successfully sent message 0x40 with 5 bytes at 3441.95s (11 remain)
 ACKing cmd 0x40; 10 remain
Successfully sent message 0x40 with 6 bytes at 3442.15s (10 remain)
 ACKing cmd 0x40; 9 remain
Successfully sent message 0x40 with 6 bytes at 3442.29s (9 remain)
 ACKing cmd 0x40; 8 remain
Successfully sent message 0x40 with 6 bytes at 3442.45s (8 remain)
 ACKing cmd 0x40; 7 remain
Successfully sent message 0x40 with 5 bytes at 3442.61s (7 remain)
 ACKing cmd 0x40; 6 remain
Successfully sent message 0x40 with 6 bytes at 3442.77s (6 remain)
 ACKing cmd 0x40; 5 remain
Successfully sent message 0x40 with 6 bytes at 3442.93s (5 remain)
 ACKing cmd 0x40; 4 remain
Successfully sent message 0x40 with 6 bytes at 3443.07s (4 remain)
 ACKing cmd 0x40; 3 remain
Successfully sent message 0x40 with 5 bytes at 3443.23s (3 remain)
 ACKing cmd 0x40; 2 remain
Successfully sent message 0x11 with 3 bytes at 3443.38s (2 remain)
 ACKing cmd 0x11; 1 remain
Successfully sent message 0x10 with 2 bytes at 3443.51s (1 remain)
 ACKing cmd 0x10; 0 remain
3238: 10 received, but 26 are needed for a full frame. Flushing.
143612: Sending stop scanning command
Successfully sent message 0x10 with 2 bytes at 3584.08s (0 remain)
Sending command +++
Finished escape sequence. Now disconnecting hardware
Sending command ATH
Successfully disconnected from Bluetooth
144832: Deleting D600 Object
