Log file D:\Myeongjin\SensorTestProject\log\D600_000001CE7579A010.log created on 2021-03-18 at 02:29:02 PM
System Logging Level = 2
3547953: RecordSize = 12 (2 I2C dev, 0 SPI dev)
3548012: Mapped RecordSize = 12
Trying to connect to Bluetooth Serial Device
Currently in state 1, so releasing existing hardware...done.
3548824: Searching 1 ports
Trying to open COM3 at 921600 baud
Sending command +++AT
Read "ERROR"  from port 3
Matched ERROR, Connected to COM3 at 921600 baud
3549194: Found port 921600 at baudrate 921600
3549230: Configuring: sending reset command
Sending command ATZ
Start configuring at 3549344
694: Parsing string OK in state Reset
738: Found "OK"
Baudrate is correct, entering bypass mode for DAQ
Sending command ATD00019525dfd8
843: Resetting setup timeout at 3550199 changing from Reset to Connect
45:  Done parsing command in Reset
78: Parsing string OK in state Connect
Didn't find CONNECT in OK
152:  Done parsing command in Connect
1909: Parsing string CONNECT 00019525DFD8 in state Connect
1959: Found "CONNECT"; trying to configure system
1997: Configuring system.
 Queuing message 0x63 ackSize 1
2047: Sending stop scanning command
 Queuing message 0x10 ackSize 2
 Queuing message 0x20 ackSize 7
2232: I2C scan list configured
2252: Configuring Scan Lists
 Queuing message 0x25 ackSize 3
2303: Scan length lists set
 Queuing message 0x33 ackSize 2
2356: Setting up all of the passthru commands
Device 0 (I2C Addr = 1): DacCurrent = 50, ScanCount = 20, AveLength = 3
Passing through cmd 8 to 0
 Queuing message 0x40 ackSize 5
Passing through cmd 5 to 0
 Queuing message 0x40 ackSize 6
Passing through cmd 6 to 0
 Queuing message 0x40 ackSize 6
Passing through cmd 7 to 0
 Queuing message 0x40 ackSize 6
Device 1 (I2C Addr = 2): DacCurrent = 50, ScanCount = 20, AveLength = 3
Passing through cmd 8 to 1
 Queuing message 0x40 ackSize 5
Passing through cmd 5 to 1
 Queuing message 0x40 ackSize 6
Passing through cmd 6 to 1
 Queuing message 0x40 ackSize 6
Passing through cmd 7 to 1
 Queuing message 0x40 ackSize 6
Passing through cmd 1 to 255
 Queuing message 0x40 ackSize 5
4479: Requested continuous frames
 Queuing message 0x11 ackSize 3
 Queuing message 0x10 ackSize 2
4563: Resetting setup timeout at 3554775 changing from Connect to DAQ
45:  Done parsing command in Connect
Successfully sent message 0x63 with 1 bytes at 3554.94s (16 remain)
Timeout waiting for ACK of 0x63 at 3555.18
Successfully sent message 0x10 with 2 bytes at 3555.28s (15 remain)
Timeout waiting for ACK of 0x10 at 3555.52
Successfully sent message 0x20 with 7 bytes at 3555.63s (14 remain)

 --Protocol Rev change was:0 now: 4--
 ACK Mismatch: Received 0x63 while waiting for 0x20
Timeout waiting for ACK of 0x20 at 3555.88
Successfully sent message 0x20 with 7 bytes at 3555.98s (13 remain)
 ACKing cmd 0x20; 13 remain
Successfully sent message 0x25 with 3 bytes at 3556.15s (13 remain)
 ACKing cmd 0x25; 12 remain
Successfully sent message 0x33 with 2 bytes at 3556.35s (12 remain)
 ACKing cmd 0x33; 11 remain
Successfully sent message 0x40 with 5 bytes at 3556.5s (11 remain)
 ACKing cmd 0x40; 10 remain
Successfully sent message 0x40 with 6 bytes at 3556.66s (10 remain)
 ACKing cmd 0x40; 9 remain
Successfully sent message 0x40 with 6 bytes at 3556.81s (9 remain)
 ACKing cmd 0x40; 8 remain
Successfully sent message 0x40 with 6 bytes at 3556.96s (8 remain)
 ACKing cmd 0x40; 7 remain
Successfully sent message 0x40 with 5 bytes at 3557.12s (7 remain)
 ACKing cmd 0x40; 6 remain
Successfully sent message 0x40 with 6 bytes at 3557.28s (6 remain)
 ACKing cmd 0x40; 5 remain
Successfully sent message 0x40 with 6 bytes at 3557.46s (5 remain)
 ACKing cmd 0x40; 4 remain
Successfully sent message 0x40 with 6 bytes at 3557.61s (4 remain)
 ACKing cmd 0x40; 3 remain
Successfully sent message 0x40 with 5 bytes at 3557.76s (3 remain)
 ACKing cmd 0x40; 2 remain
Successfully sent message 0x11 with 3 bytes at 3557.93s (2 remain)
 ACKing cmd 0x11; 1 remain
Successfully sent message 0x10 with 2 bytes at 3558.09s (1 remain)
 ACKing cmd 0x10; 0 remain
3378: 10 received, but 26 are needed for a full frame. Flushing.
58209: Sending stop scanning command
Successfully sent message 0x10 with 2 bytes at 3613.1s (0 remain)
Sending command +++
Finished escape sequence. Now disconnecting hardware
Sending command ATH
Successfully disconnected from Bluetooth
59465: Deleting D600 Object
