Log file D:\Myeongjin\projects\SensorTestProject\log\D600_000000000ECD9DD0.log created on 2020-03-05 at 12:58:55 PM
System Logging Level = 2
7884610: RecordSize = 12 (2 I2C dev, 0 SPI dev)
7884623: Mapped RecordSize = 12
Trying to connect to Bluetooth Serial Device
Currently in state 1, so releasing existing hardware...done.
7884775: Searching 1 ports
Trying to open COM7 at 921600 baud
Sending command +++AT
Read "ERROR"  from port 7
Matched ERROR, Connected to COM7 at 921600 baud
7884911: Found port 921600 at baudrate 921600
7884919: Configuring: sending reset command
Sending command ATZ
Start configuring at 7884938
700: Parsing string OK in state Reset
711: Found "OK"
Baudrate is correct, entering bypass mode for DAQ
Sending command ATD00019525dfd8
735: Resetting setup timeout at 7885676 changing from Reset to Connect
9:  Done parsing command in Reset
90: Parsing string OK in state Connect
Didn't find CONNECT in OK
105:  Done parsing command in Connect
6001: Timeout waiting to change state: 0 bytes in FIFO. ()
ERROR: Timeout connecting to the PPS electronics module over Bluetooth.
Check that the module is powered on, in range, that the battery is charged,
and that the Bluetooth address is 00019525dfd8
(The Bluetooth address is printed on the back of the electronics.)
Sending command +++
Failed reading a string from COM port after 21 tries. FIFO size = 0
Sending command +++
Failed reading a string from COM port after 21 tries. FIFO size = 0
Sending command +++
Failed reading a string from COM port after 21 tries. FIFO size = 0
Sending command +++
Failed reading a string from COM port after 21 tries. FIFO size = 0
Sending command +++
Failed reading a string from COM port after 21 tries. FIFO size = 0
Error receiving escape sequence confirmation!
9200: Deleting D600 Object
