Log file D:\Myeongjin\projects\SensorTestProject\log\D600_000000004F349DD0.log created on 2020-03-05 at 04:00:57 PM
System Logging Level = 2
1186695: RecordSize = 12 (2 I2C dev, 0 SPI dev)
1186708: Mapped RecordSize = 12
Trying to connect to Bluetooth Serial Device
Currently in state 1, so releasing existing hardware...done.
1186882: Searching 1 ports
Trying to open COM7 at 921600 baud
Sending command +++AT
Read "ERROR"  from port 7
Matched ERROR, Connected to COM7 at 921600 baud
1187026: Found port 921600 at baudrate 921600
1187035: Configuring: sending reset command
Sending command ATZ
Start configuring at 1187056
701: Parsing string OK in state Reset
711: Found "OK"
Baudrate is correct, entering bypass mode for DAQ
Sending command ATD00019525dfd8
736: Resetting setup timeout at 1187794 changing from Reset to Connect
9:  Done parsing command in Reset
91: Parsing string OK in state Connect
Didn't find CONNECT in OK
107:  Done parsing command in Connect
873: Parsing string CONNECT 00019525DFD8 in state Connect
887: Found "CONNECT"; trying to configure system
894: Configuring system.
 Queuing message 0x63 ackSize 1
909: Sending stop scanning command
 Queuing message 0x10 ackSize 2
 Queuing message 0x20 ackSize 7
1034: I2C scan list configured
1039: Configuring Scan Lists
 Queuing message 0x25 ackSize 3
1053: Scan length lists set
 Queuing message 0x33 ackSize 2
1066: Setting up all of the passthru commands
Device 0 (I2C Addr = 1): DacCurrent = 50, ScanCount = 20, AveLength = 3
Passing through cmd 8 to 0
 Queuing message 0x40 ackSize 5
Passing through cmd 5 to 0
 Queuing message 0x40 ackSize 6
Passing through cmd 6 to 0
 Queuing message 0x40 ackSize 6
Passing through cmd 7 to 0
 Queuing message 0x40 ackSize 6
Device 1 (I2C Addr = 2): DacCurrent = 50, ScanCount = 20, AveLength = 3
Passing through cmd 8 to 1
 Queuing message 0x40 ackSize 5
Passing through cmd 5 to 1
 Queuing message 0x40 ackSize 6
Passing through cmd 6 to 1
 Queuing message 0x40 ackSize 6
Passing through cmd 7 to 1
 Queuing message 0x40 ackSize 6
Passing through cmd 1 to 255
 Queuing message 0x40 ackSize 5
2558: Requested continuous frames
 Queuing message 0x11 ackSize 3
 Queuing message 0x10 ackSize 2
2582: Resetting setup timeout at 1190379 changing from Connect to DAQ
10:  Done parsing command in Connect
Successfully sent message 0x63 with 1 bytes at 1190.42s (16 remain)
Timeout waiting for ACK of 0x63 at 1190.63
Successfully sent message 0x10 with 2 bytes at 1190.66s (15 remain)
Timeout waiting for ACK of 0x10 at 1190.87
Successfully sent message 0x20 with 7 bytes at 1190.89s (14 remain)

 --Protocol Rev change was:0 now: 4--
 ACK Mismatch: Received 0x63 while waiting for 0x20
Timeout waiting for ACK of 0x20 at 1191.1
Successfully sent message 0x20 with 7 bytes at 1191.13s (13 remain)
 ACKing cmd 0x20; 13 remain
Successfully sent message 0x25 with 3 bytes at 1191.23s (13 remain)
 ACKing cmd 0x25; 12 remain
Successfully sent message 0x33 with 2 bytes at 1191.32s (12 remain)
 ACKing cmd 0x33; 11 remain
Successfully sent message 0x40 with 5 bytes at 1191.42s (11 remain)
 ACKing cmd 0x40; 10 remain
Successfully sent message 0x40 with 6 bytes at 1191.5s (10 remain)
 ACKing cmd 0x40; 9 remain
Successfully sent message 0x40 with 6 bytes at 1191.59s (9 remain)
 ACKing cmd 0x40; 8 remain
Successfully sent message 0x40 with 6 bytes at 1191.69s (8 remain)
 ACKing cmd 0x40; 7 remain
Successfully sent message 0x40 with 5 bytes at 1191.79s (7 remain)
 ACKing cmd 0x40; 6 remain
Successfully sent message 0x40 with 6 bytes at 1191.9s (6 remain)
 ACKing cmd 0x40; 5 remain
Successfully sent message 0x40 with 6 bytes at 1191.99s (5 remain)
 ACKing cmd 0x40; 4 remain
Successfully sent message 0x40 with 6 bytes at 1192.08s (4 remain)
 ACKing cmd 0x40; 3 remain
Successfully sent message 0x40 with 5 bytes at 1192.15s (3 remain)
 ACKing cmd 0x40; 2 remain
Successfully sent message 0x11 with 3 bytes at 1192.23s (2 remain)
 ACKing cmd 0x11; 1 remain
Successfully sent message 0x10 with 2 bytes at 1192.32s (1 remain)
 ACKing cmd 0x10; 0 remain
2011: 10 received, but 26 are needed for a full frame. Flushing.
77425: Sending stop scanning command
Successfully sent message 0x10 with 2 bytes at 1267.83s (0 remain)
Sending command +++
Finished escape sequence. Now disconnecting hardware
Sending command ATH
Successfully disconnected from Bluetooth
78306: Deleting D600 Object
