Log file D:\Myeongjin\SensorTestProject\log\D600_000001E40477A0A0.log created on 2021-09-16 at 12:36:51 PM
System Logging Level = 2
15330: RecordSize = 12 (2 I2C dev, 0 SPI dev)
15332: Mapped RecordSize = 12
Trying to connect to Bluetooth Serial Device
Currently in state 1, so releasing existing hardware...done.
15402: Searching 1 ports
Trying to open COM3 at 921600 baud
Sending command +++AT
Read "ERROR"  from port 3
Matched ERROR, Connected to COM3 at 921600 baud
15487: Found port 921600 at baudrate 921600
15488: Configuring: sending reset command
Sending command ATZ
Start configuring at 15490
702: Parsing string OK in state Reset
702: Found "OK"
Baudrate is correct, entering bypass mode for DAQ
Sending command ATD00019525dfd8
705: Resetting setup timeout at 16195 changing from Reset to Connect
1:  Done parsing command in Reset
109: Parsing string OK in state Connect
Didn't find CONNECT in OK
110:  Done parsing command in Connect
877: Parsing string CONNECT 00019525DFD8 in state Connect
878: Found "CONNECT"; trying to configure system
878: Configuring system.
 Queuing message 0x63 ackSize 1
879: Sending stop scanning command
 Queuing message 0x10 ackSize 2
 Queuing message 0x20 ackSize 7
981: I2C scan list configured
982: Configuring Scan Lists
 Queuing message 0x25 ackSize 3
983: Scan length lists set
 Queuing message 0x33 ackSize 2
984: Setting up all of the passthru commands
Device 0 (I2C Addr = 1): DacCurrent = 50, ScanCount = 20, AveLength = 3
Passing through cmd 8 to 0
 Queuing message 0x40 ackSize 5
Passing through cmd 5 to 0
 Queuing message 0x40 ackSize 6
Passing through cmd 6 to 0
 Queuing message 0x40 ackSize 6
Passing through cmd 7 to 0
 Queuing message 0x40 ackSize 6
Device 1 (I2C Addr = 2): DacCurrent = 50, ScanCount = 20, AveLength = 3
Passing through cmd 8 to 1
 Queuing message 0x40 ackSize 5
Passing through cmd 5 to 1
 Queuing message 0x40 ackSize 6
Passing through cmd 6 to 1
 Queuing message 0x40 ackSize 6
Passing through cmd 7 to 1
 Queuing message 0x40 ackSize 6
Passing through cmd 1 to 255
 Queuing message 0x40 ackSize 5
2304: Requested continuous frames
 Queuing message 0x11 ackSize 3
 Queuing message 0x10 ackSize 2
2306: Resetting setup timeout at 18501 changing from Connect to DAQ
1:  Done parsing command in Connect
Successfully sent message 0x63 with 1 bytes at 18.504s (16 remain)
Timeout waiting for ACK of 0x63 at 18.705
Successfully sent message 0x10 with 2 bytes at 18.708s (15 remain)
Timeout waiting for ACK of 0x10 at 18.909
Successfully sent message 0x20 with 7 bytes at 18.911s (14 remain)

 --Protocol Rev change was:0 now: 4--
 ACK Mismatch: Received 0x63 while waiting for 0x20
Timeout waiting for ACK of 0x20 at 19.113
Successfully sent message 0x20 with 7 bytes at 19.115s (13 remain)
 ACKing cmd 0x20; 13 remain
Successfully sent message 0x25 with 3 bytes at 19.187s (13 remain)
 ACKing cmd 0x25; 12 remain
Successfully sent message 0x33 with 2 bytes at 19.251s (12 remain)
 ACKing cmd 0x33; 11 remain
Successfully sent message 0x40 with 5 bytes at 19.315s (11 remain)
 ACKing cmd 0x40; 10 remain
Successfully sent message 0x40 with 6 bytes at 19.379s (10 remain)
 ACKing cmd 0x40; 9 remain
Successfully sent message 0x40 with 6 bytes at 19.458s (9 remain)
 ACKing cmd 0x40; 8 remain
Successfully sent message 0x40 with 6 bytes at 19.537s (8 remain)
 ACKing cmd 0x40; 7 remain
Successfully sent message 0x40 with 5 bytes at 19.618s (7 remain)
 ACKing cmd 0x40; 6 remain
Successfully sent message 0x40 with 6 bytes at 19.698s (6 remain)
 ACKing cmd 0x40; 5 remain
Successfully sent message 0x40 with 6 bytes at 19.762s (5 remain)
 ACKing cmd 0x40; 4 remain
Successfully sent message 0x40 with 6 bytes at 19.826s (4 remain)
 ACKing cmd 0x40; 3 remain
Successfully sent message 0x40 with 5 bytes at 19.905s (3 remain)
 ACKing cmd 0x40; 2 remain
Successfully sent message 0x11 with 3 bytes at 19.968s (2 remain)
 ACKing cmd 0x11; 1 remain
Successfully sent message 0x10 with 2 bytes at 20.034s (1 remain)
 ACKing cmd 0x10; 0 remain
1595: 10 received, but 26 are needed for a full frame. Flushing.
184664: Sending stop scanning command
Successfully sent message 0x10 with 2 bytes at 203.168s (0 remain)
Sending command +++
Finished escape sequence. Now disconnecting hardware
Sending command ATH
Successfully disconnected from Bluetooth
185462: Deleting D600 Object
