Log file D:\Myeongjin\SensorTestProject\log\D600_000000004CF29B30.log created on 2020-04-17 at 11:44:14 AM
System Logging Level = 2
2606601: RecordSize = 12 (2 I2C dev, 0 SPI dev)
2606606: Mapped RecordSize = 12
Trying to connect to Bluetooth Serial Device
Currently in state 1, so releasing existing hardware...done.
2606662: Searching 1 ports
Trying to open COM3 at 921600 baud
Sending command +++AT
Read "ERROR"  from port 3
Matched ERROR, Connected to COM3 at 921600 baud
2606771: Found port 921600 at baudrate 921600
2606774: Configuring: sending reset command
Sending command ATZ
Start configuring at 2606781
698: Parsing string OK in state Reset
702: Found "OK"
Baudrate is correct, entering bypass mode for DAQ
Sending command ATD00019525dfd8
711: Resetting setup timeout at 2607493 changing from Reset to Connect
4:  Done parsing command in Reset
99: Parsing string OK in state Connect
Didn't find CONNECT in OK
105:  Done parsing command in Connect
1369: Parsing string CONNECT 00019525DFD8 in state Connect
1372: Found "CONNECT"; trying to configure system
1375: Configuring system.
 Queuing message 0x63 ackSize 1
1378: Sending stop scanning command
 Queuing message 0x10 ackSize 2
 Queuing message 0x20 ackSize 7
1485: I2C scan list configured
1487: Configuring Scan Lists
 Queuing message 0x25 ackSize 3
1491: Scan length lists set
 Queuing message 0x33 ackSize 2
1495: Setting up all of the passthru commands
Device 0 (I2C Addr = 1): DacCurrent = 50, ScanCount = 20, AveLength = 3
Passing through cmd 8 to 0
 Queuing message 0x40 ackSize 5
Passing through cmd 5 to 0
 Queuing message 0x40 ackSize 6
Passing through cmd 6 to 0
 Queuing message 0x40 ackSize 6
Passing through cmd 7 to 0
 Queuing message 0x40 ackSize 6
Device 1 (I2C Addr = 2): DacCurrent = 50, ScanCount = 20, AveLength = 3
Passing through cmd 8 to 1
 Queuing message 0x40 ackSize 5
Passing through cmd 5 to 1
 Queuing message 0x40 ackSize 6
Passing through cmd 6 to 1
 Queuing message 0x40 ackSize 6
Passing through cmd 7 to 1
 Queuing message 0x40 ackSize 6
Passing through cmd 1 to 255
 Queuing message 0x40 ackSize 5
2859: Requested continuous frames
 Queuing message 0x11 ackSize 3
 Queuing message 0x10 ackSize 2
2865: Resetting setup timeout at 2610359 changing from Connect to DAQ
3:  Done parsing command in Connect
Successfully sent message 0x63 with 1 bytes at 2610.37s (16 remain)
Timeout waiting for ACK of 0x63 at 2610.58
Successfully sent message 0x10 with 2 bytes at 2610.59s (15 remain)
Timeout waiting for ACK of 0x10 at 2610.79
Successfully sent message 0x20 with 7 bytes at 2610.8s (14 remain)

 --Protocol Rev change was:0 now: 4--
 ACK Mismatch: Received 0x63 while waiting for 0x20
Timeout waiting for ACK of 0x20 at 2611
Successfully sent message 0x20 with 7 bytes at 2611.01s (13 remain)
 ACKing cmd 0x20; 13 remain
Successfully sent message 0x25 with 3 bytes at 2611.09s (13 remain)
 ACKing cmd 0x25; 12 remain
Successfully sent message 0x33 with 2 bytes at 2611.17s (12 remain)
 ACKing cmd 0x33; 11 remain
Successfully sent message 0x40 with 5 bytes at 2611.24s (11 remain)
 ACKing cmd 0x40; 10 remain
Successfully sent message 0x40 with 6 bytes at 2611.32s (10 remain)
 ACKing cmd 0x40; 9 remain
Successfully sent message 0x40 with 6 bytes at 2611.4s (9 remain)
 ACKing cmd 0x40; 8 remain
Successfully sent message 0x40 with 6 bytes at 2611.49s (8 remain)
 ACKing cmd 0x40; 7 remain
Successfully sent message 0x40 with 5 bytes at 2611.57s (7 remain)
 ACKing cmd 0x40; 6 remain
Successfully sent message 0x40 with 6 bytes at 2611.64s (6 remain)
 ACKing cmd 0x40; 5 remain
Successfully sent message 0x40 with 6 bytes at 2611.72s (5 remain)
 ACKing cmd 0x40; 4 remain
Successfully sent message 0x40 with 6 bytes at 2611.8s (4 remain)
 ACKing cmd 0x40; 3 remain
Successfully sent message 0x40 with 5 bytes at 2611.88s (3 remain)
 ACKing cmd 0x40; 2 remain
Successfully sent message 0x11 with 3 bytes at 2611.95s (2 remain)
 ACKing cmd 0x11; 1 remain
Successfully sent message 0x10 with 2 bytes at 2612.03s (1 remain)
 ACKing cmd 0x10; 0 remain
1742: 10 received, but 26 are needed for a full frame. Flushing.
109494: Sending stop scanning command
Successfully sent message 0x10 with 2 bytes at 2719.86s (0 remain)
Sending command +++
Finished escape sequence. Now disconnecting hardware
Sending command ATH
Successfully disconnected from Bluetooth
110317: Deleting D600 Object
