Log file D:\Myeongjin\SensorTestProject\log\D600_00000200FCE19FB0.log created on 2021-08-11 at 12:17:41 PM
System Logging Level = 2
73015036: RecordSize = 12 (2 I2C dev, 0 SPI dev)
73015037: Mapped RecordSize = 12
Trying to connect to Bluetooth Serial Device
Currently in state 1, so releasing existing hardware...done.
73015061: Searching 1 ports
Trying to open COM3 at 921600 baud
Sending command +++AT
Read "ERROR"  from port 3
Matched ERROR, Connected to COM3 at 921600 baud
73015135: Found port 921600 at baudrate 921600
73015136: Configuring: sending reset command
Sending command ATZ
Start configuring at 73015139
700: Parsing string OK in state Reset
701: Found "OK"
Baudrate is correct, entering bypass mode for DAQ
Sending command ATD00019525dfd8
705: Resetting setup timeout at 73015844 changing from Reset to Connect
0:  Done parsing command in Reset
107: Parsing string OK in state Connect
Didn't find CONNECT in OK
109:  Done parsing command in Connect
1409: Parsing string CONNECT 00019525DFD8 in state Connect
1410: Found "CONNECT"; trying to configure system
1411: Configuring system.
 Queuing message 0x63 ackSize 1
1412: Sending stop scanning command
 Queuing message 0x10 ackSize 2
 Queuing message 0x20 ackSize 7
1516: I2C scan list configured
1516: Configuring Scan Lists
 Queuing message 0x25 ackSize 3
1517: Scan length lists set
 Queuing message 0x33 ackSize 2
1519: Setting up all of the passthru commands
Device 0 (I2C Addr = 1): DacCurrent = 50, ScanCount = 20, AveLength = 3
Passing through cmd 8 to 0
 Queuing message 0x40 ackSize 5
Passing through cmd 5 to 0
 Queuing message 0x40 ackSize 6
Passing through cmd 6 to 0
 Queuing message 0x40 ackSize 6
Passing through cmd 7 to 0
 Queuing message 0x40 ackSize 6
Device 1 (I2C Addr = 2): DacCurrent = 50, ScanCount = 20, AveLength = 3
Passing through cmd 8 to 1
 Queuing message 0x40 ackSize 5
Passing through cmd 5 to 1
 Queuing message 0x40 ackSize 6
Passing through cmd 6 to 1
 Queuing message 0x40 ackSize 6
Passing through cmd 7 to 1
 Queuing message 0x40 ackSize 6
Passing through cmd 1 to 255
 Queuing message 0x40 ackSize 5
2844: Requested continuous frames
 Queuing message 0x11 ackSize 3
 Queuing message 0x10 ackSize 2
2846: Resetting setup timeout at 73018690 changing from Connect to DAQ
2:  Done parsing command in Connect
Successfully sent message 0x63 with 1 bytes at 73018.7s (16 remain)
Timeout waiting for ACK of 0x63 at 73018.9
Successfully sent message 0x10 with 2 bytes at 73018.9s (15 remain)
Timeout waiting for ACK of 0x10 at 73019.1
Successfully sent message 0x20 with 7 bytes at 73019.1s (14 remain)

 --Protocol Rev change was:0 now: 4--
 ACK Mismatch: Received 0x63 while waiting for 0x20
Timeout waiting for ACK of 0x20 at 73019.3
Successfully sent message 0x20 with 7 bytes at 73019.3s (13 remain)
 ACKing cmd 0x20; 13 remain
Successfully sent message 0x25 with 3 bytes at 73019.4s (13 remain)
 ACKing cmd 0x25; 12 remain
Successfully sent message 0x33 with 2 bytes at 73019.4s (12 remain)
 ACKing cmd 0x33; 11 remain
Successfully sent message 0x40 with 5 bytes at 73019.5s (11 remain)
 ACKing cmd 0x40; 10 remain
Successfully sent message 0x40 with 6 bytes at 73019.6s (10 remain)
 ACKing cmd 0x40; 9 remain
Successfully sent message 0x40 with 6 bytes at 73019.6s (9 remain)
 ACKing cmd 0x40; 8 remain
Successfully sent message 0x40 with 6 bytes at 73019.7s (8 remain)
 ACKing cmd 0x40; 7 remain
Successfully sent message 0x40 with 5 bytes at 73019.8s (7 remain)
 ACKing cmd 0x40; 6 remain
Successfully sent message 0x40 with 6 bytes at 73019.9s (6 remain)
 ACKing cmd 0x40; 5 remain
Successfully sent message 0x40 with 6 bytes at 73019.9s (5 remain)
 ACKing cmd 0x40; 4 remain
Successfully sent message 0x40 with 6 bytes at 73020s (4 remain)
 ACKing cmd 0x40; 3 remain
Successfully sent message 0x40 with 5 bytes at 73020.1s (3 remain)
 ACKing cmd 0x40; 2 remain
Successfully sent message 0x11 with 3 bytes at 73020.2s (2 remain)
 ACKing cmd 0x11; 1 remain
Successfully sent message 0x10 with 2 bytes at 73020.2s (1 remain)
 ACKing cmd 0x10; 0 remain
1630: 10 received, but 26 are needed for a full frame. Flushing.
57077: Sending stop scanning command
Successfully sent message 0x10 with 2 bytes at 73075.8s (0 remain)
Sending command +++
Finished escape sequence. Now disconnecting hardware
Sending command ATH
Successfully disconnected from Bluetooth
57878: Deleting D600 Object
