Log file D:\Myeongjin\SensorTestProject\log\D600_000000004B979F80.log created on 2020-05-11 at 04:34:05 PM
System Logging Level = 2
21831203: RecordSize = 12 (2 I2C dev, 0 SPI dev)
21831257: Mapped RecordSize = 12
Trying to connect to Bluetooth Serial Device
Currently in state 1, so releasing existing hardware...done.
21832058: Searching 1 ports
Trying to open COM3 at 921600 baud
Sending command +++AT
Read "ERROR"  from port 3
Matched ERROR, Connected to COM3 at 921600 baud
21832437: Found port 921600 at baudrate 921600
21832470: Configuring: sending reset command
Sending command ATZ
Start configuring at 21832548
696: Parsing string OK in state Reset
814: Found "OK"
Baudrate is correct, entering bypass mode for DAQ
Sending command ATD00019525dfd8
969: Resetting setup timeout at 21833532 changing from Reset to Connect
56:  Done parsing command in Reset
87: Parsing string OK in state Connect
Didn't find CONNECT in OK
161:  Done parsing command in Connect
6001: Timeout waiting to change state: 0 bytes in FIFO. ()
ERROR: Timeout connecting to the PPS electronics module over Bluetooth.
Check that the module is powered on, in range, that the battery is charged,
and that the Bluetooth address is 00019525dfd8
(The Bluetooth address is printed on the back of the electronics.)
Sending command +++
Failed reading a string from COM port after 21 tries. FIFO size = 0
Sending command +++
Failed reading a string from COM port after 21 tries. FIFO size = 0
Sending command +++
Failed reading a string from COM port after 21 tries. FIFO size = 0
Sending command +++
Failed reading a string from COM port after 21 tries. FIFO size = 0
Sending command +++
Failed reading a string from COM port after 21 tries. FIFO size = 0
Error receiving escape sequence confirmation!
11013: Deleting D600 Object
