Log file D:\Myeongjin\SensorTestProject\log\D600_000000004577A0A0.log created on 2021-01-27 at 10:45:50 AM
System Logging Level = 2
359057: RecordSize = 12 (2 I2C dev, 0 SPI dev)
359098: Mapped RecordSize = 12
Trying to connect to Bluetooth Serial Device
Currently in state 1, so releasing existing hardware...done.
359689: Searching 1 ports
Trying to open COM3 at 921600 baud
Sending command +++AT
Read "ERROR"  from port 3
Matched ERROR, Connected to COM3 at 921600 baud
359967: Found port 921600 at baudrate 921600
359991: Configuring: sending reset command
Sending command ATZ
Start configuring at 360048
12: Parsing string ERROR in state Reset
Didn't find Reset success message OK in ERROR
59:  Done parsing command in Reset
696: Parsing string OK in state Reset
725: Found "OK"
Baudrate is correct, entering bypass mode for DAQ
Sending command ATD00019525dfd8
794: Resetting setup timeout at 360850 changing from Reset to Connect
30:  Done parsing command in Reset
88: Parsing string OK in state Connect
Didn't find CONNECT in OK
138:  Done parsing command in Connect
6001: Timeout waiting to change state: 0 bytes in FIFO. ()
ERROR: Timeout connecting to the PPS electronics module over Bluetooth.
Check that the module is powered on, in range, that the battery is charged,
and that the Bluetooth address is 00019525dfd8
(The Bluetooth address is printed on the back of the electronics.)
Sending command +++
Failed reading a string from COM port after 21 tries. FIFO size = 0
Sending command +++
Failed reading a string from COM port after 21 tries. FIFO size = 0
Sending command +++
Failed reading a string from COM port after 21 tries. FIFO size = 0
Sending command +++
Failed reading a string from COM port after 21 tries. FIFO size = 0
Sending command +++
Failed reading a string from COM port after 21 tries. FIFO size = 0
Error receiving escape sequence confirmation!
9599: Deleting D600 Object
