Log file D:\Myeongjin\SensorTestProject\log\D600_0000000043B6A090.log created on 2020-10-08 at 01:11:31 PM
System Logging Level = 2
2281110: RecordSize = 12 (2 I2C dev, 0 SPI dev)
2281145: Mapped RecordSize = 12
Trying to connect to Bluetooth Serial Device
Currently in state 1, so releasing existing hardware...done.
2281660: Searching 1 ports
Trying to open COM3 at 921600 baud
Sending command +++AT
Read "ERROR"  from port 3
Matched ERROR, Connected to COM3 at 921600 baud
2281939: Found port 921600 at baudrate 921600
2281967: Configuring: sending reset command
Sending command ATZ
Start configuring at 2282032
698: Parsing string OK in state Reset
728: Found "OK"
Baudrate is correct, entering bypass mode for DAQ
Sending command ATD00019525dfd8
801: Resetting setup timeout at 2282841 changing from Reset to Connect
31:  Done parsing command in Reset
81: Parsing string OK in state Connect
Didn't find CONNECT in OK
132:  Done parsing command in Connect
817: Parsing string CONNECT 00019525DFD8 in state Connect
846: Found "CONNECT"; trying to configure system
868: Configuring system.
 Queuing message 0x63 ackSize 1
897: Sending stop scanning command
 Queuing message 0x10 ackSize 2
 Queuing message 0x20 ackSize 7
1054: I2C scan list configured
1067: Configuring Scan Lists
 Queuing message 0x25 ackSize 3
1103: Scan length lists set
 Queuing message 0x33 ackSize 2
1139: Setting up all of the passthru commands
Device 0 (I2C Addr = 1): DacCurrent = 50, ScanCount = 20, AveLength = 3
Passing through cmd 8 to 0
 Queuing message 0x40 ackSize 5
Passing through cmd 5 to 0
 Queuing message 0x40 ackSize 6
Passing through cmd 6 to 0
 Queuing message 0x40 ackSize 6
Passing through cmd 7 to 0
 Queuing message 0x40 ackSize 6
Device 1 (I2C Addr = 2): DacCurrent = 50, ScanCount = 20, AveLength = 3
Passing through cmd 8 to 1
 Queuing message 0x40 ackSize 5
Passing through cmd 5 to 1
 Queuing message 0x40 ackSize 6
Passing through cmd 6 to 1
 Queuing message 0x40 ackSize 6
Passing through cmd 7 to 1
 Queuing message 0x40 ackSize 6
Passing through cmd 1 to 255
 Queuing message 0x40 ackSize 5
2964: Requested continuous frames
 Queuing message 0x11 ackSize 3
 Queuing message 0x10 ackSize 2
3014: Resetting setup timeout at 2285863 changing from Connect to DAQ
27:  Done parsing command in Connect
Successfully sent message 0x63 with 1 bytes at 2285.96s (16 remain)
Timeout waiting for ACK of 0x63 at 2286.18
Successfully sent message 0x10 with 2 bytes at 2286.24s (15 remain)
Timeout waiting for ACK of 0x10 at 2286.47
Successfully sent message 0x20 with 7 bytes at 2286.53s (14 remain)

 --Protocol Rev change was:0 now: 4--
 ACK Mismatch: Received 0x63 while waiting for 0x20
Timeout waiting for ACK of 0x20 at 2286.75
Successfully sent message 0x20 with 7 bytes at 2286.82s (13 remain)
 ACKing cmd 0x20; 13 remain
Successfully sent message 0x25 with 3 bytes at 2286.94s (13 remain)
 ACKing cmd 0x25; 12 remain
Successfully sent message 0x33 with 2 bytes at 2287.05s (12 remain)
 ACKing cmd 0x33; 11 remain
Successfully sent message 0x40 with 5 bytes at 2287.15s (11 remain)
 ACKing cmd 0x40; 10 remain
Successfully sent message 0x40 with 6 bytes at 2287.26s (10 remain)
 ACKing cmd 0x40; 9 remain
Successfully sent message 0x40 with 6 bytes at 2287.37s (9 remain)
 ACKing cmd 0x40; 8 remain
Successfully sent message 0x40 with 6 bytes at 2287.5s (8 remain)
 ACKing cmd 0x40; 7 remain
Successfully sent message 0x40 with 5 bytes at 2287.63s (7 remain)
 ACKing cmd 0x40; 6 remain
Successfully sent message 0x40 with 6 bytes at 2287.76s (6 remain)
 ACKing cmd 0x40; 5 remain
Successfully sent message 0x40 with 6 bytes at 2287.89s (5 remain)
 ACKing cmd 0x40; 4 remain
Successfully sent message 0x40 with 6 bytes at 2288.01s (4 remain)
 ACKing cmd 0x40; 3 remain
Successfully sent message 0x40 with 5 bytes at 2288.11s (3 remain)
 ACKing cmd 0x40; 2 remain
Successfully sent message 0x11 with 3 bytes at 2288.22s (2 remain)
 ACKing cmd 0x11; 1 remain
Successfully sent message 0x10 with 2 bytes at 2288.33s (1 remain)
 ACKing cmd 0x10; 0 remain
2533: 10 received, but 26 are needed for a full frame. Flushing.
52898: Sending stop scanning command
Successfully sent message 0x10 with 2 bytes at 2338.82s (0 remain)
Sending command +++
Finished escape sequence. Now disconnecting hardware
Sending command ATH
Successfully disconnected from Bluetooth
53932: Deleting D600 Object
