Log file D:\Myeongjin\SensorTestProject\log\D600_00000200FCD99FB0.log created on 2021-08-11 at 02:34:38 PM
System Logging Level = 2
81232042: RecordSize = 12 (2 I2C dev, 0 SPI dev)
81232043: Mapped RecordSize = 12
Trying to connect to Bluetooth Serial Device
Currently in state 1, so releasing existing hardware...done.
81232068: Searching 1 ports
Trying to open COM3 at 921600 baud
Sending command +++AT
Read "ERROR"  from port 3
Matched ERROR, Connected to COM3 at 921600 baud
81232163: Found port 921600 at baudrate 921600
81232164: Configuring: sending reset command
Sending command ATZ
Start configuring at 81232166
703: Parsing string OK in state Reset
704: Found "OK"
Baudrate is correct, entering bypass mode for DAQ
Sending command ATD00019525dfd8
707: Resetting setup timeout at 81232873 changing from Reset to Connect
2:  Done parsing command in Reset
108: Parsing string OK in state Connect
Didn't find CONNECT in OK
111:  Done parsing command in Connect
2391: Parsing string CONNECT 00019525DFD8 in state Connect
2392: Found "CONNECT"; trying to configure system
2392: Configuring system.
 Queuing message 0x63 ackSize 1
2393: Sending stop scanning command
 Queuing message 0x10 ackSize 2
 Queuing message 0x20 ackSize 7
2497: I2C scan list configured
2497: Configuring Scan Lists
 Queuing message 0x25 ackSize 3
2498: Scan length lists set
 Queuing message 0x33 ackSize 2
2500: Setting up all of the passthru commands
Device 0 (I2C Addr = 1): DacCurrent = 50, ScanCount = 20, AveLength = 3
Passing through cmd 8 to 0
 Queuing message 0x40 ackSize 5
Passing through cmd 5 to 0
 Queuing message 0x40 ackSize 6
Passing through cmd 6 to 0
 Queuing message 0x40 ackSize 6
Passing through cmd 7 to 0
 Queuing message 0x40 ackSize 6
Device 1 (I2C Addr = 2): DacCurrent = 50, ScanCount = 20, AveLength = 3
Passing through cmd 8 to 1
 Queuing message 0x40 ackSize 5
Passing through cmd 5 to 1
 Queuing message 0x40 ackSize 6
Passing through cmd 6 to 1
 Queuing message 0x40 ackSize 6
Passing through cmd 7 to 1
 Queuing message 0x40 ackSize 6
Passing through cmd 1 to 255
 Queuing message 0x40 ackSize 5
3828: Requested continuous frames
 Queuing message 0x11 ackSize 3
 Queuing message 0x10 ackSize 2
3831: Resetting setup timeout at 81236705 changing from Connect to DAQ
0:  Done parsing command in Connect
Successfully sent message 0x63 with 1 bytes at 81236.7s (16 remain)
Timeout waiting for ACK of 0x63 at 81236.9
Successfully sent message 0x10 with 2 bytes at 81236.9s (15 remain)
Timeout waiting for ACK of 0x10 at 81237.1
Successfully sent message 0x20 with 7 bytes at 81237.1s (14 remain)
Timeout waiting for ACK of 0x20 at 81237.3
Successfully sent message 0x25 with 3 bytes at 81237.3s (13 remain)
Timeout waiting for ACK of 0x25 at 81237.5
Successfully sent message 0x33 with 2 bytes at 81237.5s (12 remain)
Timeout waiting for ACK of 0x33 at 81237.7
Successfully sent message 0x40 with 5 bytes at 81237.7s (11 remain)
Timeout waiting for ACK of 0x40 at 81237.9
Successfully sent message 0x40 with 6 bytes at 81237.9s (10 remain)
Timeout waiting for ACK of 0x40 at 81238.1
Successfully sent message 0x40 with 6 bytes at 81238.1s (9 remain)
Timeout waiting for ACK of 0x40 at 81238.3
Successfully sent message 0x40 with 6 bytes at 81238.3s (8 remain)
Timeout waiting for ACK of 0x40 at 81238.5
Successfully sent message 0x40 with 5 bytes at 81238.6s (7 remain)
Timeout waiting for ACK of 0x40 at 81238.8
Successfully sent message 0x40 with 6 bytes at 81238.8s (6 remain)
Timeout waiting for ACK of 0x40 at 81239
Successfully sent message 0x40 with 6 bytes at 81239s (5 remain)
Timeout waiting for ACK of 0x40 at 81239.2
Successfully sent message 0x40 with 6 bytes at 81239.2s (4 remain)
Timeout waiting for ACK of 0x40 at 81239.4
Successfully sent message 0x40 with 5 bytes at 81239.4s (3 remain)
Timeout waiting for ACK of 0x40 at 81239.6
Successfully sent message 0x11 with 3 bytes at 81239.6s (2 remain)
Timeout waiting for ACK of 0x11 at 81239.8
Successfully sent message 0x10 with 2 bytes at 81239.8s (1 remain)
Timeout waiting for ACK of 0x10 at 81240
4000: Timeout 4000 waiting for data from 4294967295 to 4000
ERROR: Timeout waiting for new data. This is most likely due 
to a Bluetooth connection issue due to interference, 
a low battery, or being out of range. Check that the 
battery is charged, and possibly try moving closer to the 
computer.
4001: Sending stop scanning command
Successfully sent message 0x10 with 2 bytes at 81240.7s (0 remain)
Sending command +++
Finished escape sequence. Now disconnecting hardware
Sending command ATH
Successfully disconnected from Bluetooth
4804: Deleting D600 Object
Log file D:\Myeongjin\SensorTestProject\log\D600_00000200FCD99FB0.log created on 2021-08-18 at 11:51:30 AM
System Logging Level = 2
676244078: RecordSize = 12 (2 I2C dev, 0 SPI dev)
676244080: Mapped RecordSize = 12
Trying to connect to Bluetooth Serial Device
Currently in state 1, so releasing existing hardware...done.
676244118: Searching 1 ports
Trying to open COM3 at 921600 baud
Sending command +++AT
Read "ERROR"  from port 3
Matched ERROR, Connected to COM3 at 921600 baud
676244209: Found port 921600 at baudrate 921600
676244210: Configuring: sending reset command
Sending command ATZ
Start configuring at 676244212
701: Parsing string OK in state Reset
702: Found "OK"
Baudrate is correct, entering bypass mode for DAQ
Sending command ATD00019525dfd8
704: Resetting setup timeout at 676244916 changing from Reset to Connect
1:  Done parsing command in Reset
108: Parsing string OK in state Connect
Didn't find CONNECT in OK
110:  Done parsing command in Connect
1115: Parsing string CONNECT 00019525DFD8 in state Connect
1116: Found "CONNECT"; trying to configure system
1116: Configuring system.
 Queuing message 0x63 ackSize 1
1117: Sending stop scanning command
 Queuing message 0x10 ackSize 2
 Queuing message 0x20 ackSize 7
1220: I2C scan list configured
1220: Configuring Scan Lists
 Queuing message 0x25 ackSize 3
1222: Scan length lists set
 Queuing message 0x33 ackSize 2
1224: Setting up all of the passthru commands
Device 0 (I2C Addr = 1): DacCurrent = 50, ScanCount = 20, AveLength = 3
Passing through cmd 8 to 0
 Queuing message 0x40 ackSize 5
Passing through cmd 5 to 0
 Queuing message 0x40 ackSize 6
Passing through cmd 6 to 0
 Queuing message 0x40 ackSize 6
Passing through cmd 7 to 0
 Queuing message 0x40 ackSize 6
Device 1 (I2C Addr = 2): DacCurrent = 50, ScanCount = 20, AveLength = 3
Passing through cmd 8 to 1
 Queuing message 0x40 ackSize 5
Passing through cmd 5 to 1
 Queuing message 0x40 ackSize 6
Passing through cmd 6 to 1
 Queuing message 0x40 ackSize 6
Passing through cmd 7 to 1
 Queuing message 0x40 ackSize 6
Passing through cmd 1 to 255
 Queuing message 0x40 ackSize 5
2547: Requested continuous frames
 Queuing message 0x11 ackSize 3
 Queuing message 0x10 ackSize 2
2548: Resetting setup timeout at 676247464 changing from Connect to DAQ
1:  Done parsing command in Connect
Successfully sent message 0x63 with 1 bytes at 676247s (16 remain)
Timeout waiting for ACK of 0x63 at 676248
Successfully sent message 0x10 with 2 bytes at 676248s (15 remain)
Timeout waiting for ACK of 0x10 at 676248
Successfully sent message 0x20 with 7 bytes at 676248s (14 remain)

 --Protocol Rev change was:0 now: 4--
 ACK Mismatch: Received 0x63 while waiting for 0x20
Timeout waiting for ACK of 0x20 at 676248
Successfully sent message 0x20 with 7 bytes at 676248s (13 remain)
 ACKing cmd 0x20; 13 remain
Successfully sent message 0x25 with 3 bytes at 676248s (13 remain)
 ACKing cmd 0x25; 12 remain
Successfully sent message 0x33 with 2 bytes at 676248s (12 remain)
 ACKing cmd 0x33; 11 remain
Successfully sent message 0x40 with 5 bytes at 676248s (11 remain)
 ACKing cmd 0x40; 10 remain
Successfully sent message 0x40 with 6 bytes at 676248s (10 remain)
 ACKing cmd 0x40; 9 remain
Successfully sent message 0x40 with 6 bytes at 676248s (9 remain)
 ACKing cmd 0x40; 8 remain
Successfully sent message 0x40 with 6 bytes at 676249s (8 remain)
 ACKing cmd 0x40; 7 remain
Successfully sent message 0x40 with 5 bytes at 676249s (7 remain)
 ACKing cmd 0x40; 6 remain
Successfully sent message 0x40 with 6 bytes at 676249s (6 remain)
 ACKing cmd 0x40; 5 remain
Successfully sent message 0x40 with 6 bytes at 676249s (5 remain)
 ACKing cmd 0x40; 4 remain
Successfully sent message 0x40 with 6 bytes at 676249s (4 remain)
 ACKing cmd 0x40; 3 remain
Successfully sent message 0x40 with 5 bytes at 676249s (3 remain)
 ACKing cmd 0x40; 2 remain
Successfully sent message 0x11 with 3 bytes at 676249s (2 remain)
 ACKing cmd 0x11; 1 remain
Successfully sent message 0x10 with 2 bytes at 676249s (1 remain)
 ACKing cmd 0x10; 0 remain
1660: 10 received, but 26 are needed for a full frame. Flushing.
4516461: Sending stop scanning command
Successfully sent message 0x10 with 2 bytes at 680764s (0 remain)
Sending command +++
Finished escape sequence. Now disconnecting hardware
Sending command ATH
Successfully disconnected from Bluetooth
4517244: Deleting D600 Object
