Log file D:\Myeongjin\projects\SensorTestProject\log\D600_0000000041D99DD0.log created on 2020-03-03 at 04:30:09 PM
System Logging Level = 2
16565: RecordSize = 12 (2 I2C dev, 0 SPI dev)
16578: Mapped RecordSize = 12
Trying to connect to Bluetooth Serial Device
Currently in state 1, so releasing existing hardware...done.
17333: Searching 1 ports
Trying to open COM7 at 921600 baud
Sending command +++AT
Read "ERROR"  from port 7
Matched ERROR, Connected to COM7 at 921600 baud
17480: Found port 921600 at baudrate 921600
17489: Configuring: sending reset command
Sending command ATZ
Start configuring at 17510
699: Parsing string OK in state Reset
710: Found "OK"
Baudrate is correct, entering bypass mode for DAQ
Sending command ATD00019525dfd8
766: Resetting setup timeout at 18279 changing from Reset to Connect
11:  Done parsing command in Reset
90: Parsing string OK in state Connect
Didn't find CONNECT in OK
112:  Done parsing command in Connect
790: Parsing string CONNECT 00019525DFD8 in state Connect
800: Found "CONNECT"; trying to configure system
807: Configuring system.
 Queuing message 0x63 ackSize 1
821: Sending stop scanning command
 Queuing message 0x10 ackSize 2
 Queuing message 0x20 ackSize 7
948: I2C scan list configured
954: Configuring Scan Lists
 Queuing message 0x25 ackSize 3
968: Scan length lists set
 Queuing message 0x33 ackSize 2
984: Setting up all of the passthru commands
Device 0 (I2C Addr = 1): DacCurrent = 50, ScanCount = 20, AveLength = 3
Passing through cmd 8 to 0
 Queuing message 0x40 ackSize 5
Passing through cmd 5 to 0
 Queuing message 0x40 ackSize 6
Passing through cmd 6 to 0
 Queuing message 0x40 ackSize 6
Passing through cmd 7 to 0
 Queuing message 0x40 ackSize 6
Device 1 (I2C Addr = 2): DacCurrent = 50, ScanCount = 20, AveLength = 3
Passing through cmd 8 to 1
 Queuing message 0x40 ackSize 5
Passing through cmd 5 to 1
 Queuing message 0x40 ackSize 6
Passing through cmd 6 to 1
 Queuing message 0x40 ackSize 6
Passing through cmd 7 to 1
 Queuing message 0x40 ackSize 6
Passing through cmd 1 to 255
 Queuing message 0x40 ackSize 5
2494: Requested continuous frames
 Queuing message 0x11 ackSize 3
 Queuing message 0x10 ackSize 2
2518: Resetting setup timeout at 20801 changing from Connect to DAQ
11:  Done parsing command in Connect
Successfully sent message 0x63 with 1 bytes at 20.841s (16 remain)
Timeout waiting for ACK of 0x63 at 21.053
Successfully sent message 0x10 with 2 bytes at 21.083s (15 remain)
Timeout waiting for ACK of 0x10 at 21.294
Successfully sent message 0x20 with 7 bytes at 21.326s (14 remain)

 --Protocol Rev change was:0 now: 4--
 ACK Mismatch: Received 0x63 while waiting for 0x20
Timeout waiting for ACK of 0x20 at 21.537
Successfully sent message 0x20 with 7 bytes at 21.566s (13 remain)
 ACKing cmd 0x20; 13 remain
Successfully sent message 0x25 with 3 bytes at 21.662s (13 remain)
 ACKing cmd 0x25; 12 remain
Successfully sent message 0x33 with 2 bytes at 21.756s (12 remain)
 ACKing cmd 0x33; 11 remain
Successfully sent message 0x40 with 5 bytes at 21.854s (11 remain)
 ACKing cmd 0x40; 10 remain
Successfully sent message 0x40 with 6 bytes at 21.952s (10 remain)
 ACKing cmd 0x40; 9 remain
Successfully sent message 0x40 with 6 bytes at 22.045s (9 remain)
 ACKing cmd 0x40; 8 remain
Successfully sent message 0x40 with 6 bytes at 22.142s (8 remain)
 ACKing cmd 0x40; 7 remain
Successfully sent message 0x40 with 5 bytes at 22.267s (7 remain)
 ACKing cmd 0x40; 6 remain
Successfully sent message 0x40 with 6 bytes at 22.364s (6 remain)
 ACKing cmd 0x40; 5 remain
Successfully sent message 0x40 with 6 bytes at 22.477s (5 remain)
 ACKing cmd 0x40; 4 remain
Successfully sent message 0x40 with 6 bytes at 22.556s (4 remain)
 ACKing cmd 0x40; 3 remain
Successfully sent message 0x40 with 5 bytes at 22.653s (3 remain)
 ACKing cmd 0x40; 2 remain
Successfully sent message 0x11 with 3 bytes at 22.764s (2 remain)
 ACKing cmd 0x11; 1 remain
Successfully sent message 0x10 with 2 bytes at 22.88s (1 remain)
 ACKing cmd 0x10; 0 remain
2149: 10 received, but 26 are needed for a full frame. Flushing.
23452: Sending stop scanning command
Successfully sent message 0x10 with 2 bytes at 44.281s (0 remain)
Sending command +++
Finished escape sequence. Now disconnecting hardware
Sending command ATH
Successfully disconnected from Bluetooth
24328: Deleting D600 Object
