Log file D:\Myeongjin\SensorTestProject\log\D600_000000004091A0A0.log created on 2021-01-27 at 10:59:45 AM
System Logging Level = 2
1194121: RecordSize = 12 (2 I2C dev, 0 SPI dev)
1194161: Mapped RecordSize = 12
Trying to connect to Bluetooth Serial Device
Currently in state 1, so releasing existing hardware...done.
1194773: Searching 1 ports
Trying to open COM3 at 921600 baud
Sending command +++AT
Read "CONNECT 00019525DFD8"  from port 3
Trying to open COM3 at 9600 baud
Sending command +++AT
Read "Please Enter Password"  from port 3
1195667: Searching 1 ports
Trying to open COM3 at 921600 baud
Sending command +++AT
Read "DISCONNECT"  from port 3
Trying to open COM3 at 9600 baud
Sending command +++AT
Read "ERROR"  from port 3
Matched ERROR, Connected to COM3 at 9600 baud
1196381: Found port 9600 at baudrate 9600
1196409: Configuring: sending reset command
Sending command ATZ
Start configuring at 1196475
6001: Timeout waiting to change state: 0 bytes in FIFO. ()
ERROR: Timeout connecting to the PPS electronics module over Bluetooth.
Check that the module is powered on, in range, that the battery is charged,
and that the Bluetooth address is 00019525dfd8
(The Bluetooth address is printed on the back of the electronics.)
Sending command +++
Failed reading a string from COM port after 21 tries. FIFO size = 0
Sending command +++
Failed reading a string from COM port after 21 tries. FIFO size = 0
Sending command +++
Failed reading a string from COM port after 21 tries. FIFO size = 0
Sending command +++
Failed reading a string from COM port after 21 tries. FIFO size = 0
Sending command +++
Failed reading a string from COM port after 21 tries. FIFO size = 0
Error receiving escape sequence confirmation!
9665: Deleting D600 Object
