Log file D:\Myeongjin\projects\SensorTestProject\log\D600_000000000F749DD0.log created on 2020-03-05 at 12:52:26 PM
System Logging Level = 2
7494940: RecordSize = 12 (2 I2C dev, 0 SPI dev)
7494957: Mapped RecordSize = 12
Trying to connect to Bluetooth Serial Device
Currently in state 1, so releasing existing hardware...done.
7495144: Searching 1 ports
Trying to open COM7 at 921600 baud
Sending command +++AT
Read "ERROR"  from port 7
Matched ERROR, Connected to COM7 at 921600 baud
7495311: Found port 921600 at baudrate 921600
7495320: Configuring: sending reset command
Sending command ATZ
Start configuring at 7495340
698: Parsing string OK in state Reset
710: Found "OK"
Baudrate is correct, entering bypass mode for DAQ
Sending command ATD00019525dfd8
740: Resetting setup timeout at 7496084 changing from Reset to Connect
11:  Done parsing command in Reset
83: Parsing string OK in state Connect
Didn't find CONNECT in OK
102:  Done parsing command in Connect
853: Parsing string CONNECT 00019525DFD8 in state Connect
867: Found "CONNECT"; trying to configure system
876: Configuring system.
 Queuing message 0x63 ackSize 1
890: Sending stop scanning command
 Queuing message 0x10 ackSize 2
 Queuing message 0x20 ackSize 7
1015: I2C scan list configured
1019: Configuring Scan Lists
 Queuing message 0x25 ackSize 3
1032: Scan length lists set
 Queuing message 0x33 ackSize 2
1046: Setting up all of the passthru commands
Device 0 (I2C Addr = 1): DacCurrent = 50, ScanCount = 20, AveLength = 3
Passing through cmd 8 to 0
 Queuing message 0x40 ackSize 5
Passing through cmd 5 to 0
 Queuing message 0x40 ackSize 6
Passing through cmd 6 to 0
 Queuing message 0x40 ackSize 6
Passing through cmd 7 to 0
 Queuing message 0x40 ackSize 6
Device 1 (I2C Addr = 2): DacCurrent = 50, ScanCount = 20, AveLength = 3
Passing through cmd 8 to 1
 Queuing message 0x40 ackSize 5
Passing through cmd 5 to 1
 Queuing message 0x40 ackSize 6
Passing through cmd 6 to 1
 Queuing message 0x40 ackSize 6
Passing through cmd 7 to 1
 Queuing message 0x40 ackSize 6
Passing through cmd 1 to 255
 Queuing message 0x40 ackSize 5
2560: Requested continuous frames
 Queuing message 0x11 ackSize 3
 Queuing message 0x10 ackSize 2
2587: Resetting setup timeout at 7498674 changing from Connect to DAQ
9:  Done parsing command in Connect
Successfully sent message 0x63 with 1 bytes at 7498.71s (16 remain)
Timeout waiting for ACK of 0x63 at 7498.92
Successfully sent message 0x10 with 2 bytes at 7498.95s (15 remain)
Timeout waiting for ACK of 0x10 at 7499.16
Successfully sent message 0x20 with 7 bytes at 7499.19s (14 remain)
Timeout waiting for ACK of 0x20 at 7499.4
Successfully sent message 0x25 with 3 bytes at 7499.43s (13 remain)
Timeout waiting for ACK of 0x25 at 7499.64
Successfully sent message 0x33 with 2 bytes at 7499.66s (12 remain)
Timeout waiting for ACK of 0x33 at 7499.87
Successfully sent message 0x40 with 5 bytes at 7499.9s (11 remain)
Timeout waiting for ACK of 0x40 at 7500.11
Successfully sent message 0x40 with 6 bytes at 7500.14s (10 remain)
Timeout waiting for ACK of 0x40 at 7500.35
Successfully sent message 0x40 with 6 bytes at 7500.38s (9 remain)
Timeout waiting for ACK of 0x40 at 7500.59
Successfully sent message 0x40 with 6 bytes at 7500.61s (8 remain)
Timeout waiting for ACK of 0x40 at 7500.82
Successfully sent message 0x40 with 5 bytes at 7500.85s (7 remain)
Timeout waiting for ACK of 0x40 at 7501.06
Successfully sent message 0x40 with 6 bytes at 7501.09s (6 remain)
Timeout waiting for ACK of 0x40 at 7501.3
Successfully sent message 0x40 with 6 bytes at 7501.32s (5 remain)
Timeout waiting for ACK of 0x40 at 7501.53
Successfully sent message 0x40 with 6 bytes at 7501.56s (4 remain)
Timeout waiting for ACK of 0x40 at 7501.77
Successfully sent message 0x40 with 5 bytes at 7501.8s (3 remain)
Timeout waiting for ACK of 0x40 at 7502.01
Successfully sent message 0x11 with 3 bytes at 7502.04s (2 remain)
Timeout waiting for ACK of 0x11 at 7502.25
Successfully sent message 0x10 with 2 bytes at 7502.28s (1 remain)
Timeout waiting for ACK of 0x10 at 7502.49
3998: Timeout 4000 waiting for data from 4294967293 to 4005
ERROR: Timeout waiting for new data. This is most likely due 
to a Bluetooth connection issue due to interference, 
a low battery, or being out of range. Check that the 
battery is charged, and possibly try moving closer to the 
computer.
4017: Sending stop scanning command
Successfully sent message 0x10 with 2 bytes at 7502.72s (0 remain)
Sending command +++
Finished escape sequence. Now disconnecting hardware
Sending command ATH
Successfully disconnected from Bluetooth
4930: Deleting D600 Object
