Log file D:\Myeongjin\projects\SensorTestProject\log\D600_0000000035FA9DD0.log created on 2020-03-04 at 03:30:26 PM
System Logging Level = 2
197130: RecordSize = 12 (2 I2C dev, 0 SPI dev)
197144: Mapped RecordSize = 12
Trying to connect to Bluetooth Serial Device
Currently in state 1, so releasing existing hardware...done.
197330: Searching 1 ports
Trying to open COM7 at 921600 baud
Sending command +++AT
Read "ERROR"  from port 7
Matched ERROR, Connected to COM7 at 921600 baud
197497: Found port 921600 at baudrate 921600
197507: Configuring: sending reset command
Sending command ATZ
Start configuring at 197529
915: Parsing string OK in state Reset
926: Found "OK"
Baudrate is correct, entering bypass mode for DAQ
Sending command ATD00019525dfd8
952: Resetting setup timeout at 198484 changing from Reset to Connect
13:  Done parsing command in Reset
87: Parsing string OK in state Connect
Didn't find CONNECT in OK
107:  Done parsing command in Connect
1900: Parsing string CONNECT 00019525DFD8 in state Connect
1911: Found "CONNECT"; trying to configure system
1919: Configuring system.
 Queuing message 0x63 ackSize 1
1933: Sending stop scanning command
 Queuing message 0x10 ackSize 2
 Queuing message 0x20 ackSize 7
2059: I2C scan list configured
2063: Configuring Scan Lists
 Queuing message 0x25 ackSize 3
2079: Scan length lists set
 Queuing message 0x33 ackSize 2
2095: Setting up all of the passthru commands
Device 0 (I2C Addr = 1): DacCurrent = 50, ScanCount = 20, AveLength = 3
Passing through cmd 8 to 0
 Queuing message 0x40 ackSize 5
Passing through cmd 5 to 0
 Queuing message 0x40 ackSize 6
Passing through cmd 6 to 0
 Queuing message 0x40 ackSize 6
Passing through cmd 7 to 0
 Queuing message 0x40 ackSize 6
Device 1 (I2C Addr = 2): DacCurrent = 50, ScanCount = 20, AveLength = 3
Passing through cmd 8 to 1
 Queuing message 0x40 ackSize 5
Passing through cmd 5 to 1
 Queuing message 0x40 ackSize 6
Passing through cmd 6 to 1
 Queuing message 0x40 ackSize 6
Passing through cmd 7 to 1
 Queuing message 0x40 ackSize 6
Passing through cmd 1 to 255
 Queuing message 0x40 ackSize 5
3602: Requested continuous frames
 Queuing message 0x11 ackSize 3
 Queuing message 0x10 ackSize 2
3625: Resetting setup timeout at 202112 changing from Connect to DAQ
10:  Done parsing command in Connect
Successfully sent message 0x63 with 1 bytes at 202.151s (16 remain)
Timeout waiting for ACK of 0x63 at 202.363
Successfully sent message 0x10 with 2 bytes at 202.395s (15 remain)
Timeout waiting for ACK of 0x10 at 202.606
Successfully sent message 0x20 with 7 bytes at 202.635s (14 remain)
Timeout waiting for ACK of 0x20 at 202.847
Successfully sent message 0x25 with 3 bytes at 202.877s (13 remain)
Timeout waiting for ACK of 0x25 at 203.088
Successfully sent message 0x33 with 2 bytes at 203.115s (12 remain)
Timeout waiting for ACK of 0x33 at 203.326
Successfully sent message 0x40 with 5 bytes at 203.353s (11 remain)
Timeout waiting for ACK of 0x40 at 203.565
Successfully sent message 0x40 with 6 bytes at 203.596s (10 remain)
Timeout waiting for ACK of 0x40 at 203.806
Successfully sent message 0x40 with 6 bytes at 203.836s (9 remain)
Timeout waiting for ACK of 0x40 at 204.046
Successfully sent message 0x40 with 6 bytes at 204.074s (8 remain)
Timeout waiting for ACK of 0x40 at 204.285
Successfully sent message 0x40 with 5 bytes at 204.314s (7 remain)
Timeout waiting for ACK of 0x40 at 204.526
Successfully sent message 0x40 with 6 bytes at 204.555s (6 remain)
Timeout waiting for ACK of 0x40 at 204.767
Successfully sent message 0x40 with 6 bytes at 204.799s (5 remain)

 --Protocol Rev change was:0 now: 4--
 ACK Mismatch: Received 0x40 while waiting for 0x40
Timeout waiting for ACK of 0x40 at 205.011
Successfully sent message 0x40 with 6 bytes at 205.038s (4 remain)
 ACKing cmd 0x40; 4 remain
Successfully sent message 0x40 with 6 bytes at 205.14s (4 remain)
 ACKing cmd 0x40; 3 remain
Successfully sent message 0x40 with 5 bytes at 205.235s (3 remain)
 ACKing cmd 0x40; 2 remain
Successfully sent message 0x11 with 3 bytes at 205.333s (2 remain)
 ACKing cmd 0x11; 1 remain
Successfully sent message 0x10 with 2 bytes at 205.427s (1 remain)
 ACKing cmd 0x10; 0 remain
3411: 10 received, but 26 are needed for a full frame. Flushing.
