Log file D:\Myeongjin\SensorTestProject\log\D600_00000297C29BA030.log created on 2021-03-11 at 01:40:58 PM
System Logging Level = 2
3704438: RecordSize = 12 (2 I2C dev, 0 SPI dev)
3704482: Mapped RecordSize = 12
Trying to connect to Bluetooth Serial Device
Currently in state 1, so releasing existing hardware...done.
3705177: Searching 1 ports
Trying to open COM3 at 921600 baud
Sending command +++AT
Read "ERROR"  from port 3
Matched ERROR, Connected to COM3 at 921600 baud
3705510: Found port 921600 at baudrate 921600
3705540: Configuring: sending reset command
Sending command ATZ
Start configuring at 3705615
693: Parsing string OK in state Reset
730: Found "OK"
Baudrate is correct, entering bypass mode for DAQ
Sending command ATD00019525dfd8
817: Resetting setup timeout at 3706443 changing from Reset to Connect
38:  Done parsing command in Reset
73: Parsing string OK in state Connect
Didn't find CONNECT in OK
136:  Done parsing command in Connect
801: Parsing string CONNECT 00019525DFD8 in state Connect
837: Found "CONNECT"; trying to configure system
865: Configuring system.
 Queuing message 0x63 ackSize 1
902: Sending stop scanning command
 Queuing message 0x10 ackSize 2
 Queuing message 0x20 ackSize 7
1080: I2C scan list configured
1096: Configuring Scan Lists
 Queuing message 0x25 ackSize 3
1142: Scan length lists set
 Queuing message 0x33 ackSize 2
1185: Setting up all of the passthru commands
Device 0 (I2C Addr = 1): DacCurrent = 50, ScanCount = 20, AveLength = 3
Passing through cmd 8 to 0
 Queuing message 0x40 ackSize 5
Passing through cmd 5 to 0
 Queuing message 0x40 ackSize 6
Passing through cmd 6 to 0
 Queuing message 0x40 ackSize 6
Passing through cmd 7 to 0
 Queuing message 0x40 ackSize 6
Device 1 (I2C Addr = 2): DacCurrent = 50, ScanCount = 20, AveLength = 3
Passing through cmd 8 to 1
 Queuing message 0x40 ackSize 5
Passing through cmd 5 to 1
 Queuing message 0x40 ackSize 6
Passing through cmd 6 to 1
 Queuing message 0x40 ackSize 6
Passing through cmd 7 to 1
 Queuing message 0x40 ackSize 6
Passing through cmd 1 to 255
 Queuing message 0x40 ackSize 5
3161: Requested continuous frames
 Queuing message 0x11 ackSize 3
 Queuing message 0x10 ackSize 2
3232: Resetting setup timeout at 3709686 changing from Connect to DAQ
37:  Done parsing command in Connect
Successfully sent message 0x63 with 1 bytes at 3709.82s (16 remain)
Timeout waiting for ACK of 0x63 at 3710.05
Successfully sent message 0x10 with 2 bytes at 3710.13s (15 remain)
Timeout waiting for ACK of 0x10 at 3710.36
Successfully sent message 0x20 with 7 bytes at 3710.45s (14 remain)

 --Protocol Rev change was:0 now: 4--
 ACK Mismatch: Received 0x63 while waiting for 0x20
Timeout waiting for ACK of 0x20 at 3710.68
Successfully sent message 0x20 with 7 bytes at 3710.77s (13 remain)
 ACKing cmd 0x20; 13 remain
Successfully sent message 0x25 with 3 bytes at 3710.91s (13 remain)
 ACKing cmd 0x25; 12 remain
Successfully sent message 0x33 with 2 bytes at 3711.05s (12 remain)
 ACKing cmd 0x33; 11 remain
Successfully sent message 0x40 with 5 bytes at 3711.17s (11 remain)
 ACKing cmd 0x40; 10 remain
Successfully sent message 0x40 with 6 bytes at 3711.3s (10 remain)
 ACKing cmd 0x40; 9 remain
Successfully sent message 0x40 with 6 bytes at 3711.44s (9 remain)
 ACKing cmd 0x40; 8 remain
Successfully sent message 0x40 with 6 bytes at 3711.58s (8 remain)
 ACKing cmd 0x40; 7 remain
Successfully sent message 0x40 with 5 bytes at 3711.73s (7 remain)
 ACKing cmd 0x40; 6 remain
Successfully sent message 0x40 with 6 bytes at 3711.89s (6 remain)
 ACKing cmd 0x40; 5 remain
Successfully sent message 0x40 with 6 bytes at 3712.04s (5 remain)
 ACKing cmd 0x40; 4 remain
Successfully sent message 0x40 with 6 bytes at 3712.18s (4 remain)
 ACKing cmd 0x40; 3 remain
Successfully sent message 0x40 with 5 bytes at 3712.32s (3 remain)
 ACKing cmd 0x40; 2 remain
Successfully sent message 0x11 with 3 bytes at 3712.48s (2 remain)
 ACKing cmd 0x11; 1 remain
Successfully sent message 0x10 with 2 bytes at 3712.61s (1 remain)
 ACKing cmd 0x10; 0 remain
2980: 10 received, but 26 are needed for a full frame. Flushing.
56464: Sending stop scanning command
Successfully sent message 0x10 with 2 bytes at 3766.25s (0 remain)
Sending command +++
Finished escape sequence. Now disconnecting hardware
Sending command ATH
Successfully disconnected from Bluetooth
57616: Deleting D600 Object
