Log file D:\Myeongjin\SensorTestProject\log\D600_0000000043E79F80.log created on 2020-05-22 at 01:24:50 PM
System Logging Level = 2
1178593: RecordSize = 12 (2 I2C dev, 0 SPI dev)
1178631: Mapped RecordSize = 12
Trying to connect to Bluetooth Serial Device
Currently in state 1, so releasing existing hardware...done.
1179232: Searching 1 ports
Trying to open COM3 at 921600 baud
Sending command +++AT
Read "ERROR"  from port 3
Matched ERROR, Connected to COM3 at 921600 baud
1179524: Found port 921600 at baudrate 921600
1179550: Configuring: sending reset command
Sending command ATZ
Start configuring at 1179612
696: Parsing string OK in state Reset
727: Found "OK"
Baudrate is correct, entering bypass mode for DAQ
Sending command ATD00019525dfd8
802: Resetting setup timeout at 1180424 changing from Reset to Connect
31:  Done parsing command in Reset
76: Parsing string OK in state Connect
Didn't find CONNECT in OK
132:  Done parsing command in Connect
1189: Parsing string CONNECT 00019525DFD8 in state Connect
1220: Found "CONNECT"; trying to configure system
1243: Configuring system.
 Queuing message 0x63 ackSize 1
1275: Sending stop scanning command
 Queuing message 0x10 ackSize 2
 Queuing message 0x20 ackSize 7
1436: I2C scan list configured
1449: Configuring Scan Lists
 Queuing message 0x25 ackSize 3
1485: Scan length lists set
 Queuing message 0x33 ackSize 2
1522: Setting up all of the passthru commands
Device 0 (I2C Addr = 1): DacCurrent = 50, ScanCount = 20, AveLength = 3
Passing through cmd 8 to 0
 Queuing message 0x40 ackSize 5
Passing through cmd 5 to 0
 Queuing message 0x40 ackSize 6
Passing through cmd 6 to 0
 Queuing message 0x40 ackSize 6
Passing through cmd 7 to 0
 Queuing message 0x40 ackSize 6
Device 1 (I2C Addr = 2): DacCurrent = 50, ScanCount = 20, AveLength = 3
Passing through cmd 8 to 1
 Queuing message 0x40 ackSize 5
Passing through cmd 5 to 1
 Queuing message 0x40 ackSize 6
Passing through cmd 6 to 1
 Queuing message 0x40 ackSize 6
Passing through cmd 7 to 1
 Queuing message 0x40 ackSize 6
Passing through cmd 1 to 255
 Queuing message 0x40 ackSize 5
3459: Requested continuous frames
 Queuing message 0x11 ackSize 3
 Queuing message 0x10 ackSize 2
3521: Resetting setup timeout at 1183954 changing from Connect to DAQ
34:  Done parsing command in Connect
Successfully sent message 0x63 with 1 bytes at 1184.07s (16 remain)
Timeout waiting for ACK of 0x63 at 1184.3
Successfully sent message 0x10 with 2 bytes at 1184.37s (15 remain)
Timeout waiting for ACK of 0x10 at 1184.6
Successfully sent message 0x20 with 7 bytes at 1184.67s (14 remain)

 --Protocol Rev change was:0 now: 4--
 ACK Mismatch: Received 0x63 while waiting for 0x20
Timeout waiting for ACK of 0x20 at 1184.9
Successfully sent message 0x20 with 7 bytes at 1184.98s (13 remain)
 ACKing cmd 0x20; 13 remain
Successfully sent message 0x25 with 3 bytes at 1185.12s (13 remain)
 ACKing cmd 0x25; 12 remain
Successfully sent message 0x33 with 2 bytes at 1185.25s (12 remain)
 ACKing cmd 0x33; 11 remain
Successfully sent message 0x40 with 5 bytes at 1185.38s (11 remain)
 ACKing cmd 0x40; 10 remain
Successfully sent message 0x40 with 6 bytes at 1185.5s (10 remain)
 ACKing cmd 0x40; 9 remain
Successfully sent message 0x40 with 6 bytes at 1185.63s (9 remain)
 ACKing cmd 0x40; 8 remain
Successfully sent message 0x40 with 6 bytes at 1185.76s (8 remain)
 ACKing cmd 0x40; 7 remain
Successfully sent message 0x40 with 5 bytes at 1185.89s (7 remain)
 ACKing cmd 0x40; 6 remain
Successfully sent message 0x40 with 6 bytes at 1186.04s (6 remain)
 ACKing cmd 0x40; 5 remain
Successfully sent message 0x40 with 6 bytes at 1186.18s (5 remain)
 ACKing cmd 0x40; 4 remain
Successfully sent message 0x40 with 6 bytes at 1186.33s (4 remain)
 ACKing cmd 0x40; 3 remain
Successfully sent message 0x40 with 5 bytes at 1186.46s (3 remain)
 ACKing cmd 0x40; 2 remain
Successfully sent message 0x11 with 3 bytes at 1186.61s (2 remain)
 ACKing cmd 0x11; 1 remain
Successfully sent message 0x10 with 2 bytes at 1186.74s (1 remain)
 ACKing cmd 0x10; 0 remain
2848: 10 received, but 26 are needed for a full frame. Flushing.
41554: Sending stop scanning command
Successfully sent message 0x10 with 2 bytes at 1225.6s (0 remain)
Sending command +++
Finished escape sequence. Now disconnecting hardware
Sending command ATH
Successfully disconnected from Bluetooth
42669: Deleting D600 Object
