Log file D:\Myeongjin\SensorTestProject\log\D600_000001CE755BA010.log created on 2021-03-18 at 02:25:46 PM
System Logging Level = 2
3351938: RecordSize = 12 (2 I2C dev, 0 SPI dev)
3351996: Mapped RecordSize = 12
Trying to connect to Bluetooth Serial Device
Currently in state 1, so releasing existing hardware...done.
3352756: Searching 1 ports
Trying to open COM3 at 921600 baud
Sending command +++AT
Read "ERROR"  from port 3
Matched ERROR, Connected to COM3 at 921600 baud
3353145: Found port 921600 at baudrate 921600
3353186: Configuring: sending reset command
Sending command ATZ
Start configuring at 3353270
694: Parsing string OK in state Reset
738: Found "OK"
Baudrate is correct, entering bypass mode for DAQ
Sending command ATD00019525dfd8
844: Resetting setup timeout at 3354127 changing from Reset to Connect
44:  Done parsing command in Reset
77: Parsing string OK in state Connect
Didn't find CONNECT in OK
151:  Done parsing command in Connect
864: Parsing string CONNECT 00019525DFD8 in state Connect
910: Found "CONNECT"; trying to configure system
940: Configuring system.
 Queuing message 0x63 ackSize 1
983: Sending stop scanning command
 Queuing message 0x10 ackSize 2
 Queuing message 0x20 ackSize 7
1172: I2C scan list configured
1191: Configuring Scan Lists
 Queuing message 0x25 ackSize 3
1243: Scan length lists set
 Queuing message 0x33 ackSize 2
1293: Setting up all of the passthru commands
Device 0 (I2C Addr = 1): DacCurrent = 50, ScanCount = 20, AveLength = 3
Passing through cmd 8 to 0
 Queuing message 0x40 ackSize 5
Passing through cmd 5 to 0
 Queuing message 0x40 ackSize 6
Passing through cmd 6 to 0
 Queuing message 0x40 ackSize 6
Passing through cmd 7 to 0
 Queuing message 0x40 ackSize 6
Device 1 (I2C Addr = 2): DacCurrent = 50, ScanCount = 20, AveLength = 3
Passing through cmd 8 to 1
 Queuing message 0x40 ackSize 5
Passing through cmd 5 to 1
 Queuing message 0x40 ackSize 6
Passing through cmd 6 to 1
 Queuing message 0x40 ackSize 6
Passing through cmd 7 to 1
 Queuing message 0x40 ackSize 6
Passing through cmd 1 to 255
 Queuing message 0x40 ackSize 5
3371: Requested continuous frames
 Queuing message 0x11 ackSize 3
 Queuing message 0x10 ackSize 2
3459: Resetting setup timeout at 3357599 changing from Connect to DAQ
47:  Done parsing command in Connect
Successfully sent message 0x63 with 1 bytes at 3357.76s (16 remain)
Timeout waiting for ACK of 0x63 at 3358
Successfully sent message 0x10 with 2 bytes at 3358.11s (15 remain)
Timeout waiting for ACK of 0x10 at 3358.35
Successfully sent message 0x20 with 7 bytes at 3358.45s (14 remain)

 --Protocol Rev change was:0 now: 4--
 ACK Mismatch: Received 0x63 while waiting for 0x20
Timeout waiting for ACK of 0x20 at 3358.69
Successfully sent message 0x20 with 7 bytes at 3358.8s (13 remain)
 ACKing cmd 0x20; 13 remain
Successfully sent message 0x25 with 3 bytes at 3358.94s (13 remain)
 ACKing cmd 0x25; 12 remain
Successfully sent message 0x33 with 2 bytes at 3359.1s (12 remain)
 ACKing cmd 0x33; 11 remain
Successfully sent message 0x40 with 5 bytes at 3359.25s (11 remain)
 ACKing cmd 0x40; 10 remain
Successfully sent message 0x40 with 6 bytes at 3359.39s (10 remain)
 ACKing cmd 0x40; 9 remain
Successfully sent message 0x40 with 6 bytes at 3359.53s (9 remain)
 ACKing cmd 0x40; 8 remain
Successfully sent message 0x40 with 6 bytes at 3359.7s (8 remain)
 ACKing cmd 0x40; 7 remain
Successfully sent message 0x40 with 5 bytes at 3359.85s (7 remain)
 ACKing cmd 0x40; 6 remain
Successfully sent message 0x40 with 6 bytes at 3360.01s (6 remain)
 ACKing cmd 0x40; 5 remain
Successfully sent message 0x40 with 6 bytes at 3360.17s (5 remain)
 ACKing cmd 0x40; 4 remain
Successfully sent message 0x40 with 6 bytes at 3360.34s (4 remain)
 ACKing cmd 0x40; 3 remain
Successfully sent message 0x40 with 5 bytes at 3360.49s (3 remain)
 ACKing cmd 0x40; 2 remain
Successfully sent message 0x11 with 3 bytes at 3360.65s (2 remain)
 ACKing cmd 0x11; 1 remain
Successfully sent message 0x10 with 2 bytes at 3360.8s (1 remain)
 ACKing cmd 0x10; 0 remain
3264: 10 received, but 26 are needed for a full frame. Flushing.
45121: Sending stop scanning command
Successfully sent message 0x10 with 2 bytes at 3402.83s (0 remain)
Sending command +++
Finished escape sequence. Now disconnecting hardware
Sending command ATH
Successfully disconnected from Bluetooth
46332: Deleting D600 Object
