Log file D:\Myeongjin\SensorTestProject\log\D600_000001CE73F7A010.log created on 2021-03-18 at 02:08:22 PM
System Logging Level = 2
2307772: RecordSize = 12 (2 I2C dev, 0 SPI dev)
2307815: Mapped RecordSize = 12
Trying to connect to Bluetooth Serial Device
Currently in state 1, so releasing existing hardware...done.
2308434: Searching 1 ports
Trying to open COM3 at 921600 baud
Sending command +++AT
Read "ERROR"  from port 3
Matched ERROR, Connected to COM3 at 921600 baud
2308764: Found port 921600 at baudrate 921600
2308796: Configuring: sending reset command
Sending command ATZ
Start configuring at 2308885
694: Parsing string OK in state Reset
729: Found "OK"
Baudrate is correct, entering bypass mode for DAQ
Sending command ATD00019525dfd8
817: Resetting setup timeout at 2309712 changing from Reset to Connect
36:  Done parsing command in Reset
76: Parsing string OK in state Connect
Didn't find CONNECT in OK
138:  Done parsing command in Connect
1137: Parsing string CONNECT 00019525DFD8 in state Connect
1173: Found "CONNECT"; trying to configure system
1199: Configuring system.
 Queuing message 0x63 ackSize 1
1235: Sending stop scanning command
 Queuing message 0x10 ackSize 2
 Queuing message 0x20 ackSize 7
1407: I2C scan list configured
1423: Configuring Scan Lists
 Queuing message 0x25 ackSize 3
1466: Scan length lists set
 Queuing message 0x33 ackSize 2
1507: Setting up all of the passthru commands
Device 0 (I2C Addr = 1): DacCurrent = 50, ScanCount = 20, AveLength = 3
Passing through cmd 8 to 0
 Queuing message 0x40 ackSize 5
Passing through cmd 5 to 0
 Queuing message 0x40 ackSize 6
Passing through cmd 6 to 0
 Queuing message 0x40 ackSize 6
Passing through cmd 7 to 0
 Queuing message 0x40 ackSize 6
Device 1 (I2C Addr = 2): DacCurrent = 50, ScanCount = 20, AveLength = 3
Passing through cmd 8 to 1
 Queuing message 0x40 ackSize 5
Passing through cmd 5 to 1
 Queuing message 0x40 ackSize 6
Passing through cmd 6 to 1
 Queuing message 0x40 ackSize 6
Passing through cmd 7 to 1
 Queuing message 0x40 ackSize 6
Passing through cmd 1 to 255
 Queuing message 0x40 ackSize 5
3474: Requested continuous frames
 Queuing message 0x11 ackSize 3
 Queuing message 0x10 ackSize 2
3599: Resetting setup timeout at 2313322 changing from Connect to DAQ
38:  Done parsing command in Connect
Successfully sent message 0x63 with 1 bytes at 2313.45s (16 remain)
Timeout waiting for ACK of 0x63 at 2313.69
Successfully sent message 0x10 with 2 bytes at 2313.77s (15 remain)
Timeout waiting for ACK of 0x10 at 2314.01
Successfully sent message 0x20 with 7 bytes at 2314.1s (14 remain)

 --Protocol Rev change was:0 now: 4--
 ACK Mismatch: Received 0x63 while waiting for 0x20
Timeout waiting for ACK of 0x20 at 2314.33
Successfully sent message 0x20 with 7 bytes at 2314.42s (13 remain)
 ACKing cmd 0x20; 13 remain
Successfully sent message 0x25 with 3 bytes at 2314.57s (13 remain)
 ACKing cmd 0x25; 12 remain
Successfully sent message 0x33 with 2 bytes at 2314.69s (12 remain)
 ACKing cmd 0x33; 11 remain
Successfully sent message 0x40 with 5 bytes at 2314.84s (11 remain)
 ACKing cmd 0x40; 10 remain
Successfully sent message 0x40 with 6 bytes at 2314.96s (10 remain)
 ACKing cmd 0x40; 9 remain
Successfully sent message 0x40 with 6 bytes at 2315.13s (9 remain)
 ACKing cmd 0x40; 8 remain
Successfully sent message 0x40 with 6 bytes at 2315.26s (8 remain)
 ACKing cmd 0x40; 7 remain
Successfully sent message 0x40 with 5 bytes at 2315.4s (7 remain)
 ACKing cmd 0x40; 6 remain
Successfully sent message 0x40 with 6 bytes at 2315.53s (6 remain)
 ACKing cmd 0x40; 5 remain
Successfully sent message 0x40 with 6 bytes at 2315.67s (5 remain)
 ACKing cmd 0x40; 4 remain
Successfully sent message 0x40 with 6 bytes at 2315.81s (4 remain)
 ACKing cmd 0x40; 3 remain
Successfully sent message 0x40 with 5 bytes at 2315.97s (3 remain)
 ACKing cmd 0x40; 2 remain
Successfully sent message 0x11 with 3 bytes at 2316.12s (2 remain)
 ACKing cmd 0x11; 1 remain
Successfully sent message 0x10 with 2 bytes at 2316.26s (1 remain)
 ACKing cmd 0x10; 0 remain
2994: 10 received, but 26 are needed for a full frame. Flushing.
296125: Sending stop scanning command
Successfully sent message 0x10 with 2 bytes at 2609.56s (0 remain)
Sending command +++
Finished escape sequence. Now disconnecting hardware
Sending command ATH
Successfully disconnected from Bluetooth
297328: Deleting D600 Object
