Log file D:\Myeongjin\SensorTestProject\log\D600_00000000517D9B20.log created on 2020-04-07 at 05:10:29 PM
System Logging Level = 2
15053: RecordSize = 12 (2 I2C dev, 0 SPI dev)
15057: Mapped RecordSize = 12
Trying to connect to Bluetooth Serial Device
Currently in state 1, so releasing existing hardware...done.
15202: Searching 1 ports
Trying to open COM3 at 921600 baud
Sending command +++AT
Read "ERROR"  from port 3
Matched ERROR, Connected to COM3 at 921600 baud
15310: Found port 921600 at baudrate 921600
15313: Configuring: sending reset command
Sending command ATZ
Start configuring at 15321
701: Parsing string OK in state Reset
704: Found "OK"
Baudrate is correct, entering bypass mode for DAQ
Sending command ATD00019525dfd8
713: Resetting setup timeout at 16035 changing from Reset to Connect
4:  Done parsing command in Reset
100: Parsing string OK in state Connect
Didn't find CONNECT in OK
106:  Done parsing command in Connect
992: Parsing string CONNECT 00019525DFD8 in state Connect
995: Found "CONNECT"; trying to configure system
998: Configuring system.
 Queuing message 0x63 ackSize 1
1002: Sending stop scanning command
 Queuing message 0x10 ackSize 2
 Queuing message 0x20 ackSize 7
1109: I2C scan list configured
1111: Configuring Scan Lists
 Queuing message 0x25 ackSize 3
1115: Scan length lists set
 Queuing message 0x33 ackSize 2
1119: Setting up all of the passthru commands
Device 0 (I2C Addr = 1): DacCurrent = 50, ScanCount = 20, AveLength = 3
Passing through cmd 8 to 0
 Queuing message 0x40 ackSize 5
Passing through cmd 5 to 0
 Queuing message 0x40 ackSize 6
Passing through cmd 6 to 0
 Queuing message 0x40 ackSize 6
Passing through cmd 7 to 0
 Queuing message 0x40 ackSize 6
Device 1 (I2C Addr = 2): DacCurrent = 50, ScanCount = 20, AveLength = 3
Passing through cmd 8 to 1
 Queuing message 0x40 ackSize 5
Passing through cmd 5 to 1
 Queuing message 0x40 ackSize 6
Passing through cmd 6 to 1
 Queuing message 0x40 ackSize 6
Passing through cmd 7 to 1
 Queuing message 0x40 ackSize 6
Passing through cmd 1 to 255
 Queuing message 0x40 ackSize 5
2532: Requested continuous frames
 Queuing message 0x11 ackSize 3
 Queuing message 0x10 ackSize 2
2548: Resetting setup timeout at 18585 changing from Connect to DAQ
9:  Done parsing command in Connect
Successfully sent message 0x63 with 1 bytes at 18.617s (16 remain)
Timeout waiting for ACK of 0x63 at 18.823
Successfully sent message 0x10 with 2 bytes at 18.831s (15 remain)
Timeout waiting for ACK of 0x10 at 19.034
Successfully sent message 0x20 with 7 bytes at 19.043s (14 remain)
Timeout waiting for ACK of 0x20 at 19.247
Successfully sent message 0x25 with 3 bytes at 19.254s (13 remain)
Timeout waiting for ACK of 0x25 at 19.458
Successfully sent message 0x33 with 2 bytes at 19.465s (12 remain)
Timeout waiting for ACK of 0x33 at 19.669
Successfully sent message 0x40 with 5 bytes at 19.676s (11 remain)
Timeout waiting for ACK of 0x40 at 19.879
Successfully sent message 0x40 with 6 bytes at 19.887s (10 remain)
Timeout waiting for ACK of 0x40 at 20.091
Successfully sent message 0x40 with 6 bytes at 20.099s (9 remain)
Timeout waiting for ACK of 0x40 at 20.302
Successfully sent message 0x40 with 6 bytes at 20.31s (8 remain)
Timeout waiting for ACK of 0x40 at 20.514
Successfully sent message 0x40 with 5 bytes at 20.522s (7 remain)
Timeout waiting for ACK of 0x40 at 20.726
Successfully sent message 0x40 with 6 bytes at 20.734s (6 remain)
Timeout waiting for ACK of 0x40 at 20.937
Successfully sent message 0x40 with 6 bytes at 20.945s (5 remain)
Timeout waiting for ACK of 0x40 at 21.149
Successfully sent message 0x40 with 6 bytes at 21.158s (4 remain)
Timeout waiting for ACK of 0x40 at 21.361
Successfully sent message 0x40 with 5 bytes at 21.369s (3 remain)
Timeout waiting for ACK of 0x40 at 21.573
Successfully sent message 0x11 with 3 bytes at 21.579s (2 remain)
Timeout waiting for ACK of 0x11 at 21.783
Successfully sent message 0x10 with 2 bytes at 21.79s (1 remain)
Timeout waiting for ACK of 0x10 at 21.994
3999: Timeout 4000 waiting for data from 4294967294 to 4001
ERROR: Timeout waiting for new data. This is most likely due 
to a Bluetooth connection issue due to interference, 
a low battery, or being out of range. Check that the 
battery is charged, and possibly try moving closer to the 
computer.
4005: Sending stop scanning command
Successfully sent message 0x10 with 2 bytes at 22.597s (0 remain)
Sending command +++
Finished escape sequence. Now disconnecting hardware
Sending command ATH
Successfully disconnected from Bluetooth
4862: Deleting D600 Object
