Log file D:\Myeongjin\SensorTestProject\log\D600_000000004E17A090.log created on 2021-02-04 at 01:42:31 PM
System Logging Level = 2
2153122: RecordSize = 12 (2 I2C dev, 0 SPI dev)
2153183: Mapped RecordSize = 12
Trying to connect to Bluetooth Serial Device
Currently in state 1, so releasing existing hardware...done.
2154078: Searching 1 ports
Trying to open COM3 at 921600 baud
Sending command +++AT
Read "ERROR"  from port 3
Matched ERROR, Connected to COM3 at 921600 baud
2154498: Found port 921600 at baudrate 921600
2154543: Configuring: sending reset command
Sending command ATZ
Start configuring at 2154631
698: Parsing string OK in state Reset
743: Found "OK"
Baudrate is correct, entering bypass mode for DAQ
Sending command ATD00019525dfd8
855: Resetting setup timeout at 2155501 changing from Reset to Connect
54:  Done parsing command in Reset
90: Parsing string OK in state Connect
Didn't find CONNECT in OK
180:  Done parsing command in Connect
1172: Parsing string CONNECT 00019525DFD8 in state Connect
1225: Found "CONNECT"; trying to configure system
1261: Configuring system.
 Queuing message 0x63 ackSize 1
1313: Sending stop scanning command
 Queuing message 0x10 ackSize 2
 Queuing message 0x20 ackSize 7
1507: I2C scan list configured
1527: Configuring Scan Lists
 Queuing message 0x25 ackSize 3
1579: Scan length lists set
 Queuing message 0x33 ackSize 2
1632: Setting up all of the passthru commands
Device 0 (I2C Addr = 1): DacCurrent = 50, ScanCount = 20, AveLength = 3
Passing through cmd 8 to 0
 Queuing message 0x40 ackSize 5
Passing through cmd 5 to 0
 Queuing message 0x40 ackSize 6
Passing through cmd 6 to 0
 Queuing message 0x40 ackSize 6
Passing through cmd 7 to 0
 Queuing message 0x40 ackSize 6
Device 1 (I2C Addr = 2): DacCurrent = 50, ScanCount = 20, AveLength = 3
Passing through cmd 8 to 1
 Queuing message 0x40 ackSize 5
Passing through cmd 5 to 1
 Queuing message 0x40 ackSize 6
Passing through cmd 6 to 1
 Queuing message 0x40 ackSize 6
Passing through cmd 7 to 1
 Queuing message 0x40 ackSize 6
Passing through cmd 1 to 255
 Queuing message 0x40 ackSize 5
3762: Requested continuous frames
 Queuing message 0x11 ackSize 3
 Queuing message 0x10 ackSize 2
3852: Resetting setup timeout at 2159367 changing from Connect to DAQ
47:  Done parsing command in Connect
Successfully sent message 0x63 with 1 bytes at 2159.54s (16 remain)
Timeout waiting for ACK of 0x63 at 2159.79
Successfully sent message 0x10 with 2 bytes at 2159.91s (15 remain)
Timeout waiting for ACK of 0x10 at 2160.15
Successfully sent message 0x20 with 7 bytes at 2160.26s (14 remain)

 --Protocol Rev change was:0 now: 4--
 ACK Mismatch: Received 0x63 while waiting for 0x20
Timeout waiting for ACK of 0x20 at 2160.5
Successfully sent message 0x20 with 7 bytes at 2160.61s (13 remain)
 ACKing cmd 0x20; 13 remain
Successfully sent message 0x25 with 3 bytes at 2160.77s (13 remain)
 ACKing cmd 0x25; 12 remain
Successfully sent message 0x33 with 2 bytes at 2160.92s (12 remain)
 ACKing cmd 0x33; 11 remain
Successfully sent message 0x40 with 5 bytes at 2161.08s (11 remain)
 ACKing cmd 0x40; 10 remain
Successfully sent message 0x40 with 6 bytes at 2161.24s (10 remain)
 ACKing cmd 0x40; 9 remain
Successfully sent message 0x40 with 6 bytes at 2161.4s (9 remain)
 ACKing cmd 0x40; 8 remain
Successfully sent message 0x40 with 6 bytes at 2161.57s (8 remain)
 ACKing cmd 0x40; 7 remain
Successfully sent message 0x40 with 5 bytes at 2161.75s (7 remain)
 ACKing cmd 0x40; 6 remain
Successfully sent message 0x40 with 6 bytes at 2161.9s (6 remain)
 ACKing cmd 0x40; 5 remain
Successfully sent message 0x40 with 6 bytes at 2162.07s (5 remain)
 ACKing cmd 0x40; 4 remain
Successfully sent message 0x40 with 6 bytes at 2162.24s (4 remain)
 ACKing cmd 0x40; 3 remain
Successfully sent message 0x40 with 5 bytes at 2162.41s (3 remain)
 ACKing cmd 0x40; 2 remain
Successfully sent message 0x11 with 3 bytes at 2162.58s (2 remain)
 ACKing cmd 0x11; 1 remain
Successfully sent message 0x10 with 2 bytes at 2162.74s (1 remain)
 ACKing cmd 0x10; 0 remain
3442: 10 received, but 26 are needed for a full frame. Flushing.
32962: Sending stop scanning command
Successfully sent message 0x10 with 2 bytes at 2192.45s (0 remain)
Sending command +++
Finished escape sequence. Now disconnecting hardware
Sending command ATH
Successfully disconnected from Bluetooth
34197: Deleting D600 Object
