Log file D:\Myeongjin\projects\SensorTestProject\log\D600_00000000419B9DD0.log created on 2020-03-04 at 10:31:59 AM
System Logging Level = 2
16532: RecordSize = 12 (2 I2C dev, 0 SPI dev)
16549: Mapped RecordSize = 12
Trying to connect to Bluetooth Serial Device
Currently in state 1, so releasing existing hardware...done.
17190: Searching 1 ports
Trying to open COM7 at 921600 baud
Sending command +++AT
Read "ERROR"  from port 7
Matched ERROR, Connected to COM7 at 921600 baud
17328: Found port 921600 at baudrate 921600
17339: Configuring: sending reset command
Sending command ATZ
Start configuring at 17361
702: Parsing string OK in state Reset
714: Found "OK"
Baudrate is correct, entering bypass mode for DAQ
Sending command ATD00019525dfd8
741: Resetting setup timeout at 18105 changing from Reset to Connect
11:  Done parsing command in Reset
86: Parsing string OK in state Connect
Didn't find CONNECT in OK
105:  Done parsing command in Connect
876: Parsing string CONNECT 00019525DFD8 in state Connect
886: Found "CONNECT"; trying to configure system
894: Configuring system.
 Queuing message 0x63 ackSize 1
906: Sending stop scanning command
 Queuing message 0x10 ackSize 2
 Queuing message 0x20 ackSize 7
1032: I2C scan list configured
1037: Configuring Scan Lists
 Queuing message 0x25 ackSize 3
1053: Scan length lists set
 Queuing message 0x33 ackSize 2
1065: Setting up all of the passthru commands
Device 0 (I2C Addr = 1): DacCurrent = 50, ScanCount = 20, AveLength = 3
Passing through cmd 8 to 0
 Queuing message 0x40 ackSize 5
Passing through cmd 5 to 0
 Queuing message 0x40 ackSize 6
Passing through cmd 6 to 0
 Queuing message 0x40 ackSize 6
Passing through cmd 7 to 0
 Queuing message 0x40 ackSize 6
Device 1 (I2C Addr = 2): DacCurrent = 50, ScanCount = 20, AveLength = 3
Passing through cmd 8 to 1
 Queuing message 0x40 ackSize 5
Passing through cmd 5 to 1
 Queuing message 0x40 ackSize 6
Passing through cmd 6 to 1
 Queuing message 0x40 ackSize 6
Passing through cmd 7 to 1
 Queuing message 0x40 ackSize 6
Passing through cmd 1 to 255
 Queuing message 0x40 ackSize 5
2568: Requested continuous frames
 Queuing message 0x11 ackSize 3
 Queuing message 0x10 ackSize 2
2592: Resetting setup timeout at 20700 changing from Connect to DAQ
8:  Done parsing command in Connect
Successfully sent message 0x63 with 1 bytes at 20.737s (16 remain)
Timeout waiting for ACK of 0x63 at 20.947
Successfully sent message 0x10 with 2 bytes at 20.975s (15 remain)
Timeout waiting for ACK of 0x10 at 21.185
Successfully sent message 0x20 with 7 bytes at 21.212s (14 remain)

 --Protocol Rev change was:0 now: 4--
 ACK Mismatch: Received 0x63 while waiting for 0x20
Timeout waiting for ACK of 0x20 at 21.424
Successfully sent message 0x20 with 7 bytes at 21.452s (13 remain)
 ACKing cmd 0x20; 13 remain
Successfully sent message 0x25 with 3 bytes at 21.559s (13 remain)
 ACKing cmd 0x25; 12 remain
Successfully sent message 0x33 with 2 bytes at 21.643s (12 remain)
 ACKing cmd 0x33; 11 remain
Successfully sent message 0x40 with 5 bytes at 21.736s (11 remain)
 ACKing cmd 0x40; 10 remain
Successfully sent message 0x40 with 6 bytes at 21.83s (10 remain)
 ACKing cmd 0x40; 9 remain
Successfully sent message 0x40 with 6 bytes at 21.914s (9 remain)
 ACKing cmd 0x40; 8 remain
Successfully sent message 0x40 with 6 bytes at 22.011s (8 remain)
 ACKing cmd 0x40; 7 remain
Successfully sent message 0x40 with 5 bytes at 22.104s (7 remain)
 ACKing cmd 0x40; 6 remain
Successfully sent message 0x40 with 6 bytes at 22.199s (6 remain)
 ACKing cmd 0x40; 5 remain
Successfully sent message 0x40 with 6 bytes at 22.293s (5 remain)
 ACKing cmd 0x40; 4 remain
Successfully sent message 0x40 with 6 bytes at 22.377s (4 remain)
 ACKing cmd 0x40; 3 remain
Successfully sent message 0x40 with 5 bytes at 22.486s (3 remain)
 ACKing cmd 0x40; 2 remain
Successfully sent message 0x11 with 3 bytes at 22.582s (2 remain)
 ACKing cmd 0x11; 1 remain
Successfully sent message 0x10 with 2 bytes at 22.678s (1 remain)
 ACKing cmd 0x10; 0 remain
2053: 10 received, but 26 are needed for a full frame. Flushing.
24045: Sending stop scanning command
Successfully sent message 0x10 with 2 bytes at 44.773s (0 remain)
Sending command +++
Finished escape sequence. Now disconnecting hardware
Sending command ATH
Successfully disconnected from Bluetooth
24924: Deleting D600 Object
