Log file D:\Myeongjin\SensorTestProject\log\D600_000000004BF99F80.log created on 2020-05-27 at 12:41:47 PM
System Logging Level = 2
73233863: RecordSize = 12 (2 I2C dev, 0 SPI dev)
73233905: Mapped RecordSize = 12
Trying to connect to Bluetooth Serial Device
Currently in state 1, so releasing existing hardware...done.
73234608: Searching 1 ports
Trying to open COM3 at 921600 baud
Sending command +++AT
Read "ERROR"  from port 3
Matched ERROR, Connected to COM3 at 921600 baud
73234910: Found port 921600 at baudrate 921600
73234936: Configuring: sending reset command
Sending command ATZ
Start configuring at 73235001
697: Parsing string OK in state Reset
731: Found "OK"
Baudrate is correct, entering bypass mode for DAQ
Sending command ATD00019525dfd8
812: Resetting setup timeout at 73235822 changing from Reset to Connect
34:  Done parsing command in Reset
85: Parsing string OK in state Connect
Didn't find CONNECT in OK
142:  Done parsing command in Connect
1187: Parsing string CONNECT 00019525DFD8 in state Connect
1225: Found "CONNECT"; trying to configure system
1252: Configuring system.
 Queuing message 0x63 ackSize 1
1291: Sending stop scanning command
 Queuing message 0x10 ackSize 2
 Queuing message 0x20 ackSize 7
1488: I2C scan list configured
1514: Configuring Scan Lists
 Queuing message 0x25 ackSize 3
1569: Scan length lists set
 Queuing message 0x33 ackSize 2
1621: Setting up all of the passthru commands
Device 0 (I2C Addr = 1): DacCurrent = 50, ScanCount = 20, AveLength = 3
Passing through cmd 8 to 0
 Queuing message 0x40 ackSize 5
Passing through cmd 5 to 0
 Queuing message 0x40 ackSize 6
Passing through cmd 6 to 0
 Queuing message 0x40 ackSize 6
Passing through cmd 7 to 0
 Queuing message 0x40 ackSize 6
Device 1 (I2C Addr = 2): DacCurrent = 50, ScanCount = 20, AveLength = 3
Passing through cmd 8 to 1
 Queuing message 0x40 ackSize 5
Passing through cmd 5 to 1
 Queuing message 0x40 ackSize 6
Passing through cmd 6 to 1
 Queuing message 0x40 ackSize 6
Passing through cmd 7 to 1
 Queuing message 0x40 ackSize 6
Passing through cmd 1 to 255
 Queuing message 0x40 ackSize 5
3728: Requested continuous frames
 Queuing message 0x11 ackSize 3
 Queuing message 0x10 ackSize 2
3798: Resetting setup timeout at 73239631 changing from Connect to DAQ
39:  Done parsing command in Connect
Successfully sent message 0x63 with 1 bytes at 73239.8s (16 remain)
Timeout waiting for ACK of 0x63 at 73240
Successfully sent message 0x10 with 2 bytes at 73240.1s (15 remain)
Timeout waiting for ACK of 0x10 at 73240.3
Successfully sent message 0x20 with 7 bytes at 73240.4s (14 remain)

 --Protocol Rev change was:0 now: 4--
 ACK Mismatch: Received 0x63 while waiting for 0x20
Timeout waiting for ACK of 0x20 at 73240.6
Successfully sent message 0x20 with 7 bytes at 73240.7s (13 remain)
 ACKing cmd 0x20; 13 remain
Successfully sent message 0x25 with 3 bytes at 73240.9s (13 remain)
 ACKing cmd 0x25; 12 remain
Successfully sent message 0x33 with 2 bytes at 73241s (12 remain)
 ACKing cmd 0x33; 11 remain
Successfully sent message 0x40 with 5 bytes at 73241.1s (11 remain)
 ACKing cmd 0x40; 10 remain
Successfully sent message 0x40 with 6 bytes at 73241.3s (10 remain)
 ACKing cmd 0x40; 9 remain
Successfully sent message 0x40 with 6 bytes at 73241.4s (9 remain)
 ACKing cmd 0x40; 8 remain
Successfully sent message 0x40 with 6 bytes at 73241.5s (8 remain)
 ACKing cmd 0x40; 7 remain
Successfully sent message 0x40 with 5 bytes at 73241.7s (7 remain)
 ACKing cmd 0x40; 6 remain
Successfully sent message 0x40 with 6 bytes at 73241.8s (6 remain)
 ACKing cmd 0x40; 5 remain
Successfully sent message 0x40 with 6 bytes at 73242s (5 remain)
 ACKing cmd 0x40; 4 remain
Successfully sent message 0x40 with 6 bytes at 73242.1s (4 remain)
 ACKing cmd 0x40; 3 remain
Successfully sent message 0x40 with 5 bytes at 73242.3s (3 remain)
 ACKing cmd 0x40; 2 remain
Successfully sent message 0x11 with 3 bytes at 73242.4s (2 remain)
 ACKing cmd 0x11; 1 remain
Successfully sent message 0x10 with 2 bytes at 73242.6s (1 remain)
 ACKing cmd 0x10; 0 remain
3002: 10 received, but 26 are needed for a full frame. Flushing.
80724: Sending stop scanning command
Successfully sent message 0x10 with 2 bytes at 73320.5s (0 remain)
Sending command +++
Finished escape sequence. Now disconnecting hardware
Sending command ATH
Successfully disconnected from Bluetooth
81845: Deleting D600 Object
