Log file D:\Myeongjin\SensorTestProject\log\D600_0000000035FE9B30.log created on 2020-04-16 at 08:16:18 PM
System Logging Level = 2
40980987: RecordSize = 12 (2 I2C dev, 0 SPI dev)
40980991: Mapped RecordSize = 12
Trying to connect to Bluetooth Serial Device
Currently in state 1, so releasing existing hardware...done.
40981051: Searching 1 ports
Trying to open COM3 at 921600 baud
Sending command +++AT
Read "ERROR"  from port 3
Matched ERROR, Connected to COM3 at 921600 baud
40981165: Found port 921600 at baudrate 921600
40981167: Configuring: sending reset command
Sending command ATZ
Start configuring at 40981174
700: Parsing string OK in state Reset
705: Found "OK"
Baudrate is correct, entering bypass mode for DAQ
Sending command ATD00019525dfd8
716: Resetting setup timeout at 40981891 changing from Reset to Connect
3:  Done parsing command in Reset
96: Parsing string OK in state Connect
Didn't find CONNECT in OK
102:  Done parsing command in Connect
848: Parsing string CONNECT 00019525DFD8 in state Connect
852: Found "CONNECT"; trying to configure system
855: Configuring system.
 Queuing message 0x63 ackSize 1
858: Sending stop scanning command
 Queuing message 0x10 ackSize 2
 Queuing message 0x20 ackSize 7
967: I2C scan list configured
968: Configuring Scan Lists
 Queuing message 0x25 ackSize 3
972: Scan length lists set
 Queuing message 0x33 ackSize 2
976: Setting up all of the passthru commands
Device 0 (I2C Addr = 1): DacCurrent = 50, ScanCount = 20, AveLength = 3
Passing through cmd 8 to 0
 Queuing message 0x40 ackSize 5
Passing through cmd 5 to 0
 Queuing message 0x40 ackSize 6
Passing through cmd 6 to 0
 Queuing message 0x40 ackSize 6
Passing through cmd 7 to 0
 Queuing message 0x40 ackSize 6
Device 1 (I2C Addr = 2): DacCurrent = 50, ScanCount = 20, AveLength = 3
Passing through cmd 8 to 1
 Queuing message 0x40 ackSize 5
Passing through cmd 5 to 1
 Queuing message 0x40 ackSize 6
Passing through cmd 6 to 1
 Queuing message 0x40 ackSize 6
Passing through cmd 7 to 1
 Queuing message 0x40 ackSize 6
Passing through cmd 1 to 255
 Queuing message 0x40 ackSize 5
2341: Requested continuous frames
 Queuing message 0x11 ackSize 3
 Queuing message 0x10 ackSize 2
2347: Resetting setup timeout at 40984239 changing from Connect to DAQ
3:  Done parsing command in Connect
Successfully sent message 0x63 with 1 bytes at 40984.3s (16 remain)
Timeout waiting for ACK of 0x63 at 40984.5
Successfully sent message 0x10 with 2 bytes at 40984.5s (15 remain)
Timeout waiting for ACK of 0x10 at 40984.7
Successfully sent message 0x20 with 7 bytes at 40984.7s (14 remain)

 --Protocol Rev change was:0 now: 4--
 ACK Mismatch: Received 0x63 while waiting for 0x20
Timeout waiting for ACK of 0x20 at 40984.9
Successfully sent message 0x20 with 7 bytes at 40984.9s (13 remain)
 ACKing cmd 0x20; 13 remain
Successfully sent message 0x25 with 3 bytes at 40985s (13 remain)
 ACKing cmd 0x25; 12 remain
Successfully sent message 0x33 with 2 bytes at 40985.1s (12 remain)
 ACKing cmd 0x33; 11 remain
Successfully sent message 0x40 with 5 bytes at 40985.1s (11 remain)
 ACKing cmd 0x40; 10 remain
Successfully sent message 0x40 with 6 bytes at 40985.2s (10 remain)
 ACKing cmd 0x40; 9 remain
Successfully sent message 0x40 with 6 bytes at 40985.3s (9 remain)
 ACKing cmd 0x40; 8 remain
Successfully sent message 0x40 with 6 bytes at 40985.4s (8 remain)
 ACKing cmd 0x40; 7 remain
Successfully sent message 0x40 with 5 bytes at 40985.5s (7 remain)
 ACKing cmd 0x40; 6 remain
Successfully sent message 0x40 with 6 bytes at 40985.5s (6 remain)
 ACKing cmd 0x40; 5 remain
Successfully sent message 0x40 with 6 bytes at 40985.6s (5 remain)
 ACKing cmd 0x40; 4 remain
Successfully sent message 0x40 with 6 bytes at 40985.7s (4 remain)
 ACKing cmd 0x40; 3 remain
Successfully sent message 0x40 with 5 bytes at 40985.8s (3 remain)
 ACKing cmd 0x40; 2 remain
Successfully sent message 0x11 with 3 bytes at 40985.9s (2 remain)
 ACKing cmd 0x11; 1 remain
Successfully sent message 0x10 with 2 bytes at 40985.9s (1 remain)
 ACKing cmd 0x10; 0 remain
1770: 10 received, but 26 are needed for a full frame. Flushing.
270811: Sending stop scanning command
Successfully sent message 0x10 with 2 bytes at 41255.1s (0 remain)
Sending command +++
Finished escape sequence. Now disconnecting hardware
Sending command ATH
Successfully disconnected from Bluetooth
271659: Deleting D600 Object
