Log file D:\Myeongjin\SensorTestProject\log\D600_0000000000D9A090.log created on 2021-02-04 at 01:07:47 PM
System Logging Level = 2
69658: RecordSize = 12 (2 I2C dev, 0 SPI dev)
69691: Mapped RecordSize = 12
Trying to connect to Bluetooth Serial Device
Currently in state 1, so releasing existing hardware...done.
70198: Searching 1 ports
Trying to open COM3 at 921600 baud
Sending command +++AT
Read "ERROR"  from port 3
Matched ERROR, Connected to COM3 at 921600 baud
70478: Found port 921600 at baudrate 921600
70501: Configuring: sending reset command
Sending command ATZ
Start configuring at 70555
699: Parsing string OK in state Reset
727: Found "OK"
Baudrate is correct, entering bypass mode for DAQ
Sending command ATD00019525dfd8
796: Resetting setup timeout at 71358 changing from Reset to Connect
30:  Done parsing command in Reset
89: Parsing string OK in state Connect
Didn't find CONNECT in OK
139:  Done parsing command in Connect
1225: Parsing string CONNECT 00019525DFD8 in state Connect
1254: Found "CONNECT"; trying to configure system
1275: Configuring system.
 Queuing message 0x63 ackSize 1
1308: Sending stop scanning command
 Queuing message 0x10 ackSize 2
 Queuing message 0x20 ackSize 7
1466: I2C scan list configured
1479: Configuring Scan Lists
 Queuing message 0x25 ackSize 3
1513: Scan length lists set
 Queuing message 0x33 ackSize 2
1549: Setting up all of the passthru commands
Device 0 (I2C Addr = 1): DacCurrent = 50, ScanCount = 20, AveLength = 3
Passing through cmd 8 to 0
 Queuing message 0x40 ackSize 5
Passing through cmd 5 to 0
 Queuing message 0x40 ackSize 6
Passing through cmd 6 to 0
 Queuing message 0x40 ackSize 6
Passing through cmd 7 to 0
 Queuing message 0x40 ackSize 6
Device 1 (I2C Addr = 2): DacCurrent = 50, ScanCount = 20, AveLength = 3
Passing through cmd 8 to 1
 Queuing message 0x40 ackSize 5
Passing through cmd 5 to 1
 Queuing message 0x40 ackSize 6
Passing through cmd 6 to 1
 Queuing message 0x40 ackSize 6
Passing through cmd 7 to 1
 Queuing message 0x40 ackSize 6
Passing through cmd 1 to 255
 Queuing message 0x40 ackSize 5
3376: Requested continuous frames
 Queuing message 0x11 ackSize 3
 Queuing message 0x10 ackSize 2
3435: Resetting setup timeout at 74801 changing from Connect to DAQ
31:  Done parsing command in Connect
Successfully sent message 0x63 with 1 bytes at 74.907s (16 remain)
Timeout waiting for ACK of 0x63 at 75.137
Successfully sent message 0x10 with 2 bytes at 75.209s (15 remain)
Timeout waiting for ACK of 0x10 at 75.443
Successfully sent message 0x20 with 7 bytes at 75.51s (14 remain)
Timeout waiting for ACK of 0x20 at 75.737
Successfully sent message 0x25 with 3 bytes at 75.805s (13 remain)
Timeout waiting for ACK of 0x25 at 76.032
Successfully sent message 0x33 with 2 bytes at 76.127s (12 remain)
Timeout waiting for ACK of 0x33 at 76.355
Successfully sent message 0x40 with 5 bytes at 76.425s (11 remain)
Timeout waiting for ACK of 0x40 at 76.653
Successfully sent message 0x40 with 6 bytes at 76.72s (10 remain)
Timeout waiting for ACK of 0x40 at 76.953
Successfully sent message 0x40 with 6 bytes at 77.029s (9 remain)
Timeout waiting for ACK of 0x40 at 77.257
Successfully sent message 0x40 with 6 bytes at 77.326s (8 remain)
Timeout waiting for ACK of 0x40 at 77.554
Successfully sent message 0x40 with 5 bytes at 77.623s (7 remain)
Timeout waiting for ACK of 0x40 at 77.851
Successfully sent message 0x40 with 6 bytes at 77.924s (6 remain)
Timeout waiting for ACK of 0x40 at 78.152
Successfully sent message 0x40 with 6 bytes at 78.223s (5 remain)
Timeout waiting for ACK of 0x40 at 78.451
Successfully sent message 0x40 with 6 bytes at 78.519s (4 remain)
Timeout waiting for ACK of 0x40 at 78.747
Successfully sent message 0x40 with 5 bytes at 78.82s (3 remain)
4038: Timeout 4000 waiting for data from 4294967288 to 4060
ERROR: Timeout waiting for new data. This is most likely due 
to a Bluetooth connection issue due to interference, 
a low battery, or being out of range. Check that the 
battery is charged, and possibly try moving closer to the 
computer.
4097: Sending stop scanning command
Successfully sent message 0x10 with 2 bytes at 78.967s (2 remain)
Sending command +++
Finished escape sequence. Now disconnecting hardware
Sending command ATH
Successfully disconnected from Bluetooth
5229: Deleting D600 Object
