Log file D:\Myeongjin\SensorTestProject\log\D600_00000000524A9F40.log created on 2020-12-16 at 03:55:34 PM
System Logging Level = 2
669226: RecordSize = 12 (2 I2C dev, 0 SPI dev)
669227: Mapped RecordSize = 12
Trying to connect to Bluetooth Serial Device
Currently in state 1, so releasing existing hardware...done.
669270: Searching 1 ports
Trying to open COM3 at 921600 baud
Sending command +++AT
Read "ERROR"  from port 3
Matched ERROR, Connected to COM3 at 921600 baud
669360: Found port 921600 at baudrate 921600
669360: Configuring: sending reset command
Sending command ATZ
Start configuring at 669363
701: Parsing string OK in state Reset
702: Found "OK"
Baudrate is correct, entering bypass mode for DAQ
Sending command ATD00019525dfd8
705: Resetting setup timeout at 670068 changing from Reset to Connect
1:  Done parsing command in Reset
107: Parsing string OK in state Connect
Didn't find CONNECT in OK
108:  Done parsing command in Connect
1121: Parsing string CONNECT 00019525DFD8 in state Connect
1122: Found "CONNECT"; trying to configure system
1122: Configuring system.
 Queuing message 0x63 ackSize 1
1123: Sending stop scanning command
 Queuing message 0x10 ackSize 2
 Queuing message 0x20 ackSize 7
1225: I2C scan list configured
1226: Configuring Scan Lists
 Queuing message 0x25 ackSize 3
1227: Scan length lists set
 Queuing message 0x33 ackSize 2
1227: Setting up all of the passthru commands
Device 0 (I2C Addr = 1): DacCurrent = 50, ScanCount = 20, AveLength = 3
Passing through cmd 8 to 0
 Queuing message 0x40 ackSize 5
Passing through cmd 5 to 0
 Queuing message 0x40 ackSize 6
Passing through cmd 6 to 0
 Queuing message 0x40 ackSize 6
Passing through cmd 7 to 0
 Queuing message 0x40 ackSize 6
Device 1 (I2C Addr = 2): DacCurrent = 50, ScanCount = 20, AveLength = 3
Passing through cmd 8 to 1
 Queuing message 0x40 ackSize 5
Passing through cmd 5 to 1
 Queuing message 0x40 ackSize 6
Passing through cmd 6 to 1
 Queuing message 0x40 ackSize 6
Passing through cmd 7 to 1
 Queuing message 0x40 ackSize 6
Passing through cmd 1 to 255
 Queuing message 0x40 ackSize 5
2549: Requested continuous frames
 Queuing message 0x11 ackSize 3
 Queuing message 0x10 ackSize 2
2551: Resetting setup timeout at 672619 changing from Connect to DAQ
1:  Done parsing command in Connect
Successfully sent message 0x63 with 1 bytes at 672.622s (16 remain)
Timeout waiting for ACK of 0x63 at 672.824
Successfully sent message 0x10 with 2 bytes at 672.826s (15 remain)
Timeout waiting for ACK of 0x10 at 673.028
Successfully sent message 0x20 with 7 bytes at 673.031s (14 remain)
Timeout waiting for ACK of 0x20 at 673.232
Successfully sent message 0x25 with 3 bytes at 673.235s (13 remain)
Timeout waiting for ACK of 0x25 at 673.437
Successfully sent message 0x33 with 2 bytes at 673.441s (12 remain)
Timeout waiting for ACK of 0x33 at 673.642
Successfully sent message 0x40 with 5 bytes at 673.645s (11 remain)
Timeout waiting for ACK of 0x40 at 673.847
Successfully sent message 0x40 with 6 bytes at 673.85s (10 remain)
Timeout waiting for ACK of 0x40 at 674.052
Successfully sent message 0x40 with 6 bytes at 674.055s (9 remain)
Timeout waiting for ACK of 0x40 at 674.256
Successfully sent message 0x40 with 6 bytes at 674.259s (8 remain)
Timeout waiting for ACK of 0x40 at 674.461
Successfully sent message 0x40 with 5 bytes at 674.464s (7 remain)
Timeout waiting for ACK of 0x40 at 674.665
Successfully sent message 0x40 with 6 bytes at 674.668s (6 remain)
Timeout waiting for ACK of 0x40 at 674.869
Successfully sent message 0x40 with 6 bytes at 674.872s (5 remain)
Timeout waiting for ACK of 0x40 at 675.074
Successfully sent message 0x40 with 6 bytes at 675.077s (4 remain)
Timeout waiting for ACK of 0x40 at 675.278
Successfully sent message 0x40 with 5 bytes at 675.281s (3 remain)
Timeout waiting for ACK of 0x40 at 675.483
Successfully sent message 0x11 with 3 bytes at 675.485s (2 remain)
Timeout waiting for ACK of 0x11 at 675.687
Successfully sent message 0x10 with 2 bytes at 675.69s (1 remain)
Timeout waiting for ACK of 0x10 at 675.892
4001: Timeout 4000 waiting for data from 0 to 4001
ERROR: Timeout waiting for new data. This is most likely due 
to a Bluetooth connection issue due to interference, 
a low battery, or being out of range. Check that the 
battery is charged, and possibly try moving closer to the 
computer.
4002: Sending stop scanning command
Successfully sent message 0x10 with 2 bytes at 676.624s (0 remain)
Sending command +++
Finished escape sequence. Now disconnecting hardware
Sending command ATH
Successfully disconnected from Bluetooth
4806: Deleting D600 Object
