Log file D:\Myeongjin\SensorTestProject\log\D600_000001EC07B8A0D0.log created on 2021-03-22 at 02:44:31 PM
System Logging Level = 2
662885: RecordSize = 12 (2 I2C dev, 0 SPI dev)
662923: Mapped RecordSize = 12
Trying to connect to Bluetooth Serial Device
Currently in state 1, so releasing existing hardware...done.
663459: Searching 1 ports
Trying to open COM3 at 921600 baud
Sending command +++AT
Read "ERROR"  from port 3
Matched ERROR, Connected to COM3 at 921600 baud
663753: Found port 921600 at baudrate 921600
663778: Configuring: sending reset command
Sending command ATZ
Start configuring at 663839
699: Parsing string OK in state Reset
731: Found "OK"
Baudrate is correct, entering bypass mode for DAQ
Sending command ATD00019525dfd8
807: Resetting setup timeout at 664655 changing from Reset to Connect
32:  Done parsing command in Reset
75: Parsing string OK in state Connect
Didn't find CONNECT in OK
130:  Done parsing command in Connect
910: Parsing string CONNECT 00019525DFD8 in state Connect
943: Found "CONNECT"; trying to configure system
967: Configuring system.
 Queuing message 0x63 ackSize 1
998: Sending stop scanning command
 Queuing message 0x10 ackSize 2
 Queuing message 0x20 ackSize 7
1160: I2C scan list configured
1175: Configuring Scan Lists
 Queuing message 0x25 ackSize 3
1212: Scan length lists set
 Queuing message 0x33 ackSize 2
1250: Setting up all of the passthru commands
Device 0 (I2C Addr = 1): DacCurrent = 50, ScanCount = 20, AveLength = 3
Passing through cmd 8 to 0
 Queuing message 0x40 ackSize 5
Passing through cmd 5 to 0
 Queuing message 0x40 ackSize 6
Passing through cmd 6 to 0
 Queuing message 0x40 ackSize 6
Passing through cmd 7 to 0
 Queuing message 0x40 ackSize 6
Device 1 (I2C Addr = 2): DacCurrent = 50, ScanCount = 20, AveLength = 3
Passing through cmd 8 to 1
 Queuing message 0x40 ackSize 5
Passing through cmd 5 to 1
 Queuing message 0x40 ackSize 6
Passing through cmd 6 to 1
 Queuing message 0x40 ackSize 6
Passing through cmd 7 to 1
 Queuing message 0x40 ackSize 6
Passing through cmd 1 to 255
 Queuing message 0x40 ackSize 5
3129: Requested continuous frames
 Queuing message 0x11 ackSize 3
 Queuing message 0x10 ackSize 2
3193: Resetting setup timeout at 667858 changing from Connect to DAQ
35:  Done parsing command in Connect
Successfully sent message 0x63 with 1 bytes at 667.976s (16 remain)
Timeout waiting for ACK of 0x63 at 668.207
Successfully sent message 0x10 with 2 bytes at 668.28s (15 remain)
Timeout waiting for ACK of 0x10 at 668.51
Successfully sent message 0x20 with 7 bytes at 668.586s (14 remain)

 --Protocol Rev change was:0 now: 4--
 ACK Mismatch: Received 0x63 while waiting for 0x20
Timeout waiting for ACK of 0x20 at 668.817
Successfully sent message 0x20 with 7 bytes at 668.892s (13 remain)
 ACKing cmd 0x20; 13 remain
Successfully sent message 0x25 with 3 bytes at 669.011s (13 remain)
 ACKing cmd 0x25; 12 remain
Successfully sent message 0x33 with 2 bytes at 669.137s (12 remain)
 ACKing cmd 0x33; 11 remain
Successfully sent message 0x40 with 5 bytes at 669.294s (11 remain)
 ACKing cmd 0x40; 10 remain
Successfully sent message 0x40 with 6 bytes at 669.425s (10 remain)
 ACKing cmd 0x40; 9 remain
Successfully sent message 0x40 with 6 bytes at 669.552s (9 remain)
 ACKing cmd 0x40; 8 remain
Successfully sent message 0x40 with 6 bytes at 669.7s (8 remain)
 ACKing cmd 0x40; 7 remain
Successfully sent message 0x40 with 5 bytes at 669.825s (7 remain)
 ACKing cmd 0x40; 6 remain
Successfully sent message 0x40 with 6 bytes at 669.956s (6 remain)
 ACKing cmd 0x40; 5 remain
Successfully sent message 0x40 with 6 bytes at 670.097s (5 remain)
 ACKing cmd 0x40; 4 remain
Successfully sent message 0x40 with 6 bytes at 670.24s (4 remain)
 ACKing cmd 0x40; 3 remain
Successfully sent message 0x40 with 5 bytes at 670.369s (3 remain)
 ACKing cmd 0x40; 2 remain
Successfully sent message 0x11 with 3 bytes at 670.514s (2 remain)
 ACKing cmd 0x11; 1 remain
Successfully sent message 0x10 with 2 bytes at 670.643s (1 remain)
 ACKing cmd 0x10; 0 remain
2850: 10 received, but 26 are needed for a full frame. Flushing.
215433: Sending stop scanning command
Successfully sent message 0x10 with 2 bytes at 883.37s (0 remain)
Sending command +++
Finished escape sequence. Now disconnecting hardware
Sending command ATH
Successfully disconnected from Bluetooth
216534: Deleting D600 Object
