Log file D:\Myeongjin\SensorTestProject\log\D600_000000004456A0A0.log created on 2021-01-27 at 11:20:35 AM
System Logging Level = 2
2444383: RecordSize = 12 (2 I2C dev, 0 SPI dev)
2444440: Mapped RecordSize = 12
Trying to connect to Bluetooth Serial Device
Currently in state 1, so releasing existing hardware...done.
2445246: Searching 1 ports
Trying to open COM3 at 921600 baud
Sending command +++AT
Read "ERROR"  from port 3
Matched ERROR, Connected to COM3 at 921600 baud
2445623: Found port 921600 at baudrate 921600
2445661: Configuring: sending reset command
Sending command ATZ
Start configuring at 2445751
695: Parsing string OK in state Reset
737: Found "OK"
Baudrate is correct, entering bypass mode for DAQ
Sending command ATD00019525dfd8
850: Resetting setup timeout at 2446614 changing from Reset to Connect
45:  Done parsing command in Reset
78: Parsing string OK in state Connect
Didn't find CONNECT in OK
156:  Done parsing command in Connect
892: Parsing string CONNECT 00019525DFD8 in state Connect
936: Found "CONNECT"; trying to configure system
969: Configuring system.
 Queuing message 0x63 ackSize 1
1015: Sending stop scanning command
 Queuing message 0x10 ackSize 2
 Queuing message 0x20 ackSize 7
1203: I2C scan list configured
1224: Configuring Scan Lists
 Queuing message 0x25 ackSize 3
1281: Scan length lists set
 Queuing message 0x33 ackSize 2
1335: Setting up all of the passthru commands
Device 0 (I2C Addr = 1): DacCurrent = 50, ScanCount = 20, AveLength = 3
Passing through cmd 8 to 0
 Queuing message 0x40 ackSize 5
Passing through cmd 5 to 0
 Queuing message 0x40 ackSize 6
Passing through cmd 6 to 0
 Queuing message 0x40 ackSize 6
Passing through cmd 7 to 0
 Queuing message 0x40 ackSize 6
Device 1 (I2C Addr = 2): DacCurrent = 50, ScanCount = 20, AveLength = 3
Passing through cmd 8 to 1
 Queuing message 0x40 ackSize 5
Passing through cmd 5 to 1
 Queuing message 0x40 ackSize 6
Passing through cmd 6 to 1
 Queuing message 0x40 ackSize 6
Passing through cmd 7 to 1
 Queuing message 0x40 ackSize 6
Passing through cmd 1 to 255
 Queuing message 0x40 ackSize 5
3479: Requested continuous frames
 Queuing message 0x11 ackSize 3
 Queuing message 0x10 ackSize 2
3569: Resetting setup timeout at 2450197 changing from Connect to DAQ
48:  Done parsing command in Connect
Successfully sent message 0x63 with 1 bytes at 2450.36s (16 remain)
Timeout waiting for ACK of 0x63 at 2450.61
Successfully sent message 0x10 with 2 bytes at 2450.71s (15 remain)
Timeout waiting for ACK of 0x10 at 2450.96
Successfully sent message 0x20 with 7 bytes at 2451.06s (14 remain)

 --Protocol Rev change was:0 now: 4--
 ACK Mismatch: Received 0x63 while waiting for 0x20
Timeout waiting for ACK of 0x20 at 2451.3
Successfully sent message 0x20 with 7 bytes at 2451.41s (13 remain)
 ACKing cmd 0x20; 13 remain
Successfully sent message 0x25 with 3 bytes at 2451.56s (13 remain)
 ACKing cmd 0x25; 12 remain
Successfully sent message 0x33 with 2 bytes at 2451.72s (12 remain)
 ACKing cmd 0x33; 11 remain
Successfully sent message 0x40 with 5 bytes at 2451.87s (11 remain)
 ACKing cmd 0x40; 10 remain
Successfully sent message 0x40 with 6 bytes at 2452.02s (10 remain)
 ACKing cmd 0x40; 9 remain
Successfully sent message 0x40 with 6 bytes at 2452.19s (9 remain)
 ACKing cmd 0x40; 8 remain
Successfully sent message 0x40 with 6 bytes at 2452.34s (8 remain)
 ACKing cmd 0x40; 7 remain
Successfully sent message 0x40 with 5 bytes at 2452.5s (7 remain)
 ACKing cmd 0x40; 6 remain
Successfully sent message 0x40 with 6 bytes at 2452.65s (6 remain)
 ACKing cmd 0x40; 5 remain
Successfully sent message 0x40 with 6 bytes at 2452.83s (5 remain)
 ACKing cmd 0x40; 4 remain
Successfully sent message 0x40 with 6 bytes at 2452.98s (4 remain)
 ACKing cmd 0x40; 3 remain
Successfully sent message 0x40 with 5 bytes at 2453.15s (3 remain)
 ACKing cmd 0x40; 2 remain
Successfully sent message 0x11 with 3 bytes at 2453.31s (2 remain)
 ACKing cmd 0x11; 1 remain
Successfully sent message 0x10 with 2 bytes at 2453.47s (1 remain)
 ACKing cmd 0x10; 0 remain
3336: 10 received, but 26 are needed for a full frame. Flushing.
233420: Sending stop scanning command
Successfully sent message 0x10 with 2 bytes at 2683.75s (0 remain)
Sending command +++
Finished escape sequence. Now disconnecting hardware
Sending command ATH
Successfully disconnected from Bluetooth
234714: Deleting D600 Object
