Log file D:\Myeongjin\SensorTestProject\log\D600_0000000034959F40.log created on 2020-12-16 at 03:46:05 PM
System Logging Level = 2
100223: RecordSize = 12 (2 I2C dev, 0 SPI dev)
100224: Mapped RecordSize = 12
Trying to connect to Bluetooth Serial Device
Currently in state 1, so releasing existing hardware...done.
100248: Searching 1 ports
Trying to open COM3 at 921600 baud
Sending command +++AT
Read "ERROR"  from port 3
Matched ERROR, Connected to COM3 at 921600 baud
100346: Found port 921600 at baudrate 921600
100347: Configuring: sending reset command
Sending command ATZ
Start configuring at 100349
703: Parsing string OK in state Reset
704: Found "OK"
Baudrate is correct, entering bypass mode for DAQ
Sending command ATD00019525dfd8
707: Resetting setup timeout at 101056 changing from Reset to Connect
1:  Done parsing command in Reset
108: Parsing string OK in state Connect
Didn't find CONNECT in OK
109:  Done parsing command in Connect
894: Parsing string CONNECT 00019525DFD8 in state Connect
895: Found "CONNECT"; trying to configure system
895: Configuring system.
 Queuing message 0x63 ackSize 1
896: Sending stop scanning command
 Queuing message 0x10 ackSize 2
 Queuing message 0x20 ackSize 7
999: I2C scan list configured
999: Configuring Scan Lists
 Queuing message 0x25 ackSize 3
1001: Scan length lists set
 Queuing message 0x33 ackSize 2
1002: Setting up all of the passthru commands
Device 0 (I2C Addr = 1): DacCurrent = 50, ScanCount = 20, AveLength = 3
Passing through cmd 8 to 0
 Queuing message 0x40 ackSize 5
Passing through cmd 5 to 0
 Queuing message 0x40 ackSize 6
Passing through cmd 6 to 0
 Queuing message 0x40 ackSize 6
Passing through cmd 7 to 0
 Queuing message 0x40 ackSize 6
Device 1 (I2C Addr = 2): DacCurrent = 50, ScanCount = 20, AveLength = 3
Passing through cmd 8 to 1
 Queuing message 0x40 ackSize 5
Passing through cmd 5 to 1
 Queuing message 0x40 ackSize 6
Passing through cmd 6 to 1
 Queuing message 0x40 ackSize 6
Passing through cmd 7 to 1
 Queuing message 0x40 ackSize 6
Passing through cmd 1 to 255
 Queuing message 0x40 ackSize 5
2328: Requested continuous frames
 Queuing message 0x11 ackSize 3
 Queuing message 0x10 ackSize 2
2330: Resetting setup timeout at 103387 changing from Connect to DAQ
1:  Done parsing command in Connect
Successfully sent message 0x63 with 1 bytes at 103.391s (16 remain)
Timeout waiting for ACK of 0x63 at 103.592
Successfully sent message 0x10 with 2 bytes at 103.594s (15 remain)
Timeout waiting for ACK of 0x10 at 103.796
Successfully sent message 0x20 with 7 bytes at 103.798s (14 remain)
Timeout waiting for ACK of 0x20 at 104
Successfully sent message 0x25 with 3 bytes at 104.003s (13 remain)
Timeout waiting for ACK of 0x25 at 104.205
Successfully sent message 0x33 with 2 bytes at 104.207s (12 remain)
Timeout waiting for ACK of 0x33 at 104.409
Successfully sent message 0x40 with 5 bytes at 104.412s (11 remain)
Timeout waiting for ACK of 0x40 at 104.614
Successfully sent message 0x40 with 6 bytes at 104.617s (10 remain)
Timeout waiting for ACK of 0x40 at 104.819
Successfully sent message 0x40 with 6 bytes at 104.822s (9 remain)
Timeout waiting for ACK of 0x40 at 105.023
Successfully sent message 0x40 with 6 bytes at 105.026s (8 remain)
Timeout waiting for ACK of 0x40 at 105.227
Successfully sent message 0x40 with 5 bytes at 105.23s (7 remain)
Timeout waiting for ACK of 0x40 at 105.431
Successfully sent message 0x40 with 6 bytes at 105.434s (6 remain)
Timeout waiting for ACK of 0x40 at 105.636
Successfully sent message 0x40 with 6 bytes at 105.638s (5 remain)
Timeout waiting for ACK of 0x40 at 105.84
Successfully sent message 0x40 with 6 bytes at 105.843s (4 remain)
Timeout waiting for ACK of 0x40 at 106.044
Successfully sent message 0x40 with 5 bytes at 106.046s (3 remain)
Timeout waiting for ACK of 0x40 at 106.248
Successfully sent message 0x11 with 3 bytes at 106.251s (2 remain)
Timeout waiting for ACK of 0x11 at 106.452
Successfully sent message 0x10 with 2 bytes at 106.455s (1 remain)
Timeout waiting for ACK of 0x10 at 106.657
4000: Timeout 4000 waiting for data from 4294967295 to 4000
ERROR: Timeout waiting for new data. This is most likely due 
to a Bluetooth connection issue due to interference, 
a low battery, or being out of range. Check that the 
battery is charged, and possibly try moving closer to the 
computer.
4002: Sending stop scanning command
Successfully sent message 0x10 with 2 bytes at 107.391s (0 remain)
Sending command +++
Finished escape sequence. Now disconnecting hardware
Sending command ATH
Successfully disconnected from Bluetooth
4811: Deleting D600 Object
