Log file D:\Myeongjin\SensorTestProject\log\D600_00000000479CA0A0.log created on 2021-01-27 at 11:04:42 AM
System Logging Level = 2
1491145: RecordSize = 12 (2 I2C dev, 0 SPI dev)
1491187: Mapped RecordSize = 12
Trying to connect to Bluetooth Serial Device
Currently in state 1, so releasing existing hardware...done.
1491817: Searching 1 ports
Trying to open COM3 at 921600 baud
Sending command +++AT
Read "ERROR"  from port 3
Matched ERROR, Connected to COM3 at 921600 baud
1492139: Found port 921600 at baudrate 921600
1492169: Configuring: sending reset command
Sending command ATZ
Start configuring at 1492236
699: Parsing string OK in state Reset
738: Found "OK"
Baudrate is correct, entering bypass mode for DAQ
Sending command ATD00019525dfd8
826: Resetting setup timeout at 1493073 changing from Reset to Connect
35:  Done parsing command in Reset
85: Parsing string OK in state Connect
Didn't find CONNECT in OK
145:  Done parsing command in Connect
1445: Parsing string CONNECT 00019525DFD8 in state Connect
1482: Found "CONNECT"; trying to configure system
1508: Configuring system.
 Queuing message 0x63 ackSize 1
1547: Sending stop scanning command
 Queuing message 0x10 ackSize 2
 Queuing message 0x20 ackSize 7
1719: I2C scan list configured
1734: Configuring Scan Lists
 Queuing message 0x25 ackSize 3
1776: Scan length lists set
 Queuing message 0x33 ackSize 2
1818: Setting up all of the passthru commands
Device 0 (I2C Addr = 1): DacCurrent = 50, ScanCount = 20, AveLength = 3
Passing through cmd 8 to 0
 Queuing message 0x40 ackSize 5
Passing through cmd 5 to 0
 Queuing message 0x40 ackSize 6
Passing through cmd 6 to 0
 Queuing message 0x40 ackSize 6
Passing through cmd 7 to 0
 Queuing message 0x40 ackSize 6
Device 1 (I2C Addr = 2): DacCurrent = 50, ScanCount = 20, AveLength = 3
Passing through cmd 8 to 1
 Queuing message 0x40 ackSize 5
Passing through cmd 5 to 1
 Queuing message 0x40 ackSize 6
Passing through cmd 6 to 1
 Queuing message 0x40 ackSize 6
Passing through cmd 7 to 1
 Queuing message 0x40 ackSize 6
Passing through cmd 1 to 255
 Queuing message 0x40 ackSize 5
3758: Requested continuous frames
 Queuing message 0x11 ackSize 3
 Queuing message 0x10 ackSize 2
3827: Resetting setup timeout at 1496911 changing from Connect to DAQ
37:  Done parsing command in Connect
Successfully sent message 0x63 with 1 bytes at 1497.05s (16 remain)
Timeout waiting for ACK of 0x63 at 1497.28
Successfully sent message 0x10 with 2 bytes at 1497.37s (15 remain)
Timeout waiting for ACK of 0x10 at 1497.6
Successfully sent message 0x20 with 7 bytes at 1497.68s (14 remain)
Timeout waiting for ACK of 0x20 at 1497.92
Successfully sent message 0x25 with 3 bytes at 1498.01s (13 remain)
Timeout waiting for ACK of 0x25 at 1498.24
Successfully sent message 0x33 with 2 bytes at 1498.33s (12 remain)
Timeout waiting for ACK of 0x33 at 1498.56
Successfully sent message 0x40 with 5 bytes at 1498.65s (11 remain)
Timeout waiting for ACK of 0x40 at 1498.88
Successfully sent message 0x40 with 6 bytes at 1498.97s (10 remain)
Timeout waiting for ACK of 0x40 at 1499.2
Successfully sent message 0x40 with 6 bytes at 1499.29s (9 remain)
Timeout waiting for ACK of 0x40 at 1499.52
Successfully sent message 0x40 with 6 bytes at 1499.61s (8 remain)
Timeout waiting for ACK of 0x40 at 1499.85
Successfully sent message 0x40 with 5 bytes at 1499.93s (7 remain)
Timeout waiting for ACK of 0x40 at 1500.17
Successfully sent message 0x40 with 6 bytes at 1500.26s (6 remain)
Timeout waiting for ACK of 0x40 at 1500.5
Successfully sent message 0x40 with 6 bytes at 1500.6s (5 remain)
Timeout waiting for ACK of 0x40 at 1500.83
Successfully sent message 0x40 with 6 bytes at 1500.92s (4 remain)
4030: Timeout 4000 waiting for data from 4294967285 to 4058
ERROR: Timeout waiting for new data. This is most likely due 
to a Bluetooth connection issue due to interference, 
a low battery, or being out of range. Check that the 
battery is charged, and possibly try moving closer to the 
computer.
4102: Sending stop scanning command
Successfully sent message 0x10 with 2 bytes at 1501.1s (3 remain)
Sending command +++
Finished escape sequence. Now disconnecting hardware
Sending command ATH
Successfully disconnected from Bluetooth
5320: Deleting D600 Object
