Log file D:\Myeongjin\SensorTestProject\log\D600_0000000044979F40.log created on 2020-12-16 at 03:53:19 PM
System Logging Level = 2
534217: RecordSize = 12 (2 I2C dev, 0 SPI dev)
534219: Mapped RecordSize = 12
Trying to connect to Bluetooth Serial Device
Currently in state 1, so releasing existing hardware...done.
534241: Searching 1 ports
Trying to open COM3 at 921600 baud
Sending command +++AT
Read "ERROR"  from port 3
Matched ERROR, Connected to COM3 at 921600 baud
534328: Found port 921600 at baudrate 921600
534329: Configuring: sending reset command
Sending command ATZ
Start configuring at 534331
703: Parsing string OK in state Reset
703: Found "OK"
Baudrate is correct, entering bypass mode for DAQ
Sending command ATD00019525dfd8
706: Resetting setup timeout at 535037 changing from Reset to Connect
1:  Done parsing command in Reset
108: Parsing string OK in state Connect
Didn't find CONNECT in OK
110:  Done parsing command in Connect
894: Parsing string CONNECT 00019525DFD8 in state Connect
895: Found "CONNECT"; trying to configure system
896: Configuring system.
 Queuing message 0x63 ackSize 1
896: Sending stop scanning command
 Queuing message 0x10 ackSize 2
 Queuing message 0x20 ackSize 7
999: I2C scan list configured
999: Configuring Scan Lists
 Queuing message 0x25 ackSize 3
1000: Scan length lists set
 Queuing message 0x33 ackSize 2
1001: Setting up all of the passthru commands
Device 0 (I2C Addr = 1): DacCurrent = 50, ScanCount = 20, AveLength = 3
Passing through cmd 8 to 0
 Queuing message 0x40 ackSize 5
Passing through cmd 5 to 0
 Queuing message 0x40 ackSize 6
Passing through cmd 6 to 0
 Queuing message 0x40 ackSize 6
Passing through cmd 7 to 0
 Queuing message 0x40 ackSize 6
Device 1 (I2C Addr = 2): DacCurrent = 50, ScanCount = 20, AveLength = 3
Passing through cmd 8 to 1
 Queuing message 0x40 ackSize 5
Passing through cmd 5 to 1
 Queuing message 0x40 ackSize 6
Passing through cmd 6 to 1
 Queuing message 0x40 ackSize 6
Passing through cmd 7 to 1
 Queuing message 0x40 ackSize 6
Passing through cmd 1 to 255
 Queuing message 0x40 ackSize 5
2323: Requested continuous frames
 Queuing message 0x11 ackSize 3
 Queuing message 0x10 ackSize 2
2325: Resetting setup timeout at 537362 changing from Connect to DAQ
1:  Done parsing command in Connect
Successfully sent message 0x63 with 1 bytes at 537.365s (16 remain)
Timeout waiting for ACK of 0x63 at 537.567
Successfully sent message 0x10 with 2 bytes at 537.569s (15 remain)
Timeout waiting for ACK of 0x10 at 537.771
Successfully sent message 0x20 with 7 bytes at 537.774s (14 remain)
Timeout waiting for ACK of 0x20 at 537.976
Successfully sent message 0x25 with 3 bytes at 537.978s (13 remain)
Timeout waiting for ACK of 0x25 at 538.179
Successfully sent message 0x33 with 2 bytes at 538.182s (12 remain)
Timeout waiting for ACK of 0x33 at 538.383
Successfully sent message 0x40 with 5 bytes at 538.386s (11 remain)
Timeout waiting for ACK of 0x40 at 538.588
Successfully sent message 0x40 with 6 bytes at 538.591s (10 remain)
Timeout waiting for ACK of 0x40 at 538.792
Successfully sent message 0x40 with 6 bytes at 538.795s (9 remain)
Timeout waiting for ACK of 0x40 at 538.996
Successfully sent message 0x40 with 6 bytes at 538.999s (8 remain)
Timeout waiting for ACK of 0x40 at 539.2
Successfully sent message 0x40 with 5 bytes at 539.203s (7 remain)
Timeout waiting for ACK of 0x40 at 539.405
Successfully sent message 0x40 with 6 bytes at 539.408s (6 remain)
Timeout waiting for ACK of 0x40 at 539.61
Successfully sent message 0x40 with 6 bytes at 539.612s (5 remain)
Timeout waiting for ACK of 0x40 at 539.814
Successfully sent message 0x40 with 6 bytes at 539.817s (4 remain)
Timeout waiting for ACK of 0x40 at 540.018
Successfully sent message 0x40 with 5 bytes at 540.02s (3 remain)
Timeout waiting for ACK of 0x40 at 540.222
Successfully sent message 0x11 with 3 bytes at 540.224s (2 remain)
Timeout waiting for ACK of 0x11 at 540.426
Successfully sent message 0x10 with 2 bytes at 540.429s (1 remain)
Timeout waiting for ACK of 0x10 at 540.631
4001: Timeout 4000 waiting for data from 0 to 4002
ERROR: Timeout waiting for new data. This is most likely due 
to a Bluetooth connection issue due to interference, 
a low battery, or being out of range. Check that the 
battery is charged, and possibly try moving closer to the 
computer.
4003: Sending stop scanning command
Successfully sent message 0x10 with 2 bytes at 541.367s (0 remain)
Sending command +++
Finished escape sequence. Now disconnecting hardware
Sending command ATH
Successfully disconnected from Bluetooth
4803: Deleting D600 Object
