Log file D:\Myeongjin\SensorTestProject\log\D600_0000000034A4A0A0.log created on 2021-01-27 at 11:01:00 AM
System Logging Level = 2
1269106: RecordSize = 12 (2 I2C dev, 0 SPI dev)
1269146: Mapped RecordSize = 12
Trying to connect to Bluetooth Serial Device
Currently in state 1, so releasing existing hardware...done.
1269746: Searching 1 ports
Trying to open COM3 at 921600 baud
Sending command +++AT
Read "ERROR"  from port 3
Matched ERROR, Connected to COM3 at 921600 baud
1270090: Found port 921600 at baudrate 921600
1270118: Configuring: sending reset command
Sending command ATZ
Start configuring at 1270185
696: Parsing string OK in state Reset
729: Found "OK"
Baudrate is correct, entering bypass mode for DAQ
Sending command ATD00019525dfd8
813: Resetting setup timeout at 1271007 changing from Reset to Connect
34:  Done parsing command in Reset
82: Parsing string OK in state Connect
Didn't find CONNECT in OK
139:  Done parsing command in Connect
1283: Parsing string CONNECT 00019525DFD8 in state Connect
1318: Found "CONNECT"; trying to configure system
1343: Configuring system.
 Queuing message 0x63 ackSize 1
1378: Sending stop scanning command
 Queuing message 0x10 ackSize 2
 Queuing message 0x20 ackSize 7
1546: I2C scan list configured
1561: Configuring Scan Lists
 Queuing message 0x25 ackSize 3
1603: Scan length lists set
 Queuing message 0x33 ackSize 2
1642: Setting up all of the passthru commands
Device 0 (I2C Addr = 1): DacCurrent = 50, ScanCount = 20, AveLength = 3
Passing through cmd 8 to 0
 Queuing message 0x40 ackSize 5
Passing through cmd 5 to 0
 Queuing message 0x40 ackSize 6
Passing through cmd 6 to 0
 Queuing message 0x40 ackSize 6
Passing through cmd 7 to 0
 Queuing message 0x40 ackSize 6
Device 1 (I2C Addr = 2): DacCurrent = 50, ScanCount = 20, AveLength = 3
Passing through cmd 8 to 1
 Queuing message 0x40 ackSize 5
Passing through cmd 5 to 1
 Queuing message 0x40 ackSize 6
Passing through cmd 6 to 1
 Queuing message 0x40 ackSize 6
Passing through cmd 7 to 1
 Queuing message 0x40 ackSize 6
Passing through cmd 1 to 255
 Queuing message 0x40 ackSize 5
3554: Requested continuous frames
 Queuing message 0x11 ackSize 3
 Queuing message 0x10 ackSize 2
3626: Resetting setup timeout at 1274642 changing from Connect to DAQ
36:  Done parsing command in Connect
Successfully sent message 0x63 with 1 bytes at 1274.77s (16 remain)
Timeout waiting for ACK of 0x63 at 1275
Successfully sent message 0x10 with 2 bytes at 1275.08s (15 remain)
Timeout waiting for ACK of 0x10 at 1275.31
Successfully sent message 0x20 with 7 bytes at 1275.39s (14 remain)
Timeout waiting for ACK of 0x20 at 1275.63
Successfully sent message 0x25 with 3 bytes at 1275.75s (13 remain)
Timeout waiting for ACK of 0x25 at 1275.98
Successfully sent message 0x33 with 2 bytes at 1276.06s (12 remain)
Timeout waiting for ACK of 0x33 at 1276.29
Successfully sent message 0x40 with 5 bytes at 1276.37s (11 remain)
Timeout waiting for ACK of 0x40 at 1276.6
Successfully sent message 0x40 with 6 bytes at 1276.69s (10 remain)
Timeout waiting for ACK of 0x40 at 1276.92
Successfully sent message 0x40 with 6 bytes at 1277s (9 remain)
Timeout waiting for ACK of 0x40 at 1277.23
Successfully sent message 0x40 with 6 bytes at 1277.31s (8 remain)
Timeout waiting for ACK of 0x40 at 1277.55
Successfully sent message 0x40 with 5 bytes at 1277.63s (7 remain)
Timeout waiting for ACK of 0x40 at 1277.86
Successfully sent message 0x40 with 6 bytes at 1277.94s (6 remain)
Timeout waiting for ACK of 0x40 at 1278.17
Successfully sent message 0x40 with 6 bytes at 1278.25s (5 remain)
Timeout waiting for ACK of 0x40 at 1278.49
Successfully sent message 0x40 with 6 bytes at 1278.57s (4 remain)
3992: Timeout 4000 waiting for data from 4294967287 to 4018
ERROR: Timeout waiting for new data. This is most likely due 
to a Bluetooth connection issue due to interference, 
a low battery, or being out of range. Check that the 
battery is charged, and possibly try moving closer to the 
computer.
4062: Sending stop scanning command
Successfully sent message 0x10 with 2 bytes at 1278.79s (3 remain)
Sending command +++
Sending command +++
Failed reading a string from COM port after 21 tries. FIFO size = 0
Sending command +++
Failed reading a string from COM port after 21 tries. FIFO size = 0
Sending command +++
Failed reading a string from COM port after 21 tries. FIFO size = 0
Sending command +++
Failed reading a string from COM port after 21 tries. FIFO size = 0
Error receiving escape sequence confirmation!
7368: Deleting D600 Object
