Log file D:\Myeongjin\projects\SensorTestProject\log\D600_000000003EC19DD0.log created on 2020-02-27 at 11:20:47 AM
System Logging Level = 2
233419: RecordSize = 12 (2 I2C dev, 0 SPI dev)
233433: Mapped RecordSize = 12
Trying to connect to Bluetooth Serial Device
Currently in state 1, so releasing existing hardware...done.
233611: Searching 1 ports
Trying to open COM7 at 921600 baud
Sending command +++AT
Read "ERROR"  from port 7
Matched ERROR, Connected to COM7 at 921600 baud
233760: Found port 921600 at baudrate 921600
233769: Configuring: sending reset command
Sending command ATZ
Start configuring at 233791
4: Parsing string ERROR in state Reset
Didn't find Reset success message OK in ERROR
24:  Done parsing command in Reset
701: Parsing string OK in state Reset
712: Found "OK"
Baudrate is correct, entering bypass mode for DAQ
Sending command ATD00019525dffe
737: Resetting setup timeout at 234530 changing from Reset to Connect
11:  Done parsing command in Reset
89: Parsing string OK in state Connect
Didn't find CONNECT in OK
107:  Done parsing command in Connect
6001: Timeout waiting to change state: 0 bytes in FIFO. ()
ERROR: Timeout connecting to the PPS electronics module over Bluetooth.
Check that the module is powered on, in range, that the battery is charged,
and that the Bluetooth address is 00019525dffe
(The Bluetooth address is printed on the back of the electronics.)
Sending command +++
Failed reading a string from COM port after 21 tries. FIFO size = 0
Sending command +++
Failed reading a string from COM port after 21 tries. FIFO size = 0
Sending command +++
Failed reading a string from COM port after 21 tries. FIFO size = 0
Sending command +++
Failed reading a string from COM port after 21 tries. FIFO size = 0
Sending command +++
Failed reading a string from COM port after 21 tries. FIFO size = 0
Error receiving escape sequence confirmation!
9246: Deleting D600 Object
