Log file D:\Myeongjin\SensorTestProject\log\D600_00000000431BA090.log created on 2021-02-04 at 01:20:27 PM
System Logging Level = 2
828819: RecordSize = 12 (2 I2C dev, 0 SPI dev)
828859: Mapped RecordSize = 12
Trying to connect to Bluetooth Serial Device
Currently in state 1, so releasing existing hardware...done.
829454: Searching 1 ports
Trying to open COM3 at 921600 baud
Sending command +++AT
Read "ERROR"  from port 3
Matched ERROR, Connected to COM3 at 921600 baud
829781: Found port 921600 at baudrate 921600
829812: Configuring: sending reset command
Sending command ATZ
Start configuring at 829880
698: Parsing string OK in state Reset
731: Found "OK"
Baudrate is correct, entering bypass mode for DAQ
Sending command ATD00019525dfd8
811: Resetting setup timeout at 830700 changing from Reset to Connect
38:  Done parsing command in Reset
86: Parsing string OK in state Connect
Didn't find CONNECT in OK
142:  Done parsing command in Connect
1300: Parsing string CONNECT 00019525DFD8 in state Connect
1334: Found "CONNECT"; trying to configure system
1359: Configuring system.
 Queuing message 0x63 ackSize 1
1394: Sending stop scanning command
 Queuing message 0x10 ackSize 2
 Queuing message 0x20 ackSize 7
1563: I2C scan list configured
1582: Configuring Scan Lists
 Queuing message 0x25 ackSize 3
1623: Scan length lists set
 Queuing message 0x33 ackSize 2
1662: Setting up all of the passthru commands
Device 0 (I2C Addr = 1): DacCurrent = 50, ScanCount = 20, AveLength = 3
Passing through cmd 8 to 0
 Queuing message 0x40 ackSize 5
Passing through cmd 5 to 0
 Queuing message 0x40 ackSize 6
Passing through cmd 6 to 0
 Queuing message 0x40 ackSize 6
Passing through cmd 7 to 0
 Queuing message 0x40 ackSize 6
Device 1 (I2C Addr = 2): DacCurrent = 50, ScanCount = 20, AveLength = 3
Passing through cmd 8 to 1
 Queuing message 0x40 ackSize 5
Passing through cmd 5 to 1
 Queuing message 0x40 ackSize 6
Passing through cmd 6 to 1
 Queuing message 0x40 ackSize 6
Passing through cmd 7 to 1
 Queuing message 0x40 ackSize 6
Passing through cmd 1 to 255
 Queuing message 0x40 ackSize 5
3568: Requested continuous frames
 Queuing message 0x11 ackSize 3
 Queuing message 0x10 ackSize 2
3637: Resetting setup timeout at 834347 changing from Connect to DAQ
35:  Done parsing command in Connect
Successfully sent message 0x63 with 1 bytes at 834.471s (16 remain)
Timeout waiting for ACK of 0x63 at 834.702
Successfully sent message 0x10 with 2 bytes at 834.784s (15 remain)
Timeout waiting for ACK of 0x10 at 835.017
Successfully sent message 0x20 with 7 bytes at 835.101s (14 remain)
Timeout waiting for ACK of 0x20 at 835.337
Successfully sent message 0x25 with 3 bytes at 835.416s (13 remain)
Timeout waiting for ACK of 0x25 at 835.648
Successfully sent message 0x33 with 2 bytes at 835.726s (12 remain)
Timeout waiting for ACK of 0x33 at 835.959
Successfully sent message 0x40 with 5 bytes at 836.054s (11 remain)
Timeout waiting for ACK of 0x40 at 836.289
Successfully sent message 0x40 with 6 bytes at 836.366s (10 remain)
Timeout waiting for ACK of 0x40 at 836.599
Successfully sent message 0x40 with 6 bytes at 836.678s (9 remain)
Timeout waiting for ACK of 0x40 at 836.91
Successfully sent message 0x40 with 6 bytes at 836.99s (8 remain)
Timeout waiting for ACK of 0x40 at 837.224
Successfully sent message 0x40 with 5 bytes at 837.306s (7 remain)
Timeout waiting for ACK of 0x40 at 837.538
Successfully sent message 0x40 with 6 bytes at 837.618s (6 remain)
Timeout waiting for ACK of 0x40 at 837.854
Successfully sent message 0x40 with 6 bytes at 837.934s (5 remain)
Timeout waiting for ACK of 0x40 at 838.166
Successfully sent message 0x40 with 6 bytes at 838.254s (4 remain)
3991: Timeout 4000 waiting for data from 4294967286 to 4017
ERROR: Timeout waiting for new data. This is most likely due 
to a Bluetooth connection issue due to interference, 
a low battery, or being out of range. Check that the 
battery is charged, and possibly try moving closer to the 
computer.
4059: Sending stop scanning command
Successfully sent message 0x10 with 2 bytes at 838.487s (3 remain)
Sending command +++
Finished escape sequence. Now disconnecting hardware
Sending command ATH
Successfully disconnected from Bluetooth
5218: Deleting D600 Object
