Log file D:\Myeongjin\SensorTestProject\log\D600_000000003ABB9F80.log created on 2020-06-03 at 02:39:57 PM
System Logging Level = 2
1859731: RecordSize = 12 (2 I2C dev, 0 SPI dev)
1859771: Mapped RecordSize = 12
Trying to connect to Bluetooth Serial Device
Currently in state 1, so releasing existing hardware...done.
1860365: Searching 1 ports
Trying to open COM3 at 921600 baud
Sending command +++AT
Read "ERROR"  from port 3
Matched ERROR, Connected to COM3 at 921600 baud
1860666: Found port 921600 at baudrate 921600
1860695: Configuring: sending reset command
Sending command ATZ
Start configuring at 1860757
698: Parsing string OK in state Reset
731: Found "OK"
Baudrate is correct, entering bypass mode for DAQ
Sending command ATD00019525dfd8
818: Resetting setup timeout at 1861584 changing from Reset to Connect
38:  Done parsing command in Reset
79: Parsing string OK in state Connect
Didn't find CONNECT in OK
138:  Done parsing command in Connect
1021: Parsing string CONNECT 00019525DFD8 in state Connect
1058: Found "CONNECT"; trying to configure system
1083: Configuring system.
 Queuing message 0x63 ackSize 1
1117: Sending stop scanning command
 Queuing message 0x10 ackSize 2
 Queuing message 0x20 ackSize 7
1282: I2C scan list configured
1298: Configuring Scan Lists
 Queuing message 0x25 ackSize 3
1337: Scan length lists set
 Queuing message 0x33 ackSize 2
1380: Setting up all of the passthru commands
Device 0 (I2C Addr = 1): DacCurrent = 50, ScanCount = 20, AveLength = 3
Passing through cmd 8 to 0
 Queuing message 0x40 ackSize 5
Passing through cmd 5 to 0
 Queuing message 0x40 ackSize 6
Passing through cmd 6 to 0
 Queuing message 0x40 ackSize 6
Passing through cmd 7 to 0
 Queuing message 0x40 ackSize 6
Device 1 (I2C Addr = 2): DacCurrent = 50, ScanCount = 20, AveLength = 3
Passing through cmd 8 to 1
 Queuing message 0x40 ackSize 5
Passing through cmd 5 to 1
 Queuing message 0x40 ackSize 6
Passing through cmd 6 to 1
 Queuing message 0x40 ackSize 6
Passing through cmd 7 to 1
 Queuing message 0x40 ackSize 6
Passing through cmd 1 to 255
 Queuing message 0x40 ackSize 5
3281: Requested continuous frames
 Queuing message 0x11 ackSize 3
 Queuing message 0x10 ackSize 2
3350: Resetting setup timeout at 1864944 changing from Connect to DAQ
36:  Done parsing command in Connect
Successfully sent message 0x63 with 1 bytes at 1865.07s (16 remain)
Timeout waiting for ACK of 0x63 at 1865.3
Successfully sent message 0x10 with 2 bytes at 1865.38s (15 remain)
Timeout waiting for ACK of 0x10 at 1865.61
Successfully sent message 0x20 with 7 bytes at 1865.69s (14 remain)

 --Protocol Rev change was:0 now: 4--
 ACK Mismatch: Received 0x63 while waiting for 0x20
Timeout waiting for ACK of 0x20 at 1865.92
Successfully sent message 0x20 with 7 bytes at 1866.02s (13 remain)
 ACKing cmd 0x20; 13 remain
Successfully sent message 0x25 with 3 bytes at 1866.15s (13 remain)
 ACKing cmd 0x25; 12 remain
Successfully sent message 0x33 with 2 bytes at 1866.28s (12 remain)
 ACKing cmd 0x33; 11 remain
Successfully sent message 0x40 with 5 bytes at 1866.41s (11 remain)
 ACKing cmd 0x40; 10 remain
Successfully sent message 0x40 with 6 bytes at 1866.55s (10 remain)
 ACKing cmd 0x40; 9 remain
Successfully sent message 0x40 with 6 bytes at 1866.68s (9 remain)
 ACKing cmd 0x40; 8 remain
Successfully sent message 0x40 with 6 bytes at 1866.82s (8 remain)
 ACKing cmd 0x40; 7 remain
Successfully sent message 0x40 with 5 bytes at 1866.95s (7 remain)
 ACKing cmd 0x40; 6 remain
Successfully sent message 0x40 with 6 bytes at 1867.08s (6 remain)
 ACKing cmd 0x40; 5 remain
Successfully sent message 0x40 with 6 bytes at 1867.23s (5 remain)
 ACKing cmd 0x40; 4 remain
Successfully sent message 0x40 with 6 bytes at 1867.4s (4 remain)
 ACKing cmd 0x40; 3 remain
Successfully sent message 0x40 with 5 bytes at 1867.54s (3 remain)
 ACKing cmd 0x40; 2 remain
Successfully sent message 0x11 with 3 bytes at 1867.67s (2 remain)
 ACKing cmd 0x11; 1 remain
Successfully sent message 0x10 with 2 bytes at 1867.8s (1 remain)
 ACKing cmd 0x10; 0 remain
2917: 10 received, but 26 are needed for a full frame. Flushing.
265436: Sending stop scanning command
Successfully sent message 0x10 with 2 bytes at 2130.48s (0 remain)
Sending command +++
Finished escape sequence. Now disconnecting hardware
Sending command ATH
Successfully disconnected from Bluetooth
266550: Deleting D600 Object
