Log file D:\Myeongjin\projects\SensorTestProject\log\D600_0000000037569DD0.log created on 2020-03-04 at 12:36:17 PM
System Logging Level = 2
7475223: RecordSize = 12 (2 I2C dev, 0 SPI dev)
7475238: Mapped RecordSize = 12
Trying to connect to Bluetooth Serial Device
Currently in state 1, so releasing existing hardware...done.
7475427: Searching 1 ports
Trying to open COM7 at 921600 baud
Sending command +++AT
Read "ERROR"  from port 7
Matched ERROR, Connected to COM7 at 921600 baud
7475571: Found port 921600 at baudrate 921600
7475580: Configuring: sending reset command
Sending command ATZ
Start configuring at 7475601
702: Parsing string OK in state Reset
713: Found "OK"
Baudrate is correct, entering bypass mode for DAQ
Sending command ATD00019525dfd8
741: Resetting setup timeout at 7476345 changing from Reset to Connect
11:  Done parsing command in Reset
87: Parsing string OK in state Connect
Didn't find CONNECT in OK
106:  Done parsing command in Connect
991: Parsing string CONNECT 00019525DFD8 in state Connect
1002: Found "CONNECT"; trying to configure system
1012: Configuring system.
 Queuing message 0x63 ackSize 1
1025: Sending stop scanning command
 Queuing message 0x10 ackSize 2
 Queuing message 0x20 ackSize 7
1154: I2C scan list configured
1158: Configuring Scan Lists
 Queuing message 0x25 ackSize 3
1174: Scan length lists set
 Queuing message 0x33 ackSize 2
1189: Setting up all of the passthru commands
Device 0 (I2C Addr = 1): DacCurrent = 50, ScanCount = 20, AveLength = 3
Passing through cmd 8 to 0
 Queuing message 0x40 ackSize 5
Passing through cmd 5 to 0
 Queuing message 0x40 ackSize 6
Passing through cmd 6 to 0
 Queuing message 0x40 ackSize 6
Passing through cmd 7 to 0
 Queuing message 0x40 ackSize 6
Device 1 (I2C Addr = 2): DacCurrent = 50, ScanCount = 20, AveLength = 3
Passing through cmd 8 to 1
 Queuing message 0x40 ackSize 5
Passing through cmd 5 to 1
 Queuing message 0x40 ackSize 6
Passing through cmd 6 to 1
 Queuing message 0x40 ackSize 6
Passing through cmd 7 to 1
 Queuing message 0x40 ackSize 6
Passing through cmd 1 to 255
 Queuing message 0x40 ackSize 5
2704: Requested continuous frames
 Queuing message 0x11 ackSize 3
 Queuing message 0x10 ackSize 2
2732: Resetting setup timeout at 7479080 changing from Connect to DAQ
13:  Done parsing command in Connect
Successfully sent message 0x63 with 1 bytes at 7479.13s (16 remain)
Timeout waiting for ACK of 0x63 at 7479.34
Successfully sent message 0x10 with 2 bytes at 7479.37s (15 remain)
Timeout waiting for ACK of 0x10 at 7479.58
Successfully sent message 0x20 with 7 bytes at 7479.61s (14 remain)

 --Protocol Rev change was:0 now: 4--
 ACK Mismatch: Received 0x63 while waiting for 0x20
Timeout waiting for ACK of 0x20 at 7479.82
Successfully sent message 0x20 with 7 bytes at 7479.85s (13 remain)
 ACKing cmd 0x20; 13 remain
Successfully sent message 0x25 with 3 bytes at 7479.95s (13 remain)
 ACKing cmd 0x25; 12 remain
Successfully sent message 0x33 with 2 bytes at 7480.04s (12 remain)
 ACKing cmd 0x33; 11 remain
Successfully sent message 0x40 with 5 bytes at 7480.14s (11 remain)
 ACKing cmd 0x40; 10 remain
Successfully sent message 0x40 with 6 bytes at 7480.24s (10 remain)
 ACKing cmd 0x40; 9 remain
Successfully sent message 0x40 with 6 bytes at 7480.33s (9 remain)
 ACKing cmd 0x40; 8 remain
Successfully sent message 0x40 with 6 bytes at 7480.44s (8 remain)
 ACKing cmd 0x40; 7 remain
Successfully sent message 0x40 with 5 bytes at 7480.54s (7 remain)
 ACKing cmd 0x40; 6 remain
Successfully sent message 0x40 with 6 bytes at 7480.63s (6 remain)
 ACKing cmd 0x40; 5 remain
Successfully sent message 0x40 with 6 bytes at 7480.73s (5 remain)
 ACKing cmd 0x40; 4 remain
Successfully sent message 0x40 with 6 bytes at 7480.82s (4 remain)
 ACKing cmd 0x40; 3 remain
Successfully sent message 0x40 with 5 bytes at 7480.92s (3 remain)
 ACKing cmd 0x40; 2 remain
Successfully sent message 0x11 with 3 bytes at 7481.02s (2 remain)
 ACKing cmd 0x11; 1 remain
Successfully sent message 0x10 with 2 bytes at 7481.11s (1 remain)
 ACKing cmd 0x10; 0 remain
2107: 10 received, but 26 are needed for a full frame. Flushing.
29034: Sending stop scanning command
Successfully sent message 0x10 with 2 bytes at 7508.14s (0 remain)
Sending command +++
Finished escape sequence. Now disconnecting hardware
Sending command ATH
Successfully disconnected from Bluetooth
29910: Deleting D600 Object
