Log file D:\Myeongjin\SensorTestProject\log\D600_0000000033B59F80.log created on 2020-05-27 at 12:21:47 PM
System Logging Level = 2
72033726: RecordSize = 12 (2 I2C dev, 0 SPI dev)
72033767: Mapped RecordSize = 12
Trying to connect to Bluetooth Serial Device
Currently in state 1, so releasing existing hardware...done.
72034403: Searching 1 ports
Trying to open COM3 at 921600 baud
Sending command +++AT
Read "ERROR"  from port 3
Matched ERROR, Connected to COM3 at 921600 baud
72034685: Found port 921600 at baudrate 921600
72034710: Configuring: sending reset command
Sending command ATZ
Start configuring at 72034775
699: Parsing string OK in state Reset
730: Found "OK"
Baudrate is correct, entering bypass mode for DAQ
Sending command ATD00019525dfd8
810: Resetting setup timeout at 72035594 changing from Reset to Connect
34:  Done parsing command in Reset
87: Parsing string OK in state Connect
Didn't find CONNECT in OK
182:  Done parsing command in Connect
1203: Parsing string CONNECT 00019525DFD8 in state Connect
1237: Found "CONNECT"; trying to configure system
1262: Configuring system.
 Queuing message 0x63 ackSize 1
1296: Sending stop scanning command
 Queuing message 0x10 ackSize 2
 Queuing message 0x20 ackSize 7
1461: I2C scan list configured
1476: Configuring Scan Lists
 Queuing message 0x25 ackSize 3
1516: Scan length lists set
 Queuing message 0x33 ackSize 2
1555: Setting up all of the passthru commands
Device 0 (I2C Addr = 1): DacCurrent = 50, ScanCount = 20, AveLength = 3
Passing through cmd 8 to 0
 Queuing message 0x40 ackSize 5
Passing through cmd 5 to 0
 Queuing message 0x40 ackSize 6
Passing through cmd 6 to 0
 Queuing message 0x40 ackSize 6
Passing through cmd 7 to 0
 Queuing message 0x40 ackSize 6
Device 1 (I2C Addr = 2): DacCurrent = 50, ScanCount = 20, AveLength = 3
Passing through cmd 8 to 1
 Queuing message 0x40 ackSize 5
Passing through cmd 5 to 1
 Queuing message 0x40 ackSize 6
Passing through cmd 6 to 1
 Queuing message 0x40 ackSize 6
Passing through cmd 7 to 1
 Queuing message 0x40 ackSize 6
Passing through cmd 1 to 255
 Queuing message 0x40 ackSize 5
3482: Requested continuous frames
 Queuing message 0x11 ackSize 3
 Queuing message 0x10 ackSize 2
3549: Resetting setup timeout at 72039154 changing from Connect to DAQ
38:  Done parsing command in Connect
Successfully sent message 0x63 with 1 bytes at 72039.3s (16 remain)
Timeout waiting for ACK of 0x63 at 72039.5
Successfully sent message 0x10 with 2 bytes at 72039.6s (15 remain)
Timeout waiting for ACK of 0x10 at 72039.8
Successfully sent message 0x20 with 7 bytes at 72039.9s (14 remain)

 --Protocol Rev change was:0 now: 4--
 ACK Mismatch: Received 0x63 while waiting for 0x20
Timeout waiting for ACK of 0x20 at 72040.1
Successfully sent message 0x20 with 7 bytes at 72040.2s (13 remain)
 ACKing cmd 0x20; 13 remain
Successfully sent message 0x25 with 3 bytes at 72040.4s (13 remain)
 ACKing cmd 0x25; 12 remain
Successfully sent message 0x33 with 2 bytes at 72040.5s (12 remain)
 ACKing cmd 0x33; 11 remain
Successfully sent message 0x40 with 5 bytes at 72040.6s (11 remain)
 ACKing cmd 0x40; 10 remain
Successfully sent message 0x40 with 6 bytes at 72040.8s (10 remain)
 ACKing cmd 0x40; 9 remain
Successfully sent message 0x40 with 6 bytes at 72040.9s (9 remain)
 ACKing cmd 0x40; 8 remain
Successfully sent message 0x40 with 6 bytes at 72041.1s (8 remain)
 ACKing cmd 0x40; 7 remain
Successfully sent message 0x40 with 5 bytes at 72041.2s (7 remain)
 ACKing cmd 0x40; 6 remain
Successfully sent message 0x40 with 6 bytes at 72041.3s (6 remain)
 ACKing cmd 0x40; 5 remain
Successfully sent message 0x40 with 6 bytes at 72041.5s (5 remain)
 ACKing cmd 0x40; 4 remain
Successfully sent message 0x40 with 6 bytes at 72041.6s (4 remain)
 ACKing cmd 0x40; 3 remain
Successfully sent message 0x40 with 5 bytes at 72041.8s (3 remain)
 ACKing cmd 0x40; 2 remain
Successfully sent message 0x11 with 3 bytes at 72041.9s (2 remain)
 ACKing cmd 0x11; 1 remain
Successfully sent message 0x10 with 2 bytes at 72042s (1 remain)
 ACKing cmd 0x10; 0 remain
2942: 10 received, but 26 are needed for a full frame. Flushing.
17933: Sending stop scanning command
Successfully sent message 0x10 with 2 bytes at 72057.2s (0 remain)
Sending command +++
Finished escape sequence. Now disconnecting hardware
Sending command ATH
Successfully disconnected from Bluetooth
19088: Deleting D600 Object
