Log file D:\Myeongjin\SensorTestProject\log\D600_00000297C28FA030.log created on 2021-03-11 at 12:59:29 PM
System Logging Level = 2
1215349: RecordSize = 12 (2 I2C dev, 0 SPI dev)
1215388: Mapped RecordSize = 12
Trying to connect to Bluetooth Serial Device
Currently in state 1, so releasing existing hardware...done.
1216028: Searching 1 ports
Trying to open COM3 at 921600 baud
Sending command +++AT
Read "ERROR"  from port 3
Matched ERROR, Connected to COM3 at 921600 baud
1216335: Found port 921600 at baudrate 921600
1216363: Configuring: sending reset command
Sending command ATZ
Start configuring at 1216434
697: Parsing string OK in state Reset
731: Found "OK"
Baudrate is correct, entering bypass mode for DAQ
Sending command ATD00019525dfd8
817: Resetting setup timeout at 1217261 changing from Reset to Connect
37:  Done parsing command in Reset
78: Parsing string OK in state Connect
Didn't find CONNECT in OK
138:  Done parsing command in Connect
1236: Parsing string CONNECT 00019525DFD8 in state Connect
1271: Found "CONNECT"; trying to configure system
1297: Configuring system.
 Queuing message 0x63 ackSize 1
1333: Sending stop scanning command
 Queuing message 0x10 ackSize 2
 Queuing message 0x20 ackSize 7
1500: I2C scan list configured
1516: Configuring Scan Lists
 Queuing message 0x25 ackSize 3
1557: Scan length lists set
 Queuing message 0x33 ackSize 2
1600: Setting up all of the passthru commands
Device 0 (I2C Addr = 1): DacCurrent = 50, ScanCount = 20, AveLength = 3
Passing through cmd 8 to 0
 Queuing message 0x40 ackSize 5
Passing through cmd 5 to 0
 Queuing message 0x40 ackSize 6
Passing through cmd 6 to 0
 Queuing message 0x40 ackSize 6
Passing through cmd 7 to 0
 Queuing message 0x40 ackSize 6
Device 1 (I2C Addr = 2): DacCurrent = 50, ScanCount = 20, AveLength = 3
Passing through cmd 8 to 1
 Queuing message 0x40 ackSize 5
Passing through cmd 5 to 1
 Queuing message 0x40 ackSize 6
Passing through cmd 6 to 1
 Queuing message 0x40 ackSize 6
Passing through cmd 7 to 1
 Queuing message 0x40 ackSize 6
Passing through cmd 1 to 255
 Queuing message 0x40 ackSize 5
3510: Requested continuous frames
 Queuing message 0x11 ackSize 3
 Queuing message 0x10 ackSize 2
3578: Resetting setup timeout at 1220849 changing from Connect to DAQ
38:  Done parsing command in Connect
Successfully sent message 0x63 with 1 bytes at 1220.98s (16 remain)
Timeout waiting for ACK of 0x63 at 1221.21
Successfully sent message 0x10 with 2 bytes at 1221.29s (15 remain)
Timeout waiting for ACK of 0x10 at 1221.52
Successfully sent message 0x20 with 7 bytes at 1221.62s (14 remain)

 --Protocol Rev change was:0 now: 4--
 ACK Mismatch: Received 0x63 while waiting for 0x20
Timeout waiting for ACK of 0x20 at 1221.85
Successfully sent message 0x20 with 7 bytes at 1221.93s (13 remain)
 ACKing cmd 0x20; 13 remain
Successfully sent message 0x25 with 3 bytes at 1222.07s (13 remain)
 ACKing cmd 0x25; 12 remain
Successfully sent message 0x33 with 2 bytes at 1222.2s (12 remain)
 ACKing cmd 0x33; 11 remain
Successfully sent message 0x40 with 5 bytes at 1222.33s (11 remain)
 ACKing cmd 0x40; 10 remain
Successfully sent message 0x40 with 6 bytes at 1222.46s (10 remain)
 ACKing cmd 0x40; 9 remain
Successfully sent message 0x40 with 6 bytes at 1222.6s (9 remain)
 ACKing cmd 0x40; 8 remain
Successfully sent message 0x40 with 6 bytes at 1222.75s (8 remain)
 ACKing cmd 0x40; 7 remain
Successfully sent message 0x40 with 5 bytes at 1222.88s (7 remain)
 ACKing cmd 0x40; 6 remain
Successfully sent message 0x40 with 6 bytes at 1223.01s (6 remain)
 ACKing cmd 0x40; 5 remain
Successfully sent message 0x40 with 6 bytes at 1223.16s (5 remain)
 ACKing cmd 0x40; 4 remain
Successfully sent message 0x40 with 6 bytes at 1223.3s (4 remain)
 ACKing cmd 0x40; 3 remain
Successfully sent message 0x40 with 5 bytes at 1223.45s (3 remain)
 ACKing cmd 0x40; 2 remain
Successfully sent message 0x11 with 3 bytes at 1223.59s (2 remain)
 ACKing cmd 0x11; 1 remain
Successfully sent message 0x10 with 2 bytes at 1223.72s (1 remain)
 ACKing cmd 0x10; 0 remain
2930: 10 received, but 26 are needed for a full frame. Flushing.
429079: Sending stop scanning command
Successfully sent message 0x10 with 2 bytes at 1650.03s (0 remain)
Sending command +++
Finished escape sequence. Now disconnecting hardware
Sending command ATH
Successfully disconnected from Bluetooth
430365: Deleting D600 Object
