Log file D:\Myeongjin\SensorTestProject\log\D600_00000000516F9B30.log created on 2020-04-17 at 11:11:16 AM
System Logging Level = 2
628580: RecordSize = 12 (2 I2C dev, 0 SPI dev)
628583: Mapped RecordSize = 12
Trying to connect to Bluetooth Serial Device
Currently in state 1, so releasing existing hardware...done.
628629: Searching 1 ports
Trying to open COM3 at 921600 baud
Sending command +++AT
Read "ERROR"  from port 3
Matched ERROR, Connected to COM3 at 921600 baud
628716: Found port 921600 at baudrate 921600
628720: Configuring: sending reset command
Sending command ATZ
Start configuring at 628728
702: Parsing string OK in state Reset
704: Found "OK"
Baudrate is correct, entering bypass mode for DAQ
Sending command ATD00019525dfd8
712: Resetting setup timeout at 629440 changing from Reset to Connect
3:  Done parsing command in Reset
102: Parsing string OK in state Connect
Didn't find CONNECT in OK
106:  Done parsing command in Connect
1138: Parsing string CONNECT 00019525DFD8 in state Connect
1141: Found "CONNECT"; trying to configure system
1143: Configuring system.
 Queuing message 0x63 ackSize 1
1147: Sending stop scanning command
 Queuing message 0x10 ackSize 2
 Queuing message 0x20 ackSize 7
1254: I2C scan list configured
1255: Configuring Scan Lists
 Queuing message 0x25 ackSize 3
1260: Scan length lists set
 Queuing message 0x33 ackSize 2
1264: Setting up all of the passthru commands
Device 0 (I2C Addr = 1): DacCurrent = 50, ScanCount = 20, AveLength = 3
Passing through cmd 8 to 0
 Queuing message 0x40 ackSize 5
Passing through cmd 5 to 0
 Queuing message 0x40 ackSize 6
Passing through cmd 6 to 0
 Queuing message 0x40 ackSize 6
Passing through cmd 7 to 0
 Queuing message 0x40 ackSize 6
Device 1 (I2C Addr = 2): DacCurrent = 50, ScanCount = 20, AveLength = 3
Passing through cmd 8 to 1
 Queuing message 0x40 ackSize 5
Passing through cmd 5 to 1
 Queuing message 0x40 ackSize 6
Passing through cmd 6 to 1
 Queuing message 0x40 ackSize 6
Passing through cmd 7 to 1
 Queuing message 0x40 ackSize 6
Passing through cmd 1 to 255
 Queuing message 0x40 ackSize 5
2629: Requested continuous frames
 Queuing message 0x11 ackSize 3
 Queuing message 0x10 ackSize 2
2636: Resetting setup timeout at 632077 changing from Connect to DAQ
3:  Done parsing command in Connect
Successfully sent message 0x63 with 1 bytes at 632.09s (16 remain)
Timeout waiting for ACK of 0x63 at 632.294
Successfully sent message 0x10 with 2 bytes at 632.302s (15 remain)
Timeout waiting for ACK of 0x10 at 632.506
Successfully sent message 0x20 with 7 bytes at 632.512s (14 remain)

 --Protocol Rev change was:0 now: 4--
 ACK Mismatch: Received 0x63 while waiting for 0x20
Timeout waiting for ACK of 0x20 at 632.716
Successfully sent message 0x20 with 7 bytes at 632.723s (13 remain)
 ACKing cmd 0x20; 13 remain
Successfully sent message 0x25 with 3 bytes at 632.81s (13 remain)
 ACKing cmd 0x25; 12 remain
Successfully sent message 0x33 with 2 bytes at 632.891s (12 remain)
 ACKing cmd 0x33; 11 remain
Successfully sent message 0x40 with 5 bytes at 632.971s (11 remain)
 ACKing cmd 0x40; 10 remain
Successfully sent message 0x40 with 6 bytes at 633.05s (10 remain)
 ACKing cmd 0x40; 9 remain
Successfully sent message 0x40 with 6 bytes at 633.13s (9 remain)
 ACKing cmd 0x40; 8 remain
Successfully sent message 0x40 with 6 bytes at 633.194s (8 remain)
 ACKing cmd 0x40; 7 remain
Successfully sent message 0x40 with 5 bytes at 633.258s (7 remain)
 ACKing cmd 0x40; 6 remain
Successfully sent message 0x40 with 6 bytes at 633.338s (6 remain)
 ACKing cmd 0x40; 5 remain
Successfully sent message 0x40 with 6 bytes at 633.418s (5 remain)
 ACKing cmd 0x40; 4 remain
Successfully sent message 0x40 with 6 bytes at 633.482s (4 remain)
 ACKing cmd 0x40; 3 remain
Successfully sent message 0x40 with 5 bytes at 633.546s (3 remain)
 ACKing cmd 0x40; 2 remain
Successfully sent message 0x11 with 3 bytes at 633.626s (2 remain)
 ACKing cmd 0x11; 1 remain
Successfully sent message 0x10 with 2 bytes at 633.69s (1 remain)
 ACKing cmd 0x10; 0 remain
1687: 10 received, but 26 are needed for a full frame. Flushing.
163359: Sending stop scanning command
Successfully sent message 0x10 with 2 bytes at 795.444s (0 remain)
Sending command +++
Finished escape sequence. Now disconnecting hardware
Sending command ATH
Successfully disconnected from Bluetooth
164188: Deleting D600 Object
