Log file D:\Myeongjin\SensorTestProject\log\D600_00000200FCF89FB0.log created on 2021-08-11 at 02:32:26 PM
System Logging Level = 2
81100084: RecordSize = 12 (2 I2C dev, 0 SPI dev)
81100085: Mapped RecordSize = 12
Trying to connect to Bluetooth Serial Device
Currently in state 1, so releasing existing hardware...done.
81100109: Searching 1 ports
Trying to open COM3 at 921600 baud
Sending command +++AT
Read "ERROR"  from port 3
Matched ERROR, Connected to COM3 at 921600 baud
81100175: Found port 921600 at baudrate 921600
81100176: Configuring: sending reset command
Sending command ATZ
Start configuring at 81100179
701: Parsing string OK in state Reset
701: Found "OK"
Baudrate is correct, entering bypass mode for DAQ
Sending command ATD00019525dfd8
704: Resetting setup timeout at 81100883 changing from Reset to Connect
1:  Done parsing command in Reset
109: Parsing string OK in state Connect
Didn't find CONNECT in OK
110:  Done parsing command in Connect
914: Parsing string CONNECT 00019525DFD8 in state Connect
915: Found "CONNECT"; trying to configure system
916: Configuring system.
 Queuing message 0x63 ackSize 1
917: Sending stop scanning command
 Queuing message 0x10 ackSize 2
 Queuing message 0x20 ackSize 7
1020: I2C scan list configured
1021: Configuring Scan Lists
 Queuing message 0x25 ackSize 3
1022: Scan length lists set
 Queuing message 0x33 ackSize 2
1023: Setting up all of the passthru commands
Device 0 (I2C Addr = 1): DacCurrent = 50, ScanCount = 20, AveLength = 3
Passing through cmd 8 to 0
 Queuing message 0x40 ackSize 5
Passing through cmd 5 to 0
 Queuing message 0x40 ackSize 6
Passing through cmd 6 to 0
 Queuing message 0x40 ackSize 6
Passing through cmd 7 to 0
 Queuing message 0x40 ackSize 6
Device 1 (I2C Addr = 2): DacCurrent = 50, ScanCount = 20, AveLength = 3
Passing through cmd 8 to 1
 Queuing message 0x40 ackSize 5
Passing through cmd 5 to 1
 Queuing message 0x40 ackSize 6
Passing through cmd 6 to 1
 Queuing message 0x40 ackSize 6
Passing through cmd 7 to 1
 Queuing message 0x40 ackSize 6
Passing through cmd 1 to 255
 Queuing message 0x40 ackSize 5
2350: Requested continuous frames
 Queuing message 0x11 ackSize 3
 Queuing message 0x10 ackSize 2
2352: Resetting setup timeout at 81103236 changing from Connect to DAQ
1:  Done parsing command in Connect
Successfully sent message 0x63 with 1 bytes at 81103.2s (16 remain)
Timeout waiting for ACK of 0x63 at 81103.4
Successfully sent message 0x10 with 2 bytes at 81103.4s (15 remain)
Timeout waiting for ACK of 0x10 at 81103.6
Successfully sent message 0x20 with 7 bytes at 81103.6s (14 remain)
Timeout waiting for ACK of 0x20 at 81103.9
Successfully sent message 0x25 with 3 bytes at 81103.9s (13 remain)
Timeout waiting for ACK of 0x25 at 81104.1
Successfully sent message 0x33 with 2 bytes at 81104.1s (12 remain)
Timeout waiting for ACK of 0x33 at 81104.3
Successfully sent message 0x40 with 5 bytes at 81104.3s (11 remain)
Timeout waiting for ACK of 0x40 at 81104.5
Successfully sent message 0x40 with 6 bytes at 81104.5s (10 remain)
Timeout waiting for ACK of 0x40 at 81104.7
Successfully sent message 0x40 with 6 bytes at 81104.7s (9 remain)
Timeout waiting for ACK of 0x40 at 81104.9
Successfully sent message 0x40 with 6 bytes at 81104.9s (8 remain)
Timeout waiting for ACK of 0x40 at 81105.1
Successfully sent message 0x40 with 5 bytes at 81105.1s (7 remain)
Timeout waiting for ACK of 0x40 at 81105.3
Successfully sent message 0x40 with 6 bytes at 81105.3s (6 remain)
Timeout waiting for ACK of 0x40 at 81105.5
Successfully sent message 0x40 with 6 bytes at 81105.5s (5 remain)
Timeout waiting for ACK of 0x40 at 81105.7
Successfully sent message 0x40 with 6 bytes at 81105.7s (4 remain)
Timeout waiting for ACK of 0x40 at 81105.9
Successfully sent message 0x40 with 5 bytes at 81105.9s (3 remain)
Timeout waiting for ACK of 0x40 at 81106.1
Successfully sent message 0x11 with 3 bytes at 81106.1s (2 remain)
Timeout waiting for ACK of 0x11 at 81106.3
Successfully sent message 0x10 with 2 bytes at 81106.3s (1 remain)
Timeout waiting for ACK of 0x10 at 81106.5
4000: Timeout 4000 waiting for data from 4294967295 to 4001
ERROR: Timeout waiting for new data. This is most likely due 
to a Bluetooth connection issue due to interference, 
a low battery, or being out of range. Check that the 
battery is charged, and possibly try moving closer to the 
computer.
4002: Sending stop scanning command
Successfully sent message 0x10 with 2 bytes at 81107.2s (0 remain)
Sending command +++
Finished escape sequence. Now disconnecting hardware
Sending command ATH
Successfully disconnected from Bluetooth
4841: Deleting D600 Object
