Log file F:\Unity projects\SensorTestProject\log\D600_000000004B0A9490.log created on 2020-04-02 at 11:47:23 2606502: RecordSize = 12 (2 I2C dev, 0 SPI dev)
2606509: Mapped RecordSize = 12
Trying to connect to Bluetooth Serial Device
Currently in state 1, so releasing existing hardware...done.
2606608: Searching 3 ports
Trying to open COM3 at 921600 baud
Trying to open COM3 at 9600 baud
Trying to open COM4 at 921600 baud
Sending command +++AT
ERROR: IO Error sending command string "+++AT" to Bluetooth dongle
Failed reading a string from COM port after 21 tries. FIFO size = 0
Failed getting response from port 4
Trying to open COM4 at 9600 baud
Sending command +++AT
ERROR: IO Error sending command string "+++AT" to Bluetooth dongle
Failed reading a string from COM port after 21 tries. FIFO size = 0
Failed getting response from port 4
Trying to open COM5 at 921600 baud
Sending command +++AT
Read "ERROR"  from port 5
Matched ERROR, Connected to COM5 at 921600 baud
2618600: Found port 921600 at baudrate 921600
2618605: Configuring: sending reset command
Sending command ATZ
Start configuring at 2618616
702: Parsing string OK in state Reset
706: Found "OK"
Baudrate is correct, entering bypass mode for DAQ
Sending command ATD00019525dfd8
719: Resetting setup timeout at 2619337 changing from Reset to Connect
7:  Done parsing command in Reset
92: Parsing string OK in state Connect
Didn't find CONNECT in OK
103:  Done parsing command in Connect
1244: Parsing string CONNECT 00019525DFD8 in state Connect
1249: Found "CONNECT"; trying to configure system
1252: Configuring system.
 Queuing message 0x63 ackSize 1
1259: Sending stop scanning command
 Queuing message 0x10 ackSize 2
 Queuing message 0x20 ackSize 7
1370: I2C scan list configured
1372: Configuring Scan Lists
 Queuing message 0x25 ackSize 3
1377: Scan length lists set
 Queuing message 0x33 ackSize 2
1385: Setting up all of the passthru commands
Device 0 (I2C Addr = 1): DacCurrent = 50, ScanCount = 20, AveLength = 3
Passing through cmd 8 to 0
 Queuing message 0x40 ackSize 5
Passing through cmd 5 to 0
 Queuing message 0x40 ackSize 6
Passing through cmd 6 to 0
 Queuing message 0x40 ackSize 6
Passing through cmd 7 to 0
 Queuing message 0x40 ackSize 6
Device 1 (I2C Addr = 2): DacCurrent = 50, ScanCount = 20, AveLength = 3
Passing through cmd 8 to 1
 Queuing message 0x40 ackSize 5
Passing through cmd 5 to 1
 Queuing message 0x40 ackSize 6
Passing through cmd 6 to 1
 Queuing message 0x40 ackSize 6
Passing through cmd 7 to 1
 Queuing message 0x40 ackSize 6
Passing through cmd 1 to 255
 Queuing message 0x40 ackSize 5
2785: Requested continuous frames
 Queuing message 0x11 ackSize 3
 Queuing message 0x10 ackSize 2
2797: Resetting setup timeout at 2622135 changing from Connect to DAQ
5:  Done parsing command in Connect
Successfully sent message 0x63 with 1 bytes at 2622.15s (16 remain)
Timeout waiting for ACK of 0x63 at 2622.36
Successfully sent message 0x10 with 2 bytes at 2622.37s (15 remain)
Timeout waiting for ACK of 0x10 at 2622.58
Successfully sent message 0x20 with 7 bytes at 2622.59s (14 remain)
Timeout waiting for ACK of 0x20 at 2622.8
Successfully sent message 0x25 with 3 bytes at 2622.81s (13 remain)
Timeout waiting for ACK of 0x25 at 2623.01
Successfully sent message 0x33 with 2 bytes at 2623.03s (12 remain)
Timeout waiting for ACK of 0x33 at 2623.23
Successfully sent message 0x40 with 5 bytes at 2623.25s (11 remain)
Timeout waiting for ACK of 0x40 at 2623.45
Successfully sent message 0x40 with 6 bytes at 2623.47s (10 remain)
Timeout waiting for ACK of 0x40 at 2623.67
Successfully sent message 0x40 with 6 bytes at 2623.68s (9 remain)
Timeout waiting for ACK of 0x40 at 2623.89
Successfully sent message 0x40 with 6 bytes at 2623.9s (8 remain)
Timeout waiting for ACK of 0x40 at 2624.11
Successfully sent message 0x40 with 5 bytes at 2624.12s (7 remain)
Timeout waiting for ACK of 0x40 at 2624.33
Successfully sent message 0x40 with 6 bytes at 2624.34s (6 remain)
Timeout waiting for ACK of 0x40 at 2624.55
Successfully sent message 0x40 with 6 bytes at 2624.56s (5 remain)
Timeout waiting for ACK of 0x40 at 2624.76
Successfully sent message 0x40 with 6 bytes at 2624.78s (4 remain)
Timeout waiting for ACK of 0x40 at 2624.98
Successfully sent message 0x40 with 5 bytes at 2625s (3 remain)
Timeout waiting for ACK of 0x40 at 2625.2
Successfully sent message 0x11 with 3 bytes at 2625.22s (2 remain)
Timeout waiting for ACK of 0x11 at 2625.42
Successfully sent message 0x10 with 2 bytes at 2625.43s (1 remain)
Timeout waiting for ACK of 0x10 at 2625.64
4000: Timeout 4000 waiting for data from 4294967295 to 4004
ERROR: Timeout waiting for new data. This is most likely due 
to a Bluetooth connection issue due to interference, 
a low battery, or being out of range. Check that the 
battery is charged, and possibly try moving closer to the 
computer.
4010: Sending stop scanning command
Successfully sent message 0x10 with 2 bytes at 2626.16s (0 remain)
Sending command +++
Finished escape sequence. Now disconnecting hardware
Sending command ATH
Successfully disconnected from Bluetooth
4855: Deleting D600 Object
