Log file D:\Myeongjin\SensorTestProject\log\D600_00000000501D9F80.log created on 2020-05-26 at 04:26:24 PM
System Logging Level = 2
310763: RecordSize = 12 (2 I2C dev, 0 SPI dev)
310808: Mapped RecordSize = 12
Trying to connect to Bluetooth Serial Device
Currently in state 1, so releasing existing hardware...done.
312227: Searching 1 ports
Trying to open COM3 at 921600 baud
Sending command +++AT
Read "ERROR"  from port 3
Matched ERROR, Connected to COM3 at 921600 baud
312553: Found port 921600 at baudrate 921600
312579: Configuring: sending reset command
Sending command ATZ
Start configuring at 312645
699: Parsing string OK in state Reset
732: Found "OK"
Baudrate is correct, entering bypass mode for DAQ
Sending command ATD00019525dfd8
823: Resetting setup timeout at 313481 changing from Reset to Connect
43:  Done parsing command in Reset
71: Parsing string OK in state Connect
Didn't find CONNECT in OK
132:  Done parsing command in Connect
1293: Parsing string CONNECT 00019525DFD8 in state Connect
1328: Found "CONNECT"; trying to configure system
1354: Configuring system.
 Queuing message 0x63 ackSize 1
1389: Sending stop scanning command
 Queuing message 0x10 ackSize 2
 Queuing message 0x20 ackSize 7
1554: I2C scan list configured
1570: Configuring Scan Lists
 Queuing message 0x25 ackSize 3
1614: Scan length lists set
 Queuing message 0x33 ackSize 2
1658: Setting up all of the passthru commands
Device 0 (I2C Addr = 1): DacCurrent = 50, ScanCount = 20, AveLength = 3
Passing through cmd 8 to 0
 Queuing message 0x40 ackSize 5
Passing through cmd 5 to 0
 Queuing message 0x40 ackSize 6
Passing through cmd 6 to 0
 Queuing message 0x40 ackSize 6
Passing through cmd 7 to 0
 Queuing message 0x40 ackSize 6
Device 1 (I2C Addr = 2): DacCurrent = 50, ScanCount = 20, AveLength = 3
Passing through cmd 8 to 1
 Queuing message 0x40 ackSize 5
Passing through cmd 5 to 1
 Queuing message 0x40 ackSize 6
Passing through cmd 6 to 1
 Queuing message 0x40 ackSize 6
Passing through cmd 7 to 1
 Queuing message 0x40 ackSize 6
Passing through cmd 1 to 255
 Queuing message 0x40 ackSize 5
3587: Requested continuous frames
 Queuing message 0x11 ackSize 3
 Queuing message 0x10 ackSize 2
3656: Resetting setup timeout at 317147 changing from Connect to DAQ
35:  Done parsing command in Connect
Successfully sent message 0x63 with 1 bytes at 317.274s (16 remain)
Timeout waiting for ACK of 0x63 at 317.507
Successfully sent message 0x10 with 2 bytes at 317.587s (15 remain)
Timeout waiting for ACK of 0x10 at 317.819
Successfully sent message 0x20 with 7 bytes at 317.901s (14 remain)

 --Protocol Rev change was:0 now: 4--
 ACK Mismatch: Received 0x63 while waiting for 0x20
Timeout waiting for ACK of 0x20 at 318.133
Successfully sent message 0x20 with 7 bytes at 318.216s (13 remain)
 ACKing cmd 0x20; 13 remain
Successfully sent message 0x25 with 3 bytes at 318.359s (13 remain)
 ACKing cmd 0x25; 12 remain
Successfully sent message 0x33 with 2 bytes at 318.489s (12 remain)
 ACKing cmd 0x33; 11 remain
Successfully sent message 0x40 with 5 bytes at 318.617s (11 remain)
 ACKing cmd 0x40; 10 remain
Successfully sent message 0x40 with 6 bytes at 318.741s (10 remain)
 ACKing cmd 0x40; 9 remain
Successfully sent message 0x40 with 6 bytes at 318.871s (9 remain)
 ACKing cmd 0x40; 8 remain
Successfully sent message 0x40 with 6 bytes at 319.012s (8 remain)
 ACKing cmd 0x40; 7 remain
Successfully sent message 0x40 with 5 bytes at 319.159s (7 remain)
 ACKing cmd 0x40; 6 remain
Successfully sent message 0x40 with 6 bytes at 319.3s (6 remain)
 ACKing cmd 0x40; 5 remain
Successfully sent message 0x40 with 6 bytes at 319.447s (5 remain)
 ACKing cmd 0x40; 4 remain
Successfully sent message 0x40 with 6 bytes at 319.592s (4 remain)
 ACKing cmd 0x40; 3 remain
Successfully sent message 0x40 with 5 bytes at 319.718s (3 remain)
 ACKing cmd 0x40; 2 remain
Successfully sent message 0x11 with 3 bytes at 319.862s (2 remain)
 ACKing cmd 0x11; 1 remain
Successfully sent message 0x10 with 2 bytes at 319.989s (1 remain)
 ACKing cmd 0x10; 0 remain
2903: 10 received, but 26 are needed for a full frame. Flushing.
7957: Sending stop scanning command
Successfully sent message 0x10 with 2 bytes at 325.201s (0 remain)
Sending command +++
Finished escape sequence. Now disconnecting hardware
Sending command ATH
Successfully disconnected from Bluetooth
9087: Deleting D600 Object
