Log file D:\Myeongjin\projects\SensorTestProject\log\D600_0000000037F19DD0.log created on 2020-03-03 at 04:54:37 PM
System Logging Level = 2
1485006: RecordSize = 12 (2 I2C dev, 0 SPI dev)
1485022: Mapped RecordSize = 12
Trying to connect to Bluetooth Serial Device
Currently in state 1, so releasing existing hardware...done.
1485213: Searching 1 ports
Trying to open COM7 at 921600 baud
Sending command +++AT
Read "ERROR"  from port 7
Matched ERROR, Connected to COM7 at 921600 baud
1485350: Found port 921600 at baudrate 921600
1485360: Configuring: sending reset command
Sending command ATZ
Start configuring at 1485384
701: Parsing string OK in state Reset
715: Found "OK"
Baudrate is correct, entering bypass mode for DAQ
Sending command ATD00019525dfd8
745: Resetting setup timeout at 1486132 changing from Reset to Connect
12:  Done parsing command in Reset
98: Parsing string OK in state Connect
Didn't find CONNECT in OK
118:  Done parsing command in Connect
1124: Parsing string CONNECT 00019525DFD8 in state Connect
1135: Found "CONNECT"; trying to configure system
1143: Configuring system.
 Queuing message 0x63 ackSize 1
1158: Sending stop scanning command
 Queuing message 0x10 ackSize 2
 Queuing message 0x20 ackSize 7
1286: I2C scan list configured
1290: Configuring Scan Lists
 Queuing message 0x25 ackSize 3
1309: Scan length lists set
 Queuing message 0x33 ackSize 2
1324: Setting up all of the passthru commands
Device 0 (I2C Addr = 1): DacCurrent = 50, ScanCount = 20, AveLength = 3
Passing through cmd 8 to 0
 Queuing message 0x40 ackSize 5
Passing through cmd 5 to 0
 Queuing message 0x40 ackSize 6
Passing through cmd 6 to 0
 Queuing message 0x40 ackSize 6
Passing through cmd 7 to 0
 Queuing message 0x40 ackSize 6
Device 1 (I2C Addr = 2): DacCurrent = 50, ScanCount = 20, AveLength = 3
Passing through cmd 8 to 1
 Queuing message 0x40 ackSize 5
Passing through cmd 5 to 1
 Queuing message 0x40 ackSize 6
Passing through cmd 6 to 1
 Queuing message 0x40 ackSize 6
Passing through cmd 7 to 1
 Queuing message 0x40 ackSize 6
Passing through cmd 1 to 255
 Queuing message 0x40 ackSize 5
2830: Requested continuous frames
 Queuing message 0x11 ackSize 3
 Queuing message 0x10 ackSize 2
2854: Resetting setup timeout at 1488989 changing from Connect to DAQ
12:  Done parsing command in Connect
Successfully sent message 0x63 with 1 bytes at 1489.03s (16 remain)
Timeout waiting for ACK of 0x63 at 1489.24
Successfully sent message 0x10 with 2 bytes at 1489.27s (15 remain)
Timeout waiting for ACK of 0x10 at 1489.48
Successfully sent message 0x20 with 7 bytes at 1489.51s (14 remain)

 --Protocol Rev change was:0 now: 4--
 ACK Mismatch: Received 0x63 while waiting for 0x20
Timeout waiting for ACK of 0x20 at 1489.72
Successfully sent message 0x20 with 7 bytes at 1489.75s (13 remain)
 ACKing cmd 0x20; 13 remain
Successfully sent message 0x25 with 3 bytes at 1489.85s (13 remain)
 ACKing cmd 0x25; 12 remain
Successfully sent message 0x33 with 2 bytes at 1489.94s (12 remain)
 ACKing cmd 0x33; 11 remain
Successfully sent message 0x40 with 5 bytes at 1490.03s (11 remain)
 ACKing cmd 0x40; 10 remain
Successfully sent message 0x40 with 6 bytes at 1490.11s (10 remain)
 ACKing cmd 0x40; 9 remain
Successfully sent message 0x40 with 6 bytes at 1490.21s (9 remain)
 ACKing cmd 0x40; 8 remain
Successfully sent message 0x40 with 6 bytes at 1490.31s (8 remain)
 ACKing cmd 0x40; 7 remain
Successfully sent message 0x40 with 5 bytes at 1490.4s (7 remain)
 ACKing cmd 0x40; 6 remain
Successfully sent message 0x40 with 6 bytes at 1490.52s (6 remain)
 ACKing cmd 0x40; 5 remain
Successfully sent message 0x40 with 6 bytes at 1490.61s (5 remain)
 ACKing cmd 0x40; 4 remain
Successfully sent message 0x40 with 6 bytes at 1490.69s (4 remain)
 ACKing cmd 0x40; 3 remain
Successfully sent message 0x40 with 5 bytes at 1490.79s (3 remain)
 ACKing cmd 0x40; 2 remain
Successfully sent message 0x11 with 3 bytes at 1490.88s (2 remain)
 ACKing cmd 0x11; 1 remain
Successfully sent message 0x10 with 2 bytes at 1490.98s (1 remain)
 ACKing cmd 0x10; 0 remain
2062: 10 received, but 26 are needed for a full frame. Flushing.
21716: Sending stop scanning command
Successfully sent message 0x10 with 2 bytes at 1510.73s (0 remain)
Sending command +++
Finished escape sequence. Now disconnecting hardware
Sending command ATH
Successfully disconnected from Bluetooth
22622: Deleting D600 Object
