Log file D:\Myeongjin\SensorTestProject\log\D600_000001CE7598A010.log created on 2021-03-18 at 02:27:14 PM
System Logging Level = 2
3439968: RecordSize = 12 (2 I2C dev, 0 SPI dev)
3440021: Mapped RecordSize = 12
Trying to connect to Bluetooth Serial Device
Currently in state 1, so releasing existing hardware...done.
3440807: Searching 1 ports
Trying to open COM3 at 921600 baud
Sending command +++AT
Read "ERROR"  from port 3
Matched ERROR, Connected to COM3 at 921600 baud
3441189: Found port 921600 at baudrate 921600
3441226: Configuring: sending reset command
Sending command ATZ
Start configuring at 3441316
695: Parsing string OK in state Reset
738: Found "OK"
Baudrate is correct, entering bypass mode for DAQ
Sending command ATD00019525dfd8
841: Resetting setup timeout at 3442169 changing from Reset to Connect
47:  Done parsing command in Reset
83: Parsing string OK in state Connect
Didn't find CONNECT in OK
159:  Done parsing command in Connect
878: Parsing string CONNECT 00019525DFD8 in state Connect
920: Found "CONNECT"; trying to configure system
951: Configuring system.
 Queuing message 0x63 ackSize 1
997: Sending stop scanning command
 Queuing message 0x10 ackSize 2
 Queuing message 0x20 ackSize 7
1178: I2C scan list configured
1196: Configuring Scan Lists
 Queuing message 0x25 ackSize 3
1246: Scan length lists set
 Queuing message 0x33 ackSize 2
1295: Setting up all of the passthru commands
Device 0 (I2C Addr = 1): DacCurrent = 50, ScanCount = 20, AveLength = 3
Passing through cmd 8 to 0
 Queuing message 0x40 ackSize 5
Passing through cmd 5 to 0
 Queuing message 0x40 ackSize 6
Passing through cmd 6 to 0
 Queuing message 0x40 ackSize 6
Passing through cmd 7 to 0
 Queuing message 0x40 ackSize 6
Device 1 (I2C Addr = 2): DacCurrent = 50, ScanCount = 20, AveLength = 3
Passing through cmd 8 to 1
 Queuing message 0x40 ackSize 5
Passing through cmd 5 to 1
 Queuing message 0x40 ackSize 6
Passing through cmd 6 to 1
 Queuing message 0x40 ackSize 6
Passing through cmd 7 to 1
 Queuing message 0x40 ackSize 6
Passing through cmd 1 to 255
 Queuing message 0x40 ackSize 5
3362: Requested continuous frames
 Queuing message 0x11 ackSize 3
 Queuing message 0x10 ackSize 2
3445: Resetting setup timeout at 3445627 changing from Connect to DAQ
50:  Done parsing command in Connect
Successfully sent message 0x63 with 1 bytes at 3445.79s (16 remain)
Timeout waiting for ACK of 0x63 at 3446.03
Successfully sent message 0x10 with 2 bytes at 3446.13s (15 remain)
Timeout waiting for ACK of 0x10 at 3446.37
Successfully sent message 0x20 with 7 bytes at 3446.47s (14 remain)

 --Protocol Rev change was:0 now: 4--
 ACK Mismatch: Received 0x63 while waiting for 0x20
Timeout waiting for ACK of 0x20 at 3446.72
Successfully sent message 0x20 with 7 bytes at 3446.84s (13 remain)
 ACKing cmd 0x20; 13 remain
Successfully sent message 0x25 with 3 bytes at 3447s (13 remain)
 ACKing cmd 0x25; 12 remain
Successfully sent message 0x33 with 2 bytes at 3447.17s (12 remain)
 ACKing cmd 0x33; 11 remain
Successfully sent message 0x40 with 5 bytes at 3447.31s (11 remain)
 ACKing cmd 0x40; 10 remain
Successfully sent message 0x40 with 6 bytes at 3447.46s (10 remain)
 ACKing cmd 0x40; 9 remain
Successfully sent message 0x40 with 6 bytes at 3447.61s (9 remain)
 ACKing cmd 0x40; 8 remain
Successfully sent message 0x40 with 6 bytes at 3447.75s (8 remain)
 ACKing cmd 0x40; 7 remain
Successfully sent message 0x40 with 5 bytes at 3447.92s (7 remain)
 ACKing cmd 0x40; 6 remain
Successfully sent message 0x40 with 6 bytes at 3448.08s (6 remain)
 ACKing cmd 0x40; 5 remain
Successfully sent message 0x40 with 6 bytes at 3448.26s (5 remain)
 ACKing cmd 0x40; 4 remain
Successfully sent message 0x40 with 6 bytes at 3448.41s (4 remain)
 ACKing cmd 0x40; 3 remain
Successfully sent message 0x40 with 5 bytes at 3448.56s (3 remain)
 ACKing cmd 0x40; 2 remain
Successfully sent message 0x11 with 3 bytes at 3448.71s (2 remain)
 ACKing cmd 0x11; 1 remain
Successfully sent message 0x10 with 2 bytes at 3448.86s (1 remain)
 ACKing cmd 0x10; 0 remain
3294: 10 received, but 26 are needed for a full frame. Flushing.
16222: Sending stop scanning command
Successfully sent message 0x10 with 2 bytes at 3461.96s (0 remain)
Sending command +++
Finished escape sequence. Now disconnecting hardware
Sending command ATH
Successfully disconnected from Bluetooth
17434: Deleting D600 Object
