Log file D:\Myeongjin\projects\SensorTestProject\log\D600_0000000049699DD0.log created on 2020-03-04 at 11:22:29 AM
System Logging Level = 2
3047168: RecordSize = 12 (2 I2C dev, 0 SPI dev)
3047184: Mapped RecordSize = 12
Trying to connect to Bluetooth Serial Device
Currently in state 1, so releasing existing hardware...done.
3047396: Searching 1 ports
Trying to open COM7 at 921600 baud
Sending command +++AT
Read "ERROR"  from port 7
Matched ERROR, Connected to COM7 at 921600 baud
3047537: Found port 921600 at baudrate 921600
3047545: Configuring: sending reset command
Sending command ATZ
Start configuring at 3047566
701: Parsing string OK in state Reset
712: Found "OK"
Baudrate is correct, entering bypass mode for DAQ
Sending command ATD00019525dfd8
742: Resetting setup timeout at 3048311 changing from Reset to Connect
11:  Done parsing command in Reset
83: Parsing string OK in state Connect
Didn't find CONNECT in OK
101:  Done parsing command in Connect
985: Parsing string CONNECT 00019525DFD8 in state Connect
997: Found "CONNECT"; trying to configure system
1007: Configuring system.
 Queuing message 0x63 ackSize 1
1024: Sending stop scanning command
 Queuing message 0x10 ackSize 2
 Queuing message 0x20 ackSize 7
1151: I2C scan list configured
1156: Configuring Scan Lists
 Queuing message 0x25 ackSize 3
1173: Scan length lists set
 Queuing message 0x33 ackSize 2
1192: Setting up all of the passthru commands
Device 0 (I2C Addr = 1): DacCurrent = 50, ScanCount = 20, AveLength = 3
Passing through cmd 8 to 0
 Queuing message 0x40 ackSize 5
Passing through cmd 5 to 0
 Queuing message 0x40 ackSize 6
Passing through cmd 6 to 0
 Queuing message 0x40 ackSize 6
Passing through cmd 7 to 0
 Queuing message 0x40 ackSize 6
Device 1 (I2C Addr = 2): DacCurrent = 50, ScanCount = 20, AveLength = 3
Passing through cmd 8 to 1
 Queuing message 0x40 ackSize 5
Passing through cmd 5 to 1
 Queuing message 0x40 ackSize 6
Passing through cmd 6 to 1
 Queuing message 0x40 ackSize 6
Passing through cmd 7 to 1
 Queuing message 0x40 ackSize 6
Passing through cmd 1 to 255
 Queuing message 0x40 ackSize 5
2705: Requested continuous frames
 Queuing message 0x11 ackSize 3
 Queuing message 0x10 ackSize 2
2731: Resetting setup timeout at 3051045 changing from Connect to DAQ
11:  Done parsing command in Connect
Successfully sent message 0x63 with 1 bytes at 3051.09s (16 remain)
Timeout waiting for ACK of 0x63 at 3051.3
Successfully sent message 0x10 with 2 bytes at 3051.33s (15 remain)
Timeout waiting for ACK of 0x10 at 3051.54
Successfully sent message 0x20 with 7 bytes at 3051.58s (14 remain)

 --Protocol Rev change was:0 now: 4--
 ACK Mismatch: Received 0x63 while waiting for 0x20
Timeout waiting for ACK of 0x20 at 3051.79
Successfully sent message 0x20 with 7 bytes at 3051.82s (13 remain)
 ACKing cmd 0x20; 13 remain
Successfully sent message 0x25 with 3 bytes at 3051.92s (13 remain)
 ACKing cmd 0x25; 12 remain
Successfully sent message 0x33 with 2 bytes at 3052.02s (12 remain)
 ACKing cmd 0x33; 11 remain
Successfully sent message 0x40 with 5 bytes at 3052.11s (11 remain)
 ACKing cmd 0x40; 10 remain
Successfully sent message 0x40 with 6 bytes at 3052.21s (10 remain)
 ACKing cmd 0x40; 9 remain
Successfully sent message 0x40 with 6 bytes at 3052.31s (9 remain)
 ACKing cmd 0x40; 8 remain
Successfully sent message 0x40 with 6 bytes at 3052.42s (8 remain)
 ACKing cmd 0x40; 7 remain
Successfully sent message 0x40 with 5 bytes at 3052.52s (7 remain)
 ACKing cmd 0x40; 6 remain
Successfully sent message 0x40 with 6 bytes at 3052.61s (6 remain)
 ACKing cmd 0x40; 5 remain
Successfully sent message 0x40 with 6 bytes at 3052.71s (5 remain)
 ACKing cmd 0x40; 4 remain
Successfully sent message 0x40 with 6 bytes at 3052.82s (4 remain)
 ACKing cmd 0x40; 3 remain
Successfully sent message 0x40 with 5 bytes at 3052.93s (3 remain)
 ACKing cmd 0x40; 2 remain
Successfully sent message 0x11 with 3 bytes at 3053.03s (2 remain)
 ACKing cmd 0x11; 1 remain
Successfully sent message 0x10 with 2 bytes at 3053.11s (1 remain)
 ACKing cmd 0x10; 0 remain
2134: 10 received, but 26 are needed for a full frame. Flushing.
142457: Sending stop scanning command
Successfully sent message 0x10 with 2 bytes at 3193.53s (0 remain)
Sending command +++
Finished escape sequence. Now disconnecting hardware
Sending command ATH
Successfully disconnected from Bluetooth
143364: Deleting D600 Object
