Log file D:\Myeongjin\SensorTestProject\log\D600_000001E2ECD7A010.log created on 2021-11-01 at 12:22:48 PM
System Logging Level = 2
81533: RecordSize = 12 (2 I2C dev, 0 SPI dev)
81535: Mapped RecordSize = 12
Trying to connect to Bluetooth Serial Device
Currently in state 1, so releasing existing hardware...done.
81643: Searching 1 ports
Trying to open COM3 at 921600 baud
Sending command +++AT
Read "ERROR"  from port 3
Matched ERROR, Connected to COM3 at 921600 baud
81707: Found port 921600 at baudrate 921600
81708: Configuring: sending reset command
Sending command ATZ
Start configuring at 81710
701: Parsing string OK in state Reset
702: Found "OK"
Baudrate is correct, entering bypass mode for DAQ
Sending command ATD00019525dfd8
719: Resetting setup timeout at 82430 changing from Reset to Connect
1:  Done parsing command in Reset
92: Parsing string OK in state Connect
Didn't find CONNECT in OK
93:  Done parsing command in Connect
992: Parsing string CONNECT 00019525DFD8 in state Connect
993: Found "CONNECT"; trying to configure system
993: Configuring system.
 Queuing message 0x63 ackSize 1
994: Sending stop scanning command
 Queuing message 0x10 ackSize 2
 Queuing message 0x20 ackSize 7
1098: I2C scan list configured
1098: Configuring Scan Lists
 Queuing message 0x25 ackSize 3
1099: Scan length lists set
 Queuing message 0x33 ackSize 2
1100: Setting up all of the passthru commands
Device 0 (I2C Addr = 1): DacCurrent = 50, ScanCount = 20, AveLength = 3
Passing through cmd 8 to 0
 Queuing message 0x40 ackSize 5
Passing through cmd 5 to 0
 Queuing message 0x40 ackSize 6
Passing through cmd 6 to 0
 Queuing message 0x40 ackSize 6
Passing through cmd 7 to 0
 Queuing message 0x40 ackSize 6
Device 1 (I2C Addr = 2): DacCurrent = 50, ScanCount = 20, AveLength = 3
Passing through cmd 8 to 1
 Queuing message 0x40 ackSize 5
Passing through cmd 5 to 1
 Queuing message 0x40 ackSize 6
Passing through cmd 6 to 1
 Queuing message 0x40 ackSize 6
Passing through cmd 7 to 1
 Queuing message 0x40 ackSize 6
Passing through cmd 1 to 255
 Queuing message 0x40 ackSize 5
2421: Requested continuous frames
 Queuing message 0x11 ackSize 3
 Queuing message 0x10 ackSize 2
2423: Resetting setup timeout at 84853 changing from Connect to DAQ
1:  Done parsing command in Connect
Successfully sent message 0x63 with 1 bytes at 84.857s (16 remain)
Timeout waiting for ACK of 0x63 at 85.058
Successfully sent message 0x10 with 2 bytes at 85.06s (15 remain)
Timeout waiting for ACK of 0x10 at 85.262
Successfully sent message 0x20 with 7 bytes at 85.265s (14 remain)

 --Protocol Rev change was:0 now: 4--
 ACK Mismatch: Received 0x63 while waiting for 0x20
Timeout waiting for ACK of 0x20 at 85.466
Successfully sent message 0x20 with 7 bytes at 85.468s (13 remain)
 ACKing cmd 0x20; 13 remain
Successfully sent message 0x25 with 3 bytes at 85.557s (13 remain)
 ACKing cmd 0x25; 12 remain
Successfully sent message 0x33 with 2 bytes at 85.621s (12 remain)
 ACKing cmd 0x33; 11 remain
Successfully sent message 0x40 with 5 bytes at 85.684s (11 remain)
 ACKing cmd 0x40; 10 remain
Successfully sent message 0x40 with 6 bytes at 85.748s (10 remain)
 ACKing cmd 0x40; 9 remain
Successfully sent message 0x40 with 6 bytes at 85.828s (9 remain)
 ACKing cmd 0x40; 8 remain
Successfully sent message 0x40 with 6 bytes at 85.907s (8 remain)
 ACKing cmd 0x40; 7 remain
Successfully sent message 0x40 with 5 bytes at 85.987s (7 remain)
 ACKing cmd 0x40; 6 remain
Successfully sent message 0x40 with 6 bytes at 86.068s (6 remain)
 ACKing cmd 0x40; 5 remain
Successfully sent message 0x40 with 6 bytes at 86.131s (5 remain)
 ACKing cmd 0x40; 4 remain
Successfully sent message 0x40 with 6 bytes at 86.212s (4 remain)
 ACKing cmd 0x40; 3 remain
Successfully sent message 0x40 with 5 bytes at 86.292s (3 remain)
 ACKing cmd 0x40; 2 remain
Successfully sent message 0x11 with 3 bytes at 86.372s (2 remain)
 ACKing cmd 0x11; 1 remain
Successfully sent message 0x10 with 2 bytes at 86.466s (1 remain)
 ACKing cmd 0x10; 0 remain
1675: 10 received, but 26 are needed for a full frame. Flushing.
248231: Sending stop scanning command
Successfully sent message 0x10 with 2 bytes at 333.087s (0 remain)
Sending command +++
Finished escape sequence. Now disconnecting hardware
Sending command ATH
Successfully disconnected from Bluetooth
249056: Deleting D600 Object
