Log file D:\Myeongjin\SensorTestProject\log\D600_00000297C2A0A030.log created on 2021-03-11 at 01:35:43 PM
System Logging Level = 2
3389450: RecordSize = 12 (2 I2C dev, 0 SPI dev)
3389492: Mapped RecordSize = 12
Trying to connect to Bluetooth Serial Device
Currently in state 1, so releasing existing hardware...done.
3390210: Searching 1 ports
Trying to open COM3 at 921600 baud
Sending command +++AT
Read "ERROR"  from port 3
Matched ERROR, Connected to COM3 at 921600 baud
3390528: Found port 921600 at baudrate 921600
3390557: Configuring: sending reset command
Sending command ATZ
Start configuring at 3390626
697: Parsing string OK in state Reset
733: Found "OK"
Baudrate is correct, entering bypass mode for DAQ
Sending command ATD00019525dfd8
815: Resetting setup timeout at 3391452 changing from Reset to Connect
34:  Done parsing command in Reset
62: Parsing string OK in state Connect
Didn't find CONNECT in OK
121:  Done parsing command in Connect
1182: Parsing string CONNECT 00019525DFD8 in state Connect
1219: Found "CONNECT"; trying to configure system
1244: Configuring system.
 Queuing message 0x63 ackSize 1
1281: Sending stop scanning command
 Queuing message 0x10 ackSize 2
 Queuing message 0x20 ackSize 7
1454: I2C scan list configured
1470: Configuring Scan Lists
 Queuing message 0x25 ackSize 3
1511: Scan length lists set
 Queuing message 0x33 ackSize 2
1553: Setting up all of the passthru commands
Device 0 (I2C Addr = 1): DacCurrent = 50, ScanCount = 20, AveLength = 3
Passing through cmd 8 to 0
 Queuing message 0x40 ackSize 5
Passing through cmd 5 to 0
 Queuing message 0x40 ackSize 6
Passing through cmd 6 to 0
 Queuing message 0x40 ackSize 6
Passing through cmd 7 to 0
 Queuing message 0x40 ackSize 6
Device 1 (I2C Addr = 2): DacCurrent = 50, ScanCount = 20, AveLength = 3
Passing through cmd 8 to 1
 Queuing message 0x40 ackSize 5
Passing through cmd 5 to 1
 Queuing message 0x40 ackSize 6
Passing through cmd 6 to 1
 Queuing message 0x40 ackSize 6
Passing through cmd 7 to 1
 Queuing message 0x40 ackSize 6
Passing through cmd 1 to 255
 Queuing message 0x40 ackSize 5
3474: Requested continuous frames
 Queuing message 0x11 ackSize 3
 Queuing message 0x10 ackSize 2
3542: Resetting setup timeout at 3395005 changing from Connect to DAQ
39:  Done parsing command in Connect
Successfully sent message 0x63 with 1 bytes at 3395.14s (16 remain)
Timeout waiting for ACK of 0x63 at 3395.37
Successfully sent message 0x10 with 2 bytes at 3395.45s (15 remain)
Timeout waiting for ACK of 0x10 at 3395.68
Successfully sent message 0x20 with 7 bytes at 3395.78s (14 remain)

 --Protocol Rev change was:0 now: 4--
 ACK Mismatch: Received 0x63 while waiting for 0x20
Timeout waiting for ACK of 0x20 at 3396.01
Successfully sent message 0x20 with 7 bytes at 3396.1s (13 remain)
 ACKing cmd 0x20; 13 remain
Successfully sent message 0x25 with 3 bytes at 3396.25s (13 remain)
 ACKing cmd 0x25; 12 remain
Successfully sent message 0x33 with 2 bytes at 3396.39s (12 remain)
 ACKing cmd 0x33; 11 remain
Successfully sent message 0x40 with 5 bytes at 3396.51s (11 remain)
 ACKing cmd 0x40; 10 remain
Successfully sent message 0x40 with 6 bytes at 3396.64s (10 remain)
 ACKing cmd 0x40; 9 remain
Successfully sent message 0x40 with 6 bytes at 3396.78s (9 remain)
 ACKing cmd 0x40; 8 remain
Successfully sent message 0x40 with 6 bytes at 3396.93s (8 remain)
 ACKing cmd 0x40; 7 remain
Successfully sent message 0x40 with 5 bytes at 3397.07s (7 remain)
 ACKing cmd 0x40; 6 remain
Successfully sent message 0x40 with 6 bytes at 3397.19s (6 remain)
 ACKing cmd 0x40; 5 remain
Successfully sent message 0x40 with 6 bytes at 3397.35s (5 remain)
 ACKing cmd 0x40; 4 remain
Successfully sent message 0x40 with 6 bytes at 3397.49s (4 remain)
 ACKing cmd 0x40; 3 remain
Successfully sent message 0x40 with 5 bytes at 3397.64s (3 remain)
 ACKing cmd 0x40; 2 remain
Successfully sent message 0x11 with 3 bytes at 3397.78s (2 remain)
 ACKing cmd 0x11; 1 remain
Successfully sent message 0x10 with 2 bytes at 3397.91s (1 remain)
 ACKing cmd 0x10; 0 remain
2970: 10 received, but 26 are needed for a full frame. Flushing.
111178: Sending stop scanning command
Successfully sent message 0x10 with 2 bytes at 3506.28s (0 remain)
Sending command +++
Finished escape sequence. Now disconnecting hardware
Sending command ATH
Successfully disconnected from Bluetooth
112347: Deleting D600 Object
