Log file D:\Myeongjin\SensorTestProject\log\D600_000000004331A090.log created on 2021-02-04 at 01:06:54 PM
System Logging Level = 2
16060: RecordSize = 12 (2 I2C dev, 0 SPI dev)
16093: Mapped RecordSize = 12
Trying to connect to Bluetooth Serial Device
Currently in state 1, so releasing existing hardware...done.
17400: Searching 1 ports
Trying to open COM3 at 921600 baud
Sending command +++AT
Read "ERROR"  from port 3
Matched ERROR, Connected to COM3 at 921600 baud
17669: Found port 921600 at baudrate 921600
17693: Configuring: sending reset command
Sending command ATZ
Start configuring at 17748
698: Parsing string OK in state Reset
726: Found "OK"
Baudrate is correct, entering bypass mode for DAQ
Sending command ATD00019525dfd8
810: Resetting setup timeout at 18566 changing from Reset to Connect
28:  Done parsing command in Reset
89: Parsing string OK in state Connect
Didn't find CONNECT in OK
145:  Done parsing command in Connect
1049: Parsing string CONNECT 00019525DFD8 in state Connect
1086: Found "CONNECT"; trying to configure system
1111: Configuring system.
 Queuing message 0x63 ackSize 1
1143: Sending stop scanning command
 Queuing message 0x10 ackSize 2
 Queuing message 0x20 ackSize 7
1310: I2C scan list configured
1324: Configuring Scan Lists
 Queuing message 0x25 ackSize 3
1357: Scan length lists set
 Queuing message 0x33 ackSize 2
1391: Setting up all of the passthru commands
Device 0 (I2C Addr = 1): DacCurrent = 50, ScanCount = 20, AveLength = 3
Passing through cmd 8 to 0
 Queuing message 0x40 ackSize 5
Passing through cmd 5 to 0
 Queuing message 0x40 ackSize 6
Passing through cmd 6 to 0
 Queuing message 0x40 ackSize 6
Passing through cmd 7 to 0
 Queuing message 0x40 ackSize 6
Device 1 (I2C Addr = 2): DacCurrent = 50, ScanCount = 20, AveLength = 3
Passing through cmd 8 to 1
 Queuing message 0x40 ackSize 5
Passing through cmd 5 to 1
 Queuing message 0x40 ackSize 6
Passing through cmd 6 to 1
 Queuing message 0x40 ackSize 6
Passing through cmd 7 to 1
 Queuing message 0x40 ackSize 6
Passing through cmd 1 to 255
 Queuing message 0x40 ackSize 5
3225: Requested continuous frames
 Queuing message 0x11 ackSize 3
 Queuing message 0x10 ackSize 2
3284: Resetting setup timeout at 21859 changing from Connect to DAQ
30:  Done parsing command in Connect
Successfully sent message 0x63 with 1 bytes at 21.963s (16 remain)
Timeout waiting for ACK of 0x63 at 22.193
Successfully sent message 0x10 with 2 bytes at 22.262s (15 remain)
Timeout waiting for ACK of 0x10 at 22.49
Successfully sent message 0x20 with 7 bytes at 22.557s (14 remain)
Timeout waiting for ACK of 0x20 at 22.784
Successfully sent message 0x25 with 3 bytes at 22.852s (13 remain)
Timeout waiting for ACK of 0x25 at 23.079
Successfully sent message 0x33 with 2 bytes at 23.147s (12 remain)
Timeout waiting for ACK of 0x33 at 23.374
Successfully sent message 0x40 with 5 bytes at 23.443s (11 remain)
Timeout waiting for ACK of 0x40 at 23.671
Successfully sent message 0x40 with 6 bytes at 23.74s (10 remain)
Timeout waiting for ACK of 0x40 at 23.968
Successfully sent message 0x40 with 6 bytes at 24.035s (9 remain)
Timeout waiting for ACK of 0x40 at 24.263
Successfully sent message 0x40 with 6 bytes at 24.335s (8 remain)
Timeout waiting for ACK of 0x40 at 24.562
Successfully sent message 0x40 with 5 bytes at 24.64s (7 remain)
Timeout waiting for ACK of 0x40 at 24.871
Successfully sent message 0x40 with 6 bytes at 24.944s (6 remain)
Timeout waiting for ACK of 0x40 at 25.172
Successfully sent message 0x40 with 6 bytes at 25.242s (5 remain)
Timeout waiting for ACK of 0x40 at 25.469
Successfully sent message 0x40 with 6 bytes at 25.538s (4 remain)
Timeout waiting for ACK of 0x40 at 25.765
Successfully sent message 0x40 with 5 bytes at 25.839s (3 remain)
3999: Timeout 4000 waiting for data from 4294967287 to 4022
ERROR: Timeout waiting for new data. This is most likely due 
to a Bluetooth connection issue due to interference, 
a low battery, or being out of range. Check that the 
battery is charged, and possibly try moving closer to the 
computer.
4057: Sending stop scanning command
Successfully sent message 0x10 with 2 bytes at 25.984s (2 remain)
Sending command +++
Finished escape sequence. Now disconnecting hardware
Sending command ATH
Successfully disconnected from Bluetooth
5181: Deleting D600 Object
