Log file D:\Myeongjin\SensorTestProject\log\D600_000002C5836EA0D0.log created on 2021-03-24 at 02:32:45 PM
System Logging Level = 2
1070823: RecordSize = 12 (2 I2C dev, 0 SPI dev)
1070861: Mapped RecordSize = 12
Trying to connect to Bluetooth Serial Device
Currently in state 1, so releasing existing hardware...done.
1071408: Searching 1 ports
Trying to open COM3 at 921600 baud
Sending command +++AT
Read "ERROR"  from port 3
Matched ERROR, Connected to COM3 at 921600 baud
1071698: Found port 921600 at baudrate 921600
1071725: Configuring: sending reset command
Sending command ATZ
Start configuring at 1071788
698: Parsing string OK in state Reset
730: Found "OK"
Baudrate is correct, entering bypass mode for DAQ
Sending command ATD00019525dfd8
807: Resetting setup timeout at 1072604 changing from Reset to Connect
31:  Done parsing command in Reset
73: Parsing string OK in state Connect
Didn't find CONNECT in OK
129:  Done parsing command in Connect
1029: Parsing string CONNECT 00019525DFD8 in state Connect
1062: Found "CONNECT"; trying to configure system
1084: Configuring system.
 Queuing message 0x63 ackSize 1
1118: Sending stop scanning command
 Queuing message 0x10 ackSize 2
 Queuing message 0x20 ackSize 7
1282: I2C scan list configured
1297: Configuring Scan Lists
 Queuing message 0x25 ackSize 3
1335: Scan length lists set
 Queuing message 0x33 ackSize 2
1374: Setting up all of the passthru commands
Device 0 (I2C Addr = 1): DacCurrent = 50, ScanCount = 20, AveLength = 3
Passing through cmd 8 to 0
 Queuing message 0x40 ackSize 5
Passing through cmd 5 to 0
 Queuing message 0x40 ackSize 6
Passing through cmd 6 to 0
 Queuing message 0x40 ackSize 6
Passing through cmd 7 to 0
 Queuing message 0x40 ackSize 6
Device 1 (I2C Addr = 2): DacCurrent = 50, ScanCount = 20, AveLength = 3
Passing through cmd 8 to 1
 Queuing message 0x40 ackSize 5
Passing through cmd 5 to 1
 Queuing message 0x40 ackSize 6
Passing through cmd 6 to 1
 Queuing message 0x40 ackSize 6
Passing through cmd 7 to 1
 Queuing message 0x40 ackSize 6
Passing through cmd 1 to 255
 Queuing message 0x40 ackSize 5
3300: Requested continuous frames
 Queuing message 0x11 ackSize 3
 Queuing message 0x10 ackSize 2
3364: Resetting setup timeout at 1075978 changing from Connect to DAQ
33:  Done parsing command in Connect
Successfully sent message 0x63 with 1 bytes at 1076.1s (16 remain)
Timeout waiting for ACK of 0x63 at 1076.33
Successfully sent message 0x10 with 2 bytes at 1076.4s (15 remain)
Timeout waiting for ACK of 0x10 at 1076.63
Successfully sent message 0x20 with 7 bytes at 1076.71s (14 remain)

 --Protocol Rev change was:0 now: 4--
 ACK Mismatch: Received 0x63 while waiting for 0x20
Timeout waiting for ACK of 0x20 at 1076.94
Successfully sent message 0x20 with 7 bytes at 1077.02s (13 remain)
 ACKing cmd 0x20; 13 remain
Successfully sent message 0x25 with 3 bytes at 1077.14s (13 remain)
 ACKing cmd 0x25; 12 remain
Successfully sent message 0x33 with 2 bytes at 1077.27s (12 remain)
 ACKing cmd 0x33; 11 remain
Successfully sent message 0x40 with 5 bytes at 1077.42s (11 remain)
 ACKing cmd 0x40; 10 remain
Successfully sent message 0x40 with 6 bytes at 1077.55s (10 remain)
 ACKing cmd 0x40; 9 remain
Successfully sent message 0x40 with 6 bytes at 1077.69s (9 remain)
 ACKing cmd 0x40; 8 remain
Successfully sent message 0x40 with 6 bytes at 1077.84s (8 remain)
 ACKing cmd 0x40; 7 remain
Successfully sent message 0x40 with 5 bytes at 1077.98s (7 remain)
 ACKing cmd 0x40; 6 remain
Successfully sent message 0x40 with 6 bytes at 1078.1s (6 remain)
 ACKing cmd 0x40; 5 remain
Successfully sent message 0x40 with 6 bytes at 1078.25s (5 remain)
 ACKing cmd 0x40; 4 remain
Successfully sent message 0x40 with 6 bytes at 1078.39s (4 remain)
 ACKing cmd 0x40; 3 remain
Successfully sent message 0x40 with 5 bytes at 1078.54s (3 remain)
 ACKing cmd 0x40; 2 remain
Successfully sent message 0x11 with 3 bytes at 1078.68s (2 remain)
 ACKing cmd 0x11; 1 remain
Successfully sent message 0x10 with 2 bytes at 1078.8s (1 remain)
 ACKing cmd 0x10; 0 remain
2894: 10 received, but 26 are needed for a full frame. Flushing.
45994: Sending stop scanning command
Successfully sent message 0x10 with 2 bytes at 1122.05s (0 remain)
Sending command +++
Finished escape sequence. Now disconnecting hardware
Sending command ATH
Successfully disconnected from Bluetooth
47126: Deleting D600 Object
