Log file D:\Myeongjin\SensorTestProject\log\D600_0000012E8082A0D0.log created on 2021-04-14 at 01:16:42 PM
System Logging Level = 2
1686165: RecordSize = 12 (2 I2C dev, 0 SPI dev)
1686215: Mapped RecordSize = 12
Trying to connect to Bluetooth Serial Device
Currently in state 1, so releasing existing hardware...done.
1686936: Searching 1 ports
Trying to open COM3 at 921600 baud
Sending command +++AT
Read "ERROR"  from port 3
Matched ERROR, Connected to COM3 at 921600 baud
1687341: Found port 921600 at baudrate 921600
1687378: Configuring: sending reset command
Sending command ATZ
Start configuring at 1687458
697: Parsing string OK in state Reset
736: Found "OK"
Baudrate is correct, entering bypass mode for DAQ
Sending command ATD00019525dfd8
833: Resetting setup timeout at 1688303 changing from Reset to Connect
41:  Done parsing command in Reset
75: Parsing string OK in state Connect
Didn't find CONNECT in OK
145:  Done parsing command in Connect
971: Parsing string CONNECT 00019525DFD8 in state Connect
1012: Found "CONNECT"; trying to configure system
1041: Configuring system.
 Queuing message 0x63 ackSize 1
1083: Sending stop scanning command
 Queuing message 0x10 ackSize 2
 Queuing message 0x20 ackSize 7
1259: I2C scan list configured
1278: Configuring Scan Lists
 Queuing message 0x25 ackSize 3
1325: Scan length lists set
 Queuing message 0x33 ackSize 2
1372: Setting up all of the passthru commands
Device 0 (I2C Addr = 1): DacCurrent = 50, ScanCount = 20, AveLength = 3
Passing through cmd 8 to 0
 Queuing message 0x40 ackSize 5
Passing through cmd 5 to 0
 Queuing message 0x40 ackSize 6
Passing through cmd 6 to 0
 Queuing message 0x40 ackSize 6
Passing through cmd 7 to 0
 Queuing message 0x40 ackSize 6
Device 1 (I2C Addr = 2): DacCurrent = 50, ScanCount = 20, AveLength = 3
Passing through cmd 8 to 1
 Queuing message 0x40 ackSize 5
Passing through cmd 5 to 1
 Queuing message 0x40 ackSize 6
Passing through cmd 6 to 1
 Queuing message 0x40 ackSize 6
Passing through cmd 7 to 1
 Queuing message 0x40 ackSize 6
Passing through cmd 1 to 255
 Queuing message 0x40 ackSize 5
3465: Requested continuous frames
 Queuing message 0x11 ackSize 3
 Queuing message 0x10 ackSize 2
3558: Resetting setup timeout at 1691873 changing from Connect to DAQ
43:  Done parsing command in Connect
Successfully sent message 0x63 with 1 bytes at 1692.02s (16 remain)
Timeout waiting for ACK of 0x63 at 1692.28
Successfully sent message 0x10 with 2 bytes at 1692.39s (15 remain)
Timeout waiting for ACK of 0x10 at 1692.63
Successfully sent message 0x20 with 7 bytes at 1692.73s (14 remain)

 --Protocol Rev change was:0 now: 4--
 ACK Mismatch: Received 0x63 while waiting for 0x20
Timeout waiting for ACK of 0x20 at 1692.96
Successfully sent message 0x20 with 7 bytes at 1693.06s (13 remain)
 ACKing cmd 0x20; 13 remain
Successfully sent message 0x25 with 3 bytes at 1693.22s (13 remain)
 ACKing cmd 0x25; 12 remain
Successfully sent message 0x33 with 2 bytes at 1693.39s (12 remain)
 ACKing cmd 0x33; 11 remain
Successfully sent message 0x40 with 5 bytes at 1693.54s (11 remain)
 ACKing cmd 0x40; 10 remain
Successfully sent message 0x40 with 6 bytes at 1693.69s (10 remain)
 ACKing cmd 0x40; 9 remain
Successfully sent message 0x40 with 6 bytes at 1693.86s (9 remain)
 ACKing cmd 0x40; 8 remain
Successfully sent message 0x40 with 6 bytes at 1694.01s (8 remain)
 ACKing cmd 0x40; 7 remain
Successfully sent message 0x40 with 5 bytes at 1694.24s (7 remain)
 ACKing cmd 0x40; 6 remain
Successfully sent message 0x40 with 6 bytes at 1694.43s (6 remain)
 ACKing cmd 0x40; 5 remain
Successfully sent message 0x40 with 6 bytes at 1694.62s (5 remain)
 ACKing cmd 0x40; 4 remain
Successfully sent message 0x40 with 6 bytes at 1694.77s (4 remain)
 ACKing cmd 0x40; 3 remain
Successfully sent message 0x40 with 5 bytes at 1695s (3 remain)
 ACKing cmd 0x40; 2 remain
Successfully sent message 0x11 with 3 bytes at 1695.15s (2 remain)
 ACKing cmd 0x11; 1 remain
Successfully sent message 0x10 with 2 bytes at 1695.31s (1 remain)
 ACKing cmd 0x10; 0 remain
3501: 10 received, but 26 are needed for a full frame. Flushing.
95963: Sending stop scanning command
Successfully sent message 0x10 with 2 bytes at 1788.05s (0 remain)
Sending command +++
Finished escape sequence. Now disconnecting hardware
Sending command ATH
Successfully disconnected from Bluetooth
97321: Deleting D600 Object
