Log file D:\Myeongjin\SensorTestProject\log\D600_0000000044299D80.log created on 2020-08-19 at 04:10:56 PM
System Logging Level = 2
1437558: RecordSize = 12 (2 I2C dev, 0 SPI dev)
1437593: Mapped RecordSize = 12
Trying to connect to Bluetooth Serial Device
Currently in state 1, so releasing existing hardware...done.
1438092: Searching 1 ports
Trying to open COM3 at 921600 baud
Sending command +++AT
Read "ERROR"  from port 3
Matched ERROR, Connected to COM3 at 921600 baud
1438366: Found port 921600 at baudrate 921600
1438390: Configuring: sending reset command
Sending command ATZ
Start configuring at 1438444
699: Parsing string OK in state Reset
726: Found "OK"
Baudrate is correct, entering bypass mode for DAQ
Sending command ATD00019525dfd8
802: Resetting setup timeout at 1439257 changing from Reset to Connect
36:  Done parsing command in Reset
78: Parsing string OK in state Connect
Didn't find CONNECT in OK
128:  Done parsing command in Connect
1278: Parsing string CONNECT 00019525DFD8 in state Connect
1312: Found "CONNECT"; trying to configure system
1333: Configuring system.
 Queuing message 0x63 ackSize 1
1364: Sending stop scanning command
 Queuing message 0x10 ackSize 2
 Queuing message 0x20 ackSize 7
1522: I2C scan list configured
1535: Configuring Scan Lists
 Queuing message 0x25 ackSize 3
1568: Scan length lists set
 Queuing message 0x33 ackSize 2
1602: Setting up all of the passthru commands
Device 0 (I2C Addr = 1): DacCurrent = 50, ScanCount = 20, AveLength = 3
Passing through cmd 8 to 0
 Queuing message 0x40 ackSize 5
Passing through cmd 5 to 0
 Queuing message 0x40 ackSize 6
Passing through cmd 6 to 0
 Queuing message 0x40 ackSize 6
Passing through cmd 7 to 0
 Queuing message 0x40 ackSize 6
Device 1 (I2C Addr = 2): DacCurrent = 50, ScanCount = 20, AveLength = 3
Passing through cmd 8 to 1
 Queuing message 0x40 ackSize 5
Passing through cmd 5 to 1
 Queuing message 0x40 ackSize 6
Passing through cmd 6 to 1
 Queuing message 0x40 ackSize 6
Passing through cmd 7 to 1
 Queuing message 0x40 ackSize 6
Passing through cmd 1 to 255
 Queuing message 0x40 ackSize 5
3457: Requested continuous frames
 Queuing message 0x11 ackSize 3
 Queuing message 0x10 ackSize 2
3516: Resetting setup timeout at 1442781 changing from Connect to DAQ
30:  Done parsing command in Connect
Successfully sent message 0x63 with 1 bytes at 1442.89s (16 remain)
Timeout waiting for ACK of 0x63 at 1443.12
Successfully sent message 0x10 with 2 bytes at 1443.18s (15 remain)
Timeout waiting for ACK of 0x10 at 1443.41
Successfully sent message 0x20 with 7 bytes at 1443.48s (14 remain)

 --Protocol Rev change was:0 now: 4--
 ACK Mismatch: Received 0x63 while waiting for 0x20
Timeout waiting for ACK of 0x20 at 1443.71
Successfully sent message 0x20 with 7 bytes at 1443.8s (13 remain)
 ACKing cmd 0x20; 13 remain
Successfully sent message 0x25 with 3 bytes at 1443.93s (13 remain)
 ACKing cmd 0x25; 12 remain
Successfully sent message 0x33 with 2 bytes at 1444.06s (12 remain)
 ACKing cmd 0x33; 11 remain
Successfully sent message 0x40 with 5 bytes at 1444.18s (11 remain)
 ACKing cmd 0x40; 10 remain
Successfully sent message 0x40 with 6 bytes at 1444.31s (10 remain)
 ACKing cmd 0x40; 9 remain
Successfully sent message 0x40 with 6 bytes at 1444.44s (9 remain)
 ACKing cmd 0x40; 8 remain
Successfully sent message 0x40 with 6 bytes at 1444.57s (8 remain)
 ACKing cmd 0x40; 7 remain
Successfully sent message 0x40 with 5 bytes at 1444.69s (7 remain)
 ACKing cmd 0x40; 6 remain
Successfully sent message 0x40 with 6 bytes at 1444.82s (6 remain)
 ACKing cmd 0x40; 5 remain
Successfully sent message 0x40 with 6 bytes at 1444.96s (5 remain)
 ACKing cmd 0x40; 4 remain
Successfully sent message 0x40 with 6 bytes at 1445.1s (4 remain)
 ACKing cmd 0x40; 3 remain
Successfully sent message 0x40 with 5 bytes at 1445.22s (3 remain)
 ACKing cmd 0x40; 2 remain
Successfully sent message 0x11 with 3 bytes at 1445.34s (2 remain)
 ACKing cmd 0x11; 1 remain
Successfully sent message 0x10 with 2 bytes at 1445.46s (1 remain)
 ACKing cmd 0x10; 0 remain
2736: 10 received, but 26 are needed for a full frame. Flushing.
47890: Sending stop scanning command
Successfully sent message 0x10 with 2 bytes at 1490.76s (0 remain)
Sending command +++
Finished escape sequence. Now disconnecting hardware
Sending command ATH
Successfully disconnected from Bluetooth
48984: Deleting D600 Object
