Log file D:\Myeongjin\SensorTestProject\log\D600_0000000042AC9F80.log created on 2020-06-03 at 03:26:27 PM
System Logging Level = 2
4649820: RecordSize = 12 (2 I2C dev, 0 SPI dev)
4649862: Mapped RecordSize = 12
Trying to connect to Bluetooth Serial Device
Currently in state 1, so releasing existing hardware...done.
4650525: Searching 1 ports
Trying to open COM3 at 921600 baud
Sending command +++AT
Read "ERROR"  from port 3
Matched ERROR, Connected to COM3 at 921600 baud
4650838: Found port 921600 at baudrate 921600
4650872: Configuring: sending reset command
Sending command ATZ
Start configuring at 4650938
696: Parsing string OK in state Reset
732: Found "OK"
Baudrate is correct, entering bypass mode for DAQ
Sending command ATD00019525dfd8
813: Resetting setup timeout at 4651761 changing from Reset to Connect
33:  Done parsing command in Reset
81: Parsing string OK in state Connect
Didn't find CONNECT in OK
141:  Done parsing command in Connect
1105: Parsing string CONNECT 00019525DFD8 in state Connect
1140: Found "CONNECT"; trying to configure system
1166: Configuring system.
 Queuing message 0x63 ackSize 1
1201: Sending stop scanning command
 Queuing message 0x10 ackSize 2
 Queuing message 0x20 ackSize 7
1371: I2C scan list configured
1385: Configuring Scan Lists
 Queuing message 0x25 ackSize 3
1451: Scan length lists set
 Queuing message 0x33 ackSize 2
1492: Setting up all of the passthru commands
Device 0 (I2C Addr = 1): DacCurrent = 50, ScanCount = 20, AveLength = 3
Passing through cmd 8 to 0
 Queuing message 0x40 ackSize 5
Passing through cmd 5 to 0
 Queuing message 0x40 ackSize 6
Passing through cmd 6 to 0
 Queuing message 0x40 ackSize 6
Passing through cmd 7 to 0
 Queuing message 0x40 ackSize 6
Device 1 (I2C Addr = 2): DacCurrent = 50, ScanCount = 20, AveLength = 3
Passing through cmd 8 to 1
 Queuing message 0x40 ackSize 5
Passing through cmd 5 to 1
 Queuing message 0x40 ackSize 6
Passing through cmd 6 to 1
 Queuing message 0x40 ackSize 6
Passing through cmd 7 to 1
 Queuing message 0x40 ackSize 6
Passing through cmd 1 to 255
 Queuing message 0x40 ackSize 5
3418: Requested continuous frames
 Queuing message 0x11 ackSize 3
 Queuing message 0x10 ackSize 2
3486: Resetting setup timeout at 4655257 changing from Connect to DAQ
37:  Done parsing command in Connect
Successfully sent message 0x63 with 1 bytes at 4655.38s (16 remain)
Timeout waiting for ACK of 0x63 at 4655.62
Successfully sent message 0x10 with 2 bytes at 4655.7s (15 remain)
Timeout waiting for ACK of 0x10 at 4655.94
Successfully sent message 0x20 with 7 bytes at 4656.04s (14 remain)
Timeout waiting for ACK of 0x20 at 4656.28
Successfully sent message 0x25 with 3 bytes at 4656.36s (13 remain)
Timeout waiting for ACK of 0x25 at 4656.59
Successfully sent message 0x33 with 2 bytes at 4656.69s (12 remain)
Timeout waiting for ACK of 0x33 at 4656.92
Successfully sent message 0x40 with 5 bytes at 4657s (11 remain)
Timeout waiting for ACK of 0x40 at 4657.23
Successfully sent message 0x40 with 6 bytes at 4657.32s (10 remain)
Timeout waiting for ACK of 0x40 at 4657.55
Successfully sent message 0x40 with 6 bytes at 4657.64s (9 remain)
Timeout waiting for ACK of 0x40 at 4657.87
Successfully sent message 0x40 with 6 bytes at 4657.95s (8 remain)
Timeout waiting for ACK of 0x40 at 4658.19
Successfully sent message 0x40 with 5 bytes at 4658.28s (7 remain)
Timeout waiting for ACK of 0x40 at 4658.52
Successfully sent message 0x40 with 6 bytes at 4658.6s (6 remain)
Timeout waiting for ACK of 0x40 at 4658.84
Successfully sent message 0x40 with 6 bytes at 4658.92s (5 remain)
Timeout waiting for ACK of 0x40 at 4659.15
Successfully sent message 0x40 with 6 bytes at 4659.23s (4 remain)
4000: Timeout 4000 waiting for data from 4294967286 to 4026
ERROR: Timeout waiting for new data. This is most likely due 
to a Bluetooth connection issue due to interference, 
a low battery, or being out of range. Check that the 
battery is charged, and possibly try moving closer to the 
computer.
4070: Sending stop scanning command
Successfully sent message 0x10 with 2 bytes at 4659.42s (3 remain)
Sending command +++
Finished escape sequence. Now disconnecting hardware
Sending command ATH
Successfully disconnected from Bluetooth
5252: Deleting D600 Object
