Log file D:\Myeongjin\SensorTestProject\log\D600_0000000042589FA0.log created on 2020-12-08 at 11:06:30 AM
System Logging Level = 2
143760: RecordSize = 12 (2 I2C dev, 0 SPI dev)
143795: Mapped RecordSize = 12
Trying to connect to Bluetooth Serial Device
Currently in state 1, so releasing existing hardware...done.
144297: Searching 1 ports
Trying to open COM3 at 921600 baud
Sending command +++AT
Read "ERROR"  from port 3
Matched ERROR, Connected to COM3 at 921600 baud
144579: Found port 921600 at baudrate 921600
144604: Configuring: sending reset command
Sending command ATZ
Start configuring at 144660
699: Parsing string OK in state Reset
727: Found "OK"
Baudrate is correct, entering bypass mode for DAQ
Sending command ATD00019525dfd8
803: Resetting setup timeout at 145471 changing from Reset to Connect
38:  Done parsing command in Reset
79: Parsing string OK in state Connect
Didn't find CONNECT in OK
129:  Done parsing command in Connect
917: Parsing string CONNECT 00019525DFD8 in state Connect
946: Found "CONNECT"; trying to configure system
967: Configuring system.
 Queuing message 0x63 ackSize 1
997: Sending stop scanning command
 Queuing message 0x10 ackSize 2
 Queuing message 0x20 ackSize 7
1160: I2C scan list configured
1177: Configuring Scan Lists
 Queuing message 0x25 ackSize 3
1215: Scan length lists set
 Queuing message 0x33 ackSize 2
1249: Setting up all of the passthru commands
Device 0 (I2C Addr = 1): DacCurrent = 50, ScanCount = 20, AveLength = 3
Passing through cmd 8 to 0
 Queuing message 0x40 ackSize 5
Passing through cmd 5 to 0
 Queuing message 0x40 ackSize 6
Passing through cmd 6 to 0
 Queuing message 0x40 ackSize 6
Passing through cmd 7 to 0
 Queuing message 0x40 ackSize 6
Device 1 (I2C Addr = 2): DacCurrent = 50, ScanCount = 20, AveLength = 3
Passing through cmd 8 to 1
 Queuing message 0x40 ackSize 5
Passing through cmd 5 to 1
 Queuing message 0x40 ackSize 6
Passing through cmd 6 to 1
 Queuing message 0x40 ackSize 6
Passing through cmd 7 to 1
 Queuing message 0x40 ackSize 6
Passing through cmd 1 to 255
 Queuing message 0x40 ackSize 5
3111: Requested continuous frames
 Queuing message 0x11 ackSize 3
 Queuing message 0x10 ackSize 2
3176: Resetting setup timeout at 148658 changing from Connect to DAQ
31:  Done parsing command in Connect
Successfully sent message 0x63 with 1 bytes at 148.767s (16 remain)
Timeout waiting for ACK of 0x63 at 148.993
Successfully sent message 0x10 with 2 bytes at 149.059s (15 remain)
Timeout waiting for ACK of 0x10 at 149.287
Successfully sent message 0x20 with 7 bytes at 149.356s (14 remain)

 --Protocol Rev change was:0 now: 4--
 ACK Mismatch: Received 0x63 while waiting for 0x20
Timeout waiting for ACK of 0x20 at 149.587
Successfully sent message 0x20 with 7 bytes at 149.656s (13 remain)
 ACKing cmd 0x20; 13 remain
Successfully sent message 0x25 with 3 bytes at 149.775s (13 remain)
 ACKing cmd 0x25; 12 remain
Successfully sent message 0x33 with 2 bytes at 149.887s (12 remain)
 ACKing cmd 0x33; 11 remain
Successfully sent message 0x40 with 5 bytes at 150.029s (11 remain)
 ACKing cmd 0x40; 10 remain
Successfully sent message 0x40 with 6 bytes at 150.154s (10 remain)
 ACKing cmd 0x40; 9 remain
Successfully sent message 0x40 with 6 bytes at 150.282s (9 remain)
 ACKing cmd 0x40; 8 remain
Successfully sent message 0x40 with 6 bytes at 150.403s (8 remain)
 ACKing cmd 0x40; 7 remain
Successfully sent message 0x40 with 5 bytes at 150.527s (7 remain)
 ACKing cmd 0x40; 6 remain
Successfully sent message 0x40 with 6 bytes at 150.655s (6 remain)
 ACKing cmd 0x40; 5 remain
Successfully sent message 0x40 with 6 bytes at 150.783s (5 remain)
 ACKing cmd 0x40; 4 remain
Successfully sent message 0x40 with 6 bytes at 150.911s (4 remain)
 ACKing cmd 0x40; 3 remain
Successfully sent message 0x40 with 5 bytes at 151.038s (3 remain)
 ACKing cmd 0x40; 2 remain
Successfully sent message 0x11 with 3 bytes at 151.196s (2 remain)
 ACKing cmd 0x11; 1 remain
Successfully sent message 0x10 with 2 bytes at 151.318s (1 remain)
 ACKing cmd 0x10; 0 remain
2725: 10 received, but 26 are needed for a full frame. Flushing.
43602: Dropped 32 frames (32) total
