Log file D:\Myeongjin\projects\SensorTestProject\log\D600_000000004F399DD0.log created on 2020-03-05 at 03:49:58 PM
System Logging Level = 2
527685: RecordSize = 12 (2 I2C dev, 0 SPI dev)
527699: Mapped RecordSize = 12
Trying to connect to Bluetooth Serial Device
Currently in state 1, so releasing existing hardware...done.
527873: Searching 1 ports
Trying to open COM7 at 921600 baud
Sending command +++AT
Read "ERROR"  from port 7
Matched ERROR, Connected to COM7 at 921600 baud
528009: Found port 921600 at baudrate 921600
528021: Configuring: sending reset command
Sending command ATZ
Start configuring at 528044
698: Parsing string OK in state Reset
708: Found "OK"
Baudrate is correct, entering bypass mode for DAQ
Sending command ATD00019525dfd8
735: Resetting setup timeout at 528781 changing from Reset to Connect
10:  Done parsing command in Reset
89: Parsing string OK in state Connect
Didn't find CONNECT in OK
104:  Done parsing command in Connect
1197: Parsing string CONNECT 00019525DFD8 in state Connect
1208: Found "CONNECT"; trying to configure system
1214: Configuring system.
 Queuing message 0x63 ackSize 1
1225: Sending stop scanning command
 Queuing message 0x10 ackSize 2
 Queuing message 0x20 ackSize 7
1350: I2C scan list configured
1354: Configuring Scan Lists
 Queuing message 0x25 ackSize 3
1367: Scan length lists set
 Queuing message 0x33 ackSize 2
1382: Setting up all of the passthru commands
Device 0 (I2C Addr = 1): DacCurrent = 50, ScanCount = 20, AveLength = 3
Passing through cmd 8 to 0
 Queuing message 0x40 ackSize 5
Passing through cmd 5 to 0
 Queuing message 0x40 ackSize 6
Passing through cmd 6 to 0
 Queuing message 0x40 ackSize 6
Passing through cmd 7 to 0
 Queuing message 0x40 ackSize 6
Device 1 (I2C Addr = 2): DacCurrent = 50, ScanCount = 20, AveLength = 3
Passing through cmd 8 to 1
 Queuing message 0x40 ackSize 5
Passing through cmd 5 to 1
 Queuing message 0x40 ackSize 6
Passing through cmd 6 to 1
 Queuing message 0x40 ackSize 6
Passing through cmd 7 to 1
 Queuing message 0x40 ackSize 6
Passing through cmd 1 to 255
 Queuing message 0x40 ackSize 5
2889: Requested continuous frames
 Queuing message 0x11 ackSize 3
 Queuing message 0x10 ackSize 2
2915: Resetting setup timeout at 531699 changing from Connect to DAQ
9:  Done parsing command in Connect
Successfully sent message 0x63 with 1 bytes at 531.735s (16 remain)
Timeout waiting for ACK of 0x63 at 531.945
Successfully sent message 0x10 with 2 bytes at 531.971s (15 remain)
Timeout waiting for ACK of 0x10 at 532.182
Successfully sent message 0x20 with 7 bytes at 532.206s (14 remain)

 --Protocol Rev change was:0 now: 4--
 ACK Mismatch: Received 0x63 while waiting for 0x20
Timeout waiting for ACK of 0x20 at 532.417
Successfully sent message 0x20 with 7 bytes at 532.441s (13 remain)
 ACKing cmd 0x20; 13 remain
Successfully sent message 0x25 with 3 bytes at 532.536s (13 remain)
 ACKing cmd 0x25; 12 remain
Successfully sent message 0x33 with 2 bytes at 532.631s (12 remain)
 ACKing cmd 0x33; 11 remain
Successfully sent message 0x40 with 5 bytes at 532.728s (11 remain)
 ACKing cmd 0x40; 10 remain
Successfully sent message 0x40 with 6 bytes at 532.809s (10 remain)
 ACKing cmd 0x40; 9 remain
Successfully sent message 0x40 with 6 bytes at 532.925s (9 remain)
 ACKing cmd 0x40; 8 remain
Successfully sent message 0x40 with 6 bytes at 533.033s (8 remain)
 ACKing cmd 0x40; 7 remain
Successfully sent message 0x40 with 5 bytes at 533.129s (7 remain)
 ACKing cmd 0x40; 6 remain
Successfully sent message 0x40 with 6 bytes at 533.246s (6 remain)
 ACKing cmd 0x40; 5 remain
Successfully sent message 0x40 with 6 bytes at 533.337s (5 remain)
 ACKing cmd 0x40; 4 remain
Successfully sent message 0x40 with 6 bytes at 533.433s (4 remain)
 ACKing cmd 0x40; 3 remain
Successfully sent message 0x40 with 5 bytes at 533.528s (3 remain)
 ACKing cmd 0x40; 2 remain
Successfully sent message 0x11 with 3 bytes at 533.639s (2 remain)
 ACKing cmd 0x11; 1 remain
Successfully sent message 0x10 with 2 bytes at 533.734s (1 remain)
 ACKing cmd 0x10; 0 remain
2094: 10 received, but 26 are needed for a full frame. Flushing.
11998: Sending stop scanning command
Successfully sent message 0x10 with 2 bytes at 543.724s (0 remain)
Sending command +++
Finished escape sequence. Now disconnecting hardware
Sending command ATH
Successfully disconnected from Bluetooth
12873: Deleting D600 Object
