Log file D:\Myeongjin\SensorTestProject\log\D600_000002C584E7A0E0.log created on 2021-03-24 at 04:19:27 PM
System Logging Level = 2
7473020: RecordSize = 12 (2 I2C dev, 0 SPI dev)
7473066: Mapped RecordSize = 12
Trying to connect to Bluetooth Serial Device
Currently in state 1, so releasing existing hardware...done.
7473738: Searching 1 ports
Trying to open COM3 at 921600 baud
Sending command +++AT
Read "ERROR"  from port 3
Matched ERROR, Connected to COM3 at 921600 baud
7474065: Found port 921600 at baudrate 921600
7474096: Configuring: sending reset command
Sending command ATZ
Start configuring at 7474170
695: Parsing string OK in state Reset
733: Found "OK"
Baudrate is correct, entering bypass mode for DAQ
Sending command ATD00019525dfd8
825: Resetting setup timeout at 7475006 changing from Reset to Connect
39:  Done parsing command in Reset
84: Parsing string OK in state Connect
Didn't find CONNECT in OK
149:  Done parsing command in Connect
1022: Parsing string CONNECT 00019525DFD8 in state Connect
1085: Found "CONNECT"; trying to configure system
1131: Configuring system.
 Queuing message 0x63 ackSize 1
1192: Sending stop scanning command
 Queuing message 0x10 ackSize 2
 Queuing message 0x20 ackSize 7
1391: I2C scan list configured
1410: Configuring Scan Lists
 Queuing message 0x25 ackSize 3
1460: Scan length lists set
 Queuing message 0x33 ackSize 2
1507: Setting up all of the passthru commands
Device 0 (I2C Addr = 1): DacCurrent = 50, ScanCount = 20, AveLength = 3
Passing through cmd 8 to 0
 Queuing message 0x40 ackSize 5
Passing through cmd 5 to 0
 Queuing message 0x40 ackSize 6
Passing through cmd 6 to 0
 Queuing message 0x40 ackSize 6
Passing through cmd 7 to 0
 Queuing message 0x40 ackSize 6
Device 1 (I2C Addr = 2): DacCurrent = 50, ScanCount = 20, AveLength = 3
Passing through cmd 8 to 1
 Queuing message 0x40 ackSize 5
Passing through cmd 5 to 1
 Queuing message 0x40 ackSize 6
Passing through cmd 6 to 1
 Queuing message 0x40 ackSize 6
Passing through cmd 7 to 1
 Queuing message 0x40 ackSize 6
Passing through cmd 1 to 255
 Queuing message 0x40 ackSize 5
3547: Requested continuous frames
 Queuing message 0x11 ackSize 3
 Queuing message 0x10 ackSize 2
3628: Resetting setup timeout at 7478647 changing from Connect to DAQ
45:  Done parsing command in Connect
Successfully sent message 0x63 with 1 bytes at 7478.8s (16 remain)
Timeout waiting for ACK of 0x63 at 7479.04
Successfully sent message 0x10 with 2 bytes at 7479.14s (15 remain)
Timeout waiting for ACK of 0x10 at 7479.38
Successfully sent message 0x20 with 7 bytes at 7479.48s (14 remain)

 --Protocol Rev change was:0 now: 4--
 ACK Mismatch: Received 0x63 while waiting for 0x20
Timeout waiting for ACK of 0x20 at 7479.71
Successfully sent message 0x20 with 7 bytes at 7479.81s (13 remain)
 ACKing cmd 0x20; 13 remain
Successfully sent message 0x25 with 3 bytes at 7479.96s (13 remain)
 ACKing cmd 0x25; 12 remain
Successfully sent message 0x33 with 2 bytes at 7480.1s (12 remain)
 ACKing cmd 0x33; 11 remain
Successfully sent message 0x40 with 5 bytes at 7480.24s (11 remain)
 ACKing cmd 0x40; 10 remain
Successfully sent message 0x40 with 6 bytes at 7480.39s (10 remain)
 ACKing cmd 0x40; 9 remain
Successfully sent message 0x40 with 6 bytes at 7480.55s (9 remain)
 ACKing cmd 0x40; 8 remain
Successfully sent message 0x40 with 6 bytes at 7480.72s (8 remain)
 ACKing cmd 0x40; 7 remain
Successfully sent message 0x40 with 5 bytes at 7480.87s (7 remain)
 ACKing cmd 0x40; 6 remain
Successfully sent message 0x40 with 6 bytes at 7481.03s (6 remain)
 ACKing cmd 0x40; 5 remain
Successfully sent message 0x40 with 6 bytes at 7481.17s (5 remain)
 ACKing cmd 0x40; 4 remain
Successfully sent message 0x40 with 6 bytes at 7481.32s (4 remain)
 ACKing cmd 0x40; 3 remain
Successfully sent message 0x40 with 5 bytes at 7481.48s (3 remain)
 ACKing cmd 0x40; 2 remain
Successfully sent message 0x11 with 3 bytes at 7481.64s (2 remain)
 ACKing cmd 0x11; 1 remain
Successfully sent message 0x10 with 2 bytes at 7481.78s (1 remain)
 ACKing cmd 0x10; 0 remain
3198: 10 received, but 26 are needed for a full frame. Flushing.
36794: Sending stop scanning command
Successfully sent message 0x10 with 2 bytes at 7515.54s (0 remain)
Sending command +++
Finished escape sequence. Now disconnecting hardware
Sending command ATH
Successfully disconnected from Bluetooth
37975: Deleting D600 Object
