Log file D:\Myeongjin\SensorTestProject\log\D600_0000027F86F29FB0.log created on 2021-08-24 at 01:42:12 PM
System Logging Level = 2
4068260: RecordSize = 12 (2 I2C dev, 0 SPI dev)
4068262: Mapped RecordSize = 12
Trying to connect to Bluetooth Serial Device
Currently in state 1, so releasing existing hardware...done.
4068285: Searching 1 ports
Trying to open COM3 at 921600 baud
Sending command +++AT
Read "ERROR"  from port 3
Matched ERROR, Connected to COM3 at 921600 baud
4068356: Found port 921600 at baudrate 921600
4068356: Configuring: sending reset command
Sending command ATZ
Start configuring at 4068359
700: Parsing string OK in state Reset
701: Found "OK"
Baudrate is correct, entering bypass mode for DAQ
Sending command ATD00019525dfd8
703: Resetting setup timeout at 4069063 changing from Reset to Connect
1:  Done parsing command in Reset
107: Parsing string OK in state Connect
Didn't find CONNECT in OK
108:  Done parsing command in Connect
870: Parsing string CONNECT 00019525DFD8 in state Connect
872: Found "CONNECT"; trying to configure system
872: Configuring system.
 Queuing message 0x63 ackSize 1
874: Sending stop scanning command
 Queuing message 0x10 ackSize 2
 Queuing message 0x20 ackSize 7
977: I2C scan list configured
977: Configuring Scan Lists
 Queuing message 0x25 ackSize 3
978: Scan length lists set
 Queuing message 0x33 ackSize 2
980: Setting up all of the passthru commands
Device 0 (I2C Addr = 1): DacCurrent = 50, ScanCount = 20, AveLength = 3
Passing through cmd 8 to 0
 Queuing message 0x40 ackSize 5
Passing through cmd 5 to 0
 Queuing message 0x40 ackSize 6
Passing through cmd 6 to 0
 Queuing message 0x40 ackSize 6
Passing through cmd 7 to 0
 Queuing message 0x40 ackSize 6
Device 1 (I2C Addr = 2): DacCurrent = 50, ScanCount = 20, AveLength = 3
Passing through cmd 8 to 1
 Queuing message 0x40 ackSize 5
Passing through cmd 5 to 1
 Queuing message 0x40 ackSize 6
Passing through cmd 6 to 1
 Queuing message 0x40 ackSize 6
Passing through cmd 7 to 1
 Queuing message 0x40 ackSize 6
Passing through cmd 1 to 255
 Queuing message 0x40 ackSize 5
2306: Requested continuous frames
 Queuing message 0x11 ackSize 3
 Queuing message 0x10 ackSize 2
2307: Resetting setup timeout at 4071371 changing from Connect to DAQ
0:  Done parsing command in Connect
Successfully sent message 0x63 with 1 bytes at 4071.37s (16 remain)
Timeout waiting for ACK of 0x63 at 4071.58
Successfully sent message 0x10 with 2 bytes at 4071.58s (15 remain)
Timeout waiting for ACK of 0x10 at 4071.78
Successfully sent message 0x20 with 7 bytes at 4071.78s (14 remain)

 --Protocol Rev change was:0 now: 4--
 ACK Mismatch: Received 0x63 while waiting for 0x20
Timeout waiting for ACK of 0x20 at 4071.99
Successfully sent message 0x20 with 7 bytes at 4071.99s (13 remain)
 ACKing cmd 0x20; 13 remain
Successfully sent message 0x25 with 3 bytes at 4072.07s (13 remain)
 ACKing cmd 0x25; 12 remain
Successfully sent message 0x33 with 2 bytes at 4072.14s (12 remain)
 ACKing cmd 0x33; 11 remain
Successfully sent message 0x40 with 5 bytes at 4072.2s (11 remain)
 ACKing cmd 0x40; 10 remain
Successfully sent message 0x40 with 6 bytes at 4072.28s (10 remain)
 ACKing cmd 0x40; 9 remain
Successfully sent message 0x40 with 6 bytes at 4072.36s (9 remain)
 ACKing cmd 0x40; 8 remain
Successfully sent message 0x40 with 6 bytes at 4072.44s (8 remain)
 ACKing cmd 0x40; 7 remain
Successfully sent message 0x40 with 5 bytes at 4072.52s (7 remain)
 ACKing cmd 0x40; 6 remain
Successfully sent message 0x40 with 6 bytes at 4072.59s (6 remain)
 ACKing cmd 0x40; 5 remain
Successfully sent message 0x40 with 6 bytes at 4072.66s (5 remain)
 ACKing cmd 0x40; 4 remain
Successfully sent message 0x40 with 6 bytes at 4072.73s (4 remain)
 ACKing cmd 0x40; 3 remain
Successfully sent message 0x40 with 5 bytes at 4072.81s (3 remain)
 ACKing cmd 0x40; 2 remain
Successfully sent message 0x11 with 3 bytes at 4072.89s (2 remain)
 ACKing cmd 0x11; 1 remain
Successfully sent message 0x10 with 2 bytes at 4072.95s (1 remain)
 ACKing cmd 0x10; 0 remain
1646: 10 received, but 26 are needed for a full frame. Flushing.
16281: Sending stop scanning command
Successfully sent message 0x10 with 2 bytes at 4087.66s (0 remain)
Sending command +++
Finished escape sequence. Now disconnecting hardware
Sending command ATH
Successfully disconnected from Bluetooth
17080: Deleting D600 Object
