Log file D:\Myeongjin\projects\SensorTestProejct\log\D600_000000003C3C95B0.log created on 2020-02-20 at 10:56:40 AM
System Logging Level = 2
1142786: RecordSize = 12 (2 I2C dev, 0 SPI dev)
1142798: Mapped RecordSize = 12
Trying to connect to Bluetooth Serial Device
Currently in state 1, so releasing existing hardware...done.
1142957: Searching 1 ports
Trying to open COM7 at 921600 baud
Sending command +++AT
Read "ERROR"  from port 7
Matched ERROR, Connected to COM7 at 921600 baud
1143092: Found port 921600 at baudrate 921600
1143100: Configuring: sending reset command
Sending command ATZ
Start configuring at 1143120
700: Parsing string OK in state Reset
709: Found "OK"
Baudrate is correct, entering bypass mode for DAQ
Sending command ATD00019525dfd8
733: Resetting setup timeout at 1143855 changing from Reset to Connect
11:  Done parsing command in Reset
94: Parsing string OK in state Connect
Didn't find CONNECT in OK
111:  Done parsing command in Connect
973: Parsing string CONNECT 00019525DFD8 in state Connect
983: Found "CONNECT"; trying to configure system
990: Configuring system.
 Queuing message 0x63 ackSize 1
1002: Sending stop scanning command
 Queuing message 0x10 ackSize 2
 Queuing message 0x20 ackSize 7
1124: I2C scan list configured
1129: Configuring Scan Lists
 Queuing message 0x25 ackSize 3
1142: Scan length lists set
 Queuing message 0x33 ackSize 2
1155: Setting up all of the passthru commands
Device 0 (I2C Addr = 1): DacCurrent = 50, ScanCount = 20, AveLength = 3
Passing through cmd 8 to 0
 Queuing message 0x40 ackSize 5
Passing through cmd 5 to 0
 Queuing message 0x40 ackSize 6
Passing through cmd 6 to 0
 Queuing message 0x40 ackSize 6
Passing through cmd 7 to 0
 Queuing message 0x40 ackSize 6
Device 1 (I2C Addr = 2): DacCurrent = 50, ScanCount = 20, AveLength = 3
Passing through cmd 8 to 1
 Queuing message 0x40 ackSize 5
Passing through cmd 5 to 1
 Queuing message 0x40 ackSize 6
Passing through cmd 6 to 1
 Queuing message 0x40 ackSize 6
Passing through cmd 7 to 1
 Queuing message 0x40 ackSize 6
Passing through cmd 1 to 255
 Queuing message 0x40 ackSize 5
2636: Requested continuous frames
 Queuing message 0x11 ackSize 3
 Queuing message 0x10 ackSize 2
2658: Resetting setup timeout at 1146516 changing from Connect to DAQ
9:  Done parsing command in Connect
Successfully sent message 0x63 with 1 bytes at 1146.55s (16 remain)
Timeout waiting for ACK of 0x63 at 1146.76
Successfully sent message 0x10 with 2 bytes at 1146.79s (15 remain)
Timeout waiting for ACK of 0x10 at 1146.99
Successfully sent message 0x20 with 7 bytes at 1147.02s (14 remain)

 --Protocol Rev change was:0 now: 4--
 ACK Mismatch: Received 0x63 while waiting for 0x20
Timeout waiting for ACK of 0x20 at 1147.23
Successfully sent message 0x20 with 7 bytes at 1147.26s (13 remain)
 ACKing cmd 0x20; 13 remain
Successfully sent message 0x25 with 3 bytes at 1147.37s (13 remain)
 ACKing cmd 0x25; 12 remain
Successfully sent message 0x33 with 2 bytes at 1147.44s (12 remain)
 ACKing cmd 0x33; 11 remain
Successfully sent message 0x40 with 5 bytes at 1147.53s (11 remain)
 ACKing cmd 0x40; 10 remain
Successfully sent message 0x40 with 6 bytes at 1147.61s (10 remain)
 ACKing cmd 0x40; 9 remain
Successfully sent message 0x40 with 6 bytes at 1147.7s (9 remain)
 ACKing cmd 0x40; 8 remain
Successfully sent message 0x40 with 6 bytes at 1147.81s (8 remain)
 ACKing cmd 0x40; 7 remain
Successfully sent message 0x40 with 5 bytes at 1147.91s (7 remain)
 ACKing cmd 0x40; 6 remain
Successfully sent message 0x40 with 6 bytes at 1147.99s (6 remain)
 ACKing cmd 0x40; 5 remain
Successfully sent message 0x40 with 6 bytes at 1148.07s (5 remain)
 ACKing cmd 0x40; 4 remain
Successfully sent message 0x40 with 6 bytes at 1148.15s (4 remain)
 ACKing cmd 0x40; 3 remain
Successfully sent message 0x40 with 5 bytes at 1148.29s (3 remain)
 ACKing cmd 0x40; 2 remain
Successfully sent message 0x11 with 3 bytes at 1148.39s (2 remain)
 ACKing cmd 0x11; 1 remain
Successfully sent message 0x10 with 2 bytes at 1148.47s (1 remain)
 ACKing cmd 0x10; 0 remain
2027: 10 received, but 26 are needed for a full frame. Flushing.
61574: Sending stop scanning command
Successfully sent message 0x10 with 2 bytes at 1208.12s (0 remain)
Sending command +++
Finished escape sequence. Now disconnecting hardware
Sending command ATH
Successfully disconnected from Bluetooth
62442: Deleting D600 Object
