Log file D:\Myeongjin\SensorTestProject\log\D600_00000000456B9F80.log created on 2020-06-03 at 02:18:52 PM
System Logging Level = 2
594747: RecordSize = 12 (2 I2C dev, 0 SPI dev)
594786: Mapped RecordSize = 12
Trying to connect to Bluetooth Serial Device
Currently in state 1, so releasing existing hardware...done.
595380: Searching 1 ports
Trying to open COM3 at 921600 baud
Sending command +++AT
Read "ERROR"  from port 3
Matched ERROR, Connected to COM3 at 921600 baud
595693: Found port 921600 at baudrate 921600
595719: Configuring: sending reset command
Sending command ATZ
Start configuring at 595781
698: Parsing string OK in state Reset
731: Found "OK"
Baudrate is correct, entering bypass mode for DAQ
Sending command ATD00019525dfd8
811: Resetting setup timeout at 596602 changing from Reset to Connect
31:  Done parsing command in Reset
84: Parsing string OK in state Connect
Didn't find CONNECT in OK
137:  Done parsing command in Connect
870: Parsing string CONNECT 00019525DFD8 in state Connect
909: Found "CONNECT"; trying to configure system
939: Configuring system.
 Queuing message 0x63 ackSize 1
977: Sending stop scanning command
 Queuing message 0x10 ackSize 2
 Queuing message 0x20 ackSize 7
1141: I2C scan list configured
1156: Configuring Scan Lists
 Queuing message 0x25 ackSize 3
1194: Scan length lists set
 Queuing message 0x33 ackSize 2
1231: Setting up all of the passthru commands
Device 0 (I2C Addr = 1): DacCurrent = 50, ScanCount = 20, AveLength = 3
Passing through cmd 8 to 0
 Queuing message 0x40 ackSize 5
Passing through cmd 5 to 0
 Queuing message 0x40 ackSize 6
Passing through cmd 6 to 0
 Queuing message 0x40 ackSize 6
Passing through cmd 7 to 0
 Queuing message 0x40 ackSize 6
Device 1 (I2C Addr = 2): DacCurrent = 50, ScanCount = 20, AveLength = 3
Passing through cmd 8 to 1
 Queuing message 0x40 ackSize 5
Passing through cmd 5 to 1
 Queuing message 0x40 ackSize 6
Passing through cmd 6 to 1
 Queuing message 0x40 ackSize 6
Passing through cmd 7 to 1
 Queuing message 0x40 ackSize 6
Passing through cmd 1 to 255
 Queuing message 0x40 ackSize 5
3130: Requested continuous frames
 Queuing message 0x11 ackSize 3
 Queuing message 0x10 ackSize 2
3197: Resetting setup timeout at 599811 changing from Connect to DAQ
40:  Done parsing command in Connect
Successfully sent message 0x63 with 1 bytes at 599.947s (16 remain)
Timeout waiting for ACK of 0x63 at 600.179
Successfully sent message 0x10 with 2 bytes at 600.26s (15 remain)
Timeout waiting for ACK of 0x10 at 600.492
Successfully sent message 0x20 with 7 bytes at 600.569s (14 remain)

 --Protocol Rev change was:0 now: 4--
 ACK Mismatch: Received 0x63 while waiting for 0x20
Timeout waiting for ACK of 0x20 at 600.801
Successfully sent message 0x20 with 7 bytes at 600.878s (13 remain)
 ACKing cmd 0x20; 13 remain
Successfully sent message 0x25 with 3 bytes at 601.027s (13 remain)
 ACKing cmd 0x25; 12 remain
Successfully sent message 0x33 with 2 bytes at 601.159s (12 remain)
 ACKing cmd 0x33; 11 remain
Successfully sent message 0x40 with 5 bytes at 601.278s (11 remain)
 ACKing cmd 0x40; 10 remain
Successfully sent message 0x40 with 6 bytes at 601.407s (10 remain)
 ACKing cmd 0x40; 9 remain
Successfully sent message 0x40 with 6 bytes at 601.538s (9 remain)
 ACKing cmd 0x40; 8 remain
Successfully sent message 0x40 with 6 bytes at 601.68s (8 remain)
 ACKing cmd 0x40; 7 remain
Successfully sent message 0x40 with 5 bytes at 601.813s (7 remain)
 ACKing cmd 0x40; 6 remain
Successfully sent message 0x40 with 6 bytes at 601.953s (6 remain)
 ACKing cmd 0x40; 5 remain
Successfully sent message 0x40 with 6 bytes at 602.099s (5 remain)
 ACKing cmd 0x40; 4 remain
Successfully sent message 0x40 with 6 bytes at 602.237s (4 remain)
 ACKing cmd 0x40; 3 remain
Successfully sent message 0x40 with 5 bytes at 602.386s (3 remain)
 ACKing cmd 0x40; 2 remain
Successfully sent message 0x11 with 3 bytes at 602.53s (2 remain)
 ACKing cmd 0x11; 1 remain
Successfully sent message 0x10 with 2 bytes at 602.661s (1 remain)
 ACKing cmd 0x10; 0 remain
2911: 10 received, but 26 are needed for a full frame. Flushing.
42375: Sending stop scanning command
Successfully sent message 0x10 with 2 bytes at 642.288s (0 remain)
Sending command +++
Finished escape sequence. Now disconnecting hardware
Sending command ATH
Successfully disconnected from Bluetooth
43520: Deleting D600 Object
