Log file D:\Myeongjin\SensorTestProject\log\D600_00000200FD069FB0.log created on 2021-08-11 at 12:13:33 PM
System Logging Level = 2
72767061: RecordSize = 12 (2 I2C dev, 0 SPI dev)
72767063: Mapped RecordSize = 12
Trying to connect to Bluetooth Serial Device
Currently in state 1, so releasing existing hardware...done.
72767115: Searching 1 ports
Trying to open COM3 at 921600 baud
Sending command +++AT
Read "ERROR"  from port 3
Matched ERROR, Connected to COM3 at 921600 baud
72767205: Found port 921600 at baudrate 921600
72767206: Configuring: sending reset command
Sending command ATZ
Start configuring at 72767210
699: Parsing string OK in state Reset
700: Found "OK"
Baudrate is correct, entering bypass mode for DAQ
Sending command ATD00019525dfd8
703: Resetting setup timeout at 72767913 changing from Reset to Connect
1:  Done parsing command in Reset
108: Parsing string OK in state Connect
Didn't find CONNECT in OK
110:  Done parsing command in Connect
984: Parsing string CONNECT 00019525DFD8 in state Connect
986: Found "CONNECT"; trying to configure system
987: Configuring system.
 Queuing message 0x63 ackSize 1
987: Sending stop scanning command
 Queuing message 0x10 ackSize 2
 Queuing message 0x20 ackSize 7
1091: I2C scan list configured
1092: Configuring Scan Lists
 Queuing message 0x25 ackSize 3
1094: Scan length lists set
 Queuing message 0x33 ackSize 2
1095: Setting up all of the passthru commands
Device 0 (I2C Addr = 1): DacCurrent = 50, ScanCount = 20, AveLength = 3
Passing through cmd 8 to 0
 Queuing message 0x40 ackSize 5
Passing through cmd 5 to 0
 Queuing message 0x40 ackSize 6
Passing through cmd 6 to 0
 Queuing message 0x40 ackSize 6
Passing through cmd 7 to 0
 Queuing message 0x40 ackSize 6
Device 1 (I2C Addr = 2): DacCurrent = 50, ScanCount = 20, AveLength = 3
Passing through cmd 8 to 1
 Queuing message 0x40 ackSize 5
Passing through cmd 5 to 1
 Queuing message 0x40 ackSize 6
Passing through cmd 6 to 1
 Queuing message 0x40 ackSize 6
Passing through cmd 7 to 1
 Queuing message 0x40 ackSize 6
Passing through cmd 1 to 255
 Queuing message 0x40 ackSize 5
2422: Requested continuous frames
 Queuing message 0x11 ackSize 3
 Queuing message 0x10 ackSize 2
2424: Resetting setup timeout at 72770337 changing from Connect to DAQ
1:  Done parsing command in Connect
Successfully sent message 0x63 with 1 bytes at 72770.3s (16 remain)
Timeout waiting for ACK of 0x63 at 72770.5
Successfully sent message 0x10 with 2 bytes at 72770.5s (15 remain)
Timeout waiting for ACK of 0x10 at 72770.7
Successfully sent message 0x20 with 7 bytes at 72770.8s (14 remain)

 --Protocol Rev change was:0 now: 4--
 ACK Mismatch: Received 0x63 while waiting for 0x20
Timeout waiting for ACK of 0x20 at 72771
Successfully sent message 0x20 with 7 bytes at 72771s (13 remain)
 ACKing cmd 0x20; 13 remain
Successfully sent message 0x25 with 3 bytes at 72771s (13 remain)
 ACKing cmd 0x25; 12 remain
Successfully sent message 0x33 with 2 bytes at 72771.1s (12 remain)
 ACKing cmd 0x33; 11 remain
Successfully sent message 0x40 with 5 bytes at 72771.2s (11 remain)
 ACKing cmd 0x40; 10 remain
Successfully sent message 0x40 with 6 bytes at 72771.3s (10 remain)
 ACKing cmd 0x40; 9 remain
Successfully sent message 0x40 with 6 bytes at 72771.3s (9 remain)
 ACKing cmd 0x40; 8 remain
Successfully sent message 0x40 with 6 bytes at 72771.4s (8 remain)
 ACKing cmd 0x40; 7 remain
Successfully sent message 0x40 with 5 bytes at 72771.5s (7 remain)
 ACKing cmd 0x40; 6 remain
Successfully sent message 0x40 with 6 bytes at 72771.6s (6 remain)
 ACKing cmd 0x40; 5 remain
Successfully sent message 0x40 with 6 bytes at 72771.6s (5 remain)
 ACKing cmd 0x40; 4 remain
Successfully sent message 0x40 with 6 bytes at 72771.7s (4 remain)
 ACKing cmd 0x40; 3 remain
Successfully sent message 0x40 with 5 bytes at 72771.8s (3 remain)
 ACKing cmd 0x40; 2 remain
Successfully sent message 0x11 with 3 bytes at 72771.9s (2 remain)
 ACKing cmd 0x11; 1 remain
Successfully sent message 0x10 with 2 bytes at 72771.9s (1 remain)
 ACKing cmd 0x10; 0 remain
1662: 10 received, but 26 are needed for a full frame. Flushing.
76397: Sending stop scanning command
Successfully sent message 0x10 with 2 bytes at 72846.7s (0 remain)
Sending command +++
Finished escape sequence. Now disconnecting hardware
Sending command ATH
Successfully disconnected from Bluetooth
77200: Deleting D600 Object
Log file D:\Myeongjin\SensorTestProject\log\D600_00000200FD069FB0.log created on 2021-08-11 at 02:35:46 PM
System Logging Level = 2
81300042: RecordSize = 12 (2 I2C dev, 0 SPI dev)
81300043: Mapped RecordSize = 12
Trying to connect to Bluetooth Serial Device
Currently in state 1, so releasing existing hardware...done.
81300067: Searching 1 ports
Trying to open COM3 at 921600 baud
Sending command +++AT
Read "ERROR"  from port 3
Matched ERROR, Connected to COM3 at 921600 baud
81300169: Found port 921600 at baudrate 921600
81300170: Configuring: sending reset command
Sending command ATZ
Start configuring at 81300173
700: Parsing string OK in state Reset
701: Found "OK"
Baudrate is correct, entering bypass mode for DAQ
Sending command ATD00019525dfd8
704: Resetting setup timeout at 81300878 changing from Reset to Connect
1:  Done parsing command in Reset
107: Parsing string OK in state Connect
Didn't find CONNECT in OK
109:  Done parsing command in Connect
1176: Parsing string CONNECT 00019525DFD8 in state Connect
1177: Found "CONNECT"; trying to configure system
1178: Configuring system.
 Queuing message 0x63 ackSize 1
1179: Sending stop scanning command
 Queuing message 0x10 ackSize 2
 Queuing message 0x20 ackSize 7
1282: I2C scan list configured
1282: Configuring Scan Lists
 Queuing message 0x25 ackSize 3
1285: Scan length lists set
 Queuing message 0x33 ackSize 2
1286: Setting up all of the passthru commands
Device 0 (I2C Addr = 1): DacCurrent = 50, ScanCount = 20, AveLength = 3
Passing through cmd 8 to 0
 Queuing message 0x40 ackSize 5
Passing through cmd 5 to 0
 Queuing message 0x40 ackSize 6
Passing through cmd 6 to 0
 Queuing message 0x40 ackSize 6
Passing through cmd 7 to 0
 Queuing message 0x40 ackSize 6
Device 1 (I2C Addr = 2): DacCurrent = 50, ScanCount = 20, AveLength = 3
Passing through cmd 8 to 1
 Queuing message 0x40 ackSize 5
Passing through cmd 5 to 1
 Queuing message 0x40 ackSize 6
Passing through cmd 6 to 1
 Queuing message 0x40 ackSize 6
Passing through cmd 7 to 1
 Queuing message 0x40 ackSize 6
Passing through cmd 1 to 255
 Queuing message 0x40 ackSize 5
2614: Requested continuous frames
 Queuing message 0x11 ackSize 3
 Queuing message 0x10 ackSize 2
2616: Resetting setup timeout at 81303494 changing from Connect to DAQ
2:  Done parsing command in Connect
Successfully sent message 0x63 with 1 bytes at 81303.5s (16 remain)
Timeout waiting for ACK of 0x63 at 81303.7
Successfully sent message 0x10 with 2 bytes at 81303.7s (15 remain)
Timeout waiting for ACK of 0x10 at 81303.9
Successfully sent message 0x20 with 7 bytes at 81303.9s (14 remain)

 --Protocol Rev change was:0 now: 4--
 ACK Mismatch: Received 0x63 while waiting for 0x20
Timeout waiting for ACK of 0x20 at 81304.1
Successfully sent message 0x20 with 7 bytes at 81304.1s (13 remain)
 ACKing cmd 0x20; 13 remain
Successfully sent message 0x25 with 3 bytes at 81304.2s (13 remain)
 ACKing cmd 0x25; 12 remain
Successfully sent message 0x33 with 2 bytes at 81304.3s (12 remain)
 ACKing cmd 0x33; 11 remain
Successfully sent message 0x40 with 5 bytes at 81304.3s (11 remain)
 ACKing cmd 0x40; 10 remain
Successfully sent message 0x40 with 6 bytes at 81304.4s (10 remain)
 ACKing cmd 0x40; 9 remain
Successfully sent message 0x40 with 6 bytes at 81304.5s (9 remain)
 ACKing cmd 0x40; 8 remain
Successfully sent message 0x40 with 6 bytes at 81304.6s (8 remain)
 ACKing cmd 0x40; 7 remain
Successfully sent message 0x40 with 5 bytes at 81304.7s (7 remain)
 ACKing cmd 0x40; 6 remain
Successfully sent message 0x40 with 6 bytes at 81304.7s (6 remain)
 ACKing cmd 0x40; 5 remain
Successfully sent message 0x40 with 6 bytes at 81304.8s (5 remain)
 ACKing cmd 0x40; 4 remain
Successfully sent message 0x40 with 6 bytes at 81304.9s (4 remain)
 ACKing cmd 0x40; 3 remain
Successfully sent message 0x40 with 5 bytes at 81305s (3 remain)
 ACKing cmd 0x40; 2 remain
Successfully sent message 0x11 with 3 bytes at 81305s (2 remain)
 ACKing cmd 0x11; 1 remain
Successfully sent message 0x10 with 2 bytes at 81305.1s (1 remain)
 ACKing cmd 0x10; 0 remain
1684: 10 received, but 26 are needed for a full frame. Flushing.
136819: Sending stop scanning command
Successfully sent message 0x10 with 2 bytes at 81440.3s (0 remain)
Sending command +++
Finished escape sequence. Now disconnecting hardware
Sending command ATH
Successfully disconnected from Bluetooth
137601: Deleting D600 Object
Log file D:\Myeongjin\SensorTestProject\log\D600_00000200FD069FB0.log created on 2021-08-11 at 03:11:43 PM
System Logging Level = 2
83457045: RecordSize = 12 (2 I2C dev, 0 SPI dev)
83457046: Mapped RecordSize = 12
Trying to connect to Bluetooth Serial Device
Currently in state 1, so releasing existing hardware...done.
83457070: Searching 1 ports
Trying to open COM3 at 921600 baud
Sending command +++AT
Read "ERROR"  from port 3
Matched ERROR, Connected to COM3 at 921600 baud
83457158: Found port 921600 at baudrate 921600
83457159: Configuring: sending reset command
Sending command ATZ
Start configuring at 83457162
699: Parsing string OK in state Reset
701: Found "OK"
Baudrate is correct, entering bypass mode for DAQ
Sending command ATD00019525dfd8
704: Resetting setup timeout at 83457866 changing from Reset to Connect
1:  Done parsing command in Reset
106: Parsing string OK in state Connect
Didn't find CONNECT in OK
108:  Done parsing command in Connect
1199: Parsing string CONNECT 00019525DFD8 in state Connect
1200: Found "CONNECT"; trying to configure system
1201: Configuring system.
 Queuing message 0x63 ackSize 1
1202: Sending stop scanning command
 Queuing message 0x10 ackSize 2
 Queuing message 0x20 ackSize 7
1305: I2C scan list configured
1306: Configuring Scan Lists
 Queuing message 0x25 ackSize 3
1307: Scan length lists set
 Queuing message 0x33 ackSize 2
1309: Setting up all of the passthru commands
Device 0 (I2C Addr = 1): DacCurrent = 50, ScanCount = 20, AveLength = 3
Passing through cmd 8 to 0
 Queuing message 0x40 ackSize 5
Passing through cmd 5 to 0
 Queuing message 0x40 ackSize 6
Passing through cmd 6 to 0
 Queuing message 0x40 ackSize 6
Passing through cmd 7 to 0
 Queuing message 0x40 ackSize 6
Device 1 (I2C Addr = 2): DacCurrent = 50, ScanCount = 20, AveLength = 3
Passing through cmd 8 to 1
 Queuing message 0x40 ackSize 5
Passing through cmd 5 to 1
 Queuing message 0x40 ackSize 6
Passing through cmd 6 to 1
 Queuing message 0x40 ackSize 6
Passing through cmd 7 to 1
 Queuing message 0x40 ackSize 6
Passing through cmd 1 to 255
 Queuing message 0x40 ackSize 5
2634: Requested continuous frames
 Queuing message 0x11 ackSize 3
 Queuing message 0x10 ackSize 2
2637: Resetting setup timeout at 83460503 changing from Connect to DAQ
1:  Done parsing command in Connect
Successfully sent message 0x63 with 1 bytes at 83460.5s (16 remain)
Timeout waiting for ACK of 0x63 at 83460.7
Successfully sent message 0x10 with 2 bytes at 83460.7s (15 remain)
Timeout waiting for ACK of 0x10 at 83460.9
Successfully sent message 0x20 with 7 bytes at 83460.9s (14 remain)

 --Protocol Rev change was:0 now: 4--
 ACK Mismatch: Received 0x63 while waiting for 0x20
Timeout waiting for ACK of 0x20 at 83461.1
Successfully sent message 0x20 with 7 bytes at 83461.1s (13 remain)
 ACKing cmd 0x20; 13 remain
Successfully sent message 0x25 with 3 bytes at 83461.2s (13 remain)
 ACKing cmd 0x25; 12 remain
Successfully sent message 0x33 with 2 bytes at 83461.3s (12 remain)
 ACKing cmd 0x33; 11 remain
Successfully sent message 0x40 with 5 bytes at 83461.3s (11 remain)
 ACKing cmd 0x40; 10 remain
Successfully sent message 0x40 with 6 bytes at 83461.4s (10 remain)
 ACKing cmd 0x40; 9 remain
Successfully sent message 0x40 with 6 bytes at 83461.5s (9 remain)
 ACKing cmd 0x40; 8 remain
Successfully sent message 0x40 with 6 bytes at 83461.6s (8 remain)
 ACKing cmd 0x40; 7 remain
Successfully sent message 0x40 with 5 bytes at 83461.6s (7 remain)
 ACKing cmd 0x40; 6 remain
Successfully sent message 0x40 with 6 bytes at 83461.7s (6 remain)
 ACKing cmd 0x40; 5 remain
Successfully sent message 0x40 with 6 bytes at 83461.8s (5 remain)
 ACKing cmd 0x40; 4 remain
Successfully sent message 0x40 with 6 bytes at 83461.9s (4 remain)
 ACKing cmd 0x40; 3 remain
Successfully sent message 0x40 with 5 bytes at 83461.9s (3 remain)
 ACKing cmd 0x40; 2 remain
Successfully sent message 0x11 with 3 bytes at 83462s (2 remain)
 ACKing cmd 0x11; 1 remain
Successfully sent message 0x10 with 2 bytes at 83462.1s (1 remain)
 ACKing cmd 0x10; 0 remain
1615: 10 received, but 26 are needed for a full frame. Flushing.
566719: Sending stop scanning command
Successfully sent message 0x10 with 2 bytes at 84027.2s (0 remain)
Sending command +++
Finished escape sequence. Now disconnecting hardware
Sending command ATH
Successfully disconnected from Bluetooth
567521: Deleting D600 Object
