Log file D:\Myeongjin\SensorTestProject\log\D600_00000200FBD69FB0.log created on 2021-08-10 at 04:13:10 PM
System Logging Level = 2
744043: RecordSize = 12 (2 I2C dev, 0 SPI dev)
744044: Mapped RecordSize = 12
Trying to connect to Bluetooth Serial Device
Currently in state 1, so releasing existing hardware...done.
744067: Searching 1 ports
Trying to open COM3 at 921600 baud
Sending command +++AT
Read "ERROR"  from port 3
Matched ERROR, Connected to COM3 at 921600 baud
744133: Found port 921600 at baudrate 921600
744134: Configuring: sending reset command
Sending command ATZ
Start configuring at 744136
703: Parsing string OK in state Reset
704: Found "OK"
Baudrate is correct, entering bypass mode for DAQ
Sending command ATD00019525dfd8
708: Resetting setup timeout at 744844 changing from Reset to Connect
1:  Done parsing command in Reset
105: Parsing string OK in state Connect
Didn't find CONNECT in OK
107:  Done parsing command in Connect
1260: Parsing string CONNECT 00019525DFD8 in state Connect
1262: Found "CONNECT"; trying to configure system
1263: Configuring system.
 Queuing message 0x63 ackSize 1
1264: Sending stop scanning command
 Queuing message 0x10 ackSize 2
 Queuing message 0x20 ackSize 7
1368: I2C scan list configured
1368: Configuring Scan Lists
 Queuing message 0x25 ackSize 3
1370: Scan length lists set
 Queuing message 0x33 ackSize 2
1371: Setting up all of the passthru commands
Device 0 (I2C Addr = 1): DacCurrent = 50, ScanCount = 20, AveLength = 3
Passing through cmd 8 to 0
 Queuing message 0x40 ackSize 5
Passing through cmd 5 to 0
 Queuing message 0x40 ackSize 6
Passing through cmd 6 to 0
 Queuing message 0x40 ackSize 6
Passing through cmd 7 to 0
 Queuing message 0x40 ackSize 6
Device 1 (I2C Addr = 2): DacCurrent = 50, ScanCount = 20, AveLength = 3
Passing through cmd 8 to 1
 Queuing message 0x40 ackSize 5
Passing through cmd 5 to 1
 Queuing message 0x40 ackSize 6
Passing through cmd 6 to 1
 Queuing message 0x40 ackSize 6
Passing through cmd 7 to 1
 Queuing message 0x40 ackSize 6
Passing through cmd 1 to 255
 Queuing message 0x40 ackSize 5
2698: Requested continuous frames
 Queuing message 0x11 ackSize 3
 Queuing message 0x10 ackSize 2
2700: Resetting setup timeout at 747544 changing from Connect to DAQ
1:  Done parsing command in Connect
Successfully sent message 0x63 with 1 bytes at 747.548s (16 remain)
Timeout waiting for ACK of 0x63 at 747.75
Successfully sent message 0x10 with 2 bytes at 747.753s (15 remain)
Timeout waiting for ACK of 0x10 at 747.956
Successfully sent message 0x20 with 7 bytes at 747.958s (14 remain)

 --Protocol Rev change was:0 now: 4--
 ACK Mismatch: Received 0x63 while waiting for 0x20
Timeout waiting for ACK of 0x20 at 748.161
Successfully sent message 0x20 with 7 bytes at 748.164s (13 remain)
 ACKing cmd 0x20; 13 remain
Successfully sent message 0x25 with 3 bytes at 748.224s (13 remain)
 ACKing cmd 0x25; 12 remain
Successfully sent message 0x33 with 2 bytes at 748.288s (12 remain)
 ACKing cmd 0x33; 11 remain
Successfully sent message 0x40 with 5 bytes at 748.367s (11 remain)
 ACKing cmd 0x40; 10 remain
Successfully sent message 0x40 with 6 bytes at 748.432s (10 remain)
 ACKing cmd 0x40; 9 remain
Successfully sent message 0x40 with 6 bytes at 748.543s (9 remain)
 ACKing cmd 0x40; 8 remain
Successfully sent message 0x40 with 6 bytes at 748.606s (8 remain)
 ACKing cmd 0x40; 7 remain
Successfully sent message 0x40 with 5 bytes at 748.703s (7 remain)
 ACKing cmd 0x40; 6 remain
Successfully sent message 0x40 with 6 bytes at 748.768s (6 remain)
 ACKing cmd 0x40; 5 remain
Successfully sent message 0x40 with 6 bytes at 748.846s (5 remain)
 ACKing cmd 0x40; 4 remain
Successfully sent message 0x40 with 6 bytes at 748.91s (4 remain)
 ACKing cmd 0x40; 3 remain
Successfully sent message 0x40 with 5 bytes at 748.975s (3 remain)
 ACKing cmd 0x40; 2 remain
Successfully sent message 0x11 with 3 bytes at 749.038s (2 remain)
 ACKing cmd 0x11; 1 remain
Successfully sent message 0x10 with 2 bytes at 749.103s (1 remain)
 ACKing cmd 0x10; 0 remain
1621: 10 received, but 26 are needed for a full frame. Flushing.
210644: Sending stop scanning command
Successfully sent message 0x10 with 2 bytes at 958.191s (0 remain)
Sending command +++
Finished escape sequence. Now disconnecting hardware
Sending command ATH
Successfully disconnected from Bluetooth
211470: Deleting D600 Object
