Log file D:\Myeongjin\SensorTestProject\log\D600_0000000043AFA090.log created on 2020-10-08 at 01:10:19 PM
System Logging Level = 2
2208147: RecordSize = 12 (2 I2C dev, 0 SPI dev)
2208179: Mapped RecordSize = 12
Trying to connect to Bluetooth Serial Device
Currently in state 1, so releasing existing hardware...done.
2209320: Searching 1 ports
Trying to open COM3 at 921600 baud
Sending command +++AT
Read "ERROR"  from port 3
Matched ERROR, Connected to COM3 at 921600 baud
2209573: Found port 921600 at baudrate 921600
2209597: Configuring: sending reset command
Sending command ATZ
Start configuring at 2209653
699: Parsing string OK in state Reset
727: Found "OK"
Baudrate is correct, entering bypass mode for DAQ
Sending command ATD00019525dfd8
795: Resetting setup timeout at 2210456 changing from Reset to Connect
30:  Done parsing command in Reset
88: Parsing string OK in state Connect
Didn't find CONNECT in OK
250:  Done parsing command in Connect
787: Parsing string CONNECT 00019525DFD8 in state Connect
816: Found "CONNECT"; trying to configure system
836: Configuring system.
 Queuing message 0x63 ackSize 1
872: Sending stop scanning command
 Queuing message 0x10 ackSize 2
 Queuing message 0x20 ackSize 7
1028: I2C scan list configured
1040: Configuring Scan Lists
 Queuing message 0x25 ackSize 3
1073: Scan length lists set
 Queuing message 0x33 ackSize 2
1106: Setting up all of the passthru commands
Device 0 (I2C Addr = 1): DacCurrent = 50, ScanCount = 20, AveLength = 3
Passing through cmd 8 to 0
 Queuing message 0x40 ackSize 5
Passing through cmd 5 to 0
 Queuing message 0x40 ackSize 6
Passing through cmd 6 to 0
 Queuing message 0x40 ackSize 6
Passing through cmd 7 to 0
 Queuing message 0x40 ackSize 6
Device 1 (I2C Addr = 2): DacCurrent = 50, ScanCount = 20, AveLength = 3
Passing through cmd 8 to 1
 Queuing message 0x40 ackSize 5
Passing through cmd 5 to 1
 Queuing message 0x40 ackSize 6
Passing through cmd 6 to 1
 Queuing message 0x40 ackSize 6
Passing through cmd 7 to 1
 Queuing message 0x40 ackSize 6
Passing through cmd 1 to 255
 Queuing message 0x40 ackSize 5
3020: Requested continuous frames
 Queuing message 0x11 ackSize 3
 Queuing message 0x10 ackSize 2
3086: Resetting setup timeout at 2213553 changing from Connect to DAQ
39:  Done parsing command in Connect
Successfully sent message 0x63 with 1 bytes at 2213.68s (16 remain)
Timeout waiting for ACK of 0x63 at 2213.91
Successfully sent message 0x10 with 2 bytes at 2213.99s (15 remain)
Timeout waiting for ACK of 0x10 at 2214.21
Successfully sent message 0x20 with 7 bytes at 2214.29s (14 remain)

 --Protocol Rev change was:0 now: 4--
 ACK Mismatch: Received 0x63 while waiting for 0x20
Timeout waiting for ACK of 0x20 at 2214.52
Successfully sent message 0x20 with 7 bytes at 2214.59s (13 remain)
 ACKing cmd 0x20; 13 remain
Successfully sent message 0x25 with 3 bytes at 2214.72s (13 remain)
 ACKing cmd 0x25; 12 remain
Successfully sent message 0x33 with 2 bytes at 2214.83s (12 remain)
 ACKing cmd 0x33; 11 remain
Successfully sent message 0x40 with 5 bytes at 2214.96s (11 remain)
 ACKing cmd 0x40; 10 remain
Successfully sent message 0x40 with 6 bytes at 2215.1s (10 remain)
 ACKing cmd 0x40; 9 remain
Successfully sent message 0x40 with 6 bytes at 2215.22s (9 remain)
 ACKing cmd 0x40; 8 remain
Successfully sent message 0x40 with 6 bytes at 2215.36s (8 remain)
 ACKing cmd 0x40; 7 remain
Successfully sent message 0x40 with 5 bytes at 2215.48s (7 remain)
 ACKing cmd 0x40; 6 remain
Successfully sent message 0x40 with 6 bytes at 2215.61s (6 remain)
 ACKing cmd 0x40; 5 remain
Successfully sent message 0x40 with 6 bytes at 2215.72s (5 remain)
 ACKing cmd 0x40; 4 remain
Successfully sent message 0x40 with 6 bytes at 2215.85s (4 remain)
 ACKing cmd 0x40; 3 remain
Successfully sent message 0x40 with 5 bytes at 2215.98s (3 remain)
 ACKing cmd 0x40; 2 remain
Successfully sent message 0x11 with 3 bytes at 2216.11s (2 remain)
 ACKing cmd 0x11; 1 remain
Successfully sent message 0x10 with 2 bytes at 2216.22s (1 remain)
 ACKing cmd 0x10; 0 remain
2725: 10 received, but 26 are needed for a full frame. Flushing.
39457: Sending stop scanning command
Successfully sent message 0x10 with 2 bytes at 2253.08s (0 remain)
Sending command +++
Finished escape sequence. Now disconnecting hardware
Sending command ATH
Successfully disconnected from Bluetooth
40535: Deleting D600 Object
