Log file D:\Myeongjin\SensorTestProject\log\D600_0000012E8126A0D0.log created on 2021-04-14 at 01:02:12 PM
System Logging Level = 2
816060: RecordSize = 12 (2 I2C dev, 0 SPI dev)
816108: Mapped RecordSize = 12
Trying to connect to Bluetooth Serial Device
Currently in state 1, so releasing existing hardware...done.
816967: Searching 1 ports
Trying to open COM3 at 921600 baud
Sending command +++AT
Read "ERROR"  from port 3
Matched ERROR, Connected to COM3 at 921600 baud
817302: Found port 921600 at baudrate 921600
817332: Configuring: sending reset command
Sending command ATZ
Start configuring at 817409
697: Parsing string OK in state Reset
733: Found "OK"
Baudrate is correct, entering bypass mode for DAQ
Sending command ATD00019525dfd8
902: Resetting setup timeout at 818321 changing from Reset to Connect
37:  Done parsing command in Reset
88: Parsing string OK in state Connect
Didn't find CONNECT in OK
150:  Done parsing command in Connect
1225: Parsing string CONNECT 00019525DFD8 in state Connect
1263: Found "CONNECT"; trying to configure system
1288: Configuring system.
 Queuing message 0x63 ackSize 1
1323: Sending stop scanning command
 Queuing message 0x10 ackSize 2
 Queuing message 0x20 ackSize 7
1490: I2C scan list configured
1504: Configuring Scan Lists
 Queuing message 0x25 ackSize 3
1777: Scan length lists set
 Queuing message 0x33 ackSize 2
1823: Setting up all of the passthru commands
Device 0 (I2C Addr = 1): DacCurrent = 50, ScanCount = 20, AveLength = 3
Passing through cmd 8 to 0
 Queuing message 0x40 ackSize 5
Passing through cmd 5 to 0
 Queuing message 0x40 ackSize 6
Passing through cmd 6 to 0
 Queuing message 0x40 ackSize 6
Passing through cmd 7 to 0
 Queuing message 0x40 ackSize 6
Device 1 (I2C Addr = 2): DacCurrent = 50, ScanCount = 20, AveLength = 3
Passing through cmd 8 to 1
 Queuing message 0x40 ackSize 5
Passing through cmd 5 to 1
 Queuing message 0x40 ackSize 6
Passing through cmd 6 to 1
 Queuing message 0x40 ackSize 6
Passing through cmd 7 to 1
 Queuing message 0x40 ackSize 6
Passing through cmd 1 to 255
 Queuing message 0x40 ackSize 5
3911: Requested continuous frames
 Queuing message 0x11 ackSize 3
 Queuing message 0x10 ackSize 2
3992: Resetting setup timeout at 822325 changing from Connect to DAQ
42:  Done parsing command in Connect
Successfully sent message 0x63 with 1 bytes at 822.593s (16 remain)
Timeout waiting for ACK of 0x63 at 822.829
Successfully sent message 0x10 with 2 bytes at 822.914s (15 remain)
Timeout waiting for ACK of 0x10 at 823.15
Successfully sent message 0x20 with 7 bytes at 823.241s (14 remain)

 --Protocol Rev change was:0 now: 4--
 ACK Mismatch: Received 0x63 while waiting for 0x20
Timeout waiting for ACK of 0x20 at 823.477
Successfully sent message 0x20 with 7 bytes at 823.589s (13 remain)
 ACKing cmd 0x20; 13 remain
Successfully sent message 0x25 with 3 bytes at 823.734s (13 remain)
 ACKing cmd 0x25; 12 remain
Successfully sent message 0x33 with 2 bytes at 823.869s (12 remain)
 ACKing cmd 0x33; 11 remain
Successfully sent message 0x40 with 5 bytes at 824.01s (11 remain)
 ACKing cmd 0x40; 10 remain
Successfully sent message 0x40 with 6 bytes at 824.136s (10 remain)
 ACKing cmd 0x40; 9 remain
Successfully sent message 0x40 with 6 bytes at 824.265s (9 remain)
 ACKing cmd 0x40; 8 remain
Successfully sent message 0x40 with 6 bytes at 824.409s (8 remain)
 ACKing cmd 0x40; 7 remain
Successfully sent message 0x40 with 5 bytes at 824.61s (7 remain)
 ACKing cmd 0x40; 6 remain
Successfully sent message 0x40 with 6 bytes at 824.804s (6 remain)
 ACKing cmd 0x40; 5 remain
Successfully sent message 0x40 with 6 bytes at 824.958s (5 remain)
 ACKing cmd 0x40; 4 remain
Successfully sent message 0x40 with 6 bytes at 825.133s (4 remain)
 ACKing cmd 0x40; 3 remain
Successfully sent message 0x40 with 5 bytes at 825.271s (3 remain)
 ACKing cmd 0x40; 2 remain
Successfully sent message 0x11 with 3 bytes at 825.414s (2 remain)
 ACKing cmd 0x11; 1 remain
Successfully sent message 0x10 with 2 bytes at 825.542s (1 remain)
 ACKing cmd 0x10; 0 remain
3276: 10 received, but 26 are needed for a full frame. Flushing.
11375: Sending stop scanning command
Successfully sent message 0x10 with 2 bytes at 833.8s (0 remain)
Sending command +++
Finished escape sequence. Now disconnecting hardware
Sending command ATH
Successfully disconnected from Bluetooth
12516: Deleting D600 Object
