Log file D:\Myeongjin\SensorTestProject\log\D600_000002C58539A0E0.log created on 2021-03-24 at 04:26:17 PM
System Logging Level = 2
7883101: RecordSize = 12 (2 I2C dev, 0 SPI dev)
7883152: Mapped RecordSize = 12
Trying to connect to Bluetooth Serial Device
Currently in state 1, so releasing existing hardware...done.
7883942: Searching 1 ports
Trying to open COM3 at 921600 baud
Sending command +++AT
Read "ERROR"  from port 3
Matched ERROR, Connected to COM3 at 921600 baud
7884294: Found port 921600 at baudrate 921600
7884329: Configuring: sending reset command
Sending command ATZ
Start configuring at 7884409
699: Parsing string OK in state Reset
740: Found "OK"
Baudrate is correct, entering bypass mode for DAQ
Sending command ATD00019525dfd8
838: Resetting setup timeout at 7885260 changing from Reset to Connect
41:  Done parsing command in Reset
71: Parsing string OK in state Connect
Didn't find CONNECT in OK
142:  Done parsing command in Connect
940: Parsing string CONNECT 00019525DFD8 in state Connect
981: Found "CONNECT"; trying to configure system
1011: Configuring system.
 Queuing message 0x63 ackSize 1
1053: Sending stop scanning command
 Queuing message 0x10 ackSize 2
 Queuing message 0x20 ackSize 7
1231: I2C scan list configured
1249: Configuring Scan Lists
 Queuing message 0x25 ackSize 3
1298: Scan length lists set
 Queuing message 0x33 ackSize 2
1347: Setting up all of the passthru commands
Device 0 (I2C Addr = 1): DacCurrent = 50, ScanCount = 20, AveLength = 3
Passing through cmd 8 to 0
 Queuing message 0x40 ackSize 5
Passing through cmd 5 to 0
 Queuing message 0x40 ackSize 6
Passing through cmd 6 to 0
 Queuing message 0x40 ackSize 6
Passing through cmd 7 to 0
 Queuing message 0x40 ackSize 6
Device 1 (I2C Addr = 2): DacCurrent = 50, ScanCount = 20, AveLength = 3
Passing through cmd 8 to 1
 Queuing message 0x40 ackSize 5
Passing through cmd 5 to 1
 Queuing message 0x40 ackSize 6
Passing through cmd 6 to 1
 Queuing message 0x40 ackSize 6
Passing through cmd 7 to 1
 Queuing message 0x40 ackSize 6
Passing through cmd 1 to 255
 Queuing message 0x40 ackSize 5
3379: Requested continuous frames
 Queuing message 0x11 ackSize 3
 Queuing message 0x10 ackSize 2
3459: Resetting setup timeout at 7888733 changing from Connect to DAQ
42:  Done parsing command in Connect
Successfully sent message 0x63 with 1 bytes at 7888.89s (16 remain)
Timeout waiting for ACK of 0x63 at 7889.13
Successfully sent message 0x10 with 2 bytes at 7889.22s (15 remain)
Timeout waiting for ACK of 0x10 at 7889.46
Successfully sent message 0x20 with 7 bytes at 7889.55s (14 remain)

 --Protocol Rev change was:0 now: 4--
 ACK Mismatch: Received 0x63 while waiting for 0x20
Timeout waiting for ACK of 0x20 at 7889.79
Successfully sent message 0x20 with 7 bytes at 7889.89s (13 remain)
 ACKing cmd 0x20; 13 remain
Successfully sent message 0x25 with 3 bytes at 7890.03s (13 remain)
 ACKing cmd 0x25; 12 remain
Successfully sent message 0x33 with 2 bytes at 7890.19s (12 remain)
 ACKing cmd 0x33; 11 remain
Successfully sent message 0x40 with 5 bytes at 7890.34s (11 remain)
 ACKing cmd 0x40; 10 remain
Successfully sent message 0x40 with 6 bytes at 7890.48s (10 remain)
 ACKing cmd 0x40; 9 remain
Successfully sent message 0x40 with 6 bytes at 7890.64s (9 remain)
 ACKing cmd 0x40; 8 remain
Successfully sent message 0x40 with 6 bytes at 7890.8s (8 remain)
 ACKing cmd 0x40; 7 remain
Successfully sent message 0x40 with 5 bytes at 7890.96s (7 remain)
 ACKing cmd 0x40; 6 remain
Successfully sent message 0x40 with 6 bytes at 7891.11s (6 remain)
 ACKing cmd 0x40; 5 remain
Successfully sent message 0x40 with 6 bytes at 7891.27s (5 remain)
 ACKing cmd 0x40; 4 remain
Successfully sent message 0x40 with 6 bytes at 7891.43s (4 remain)
 ACKing cmd 0x40; 3 remain
Successfully sent message 0x40 with 5 bytes at 7891.61s (3 remain)
 ACKing cmd 0x40; 2 remain
Successfully sent message 0x11 with 3 bytes at 7891.75s (2 remain)
 ACKing cmd 0x11; 1 remain
Successfully sent message 0x10 with 2 bytes at 7891.89s (1 remain)
 ACKing cmd 0x10; 0 remain
3221: 10 received, but 26 are needed for a full frame. Flushing.
89865: Sending stop scanning command
Successfully sent message 0x10 with 2 bytes at 7978.7s (0 remain)
Sending command +++
Finished escape sequence. Now disconnecting hardware
Sending command ATH
Successfully disconnected from Bluetooth
91057: Deleting D600 Object
