Log file D:\Myeongjin\projects\SensorTestProject\log\D600_0000000040E29DD0.log created on 2020-03-03 at 04:33:23 PM
System Logging Level = 2
210980: RecordSize = 12 (2 I2C dev, 0 SPI dev)
210994: Mapped RecordSize = 12
Trying to connect to Bluetooth Serial Device
Currently in state 1, so releasing existing hardware...done.
211181: Searching 1 ports
Trying to open COM7 at 921600 baud
Sending command +++AT
Read "ERROR"  from port 7
Matched ERROR, Connected to COM7 at 921600 baud
211322: Found port 921600 at baudrate 921600
211331: Configuring: sending reset command
Sending command ATZ
Start configuring at 211357
702: Parsing string OK in state Reset
714: Found "OK"
Baudrate is correct, entering bypass mode for DAQ
Sending command ATD00019525dfd8
748: Resetting setup timeout at 212108 changing from Reset to Connect
11:  Done parsing command in Reset
94: Parsing string OK in state Connect
Didn't find CONNECT in OK
113:  Done parsing command in Connect
885: Parsing string CONNECT 00019525DFD8 in state Connect
896: Found "CONNECT"; trying to configure system
905: Configuring system.
 Queuing message 0x63 ackSize 1
920: Sending stop scanning command
 Queuing message 0x10 ackSize 2
 Queuing message 0x20 ackSize 7
1048: I2C scan list configured
1053: Configuring Scan Lists
 Queuing message 0x25 ackSize 3
1067: Scan length lists set
 Queuing message 0x33 ackSize 2
1083: Setting up all of the passthru commands
Device 0 (I2C Addr = 1): DacCurrent = 50, ScanCount = 20, AveLength = 3
Passing through cmd 8 to 0
 Queuing message 0x40 ackSize 5
Passing through cmd 5 to 0
 Queuing message 0x40 ackSize 6
Passing through cmd 6 to 0
 Queuing message 0x40 ackSize 6
Passing through cmd 7 to 0
 Queuing message 0x40 ackSize 6
Device 1 (I2C Addr = 2): DacCurrent = 50, ScanCount = 20, AveLength = 3
Passing through cmd 8 to 1
 Queuing message 0x40 ackSize 5
Passing through cmd 5 to 1
 Queuing message 0x40 ackSize 6
Passing through cmd 6 to 1
 Queuing message 0x40 ackSize 6
Passing through cmd 7 to 1
 Queuing message 0x40 ackSize 6
Passing through cmd 1 to 255
 Queuing message 0x40 ackSize 5
2594: Requested continuous frames
 Queuing message 0x11 ackSize 3
 Queuing message 0x10 ackSize 2
2617: Resetting setup timeout at 214728 changing from Connect to DAQ
10:  Done parsing command in Connect
Successfully sent message 0x63 with 1 bytes at 214.77s (16 remain)
Timeout waiting for ACK of 0x63 at 214.981
Successfully sent message 0x10 with 2 bytes at 215.015s (15 remain)
Timeout waiting for ACK of 0x10 at 215.226
Successfully sent message 0x20 with 7 bytes at 215.255s (14 remain)

 --Protocol Rev change was:0 now: 4--
 ACK Mismatch: Received 0x63 while waiting for 0x20
Timeout waiting for ACK of 0x20 at 215.465
Successfully sent message 0x20 with 7 bytes at 215.493s (13 remain)
 ACKing cmd 0x20; 13 remain
Successfully sent message 0x25 with 3 bytes at 215.59s (13 remain)
 ACKing cmd 0x25; 12 remain
Successfully sent message 0x33 with 2 bytes at 215.685s (12 remain)
 ACKing cmd 0x33; 11 remain
Successfully sent message 0x40 with 5 bytes at 215.782s (11 remain)
 ACKing cmd 0x40; 10 remain
Successfully sent message 0x40 with 6 bytes at 215.86s (10 remain)
 ACKing cmd 0x40; 9 remain
Successfully sent message 0x40 with 6 bytes at 215.957s (9 remain)
 ACKing cmd 0x40; 8 remain
Successfully sent message 0x40 with 6 bytes at 216.048s (8 remain)
 ACKing cmd 0x40; 7 remain
Successfully sent message 0x40 with 5 bytes at 216.148s (7 remain)
 ACKing cmd 0x40; 6 remain
Successfully sent message 0x40 with 6 bytes at 216.242s (6 remain)
 ACKing cmd 0x40; 5 remain
Successfully sent message 0x40 with 6 bytes at 216.343s (5 remain)
 ACKing cmd 0x40; 4 remain
Successfully sent message 0x40 with 6 bytes at 216.437s (4 remain)
 ACKing cmd 0x40; 3 remain
Successfully sent message 0x40 with 5 bytes at 216.533s (3 remain)
 ACKing cmd 0x40; 2 remain
Successfully sent message 0x11 with 3 bytes at 216.628s (2 remain)
 ACKing cmd 0x11; 1 remain
Successfully sent message 0x10 with 2 bytes at 216.725s (1 remain)
 ACKing cmd 0x10; 0 remain
2068: 10 received, but 26 are needed for a full frame. Flushing.
50091: Sending stop scanning command
Successfully sent message 0x10 with 2 bytes at 264.85s (0 remain)
Sending command +++
Finished escape sequence. Now disconnecting hardware
Sending command ATH
Successfully disconnected from Bluetooth
50991: Deleting D600 Object
Log file D:\Myeongjin\projects\SensorTestProject\log\D600_0000000040E29DD0.log created on 2020-03-03 at 04:36:45 PM
System Logging Level = 2
412448: RecordSize = 12 (2 I2C dev, 0 SPI dev)
412461: Mapped RecordSize = 12
Trying to connect to Bluetooth Serial Device
Currently in state 1, so releasing existing hardware...done.
412649: Searching 1 ports
Trying to open COM7 at 921600 baud
Sending command +++AT
Read "ERROR"  from port 7
Matched ERROR, Connected to COM7 at 921600 baud
412788: Found port 921600 at baudrate 921600
412797: Configuring: sending reset command
Sending command ATZ
Start configuring at 412819
701: Parsing string OK in state Reset
713: Found "OK"
Baudrate is correct, entering bypass mode for DAQ
Sending command ATD00019525dfd8
741: Resetting setup timeout at 413562 changing from Reset to Connect
11:  Done parsing command in Reset
86: Parsing string OK in state Connect
Didn't find CONNECT in OK
105:  Done parsing command in Connect
1079: Parsing string CONNECT 00019525DFD8 in state Connect
1090: Found "CONNECT"; trying to configure system
1098: Configuring system.
 Queuing message 0x63 ackSize 1
1111: Sending stop scanning command
 Queuing message 0x10 ackSize 2
 Queuing message 0x20 ackSize 7
1236: I2C scan list configured
1240: Configuring Scan Lists
 Queuing message 0x25 ackSize 3
1254: Scan length lists set
 Queuing message 0x33 ackSize 2
1267: Setting up all of the passthru commands
Device 0 (I2C Addr = 1): DacCurrent = 50, ScanCount = 20, AveLength = 3
Passing through cmd 8 to 0
 Queuing message 0x40 ackSize 5
Passing through cmd 5 to 0
 Queuing message 0x40 ackSize 6
Passing through cmd 6 to 0
 Queuing message 0x40 ackSize 6
Passing through cmd 7 to 0
 Queuing message 0x40 ackSize 6
Device 1 (I2C Addr = 2): DacCurrent = 50, ScanCount = 20, AveLength = 3
Passing through cmd 8 to 1
 Queuing message 0x40 ackSize 5
Passing through cmd 5 to 1
 Queuing message 0x40 ackSize 6
Passing through cmd 6 to 1
 Queuing message 0x40 ackSize 6
Passing through cmd 7 to 1
 Queuing message 0x40 ackSize 6
Passing through cmd 1 to 255
 Queuing message 0x40 ackSize 5
2788: Requested continuous frames
 Queuing message 0x11 ackSize 3
 Queuing message 0x10 ackSize 2
2815: Resetting setup timeout at 416380 changing from Connect to DAQ
11:  Done parsing command in Connect
Successfully sent message 0x63 with 1 bytes at 416.421s (16 remain)
Timeout waiting for ACK of 0x63 at 416.632
Successfully sent message 0x10 with 2 bytes at 416.659s (15 remain)
Timeout waiting for ACK of 0x10 at 416.87
Successfully sent message 0x20 with 7 bytes at 416.896s (14 remain)

 --Protocol Rev change was:0 now: 4--
 ACK Mismatch: Received 0x63 while waiting for 0x20
Timeout waiting for ACK of 0x20 at 417.106
Successfully sent message 0x20 with 7 bytes at 417.134s (13 remain)
 ACKing cmd 0x20; 13 remain
Successfully sent message 0x25 with 3 bytes at 417.226s (13 remain)
 ACKing cmd 0x25; 12 remain
Successfully sent message 0x33 with 2 bytes at 417.322s (12 remain)
 ACKing cmd 0x33; 11 remain
Successfully sent message 0x40 with 5 bytes at 417.422s (11 remain)
 ACKing cmd 0x40; 10 remain
Successfully sent message 0x40 with 6 bytes at 417.515s (10 remain)
 ACKing cmd 0x40; 9 remain
Successfully sent message 0x40 with 6 bytes at 417.611s (9 remain)
 ACKing cmd 0x40; 8 remain
Successfully sent message 0x40 with 6 bytes at 417.705s (8 remain)
 ACKing cmd 0x40; 7 remain
Successfully sent message 0x40 with 5 bytes at 417.799s (7 remain)
 ACKing cmd 0x40; 6 remain
Successfully sent message 0x40 with 6 bytes at 417.899s (6 remain)
 ACKing cmd 0x40; 5 remain
Successfully sent message 0x40 with 6 bytes at 418.008s (5 remain)
 ACKing cmd 0x40; 4 remain
Successfully sent message 0x40 with 6 bytes at 418.105s (4 remain)
 ACKing cmd 0x40; 3 remain
Successfully sent message 0x40 with 5 bytes at 418.202s (3 remain)
 ACKing cmd 0x40; 2 remain
Successfully sent message 0x11 with 3 bytes at 418.295s (2 remain)
 ACKing cmd 0x11; 1 remain
Successfully sent message 0x10 with 2 bytes at 418.393s (1 remain)
 ACKing cmd 0x10; 0 remain
2087: 10 received, but 26 are needed for a full frame. Flushing.
16100: Sending stop scanning command
Successfully sent message 0x10 with 2 bytes at 432.509s (0 remain)
Sending command +++
Finished escape sequence. Now disconnecting hardware
Sending command ATH
Successfully disconnected from Bluetooth
17003: Deleting D600 Object
