Log file D:\Myeongjin\SensorTestProject\log\D600_0000000053E39B30.log created on 2020-04-16 at 08:53:33 AM
System Logging Level = 2
15716: RecordSize = 12 (2 I2C dev, 0 SPI dev)
15728: Mapped RecordSize = 12
Trying to connect to Bluetooth Serial Device
Currently in state 1, so releasing existing hardware...done.
16204: Searching 1 ports
Trying to open COM3 at 921600 baud
Sending command +++AT
Read "ERROR"  from port 3
Matched ERROR, Connected to COM3 at 921600 baud
16341: Found port 921600 at baudrate 921600
16349: Configuring: sending reset command
Sending command ATZ
Start configuring at 16368
698: Parsing string OK in state Reset
701: Found "OK"
Baudrate is correct, entering bypass mode for DAQ
Sending command ATD00019525dfd8
709: Resetting setup timeout at 17078 changing from Reset to Connect
4:  Done parsing command in Reset
99: Parsing string OK in state Connect
Didn't find CONNECT in OK
113:  Done parsing command in Connect
1052: Parsing string CONNECT 00019525DFD8 in state Connect
1055: Found "CONNECT"; trying to configure system
1058: Configuring system.
 Queuing message 0x63 ackSize 1
1061: Sending stop scanning command
 Queuing message 0x10 ackSize 2
 Queuing message 0x20 ackSize 7
1173: I2C scan list configured
1177: Configuring Scan Lists
 Queuing message 0x25 ackSize 3
1187: Scan length lists set
 Queuing message 0x33 ackSize 2
1198: Setting up all of the passthru commands
Device 0 (I2C Addr = 1): DacCurrent = 50, ScanCount = 20, AveLength = 3
Passing through cmd 8 to 0
 Queuing message 0x40 ackSize 5
Passing through cmd 5 to 0
 Queuing message 0x40 ackSize 6
Passing through cmd 6 to 0
 Queuing message 0x40 ackSize 6
Passing through cmd 7 to 0
 Queuing message 0x40 ackSize 6
Device 1 (I2C Addr = 2): DacCurrent = 50, ScanCount = 20, AveLength = 3
Passing through cmd 8 to 1
 Queuing message 0x40 ackSize 5
Passing through cmd 5 to 1
 Queuing message 0x40 ackSize 6
Passing through cmd 6 to 1
 Queuing message 0x40 ackSize 6
Passing through cmd 7 to 1
 Queuing message 0x40 ackSize 6
Passing through cmd 1 to 255
 Queuing message 0x40 ackSize 5
2657: Requested continuous frames
 Queuing message 0x11 ackSize 3
 Queuing message 0x10 ackSize 2
2673: Resetting setup timeout at 19754 changing from Connect to DAQ
9:  Done parsing command in Connect
Successfully sent message 0x63 with 1 bytes at 19.786s (16 remain)
Timeout waiting for ACK of 0x63 at 19.993
Successfully sent message 0x10 with 2 bytes at 20.001s (15 remain)
Timeout waiting for ACK of 0x10 at 20.205
Successfully sent message 0x20 with 7 bytes at 20.211s (14 remain)

 --Protocol Rev change was:0 now: 4--
 ACK Mismatch: Received 0x63 while waiting for 0x20
Timeout waiting for ACK of 0x20 at 20.415
Successfully sent message 0x20 with 7 bytes at 20.423s (13 remain)
 ACKing cmd 0x20; 13 remain
Successfully sent message 0x25 with 3 bytes at 20.515s (13 remain)
 ACKing cmd 0x25; 12 remain
Successfully sent message 0x33 with 2 bytes at 20.592s (12 remain)
 ACKing cmd 0x33; 11 remain
Successfully sent message 0x40 with 5 bytes at 20.656s (11 remain)
 ACKing cmd 0x40; 10 remain
Successfully sent message 0x40 with 6 bytes at 20.721s (10 remain)
 ACKing cmd 0x40; 9 remain
Successfully sent message 0x40 with 6 bytes at 20.8s (9 remain)
 ACKing cmd 0x40; 8 remain
Successfully sent message 0x40 with 6 bytes at 20.863s (8 remain)
 ACKing cmd 0x40; 7 remain
Successfully sent message 0x40 with 5 bytes at 20.944s (7 remain)
 ACKing cmd 0x40; 6 remain
Successfully sent message 0x40 with 6 bytes at 21.023s (6 remain)
 ACKing cmd 0x40; 5 remain
Successfully sent message 0x40 with 6 bytes at 21.103s (5 remain)
 ACKing cmd 0x40; 4 remain
Successfully sent message 0x40 with 6 bytes at 21.183s (4 remain)
 ACKing cmd 0x40; 3 remain
Successfully sent message 0x40 with 5 bytes at 21.263s (3 remain)
 ACKing cmd 0x40; 2 remain
Successfully sent message 0x11 with 3 bytes at 21.344s (2 remain)
 ACKing cmd 0x11; 1 remain
Successfully sent message 0x10 with 2 bytes at 21.423s (1 remain)
 ACKing cmd 0x10; 0 remain
1728: 10 received, but 26 are needed for a full frame. Flushing.
23377: Sending stop scanning command
Successfully sent message 0x10 with 2 bytes at 43.139s (0 remain)
Sending command +++
Finished escape sequence. Now disconnecting hardware
Sending command ATH
Successfully disconnected from Bluetooth
24265: Deleting D600 Object
