Log file F:\Unity projects\SensorTestProject\log\D600_000000000F0E9490.log created on 2020-03-30 at 06:26:08 344594773: RecordSize = 12 (2 I2C dev, 0 SPI dev)
344594780: Mapped RecordSize = 12
Trying to connect to Bluetooth Serial Device
Currently in state 1, so releasing existing hardware...done.
344594883: Searching 3 ports
Trying to open COM3 at 921600 baud
Sending command +++AT
Failed reading a string from COM port after 21 tries. FIFO size = 0
Failed getting response from port 3
Trying to open COM3 at 9600 baud
Sending command +++AT
Failed reading a string from COM port after 21 tries. FIFO size = 0
Failed getting response from port 3
Trying to open COM4 at 921600 baud
Sending command +++AT
ERROR: IO Error sending command string "+++AT" to Bluetooth dongle
Failed reading a string from COM port after 21 tries. FIFO size = 0
Failed getting response from port 4
Trying to open COM4 at 9600 baud
Sending command +++AT
ERROR: IO Error sending command string "+++AT" to Bluetooth dongle
Failed reading a string from COM port after 21 tries. FIFO size = 0
Failed getting response from port 4
Trying to open COM5 at 921600 baud
Sending command +++AT
Read "ERROR"  from port 5
Matched ERROR, Connected to COM5 at 921600 baud
344598484: Found port 921600 at baudrate 921600
344598489: Configuring: sending reset command
Sending command ATZ
Start configuring at 344598498
702: Parsing string OK in state Reset
708: Found "OK"
Baudrate is correct, entering bypass mode for DAQ
Sending command ATD00019525dfd8
722: Resetting setup timeout at 344599222 changing from Reset to Connect
5:  Done parsing command in Reset
90: Parsing string OK in state Connect
Didn't find CONNECT in OK
99:  Done parsing command in Connect
1133: Parsing string CONNECT 00019525DFD8 in state Connect
1138: Found "CONNECT"; trying to configure system
1143: Configuring system.
 Queuing message 0x63 ackSize 1
1149: Sending stop scanning command
 Queuing message 0x10 ackSize 2
 Queuing message 0x20 ackSize 7
1259: I2C scan list configured
1261: Configuring Scan Lists
 Queuing message 0x25 ackSize 3
1268: Scan length lists set
 Queuing message 0x33 ackSize 2
1274: Setting up all of the passthru commands
Device 0 (I2C Addr = 1): DacCurrent = 50, ScanCount = 20, AveLength = 3
Passing through cmd 8 to 0
 Queuing message 0x40 ackSize 5
Passing through cmd 5 to 0
 Queuing message 0x40 ackSize 6
Passing through cmd 6 to 0
 Queuing message 0x40 ackSize 6
Passing through cmd 7 to 0
 Queuing message 0x40 ackSize 6
Device 1 (I2C Addr = 2): DacCurrent = 50, ScanCount = 20, AveLength = 3
Passing through cmd 8 to 1
 Queuing message 0x40 ackSize 5
Passing through cmd 5 to 1
 Queuing message 0x40 ackSize 6
Passing through cmd 6 to 1
 Queuing message 0x40 ackSize 6
Passing through cmd 7 to 1
 Queuing message 0x40 ackSize 6
Passing through cmd 1 to 255
 Queuing message 0x40 ackSize 5
2670: Requested continuous frames
 Queuing message 0x11 ackSize 3
 Queuing message 0x10 ackSize 2
2679: Resetting setup timeout at 344601902 changing from Connect to DAQ
6:  Done parsing command in Connect
Successfully sent message 0x63 with 1 bytes at 344602s (16 remain)
Timeout waiting for ACK of 0x63 at 344602
Successfully sent message 0x10 with 2 bytes at 344602s (15 remain)
Timeout waiting for ACK of 0x10 at 344602
Successfully sent message 0x20 with 7 bytes at 344602s (14 remain)
Timeout waiting for ACK of 0x20 at 344603
Successfully sent message 0x25 with 3 bytes at 344603s (13 remain)
Timeout waiting for ACK of 0x25 at 344603
Successfully sent message 0x33 with 2 bytes at 344603s (12 remain)
Timeout waiting for ACK of 0x33 at 344603
Successfully sent message 0x40 with 5 bytes at 344603s (11 remain)
Timeout waiting for ACK of 0x40 at 344603
Successfully sent message 0x40 with 6 bytes at 344603s (10 remain)
Timeout waiting for ACK of 0x40 at 344603
Successfully sent message 0x40 with 6 bytes at 344603s (9 remain)
Timeout waiting for ACK of 0x40 at 344604
Successfully sent message 0x40 with 6 bytes at 344604s (8 remain)
Timeout waiting for ACK of 0x40 at 344604
Successfully sent message 0x40 with 5 bytes at 344604s (7 remain)
Timeout waiting for ACK of 0x40 at 344604
Successfully sent message 0x40 with 6 bytes at 344604s (6 remain)
Timeout waiting for ACK of 0x40 at 344604
Successfully sent message 0x40 with 6 bytes at 344604s (5 remain)
Timeout waiting for ACK of 0x40 at 344605
Successfully sent message 0x40 with 6 bytes at 344605s (4 remain)
Timeout waiting for ACK of 0x40 at 344605
Successfully sent message 0x40 with 5 bytes at 344605s (3 remain)
Timeout waiting for ACK of 0x40 at 344605
Successfully sent message 0x11 with 3 bytes at 344605s (2 remain)
Timeout waiting for ACK of 0x11 at 344605
Successfully sent message 0x10 with 2 bytes at 344605s (1 remain)
Timeout waiting for ACK of 0x10 at 344605
4000: Timeout 4000 waiting for data from 4294967295 to 4005
ERROR: Timeout waiting for new data. This is most likely due 
to a Bluetooth connection issue due to interference, 
a low battery, or being out of range. Check that the 
battery is charged, and possibly try moving closer to the 
computer.
4010: Sending stop scanning command
Successfully sent message 0x10 with 2 bytes at 344606s (0 remain)
Sending command +++
Finished escape sequence. Now disconnecting hardware
Sending command ATH
Successfully disconnected from Bluetooth
4863: Deleting D600 Object
