Log file D:\Myeongjin\projects\SensorTestProject\log\D600_0000000041B29DD0.log created on 2020-03-04 at 12:34:43 PM
System Logging Level = 2
7381155: RecordSize = 12 (2 I2C dev, 0 SPI dev)
7381170: Mapped RecordSize = 12
Trying to connect to Bluetooth Serial Device
Currently in state 1, so releasing existing hardware...done.
7381387: Searching 1 ports
Trying to open COM7 at 921600 baud
Sending command +++AT
Read "ERROR"  from port 7
Matched ERROR, Connected to COM7 at 921600 baud
7381536: Found port 921600 at baudrate 921600
7381547: Configuring: sending reset command
Sending command ATZ
Start configuring at 7381570
700: Parsing string OK in state Reset
711: Found "OK"
Baudrate is correct, entering bypass mode for DAQ
Sending command ATD00019525dfd8
740: Resetting setup timeout at 7382313 changing from Reset to Connect
11:  Done parsing command in Reset
85: Parsing string OK in state Connect
Didn't find CONNECT in OK
104:  Done parsing command in Connect
1061: Parsing string CONNECT 00019525DFD8 in state Connect
1072: Found "CONNECT"; trying to configure system
1082: Configuring system.
 Queuing message 0x63 ackSize 1
1099: Sending stop scanning command
 Queuing message 0x10 ackSize 2
 Queuing message 0x20 ackSize 7
1230: I2C scan list configured
1235: Configuring Scan Lists
 Queuing message 0x25 ackSize 3
1250: Scan length lists set
 Queuing message 0x33 ackSize 2
1266: Setting up all of the passthru commands
Device 0 (I2C Addr = 1): DacCurrent = 50, ScanCount = 20, AveLength = 3
Passing through cmd 8 to 0
 Queuing message 0x40 ackSize 5
Passing through cmd 5 to 0
 Queuing message 0x40 ackSize 6
Passing through cmd 6 to 0
 Queuing message 0x40 ackSize 6
Passing through cmd 7 to 0
 Queuing message 0x40 ackSize 6
Device 1 (I2C Addr = 2): DacCurrent = 50, ScanCount = 20, AveLength = 3
Passing through cmd 8 to 1
 Queuing message 0x40 ackSize 5
Passing through cmd 5 to 1
 Queuing message 0x40 ackSize 6
Passing through cmd 6 to 1
 Queuing message 0x40 ackSize 6
Passing through cmd 7 to 1
 Queuing message 0x40 ackSize 6
Passing through cmd 1 to 255
 Queuing message 0x40 ackSize 5
2779: Requested continuous frames
 Queuing message 0x11 ackSize 3
 Queuing message 0x10 ackSize 2
2807: Resetting setup timeout at 7385123 changing from Connect to DAQ
11:  Done parsing command in Connect
Successfully sent message 0x63 with 1 bytes at 7385.17s (16 remain)
Timeout waiting for ACK of 0x63 at 7385.38
Successfully sent message 0x10 with 2 bytes at 7385.41s (15 remain)
Timeout waiting for ACK of 0x10 at 7385.62
Successfully sent message 0x20 with 7 bytes at 7385.65s (14 remain)

 --Protocol Rev change was:0 now: 4--
 ACK Mismatch: Received 0x63 while waiting for 0x20
Timeout waiting for ACK of 0x20 at 7385.86
Successfully sent message 0x20 with 7 bytes at 7385.89s (13 remain)
 ACKing cmd 0x20; 13 remain
Successfully sent message 0x25 with 3 bytes at 7385.99s (13 remain)
 ACKing cmd 0x25; 12 remain
Successfully sent message 0x33 with 2 bytes at 7386.07s (12 remain)
 ACKing cmd 0x33; 11 remain
Successfully sent message 0x40 with 5 bytes at 7386.17s (11 remain)
 ACKing cmd 0x40; 10 remain
Successfully sent message 0x40 with 6 bytes at 7386.26s (10 remain)
 ACKing cmd 0x40; 9 remain
Successfully sent message 0x40 with 6 bytes at 7386.36s (9 remain)
 ACKing cmd 0x40; 8 remain
Successfully sent message 0x40 with 6 bytes at 7386.46s (8 remain)
 ACKing cmd 0x40; 7 remain
Successfully sent message 0x40 with 5 bytes at 7386.57s (7 remain)
 ACKing cmd 0x40; 6 remain
Successfully sent message 0x40 with 6 bytes at 7386.68s (6 remain)
 ACKing cmd 0x40; 5 remain
Successfully sent message 0x40 with 6 bytes at 7386.78s (5 remain)
 ACKing cmd 0x40; 4 remain
Successfully sent message 0x40 with 6 bytes at 7386.87s (4 remain)
 ACKing cmd 0x40; 3 remain
Successfully sent message 0x40 with 5 bytes at 7386.99s (3 remain)
 ACKing cmd 0x40; 2 remain
Successfully sent message 0x11 with 3 bytes at 7387.08s (2 remain)
 ACKing cmd 0x11; 1 remain
Successfully sent message 0x10 with 2 bytes at 7387.18s (1 remain)
 ACKing cmd 0x10; 0 remain
2109: 10 received, but 26 are needed for a full frame. Flushing.
15036: Sending stop scanning command
Successfully sent message 0x10 with 2 bytes at 7400.19s (0 remain)
Sending command +++
Finished escape sequence. Now disconnecting hardware
Sending command ATH
Successfully disconnected from Bluetooth
15921: Deleting D600 Object
