Log file D:\Myeongjin\SensorTestProject\log\D600_000000004F5C9F80.log created on 2020-05-27 at 12:35:30 PM
System Logging Level = 2
72856793: RecordSize = 12 (2 I2C dev, 0 SPI dev)
72856838: Mapped RecordSize = 12
Trying to connect to Bluetooth Serial Device
Currently in state 1, so releasing existing hardware...done.
72857474: Searching 1 ports
Trying to open COM3 at 921600 baud
Sending command +++AT
Read "ERROR"  from port 3
Matched ERROR, Connected to COM3 at 921600 baud
72857775: Found port 921600 at baudrate 921600
72857800: Configuring: sending reset command
Sending command ATZ
Start configuring at 72857866
699: Parsing string OK in state Reset
737: Found "OK"
Baudrate is correct, entering bypass mode for DAQ
Sending command ATD00019525dfd8
816: Resetting setup timeout at 72858692 changing from Reset to Connect
34:  Done parsing command in Reset
80: Parsing string OK in state Connect
Didn't find CONNECT in OK
136:  Done parsing command in Connect
926: Parsing string CONNECT 00019525DFD8 in state Connect
958: Found "CONNECT"; trying to configure system
982: Configuring system.
 Queuing message 0x63 ackSize 1
1020: Sending stop scanning command
 Queuing message 0x10 ackSize 2
 Queuing message 0x20 ackSize 7
1185: I2C scan list configured
1199: Configuring Scan Lists
 Queuing message 0x25 ackSize 3
1237: Scan length lists set
 Queuing message 0x33 ackSize 2
1276: Setting up all of the passthru commands
Device 0 (I2C Addr = 1): DacCurrent = 50, ScanCount = 20, AveLength = 3
Passing through cmd 8 to 0
 Queuing message 0x40 ackSize 5
Passing through cmd 5 to 0
 Queuing message 0x40 ackSize 6
Passing through cmd 6 to 0
 Queuing message 0x40 ackSize 6
Passing through cmd 7 to 0
 Queuing message 0x40 ackSize 6
Device 1 (I2C Addr = 2): DacCurrent = 50, ScanCount = 20, AveLength = 3
Passing through cmd 8 to 1
 Queuing message 0x40 ackSize 5
Passing through cmd 5 to 1
 Queuing message 0x40 ackSize 6
Passing through cmd 6 to 1
 Queuing message 0x40 ackSize 6
Passing through cmd 7 to 1
 Queuing message 0x40 ackSize 6
Passing through cmd 1 to 255
 Queuing message 0x40 ackSize 5
3195: Requested continuous frames
 Queuing message 0x11 ackSize 3
 Queuing message 0x10 ackSize 2
3259: Resetting setup timeout at 72861961 changing from Connect to DAQ
38:  Done parsing command in Connect
Successfully sent message 0x63 with 1 bytes at 72862.1s (16 remain)
Timeout waiting for ACK of 0x63 at 72862.3
Successfully sent message 0x10 with 2 bytes at 72862.4s (15 remain)
Timeout waiting for ACK of 0x10 at 72862.6
Successfully sent message 0x20 with 7 bytes at 72862.7s (14 remain)
Timeout waiting for ACK of 0x20 at 72862.9
Successfully sent message 0x25 with 3 bytes at 72863s (13 remain)
Timeout waiting for ACK of 0x25 at 72863.2
Successfully sent message 0x33 with 2 bytes at 72863.3s (12 remain)
Timeout waiting for ACK of 0x33 at 72863.6
Successfully sent message 0x40 with 5 bytes at 72863.6s (11 remain)
Timeout waiting for ACK of 0x40 at 72863.9
Successfully sent message 0x40 with 6 bytes at 72864s (10 remain)
Timeout waiting for ACK of 0x40 at 72864.2
Successfully sent message 0x40 with 6 bytes at 72864.3s (9 remain)
Timeout waiting for ACK of 0x40 at 72864.5
Successfully sent message 0x40 with 6 bytes at 72864.6s (8 remain)
Timeout waiting for ACK of 0x40 at 72864.8
Successfully sent message 0x40 with 5 bytes at 72864.9s (7 remain)
Timeout waiting for ACK of 0x40 at 72865.1
Successfully sent message 0x40 with 6 bytes at 72865.2s (6 remain)
Timeout waiting for ACK of 0x40 at 72865.5
Successfully sent message 0x40 with 6 bytes at 72865.6s (5 remain)
Timeout waiting for ACK of 0x40 at 72865.8
Successfully sent message 0x40 with 6 bytes at 72865.9s (4 remain)
3991: Timeout 4000 waiting for data from 4294967286 to 4017
ERROR: Timeout waiting for new data. This is most likely due 
to a Bluetooth connection issue due to interference, 
a low battery, or being out of range. Check that the 
battery is charged, and possibly try moving closer to the 
computer.
4065: Sending stop scanning command
Successfully sent message 0x10 with 2 bytes at 72866.1s (3 remain)
Sending command +++
Finished escape sequence. Now disconnecting hardware
Sending command ATH
Successfully disconnected from Bluetooth
5247: Deleting D600 Object
