Log file D:\Myeongjin\SensorTestProject\log\D600_00000000444D9F40.log created on 2020-12-16 at 03:49:21 PM
System Logging Level = 2
296224: RecordSize = 12 (2 I2C dev, 0 SPI dev)
296226: Mapped RecordSize = 12
Trying to connect to Bluetooth Serial Device
Currently in state 1, so releasing existing hardware...done.
296248: Searching 1 ports
Trying to open COM3 at 921600 baud
Sending command +++AT
Read "ERROR"  from port 3
Matched ERROR, Connected to COM3 at 921600 baud
296339: Found port 921600 at baudrate 921600
296340: Configuring: sending reset command
Sending command ATZ
Start configuring at 296343
703: Parsing string OK in state Reset
704: Found "OK"
Baudrate is correct, entering bypass mode for DAQ
Sending command ATD00019525dfd8
706: Resetting setup timeout at 297050 changing from Reset to Connect
1:  Done parsing command in Reset
108: Parsing string OK in state Connect
Didn't find CONNECT in OK
110:  Done parsing command in Connect
1053: Parsing string CONNECT 00019525DFD8 in state Connect
1054: Found "CONNECT"; trying to configure system
1054: Configuring system.
 Queuing message 0x63 ackSize 1
1055: Sending stop scanning command
 Queuing message 0x10 ackSize 2
 Queuing message 0x20 ackSize 7
1158: I2C scan list configured
1158: Configuring Scan Lists
 Queuing message 0x25 ackSize 3
1160: Scan length lists set
 Queuing message 0x33 ackSize 2
1161: Setting up all of the passthru commands
Device 0 (I2C Addr = 1): DacCurrent = 50, ScanCount = 20, AveLength = 3
Passing through cmd 8 to 0
 Queuing message 0x40 ackSize 5
Passing through cmd 5 to 0
 Queuing message 0x40 ackSize 6
Passing through cmd 6 to 0
 Queuing message 0x40 ackSize 6
Passing through cmd 7 to 0
 Queuing message 0x40 ackSize 6
Device 1 (I2C Addr = 2): DacCurrent = 50, ScanCount = 20, AveLength = 3
Passing through cmd 8 to 1
 Queuing message 0x40 ackSize 5
Passing through cmd 5 to 1
 Queuing message 0x40 ackSize 6
Passing through cmd 6 to 1
 Queuing message 0x40 ackSize 6
Passing through cmd 7 to 1
 Queuing message 0x40 ackSize 6
Passing through cmd 1 to 255
 Queuing message 0x40 ackSize 5
2483: Requested continuous frames
 Queuing message 0x11 ackSize 3
 Queuing message 0x10 ackSize 2
2485: Resetting setup timeout at 299535 changing from Connect to DAQ
0:  Done parsing command in Connect
Successfully sent message 0x63 with 1 bytes at 299.537s (16 remain)
Timeout waiting for ACK of 0x63 at 299.739
Successfully sent message 0x10 with 2 bytes at 299.742s (15 remain)
Timeout waiting for ACK of 0x10 at 299.944
Successfully sent message 0x20 with 7 bytes at 299.947s (14 remain)
Timeout waiting for ACK of 0x20 at 300.148
Successfully sent message 0x25 with 3 bytes at 300.15s (13 remain)
Timeout waiting for ACK of 0x25 at 300.352
Successfully sent message 0x33 with 2 bytes at 300.355s (12 remain)
Timeout waiting for ACK of 0x33 at 300.556
Successfully sent message 0x40 with 5 bytes at 300.56s (11 remain)
Timeout waiting for ACK of 0x40 at 300.761
Successfully sent message 0x40 with 6 bytes at 300.764s (10 remain)
Timeout waiting for ACK of 0x40 at 300.966
Successfully sent message 0x40 with 6 bytes at 300.968s (9 remain)
Timeout waiting for ACK of 0x40 at 301.17
Successfully sent message 0x40 with 6 bytes at 301.172s (8 remain)
Timeout waiting for ACK of 0x40 at 301.374
Successfully sent message 0x40 with 5 bytes at 301.376s (7 remain)
Timeout waiting for ACK of 0x40 at 301.578
Successfully sent message 0x40 with 6 bytes at 301.581s (6 remain)
Timeout waiting for ACK of 0x40 at 301.782
Successfully sent message 0x40 with 6 bytes at 301.784s (5 remain)

 --Protocol Rev change was:0 now: 4--
 ACK Mismatch: Received 0x40 while waiting for 0x40
Timeout waiting for ACK of 0x40 at 301.986
Successfully sent message 0x40 with 6 bytes at 301.988s (4 remain)
Timeout waiting for ACK of 0x40 at 302.189
Successfully sent message 0x40 with 6 bytes at 302.192s (4 remain)
Timeout waiting for ACK of 0x40 at 302.394
Successfully sent message 0x40 with 6 bytes at 302.397s (4 remain)
Timeout waiting for ACK of 0x40 at 302.599
Tried 3 times to send 0x40 without success
ERROR: Error sending data to the PPS electronics. The most likely cause is the electronics being switched off, the battery running down, or interference/range issues with Bluetooth. Please check the connection and try again.
3065: Sending stop scanning command
Successfully sent message 0x10 with 2 bytes at 302.603s (4 remain)
Sending command +++
Finished escape sequence. Now disconnecting hardware
Sending command ATH
Successfully disconnected from Bluetooth
3840: Deleting D600 Object
