Log file D:\Myeongjin\SensorTestProject\log\D600_000000004C379F40.log created on 2020-12-16 at 03:51:09 PM
System Logging Level = 2
404221: RecordSize = 12 (2 I2C dev, 0 SPI dev)
404222: Mapped RecordSize = 12
Trying to connect to Bluetooth Serial Device
Currently in state 1, so releasing existing hardware...done.
404245: Searching 1 ports
Trying to open COM3 at 921600 baud
Sending command +++AT
Read "ERROR"  from port 3
Matched ERROR, Connected to COM3 at 921600 baud
404338: Found port 921600 at baudrate 921600
404339: Configuring: sending reset command
Sending command ATZ
Start configuring at 404341
702: Parsing string OK in state Reset
703: Found "OK"
Baudrate is correct, entering bypass mode for DAQ
Sending command ATD00019525dfd8
706: Resetting setup timeout at 405048 changing from Reset to Connect
1:  Done parsing command in Reset
107: Parsing string OK in state Connect
Didn't find CONNECT in OK
109:  Done parsing command in Connect
1305: Parsing string CONNECT 00019525DFD8 in state Connect
1306: Found "CONNECT"; trying to configure system
1307: Configuring system.
 Queuing message 0x63 ackSize 1
1308: Sending stop scanning command
 Queuing message 0x10 ackSize 2
 Queuing message 0x20 ackSize 7
1410: I2C scan list configured
1410: Configuring Scan Lists
 Queuing message 0x25 ackSize 3
1411: Scan length lists set
 Queuing message 0x33 ackSize 2
1412: Setting up all of the passthru commands
Device 0 (I2C Addr = 1): DacCurrent = 50, ScanCount = 20, AveLength = 3
Passing through cmd 8 to 0
 Queuing message 0x40 ackSize 5
Passing through cmd 5 to 0
 Queuing message 0x40 ackSize 6
Passing through cmd 6 to 0
 Queuing message 0x40 ackSize 6
Passing through cmd 7 to 0
 Queuing message 0x40 ackSize 6
Device 1 (I2C Addr = 2): DacCurrent = 50, ScanCount = 20, AveLength = 3
Passing through cmd 8 to 1
 Queuing message 0x40 ackSize 5
Passing through cmd 5 to 1
 Queuing message 0x40 ackSize 6
Passing through cmd 6 to 1
 Queuing message 0x40 ackSize 6
Passing through cmd 7 to 1
 Queuing message 0x40 ackSize 6
Passing through cmd 1 to 255
 Queuing message 0x40 ackSize 5
2736: Requested continuous frames
 Queuing message 0x11 ackSize 3
 Queuing message 0x10 ackSize 2
2737: Resetting setup timeout at 407786 changing from Connect to DAQ
0:  Done parsing command in Connect
Successfully sent message 0x63 with 1 bytes at 407.789s (16 remain)
Timeout waiting for ACK of 0x63 at 407.99
Successfully sent message 0x10 with 2 bytes at 407.992s (15 remain)
Timeout waiting for ACK of 0x10 at 408.194
Successfully sent message 0x20 with 7 bytes at 408.197s (14 remain)
Timeout waiting for ACK of 0x20 at 408.399
Successfully sent message 0x25 with 3 bytes at 408.402s (13 remain)
Timeout waiting for ACK of 0x25 at 408.605
Successfully sent message 0x33 with 2 bytes at 408.607s (12 remain)
Timeout waiting for ACK of 0x33 at 408.832
Successfully sent message 0x40 with 5 bytes at 408.885s (11 remain)
Timeout waiting for ACK of 0x40 at 409.087
Successfully sent message 0x40 with 6 bytes at 409.09s (10 remain)
Timeout waiting for ACK of 0x40 at 409.291
Successfully sent message 0x40 with 6 bytes at 409.293s (9 remain)
Timeout waiting for ACK of 0x40 at 409.495
Successfully sent message 0x40 with 6 bytes at 409.497s (8 remain)
Timeout waiting for ACK of 0x40 at 409.699
Successfully sent message 0x40 with 5 bytes at 409.702s (7 remain)
Timeout waiting for ACK of 0x40 at 409.903
Successfully sent message 0x40 with 6 bytes at 409.906s (6 remain)
Timeout waiting for ACK of 0x40 at 410.107
Successfully sent message 0x40 with 6 bytes at 410.11s (5 remain)
Timeout waiting for ACK of 0x40 at 410.311
Successfully sent message 0x40 with 6 bytes at 410.314s (4 remain)
Timeout waiting for ACK of 0x40 at 410.515
Successfully sent message 0x40 with 5 bytes at 410.517s (3 remain)
Timeout waiting for ACK of 0x40 at 410.719
Successfully sent message 0x11 with 3 bytes at 410.722s (2 remain)
Timeout waiting for ACK of 0x11 at 410.923
Successfully sent message 0x10 with 2 bytes at 410.926s (1 remain)
Timeout waiting for ACK of 0x10 at 411.128
4000: Timeout 4000 waiting for data from 4294967295 to 4001
ERROR: Timeout waiting for new data. This is most likely due 
to a Bluetooth connection issue due to interference, 
a low battery, or being out of range. Check that the 
battery is charged, and possibly try moving closer to the 
computer.
4002: Sending stop scanning command
Successfully sent message 0x10 with 2 bytes at 411.791s (0 remain)
Sending command +++
Finished escape sequence. Now disconnecting hardware
Sending command ATH
Successfully disconnected from Bluetooth
4783: Deleting D600 Object
