Log file D:\Myeongjin\SensorTestProject\log\D600_000000003A90A090.log created on 2021-01-21 at 12:58:13 PM
System Logging Level = 2
114961: RecordSize = 12 (2 I2C dev, 0 SPI dev)
114995: Mapped RecordSize = 12
Trying to connect to Bluetooth Serial Device
Currently in state 1, so releasing existing hardware...done.
115499: Searching 1 ports
Trying to open COM3 at 921600 baud
Sending command +++AT
Read "ERROR"  from port 3
Matched ERROR, Connected to COM3 at 921600 baud
115790: Found port 921600 at baudrate 921600
115815: Configuring: sending reset command
Sending command ATZ
Start configuring at 115871
698: Parsing string OK in state Reset
735: Found "OK"
Baudrate is correct, entering bypass mode for DAQ
Sending command ATD00019525dfd8
817: Resetting setup timeout at 116698 changing from Reset to Connect
29:  Done parsing command in Reset
78: Parsing string OK in state Connect
Didn't find CONNECT in OK
128:  Done parsing command in Connect
890: Parsing string CONNECT 00019525DFD8 in state Connect
920: Found "CONNECT"; trying to configure system
941: Configuring system.
 Queuing message 0x63 ackSize 1
972: Sending stop scanning command
 Queuing message 0x10 ackSize 2
 Queuing message 0x20 ackSize 7
1134: I2C scan list configured
1147: Configuring Scan Lists
 Queuing message 0x25 ackSize 3
1181: Scan length lists set
 Queuing message 0x33 ackSize 2
1217: Setting up all of the passthru commands
Device 0 (I2C Addr = 1): DacCurrent = 50, ScanCount = 20, AveLength = 3
Passing through cmd 8 to 0
 Queuing message 0x40 ackSize 5
Passing through cmd 5 to 0
 Queuing message 0x40 ackSize 6
Passing through cmd 6 to 0
 Queuing message 0x40 ackSize 6
Passing through cmd 7 to 0
 Queuing message 0x40 ackSize 6
Device 1 (I2C Addr = 2): DacCurrent = 50, ScanCount = 20, AveLength = 3
Passing through cmd 8 to 1
 Queuing message 0x40 ackSize 5
Passing through cmd 5 to 1
 Queuing message 0x40 ackSize 6
Passing through cmd 6 to 1
 Queuing message 0x40 ackSize 6
Passing through cmd 7 to 1
 Queuing message 0x40 ackSize 6
Passing through cmd 1 to 255
 Queuing message 0x40 ackSize 5
3079: Requested continuous frames
 Queuing message 0x11 ackSize 3
 Queuing message 0x10 ackSize 2
3140: Resetting setup timeout at 119847 changing from Connect to DAQ
31:  Done parsing command in Connect
Successfully sent message 0x63 with 1 bytes at 119.957s (16 remain)
Timeout waiting for ACK of 0x63 at 120.192
Successfully sent message 0x10 with 2 bytes at 120.262s (15 remain)
Timeout waiting for ACK of 0x10 at 120.491
Successfully sent message 0x20 with 7 bytes at 120.564s (14 remain)

 --Protocol Rev change was:0 now: 4--
 ACK Mismatch: Received 0x63 while waiting for 0x20
Timeout waiting for ACK of 0x20 at 120.799
Successfully sent message 0x20 with 7 bytes at 120.869s (13 remain)
 ACKing cmd 0x20; 13 remain
Successfully sent message 0x25 with 3 bytes at 121.001s (13 remain)
 ACKing cmd 0x25; 12 remain
Successfully sent message 0x33 with 2 bytes at 121.135s (12 remain)
 ACKing cmd 0x33; 11 remain
Successfully sent message 0x40 with 5 bytes at 121.258s (11 remain)
 ACKing cmd 0x40; 10 remain
Successfully sent message 0x40 with 6 bytes at 121.386s (10 remain)
 ACKing cmd 0x40; 9 remain
Successfully sent message 0x40 with 6 bytes at 121.512s (9 remain)
 ACKing cmd 0x40; 8 remain
Successfully sent message 0x40 with 6 bytes at 121.64s (8 remain)
 ACKing cmd 0x40; 7 remain
Successfully sent message 0x40 with 5 bytes at 121.77s (7 remain)
 ACKing cmd 0x40; 6 remain
Successfully sent message 0x40 with 6 bytes at 121.896s (6 remain)
 ACKing cmd 0x40; 5 remain
Successfully sent message 0x40 with 6 bytes at 122.025s (5 remain)
 ACKing cmd 0x40; 4 remain
Successfully sent message 0x40 with 6 bytes at 122.151s (4 remain)
 ACKing cmd 0x40; 3 remain
Successfully sent message 0x40 with 5 bytes at 122.301s (3 remain)
 ACKing cmd 0x40; 2 remain
Successfully sent message 0x11 with 3 bytes at 122.427s (2 remain)
 ACKing cmd 0x11; 1 remain
Successfully sent message 0x10 with 2 bytes at 122.553s (1 remain)
 ACKing cmd 0x10; 0 remain
2774: 10 received, but 26 are needed for a full frame. Flushing.
137015: Sending stop scanning command
Successfully sent message 0x10 with 2 bytes at 256.952s (0 remain)
Sending command +++
Finished escape sequence. Now disconnecting hardware
Sending command ATH
Successfully disconnected from Bluetooth
138152: Deleting D600 Object
