Log file D:\Myeongjin\SensorTestProject\log\D600_000002C58152A0D0.log created on 2021-03-24 at 02:15:10 PM
System Logging Level = 2
16063: RecordSize = 12 (2 I2C dev, 0 SPI dev)
16097: Mapped RecordSize = 12
Trying to connect to Bluetooth Serial Device
Currently in state 1, so releasing existing hardware...done.
17235: Searching 1 ports
Trying to open COM3 at 921600 baud
Sending command +++AT
Read "ERROR"  from port 3
Matched ERROR, Connected to COM3 at 921600 baud
17498: Found port 921600 at baudrate 921600
17521: Configuring: sending reset command
Sending command ATZ
Start configuring at 17575
700: Parsing string OK in state Reset
728: Found "OK"
Baudrate is correct, entering bypass mode for DAQ
Sending command ATD00019525dfd8
796: Resetting setup timeout at 18378 changing from Reset to Connect
29:  Done parsing command in Reset
89: Parsing string OK in state Connect
Didn't find CONNECT in OK
136:  Done parsing command in Connect
851: Parsing string CONNECT 00019525DFD8 in state Connect
881: Found "CONNECT"; trying to configure system
901: Configuring system.
 Queuing message 0x63 ackSize 1
930: Sending stop scanning command
 Queuing message 0x10 ackSize 2
 Queuing message 0x20 ackSize 7
1088: I2C scan list configured
1101: Configuring Scan Lists
 Queuing message 0x25 ackSize 3
1135: Scan length lists set
 Queuing message 0x33 ackSize 2
1167: Setting up all of the passthru commands
Device 0 (I2C Addr = 1): DacCurrent = 50, ScanCount = 20, AveLength = 3
Passing through cmd 8 to 0
 Queuing message 0x40 ackSize 5
Passing through cmd 5 to 0
 Queuing message 0x40 ackSize 6
Passing through cmd 6 to 0
 Queuing message 0x40 ackSize 6
Passing through cmd 7 to 0
 Queuing message 0x40 ackSize 6
Device 1 (I2C Addr = 2): DacCurrent = 50, ScanCount = 20, AveLength = 3
Passing through cmd 8 to 1
 Queuing message 0x40 ackSize 5
Passing through cmd 5 to 1
 Queuing message 0x40 ackSize 6
Passing through cmd 6 to 1
 Queuing message 0x40 ackSize 6
Passing through cmd 7 to 1
 Queuing message 0x40 ackSize 6
Passing through cmd 1 to 255
 Queuing message 0x40 ackSize 5
2979: Requested continuous frames
 Queuing message 0x11 ackSize 3
 Queuing message 0x10 ackSize 2
3036: Resetting setup timeout at 21422 changing from Connect to DAQ
31:  Done parsing command in Connect
Successfully sent message 0x63 with 1 bytes at 21.526s (16 remain)
Timeout waiting for ACK of 0x63 at 21.754
Successfully sent message 0x10 with 2 bytes at 21.821s (15 remain)
Timeout waiting for ACK of 0x10 at 22.048
Successfully sent message 0x20 with 7 bytes at 22.115s (14 remain)

 --Protocol Rev change was:0 now: 4--
 ACK Mismatch: Received 0x63 while waiting for 0x20
Timeout waiting for ACK of 0x20 at 22.342
Successfully sent message 0x20 with 7 bytes at 22.409s (13 remain)
 ACKing cmd 0x20; 13 remain
Successfully sent message 0x25 with 3 bytes at 22.531s (13 remain)
 ACKing cmd 0x25; 12 remain
Successfully sent message 0x33 with 2 bytes at 22.645s (12 remain)
 ACKing cmd 0x33; 11 remain
Successfully sent message 0x40 with 5 bytes at 22.755s (11 remain)
 ACKing cmd 0x40; 10 remain
Successfully sent message 0x40 with 6 bytes at 22.868s (10 remain)
 ACKing cmd 0x40; 9 remain
Successfully sent message 0x40 with 6 bytes at 22.997s (9 remain)
 ACKing cmd 0x40; 8 remain
Successfully sent message 0x40 with 6 bytes at 23.125s (8 remain)
 ACKing cmd 0x40; 7 remain
Successfully sent message 0x40 with 5 bytes at 23.273s (7 remain)
 ACKing cmd 0x40; 6 remain
Successfully sent message 0x40 with 6 bytes at 23.394s (6 remain)
 ACKing cmd 0x40; 5 remain
Successfully sent message 0x40 with 6 bytes at 23.524s (5 remain)
 ACKing cmd 0x40; 4 remain
Successfully sent message 0x40 with 6 bytes at 23.653s (4 remain)
 ACKing cmd 0x40; 3 remain
Successfully sent message 0x40 with 5 bytes at 23.781s (3 remain)
 ACKing cmd 0x40; 2 remain
Successfully sent message 0x11 with 3 bytes at 23.962s (2 remain)
 ACKing cmd 0x11; 1 remain
Successfully sent message 0x10 with 2 bytes at 24.084s (1 remain)
 ACKing cmd 0x10; 0 remain
2719: 10 received, but 26 are needed for a full frame. Flushing.
234774: Sending stop scanning command
Successfully sent message 0x10 with 2 bytes at 256.273s (0 remain)
Sending command +++
Finished escape sequence. Now disconnecting hardware
Sending command ATH
Successfully disconnected from Bluetooth
235858: Deleting D600 Object
