Log file D:\Myeongjin\SensorTestProject\log\D600_000000003BEB9B30.log created on 2020-04-16 at 05:26:37 PM
System Logging Level = 2
30799986: RecordSize = 12 (2 I2C dev, 0 SPI dev)
30799991: Mapped RecordSize = 12
Trying to connect to Bluetooth Serial Device
Currently in state 1, so releasing existing hardware...done.
30800048: Searching 1 ports
Trying to open COM3 at 921600 baud
Sending command +++AT
Read "ERROR"  from port 3
Matched ERROR, Connected to COM3 at 921600 baud
30800137: Found port 921600 at baudrate 921600
30800140: Configuring: sending reset command
Sending command ATZ
Start configuring at 30800148
701: Parsing string OK in state Reset
705: Found "OK"
Baudrate is correct, entering bypass mode for DAQ
Sending command ATD00019525dfd8
715: Resetting setup timeout at 30800864 changing from Reset to Connect
4:  Done parsing command in Reset
98: Parsing string OK in state Connect
Didn't find CONNECT in OK
104:  Done parsing command in Connect
1134: Parsing string CONNECT 00019525DFD8 in state Connect
1138: Found "CONNECT"; trying to configure system
1140: Configuring system.
 Queuing message 0x63 ackSize 1
1144: Sending stop scanning command
 Queuing message 0x10 ackSize 2
 Queuing message 0x20 ackSize 7
1251: I2C scan list configured
1253: Configuring Scan Lists
 Queuing message 0x25 ackSize 3
1256: Scan length lists set
 Queuing message 0x33 ackSize 2
1260: Setting up all of the passthru commands
Device 0 (I2C Addr = 1): DacCurrent = 50, ScanCount = 20, AveLength = 3
Passing through cmd 8 to 0
 Queuing message 0x40 ackSize 5
Passing through cmd 5 to 0
 Queuing message 0x40 ackSize 6
Passing through cmd 6 to 0
 Queuing message 0x40 ackSize 6
Passing through cmd 7 to 0
 Queuing message 0x40 ackSize 6
Device 1 (I2C Addr = 2): DacCurrent = 50, ScanCount = 20, AveLength = 3
Passing through cmd 8 to 1
 Queuing message 0x40 ackSize 5
Passing through cmd 5 to 1
 Queuing message 0x40 ackSize 6
Passing through cmd 6 to 1
 Queuing message 0x40 ackSize 6
Passing through cmd 7 to 1
 Queuing message 0x40 ackSize 6
Passing through cmd 1 to 255
 Queuing message 0x40 ackSize 5
2623: Requested continuous frames
 Queuing message 0x11 ackSize 3
 Queuing message 0x10 ackSize 2
2629: Resetting setup timeout at 30803493 changing from Connect to DAQ
3:  Done parsing command in Connect
Successfully sent message 0x63 with 1 bytes at 30803.5s (16 remain)
Timeout waiting for ACK of 0x63 at 30803.7
Successfully sent message 0x10 with 2 bytes at 30803.7s (15 remain)
Timeout waiting for ACK of 0x10 at 30803.9
Successfully sent message 0x20 with 7 bytes at 30803.9s (14 remain)

 --Protocol Rev change was:0 now: 4--
 ACK Mismatch: Received 0x63 while waiting for 0x20
Timeout waiting for ACK of 0x20 at 30804.1
Successfully sent message 0x20 with 7 bytes at 30804.1s (13 remain)
 ACKing cmd 0x20; 13 remain
Successfully sent message 0x25 with 3 bytes at 30804.2s (13 remain)
 ACKing cmd 0x25; 12 remain
Successfully sent message 0x33 with 2 bytes at 30804.3s (12 remain)
 ACKing cmd 0x33; 11 remain
Successfully sent message 0x40 with 5 bytes at 30804.4s (11 remain)
 ACKing cmd 0x40; 10 remain
Successfully sent message 0x40 with 6 bytes at 30804.4s (10 remain)
 ACKing cmd 0x40; 9 remain
Successfully sent message 0x40 with 6 bytes at 30804.5s (9 remain)
 ACKing cmd 0x40; 8 remain
Successfully sent message 0x40 with 6 bytes at 30804.6s (8 remain)
 ACKing cmd 0x40; 7 remain
Successfully sent message 0x40 with 5 bytes at 30804.7s (7 remain)
 ACKing cmd 0x40; 6 remain
Successfully sent message 0x40 with 6 bytes at 30804.8s (6 remain)
 ACKing cmd 0x40; 5 remain
Successfully sent message 0x40 with 6 bytes at 30804.9s (5 remain)
 ACKing cmd 0x40; 4 remain
Successfully sent message 0x40 with 6 bytes at 30805s (4 remain)
 ACKing cmd 0x40; 3 remain
Successfully sent message 0x40 with 5 bytes at 30805s (3 remain)
 ACKing cmd 0x40; 2 remain
Successfully sent message 0x11 with 3 bytes at 30805.1s (2 remain)
 ACKing cmd 0x11; 1 remain
Successfully sent message 0x10 with 2 bytes at 30805.2s (1 remain)
 ACKing cmd 0x10; 0 remain
1762: 10 received, but 26 are needed for a full frame. Flushing.
65590: Sending stop scanning command
Successfully sent message 0x10 with 2 bytes at 30869.1s (0 remain)
Sending command +++
Finished escape sequence. Now disconnecting hardware
Sending command ATH
Successfully disconnected from Bluetooth
66419: Deleting D600 Object
