Log file D:\Myeongjin\SensorTestProject\log\D600_0000000047AE9F60.log created on 2020-04-30 at 01:57:27 PM
System Logging Level = 2
10597312: RecordSize = 12 (2 I2C dev, 0 SPI dev)
10597356: Mapped RecordSize = 12
Trying to connect to Bluetooth Serial Device
Currently in state 1, so releasing existing hardware...done.
10597918: Searching 1 ports
Trying to open COM3 at 921600 baud
Sending command +++AT
Read "ERROR"  from port 3
Matched ERROR, Connected to COM3 at 921600 baud
10598237: Found port 921600 at baudrate 921600
10598267: Configuring: sending reset command
Sending command ATZ
Start configuring at 10598328
13: Parsing string ERROR in state Reset
Didn't find Reset success message OK in ERROR
66:  Done parsing command in Reset
698: Parsing string OK in state Reset
736: Found "OK"
Baudrate is correct, entering bypass mode for DAQ
Sending command ATD00019525dfd8
813: Resetting setup timeout at 10599153 changing from Reset to Connect
33:  Done parsing command in Reset
82: Parsing string OK in state Connect
Didn't find CONNECT in OK
138:  Done parsing command in Connect
6001: Timeout waiting to change state: 0 bytes in FIFO. ()
ERROR: Timeout connecting to the PPS electronics module over Bluetooth.
Check that the module is powered on, in range, that the battery is charged,
and that the Bluetooth address is 00019525dfd8
(The Bluetooth address is printed on the back of the electronics.)
Sending command +++
Failed reading a string from COM port after 21 tries. FIFO size = 0
Sending command +++
Failed reading a string from COM port after 21 tries. FIFO size = 0
Sending command +++
Failed reading a string from COM port after 21 tries. FIFO size = 0
Sending command +++
Failed reading a string from COM port after 21 tries. FIFO size = 0
Sending command +++
Error receiving escape sequence confirmation!
9149: Deleting D600 Object
