Log file D:\Myeongjin\SensorTestProject\log\D600_00000000364B9F40.log created on 2020-12-16 at 03:57:17 PM
System Logging Level = 2
772229: RecordSize = 12 (2 I2C dev, 0 SPI dev)
772231: Mapped RecordSize = 12
Trying to connect to Bluetooth Serial Device
Currently in state 1, so releasing existing hardware...done.
772254: Searching 1 ports
Trying to open COM3 at 921600 baud
Sending command +++AT
Read "ERROR"  from port 3
Matched ERROR, Connected to COM3 at 921600 baud
772351: Found port 921600 at baudrate 921600
772352: Configuring: sending reset command
Sending command ATZ
Start configuring at 772354
699: Parsing string OK in state Reset
700: Found "OK"
Baudrate is correct, entering bypass mode for DAQ
Sending command ATD00019525dfd8
703: Resetting setup timeout at 773058 changing from Reset to Connect
1:  Done parsing command in Reset
92: Parsing string OK in state Connect
Didn't find CONNECT in OK
94:  Done parsing command in Connect
907: Parsing string CONNECT 00019525DFD8 in state Connect
908: Found "CONNECT"; trying to configure system
909: Configuring system.
 Queuing message 0x63 ackSize 1
911: Sending stop scanning command
 Queuing message 0x10 ackSize 2
 Queuing message 0x20 ackSize 7
1013: I2C scan list configured
1013: Configuring Scan Lists
 Queuing message 0x25 ackSize 3
1015: Scan length lists set
 Queuing message 0x33 ackSize 2
1016: Setting up all of the passthru commands
Device 0 (I2C Addr = 1): DacCurrent = 50, ScanCount = 20, AveLength = 3
Passing through cmd 8 to 0
 Queuing message 0x40 ackSize 5
Passing through cmd 5 to 0
 Queuing message 0x40 ackSize 6
Passing through cmd 6 to 0
 Queuing message 0x40 ackSize 6
Passing through cmd 7 to 0
 Queuing message 0x40 ackSize 6
Device 1 (I2C Addr = 2): DacCurrent = 50, ScanCount = 20, AveLength = 3
Passing through cmd 8 to 1
 Queuing message 0x40 ackSize 5
Passing through cmd 5 to 1
 Queuing message 0x40 ackSize 6
Passing through cmd 6 to 1
 Queuing message 0x40 ackSize 6
Passing through cmd 7 to 1
 Queuing message 0x40 ackSize 6
Passing through cmd 1 to 255
 Queuing message 0x40 ackSize 5
2337: Requested continuous frames
 Queuing message 0x11 ackSize 3
 Queuing message 0x10 ackSize 2
2339: Resetting setup timeout at 775398 changing from Connect to DAQ
0:  Done parsing command in Connect
Successfully sent message 0x63 with 1 bytes at 775.401s (16 remain)
Timeout waiting for ACK of 0x63 at 775.602
Successfully sent message 0x10 with 2 bytes at 775.605s (15 remain)
Timeout waiting for ACK of 0x10 at 775.806
Successfully sent message 0x20 with 7 bytes at 775.809s (14 remain)
Timeout waiting for ACK of 0x20 at 776.011
Successfully sent message 0x25 with 3 bytes at 776.014s (13 remain)
Timeout waiting for ACK of 0x25 at 776.215
Successfully sent message 0x33 with 2 bytes at 776.218s (12 remain)
Timeout waiting for ACK of 0x33 at 776.42
Successfully sent message 0x40 with 5 bytes at 776.423s (11 remain)
Timeout waiting for ACK of 0x40 at 776.625
Successfully sent message 0x40 with 6 bytes at 776.627s (10 remain)
Timeout waiting for ACK of 0x40 at 776.829
Successfully sent message 0x40 with 6 bytes at 776.832s (9 remain)
Timeout waiting for ACK of 0x40 at 777.034
Successfully sent message 0x40 with 6 bytes at 777.036s (8 remain)
Timeout waiting for ACK of 0x40 at 777.238
Successfully sent message 0x40 with 5 bytes at 777.241s (7 remain)
Timeout waiting for ACK of 0x40 at 777.442
Successfully sent message 0x40 with 6 bytes at 777.445s (6 remain)
Timeout waiting for ACK of 0x40 at 777.647
Successfully sent message 0x40 with 6 bytes at 777.65s (5 remain)
Timeout waiting for ACK of 0x40 at 777.852
Successfully sent message 0x40 with 6 bytes at 777.854s (4 remain)
Timeout waiting for ACK of 0x40 at 778.056
Successfully sent message 0x40 with 5 bytes at 778.059s (3 remain)
Timeout waiting for ACK of 0x40 at 778.26
Successfully sent message 0x11 with 3 bytes at 778.262s (2 remain)
Timeout waiting for ACK of 0x11 at 778.464
Successfully sent message 0x10 with 2 bytes at 778.466s (1 remain)
Timeout waiting for ACK of 0x10 at 778.668
4000: Timeout 4000 waiting for data from 4294967295 to 4001
ERROR: Timeout waiting for new data. This is most likely due 
to a Bluetooth connection issue due to interference, 
a low battery, or being out of range. Check that the 
battery is charged, and possibly try moving closer to the 
computer.
4002: Sending stop scanning command
Successfully sent message 0x10 with 2 bytes at 779.403s (0 remain)
Sending command +++
Finished escape sequence. Now disconnecting hardware
Sending command ATH
Successfully disconnected from Bluetooth
4805: Deleting D600 Object
