Log file F:\Unity projects\SensorTestProject\log\D600_0000000078129490.log created on 2020-03-30 at 07:06:48 347034744: RecordSize = 12 (2 I2C dev, 0 SPI dev)
347034752: Mapped RecordSize = 12
Trying to connect to Bluetooth Serial Device
Currently in state 1, so releasing existing hardware...done.
347034842: Searching 3 ports
Trying to open COM3 at 921600 baud
Sending command +++AT
Failed reading a string from COM port after 21 tries. FIFO size = 0
Failed getting response from port 3
Trying to open COM3 at 9600 baud
Sending command +++AT
Failed reading a string from COM port after 21 tries. FIFO size = 0
Failed getting response from port 3
Trying to open COM4 at 921600 baud
Sending command +++AT
ERROR: IO Error sending command string "+++AT" to Bluetooth dongle
Failed reading a string from COM port after 21 tries. FIFO size = 0
Failed getting response from port 4
Trying to open COM4 at 9600 baud
Sending command +++AT
ERROR: IO Error sending command string "+++AT" to Bluetooth dongle
Failed reading a string from COM port after 21 tries. FIFO size = 0
Failed getting response from port 4
Trying to open COM5 at 921600 baud
Sending command +++AT
Read "ERROR"  from port 5
Matched ERROR, Connected to COM5 at 921600 baud
347038466: Found port 921600 at baudrate 921600
347038470: Configuring: sending reset command
Sending command ATZ
Start configuring at 347038480
703: Parsing string OK in state Reset
709: Found "OK"
Baudrate is correct, entering bypass mode for DAQ
Sending command ATD00019525dfd8
725: Resetting setup timeout at 347039207 changing from Reset to Connect
5:  Done parsing command in Reset
86: Parsing string OK in state Connect
Didn't find CONNECT in OK
96:  Done parsing command in Connect
1266: Parsing string CONNECT 00019525DFD8 in state Connect
1271: Found "CONNECT"; trying to configure system
1274: Configuring system.
 Queuing message 0x63 ackSize 1
1279: Sending stop scanning command
 Queuing message 0x10 ackSize 2
 Queuing message 0x20 ackSize 7
1389: I2C scan list configured
1392: Configuring Scan Lists
 Queuing message 0x25 ackSize 3
1398: Scan length lists set
 Queuing message 0x33 ackSize 2
1403: Setting up all of the passthru commands
Device 0 (I2C Addr = 1): DacCurrent = 50, ScanCount = 20, AveLength = 3
Passing through cmd 8 to 0
 Queuing message 0x40 ackSize 5
Passing through cmd 5 to 0
 Queuing message 0x40 ackSize 6
Passing through cmd 6 to 0
 Queuing message 0x40 ackSize 6
Passing through cmd 7 to 0
 Queuing message 0x40 ackSize 6
Device 1 (I2C Addr = 2): DacCurrent = 50, ScanCount = 20, AveLength = 3
Passing through cmd 8 to 1
 Queuing message 0x40 ackSize 5
Passing through cmd 5 to 1
 Queuing message 0x40 ackSize 6
Passing through cmd 6 to 1
 Queuing message 0x40 ackSize 6
Passing through cmd 7 to 1
 Queuing message 0x40 ackSize 6
Passing through cmd 1 to 255
 Queuing message 0x40 ackSize 5
2813: Requested continuous frames
 Queuing message 0x11 ackSize 3
 Queuing message 0x10 ackSize 2
2822: Resetting setup timeout at 347042032 changing from Connect to DAQ
5:  Done parsing command in Connect
Successfully sent message 0x63 with 1 bytes at 347042s (16 remain)
Timeout waiting for ACK of 0x63 at 347042
Successfully sent message 0x10 with 2 bytes at 347042s (15 remain)
Timeout waiting for ACK of 0x10 at 347042
Successfully sent message 0x20 with 7 bytes at 347042s (14 remain)

 --Protocol Rev change was:0 now: 4--
 ACK Mismatch: Received 0x63 while waiting for 0x20
Timeout waiting for ACK of 0x20 at 347043
Successfully sent message 0x20 with 7 bytes at 347043s (13 remain)
 ACKing cmd 0x20; 13 remain
Successfully sent message 0x25 with 3 bytes at 347043s (13 remain)
 ACKing cmd 0x25; 12 remain
Successfully sent message 0x33 with 2 bytes at 347043s (12 remain)
 ACKing cmd 0x33; 11 remain
Successfully sent message 0x40 with 5 bytes at 347043s (11 remain)
 ACKing cmd 0x40; 10 remain
Successfully sent message 0x40 with 6 bytes at 347043s (10 remain)
 ACKing cmd 0x40; 9 remain
Successfully sent message 0x40 with 6 bytes at 347043s (9 remain)
 ACKing cmd 0x40; 8 remain
Successfully sent message 0x40 with 6 bytes at 347043s (8 remain)
 ACKing cmd 0x40; 7 remain
Successfully sent message 0x40 with 5 bytes at 347043s (7 remain)
 ACKing cmd 0x40; 6 remain
Successfully sent message 0x40 with 6 bytes at 347043s (6 remain)
 ACKing cmd 0x40; 5 remain
Successfully sent message 0x40 with 6 bytes at 347043s (5 remain)
 ACKing cmd 0x40; 4 remain
Successfully sent message 0x40 with 6 bytes at 347044s (4 remain)
 ACKing cmd 0x40; 3 remain
Successfully sent message 0x40 with 5 bytes at 347044s (3 remain)
 ACKing cmd 0x40; 2 remain
Successfully sent message 0x11 with 3 bytes at 347044s (2 remain)
 ACKing cmd 0x11; 1 remain
Successfully sent message 0x10 with 2 bytes at 347044s (1 remain)
 ACKing cmd 0x10; 0 remain
1872: 10 received, but 26 are needed for a full frame. Flushing.
180192: Sending stop scanning command
Successfully sent message 0x10 with 2 bytes at 347222s (0 remain)
Sending command +++
Finished escape sequence. Now disconnecting hardware
Sending command ATH
Successfully disconnected from Bluetooth
181062: Deleting D600 Object
