Log file D:\Myeongjin\SensorTestProject\log\D600_0000027F812D9FB0.log created on 2021-08-24 at 01:42:53 PM
System Logging Level = 2
4109265: RecordSize = 12 (2 I2C dev, 0 SPI dev)
4109266: Mapped RecordSize = 12
Trying to connect to Bluetooth Serial Device
Currently in state 1, so releasing existing hardware...done.
4109289: Searching 1 ports
Trying to open COM3 at 921600 baud
Sending command +++AT
Read "ERROR"  from port 3
Matched ERROR, Connected to COM3 at 921600 baud
4109362: Found port 921600 at baudrate 921600
4109363: Configuring: sending reset command
Sending command ATZ
Start configuring at 4109365
701: Parsing string OK in state Reset
701: Found "OK"
Baudrate is correct, entering bypass mode for DAQ
Sending command ATD00019525dfd8
705: Resetting setup timeout at 4110070 changing from Reset to Connect
1:  Done parsing command in Reset
106: Parsing string OK in state Connect
Didn't find CONNECT in OK
109:  Done parsing command in Connect
1300: Parsing string CONNECT 00019525DFD8 in state Connect
1301: Found "CONNECT"; trying to configure system
1302: Configuring system.
 Queuing message 0x63 ackSize 1
1304: Sending stop scanning command
 Queuing message 0x10 ackSize 2
 Queuing message 0x20 ackSize 7
1407: I2C scan list configured
1408: Configuring Scan Lists
 Queuing message 0x25 ackSize 3
1409: Scan length lists set
 Queuing message 0x33 ackSize 2
1410: Setting up all of the passthru commands
Device 0 (I2C Addr = 1): DacCurrent = 50, ScanCount = 20, AveLength = 3
Passing through cmd 8 to 0
 Queuing message 0x40 ackSize 5
Passing through cmd 5 to 0
 Queuing message 0x40 ackSize 6
Passing through cmd 6 to 0
 Queuing message 0x40 ackSize 6
Passing through cmd 7 to 0
 Queuing message 0x40 ackSize 6
Device 1 (I2C Addr = 2): DacCurrent = 50, ScanCount = 20, AveLength = 3
Passing through cmd 8 to 1
 Queuing message 0x40 ackSize 5
Passing through cmd 5 to 1
 Queuing message 0x40 ackSize 6
Passing through cmd 6 to 1
 Queuing message 0x40 ackSize 6
Passing through cmd 7 to 1
 Queuing message 0x40 ackSize 6
Passing through cmd 1 to 255
 Queuing message 0x40 ackSize 5
2735: Requested continuous frames
 Queuing message 0x11 ackSize 3
 Queuing message 0x10 ackSize 2
2738: Resetting setup timeout at 4112808 changing from Connect to DAQ
1:  Done parsing command in Connect
Successfully sent message 0x63 with 1 bytes at 4112.81s (16 remain)
Timeout waiting for ACK of 0x63 at 4113.01
Successfully sent message 0x10 with 2 bytes at 4113.02s (15 remain)
Timeout waiting for ACK of 0x10 at 4113.22
Successfully sent message 0x20 with 7 bytes at 4113.22s (14 remain)

 --Protocol Rev change was:0 now: 4--
 ACK Mismatch: Received 0x63 while waiting for 0x20
Timeout waiting for ACK of 0x20 at 4113.42
Successfully sent message 0x20 with 7 bytes at 4113.43s (13 remain)
 ACKing cmd 0x20; 13 remain
Successfully sent message 0x25 with 3 bytes at 4113.52s (13 remain)
 ACKing cmd 0x25; 12 remain
Successfully sent message 0x33 with 2 bytes at 4113.6s (12 remain)
 ACKing cmd 0x33; 11 remain
Successfully sent message 0x40 with 5 bytes at 4113.67s (11 remain)
 ACKing cmd 0x40; 10 remain
Successfully sent message 0x40 with 6 bytes at 4113.74s (10 remain)
 ACKing cmd 0x40; 9 remain
Successfully sent message 0x40 with 6 bytes at 4113.81s (9 remain)
 ACKing cmd 0x40; 8 remain
Successfully sent message 0x40 with 6 bytes at 4113.89s (8 remain)
 ACKing cmd 0x40; 7 remain
Successfully sent message 0x40 with 5 bytes at 4113.95s (7 remain)
 ACKing cmd 0x40; 6 remain
Successfully sent message 0x40 with 6 bytes at 4114.03s (6 remain)
 ACKing cmd 0x40; 5 remain
Successfully sent message 0x40 with 6 bytes at 4114.11s (5 remain)
 ACKing cmd 0x40; 4 remain
Successfully sent message 0x40 with 6 bytes at 4114.18s (4 remain)
 ACKing cmd 0x40; 3 remain
Successfully sent message 0x40 with 5 bytes at 4114.24s (3 remain)
 ACKing cmd 0x40; 2 remain
Successfully sent message 0x11 with 3 bytes at 4114.32s (2 remain)
 ACKing cmd 0x11; 1 remain
Successfully sent message 0x10 with 2 bytes at 4114.38s (1 remain)
 ACKing cmd 0x10; 0 remain
1637: 10 received, but 26 are needed for a full frame. Flushing.
10021: Sending stop scanning command
Successfully sent message 0x10 with 2 bytes at 4122.83s (0 remain)
Sending command +++
Finished escape sequence. Now disconnecting hardware
Sending command ATH
Successfully disconnected from Bluetooth
10805: Deleting D600 Object
