Log file D:\Myeongjin\SensorTestProject\log\D600_0000000043D7A090.log created on 2021-02-10 at 11:09:21 AM
System Logging Level = 2
664980: RecordSize = 12 (2 I2C dev, 0 SPI dev)
665026: Mapped RecordSize = 12
Trying to connect to Bluetooth Serial Device
Currently in state 1, so releasing existing hardware...done.
665707: Searching 1 ports
Trying to open COM3 at 921600 baud
Sending command +++AT
Read "ERROR"  from port 3
Matched ERROR, Connected to COM3 at 921600 baud
666061: Found port 921600 at baudrate 921600
666092: Configuring: sending reset command
Sending command ATZ
Start configuring at 666171
697: Parsing string OK in state Reset
734: Found "OK"
Baudrate is correct, entering bypass mode for DAQ
Sending command ATD00019525dfd8
828: Resetting setup timeout at 667010 changing from Reset to Connect
38:  Done parsing command in Reset
83: Parsing string OK in state Connect
Didn't find CONNECT in OK
148:  Done parsing command in Connect
1219: Parsing string CONNECT 00019525DFD8 in state Connect
1258: Found "CONNECT"; trying to configure system
1285: Configuring system.
 Queuing message 0x63 ackSize 1
1324: Sending stop scanning command
 Queuing message 0x10 ackSize 2
 Queuing message 0x20 ackSize 7
1500: I2C scan list configured
1518: Configuring Scan Lists
 Queuing message 0x25 ackSize 3
1564: Scan length lists set
 Queuing message 0x33 ackSize 2
1611: Setting up all of the passthru commands
Device 0 (I2C Addr = 1): DacCurrent = 50, ScanCount = 20, AveLength = 3
Passing through cmd 8 to 0
 Queuing message 0x40 ackSize 5
Passing through cmd 5 to 0
 Queuing message 0x40 ackSize 6
Passing through cmd 6 to 0
 Queuing message 0x40 ackSize 6
Passing through cmd 7 to 0
 Queuing message 0x40 ackSize 6
Device 1 (I2C Addr = 2): DacCurrent = 50, ScanCount = 20, AveLength = 3
Passing through cmd 8 to 1
 Queuing message 0x40 ackSize 5
Passing through cmd 5 to 1
 Queuing message 0x40 ackSize 6
Passing through cmd 6 to 1
 Queuing message 0x40 ackSize 6
Passing through cmd 7 to 1
 Queuing message 0x40 ackSize 6
Passing through cmd 1 to 255
 Queuing message 0x40 ackSize 5
3616: Requested continuous frames
 Queuing message 0x11 ackSize 3
 Queuing message 0x10 ackSize 2
3694: Resetting setup timeout at 670715 changing from Connect to DAQ
40:  Done parsing command in Connect
Successfully sent message 0x63 with 1 bytes at 670.853s (16 remain)
Timeout waiting for ACK of 0x63 at 671.089
Successfully sent message 0x10 with 2 bytes at 671.177s (15 remain)
Timeout waiting for ACK of 0x10 at 671.413
Successfully sent message 0x20 with 7 bytes at 671.502s (14 remain)

 --Protocol Rev change was:0 now: 4--
 ACK Mismatch: Received 0x63 while waiting for 0x20
Timeout waiting for ACK of 0x20 at 671.736
Successfully sent message 0x20 with 7 bytes at 671.843s (13 remain)
 ACKing cmd 0x20; 13 remain
Successfully sent message 0x25 with 3 bytes at 671.983s (13 remain)
 ACKing cmd 0x25; 12 remain
Successfully sent message 0x33 with 2 bytes at 672.119s (12 remain)
 ACKing cmd 0x33; 11 remain
Successfully sent message 0x40 with 5 bytes at 672.269s (11 remain)
 ACKing cmd 0x40; 10 remain
Successfully sent message 0x40 with 6 bytes at 672.414s (10 remain)
 ACKing cmd 0x40; 9 remain
Successfully sent message 0x40 with 6 bytes at 672.552s (9 remain)
 ACKing cmd 0x40; 8 remain
Successfully sent message 0x40 with 6 bytes at 672.705s (8 remain)
 ACKing cmd 0x40; 7 remain
Successfully sent message 0x40 with 5 bytes at 672.85s (7 remain)
 ACKing cmd 0x40; 6 remain
Successfully sent message 0x40 with 6 bytes at 672.99s (6 remain)
 ACKing cmd 0x40; 5 remain
Successfully sent message 0x40 with 6 bytes at 673.119s (5 remain)
 ACKing cmd 0x40; 4 remain
Successfully sent message 0x40 with 6 bytes at 673.287s (4 remain)
 ACKing cmd 0x40; 3 remain
Successfully sent message 0x40 with 5 bytes at 673.428s (3 remain)
 ACKing cmd 0x40; 2 remain
Successfully sent message 0x11 with 3 bytes at 673.567s (2 remain)
 ACKing cmd 0x11; 1 remain
Successfully sent message 0x10 with 2 bytes at 673.699s (1 remain)
 ACKing cmd 0x10; 0 remain
3051: 10 received, but 26 are needed for a full frame. Flushing.
196779: Sending stop scanning command
Successfully sent message 0x10 with 2 bytes at 867.603s (0 remain)
Sending command +++
Finished escape sequence. Now disconnecting hardware
Sending command ATH
Successfully disconnected from Bluetooth
197991: Deleting D600 Object
