Log file D:\Myeongjin\SensorTestProject\log\D600_0000000044769F40.log created on 2020-12-16 at 03:52:10 PM
System Logging Level = 2
465219: RecordSize = 12 (2 I2C dev, 0 SPI dev)
465221: Mapped RecordSize = 12
Trying to connect to Bluetooth Serial Device
Currently in state 1, so releasing existing hardware...done.
465261: Searching 1 ports
Trying to open COM3 at 921600 baud
Sending command +++AT
Read "ERROR"  from port 3
Matched ERROR, Connected to COM3 at 921600 baud
465354: Found port 921600 at baudrate 921600
465355: Configuring: sending reset command
Sending command ATZ
Start configuring at 465357
701: Parsing string OK in state Reset
701: Found "OK"
Baudrate is correct, entering bypass mode for DAQ
Sending command ATD00019525dfd8
707: Resetting setup timeout at 466064 changing from Reset to Connect
1:  Done parsing command in Reset
105: Parsing string OK in state Connect
Didn't find CONNECT in OK
107:  Done parsing command in Connect
1262: Parsing string CONNECT 00019525DFD8 in state Connect
1263: Found "CONNECT"; trying to configure system
1264: Configuring system.
 Queuing message 0x63 ackSize 1
1266: Sending stop scanning command
 Queuing message 0x10 ackSize 2
 Queuing message 0x20 ackSize 7
1369: I2C scan list configured
1369: Configuring Scan Lists
 Queuing message 0x25 ackSize 3
1371: Scan length lists set
 Queuing message 0x33 ackSize 2
1372: Setting up all of the passthru commands
Device 0 (I2C Addr = 1): DacCurrent = 50, ScanCount = 20, AveLength = 3
Passing through cmd 8 to 0
 Queuing message 0x40 ackSize 5
Passing through cmd 5 to 0
 Queuing message 0x40 ackSize 6
Passing through cmd 6 to 0
 Queuing message 0x40 ackSize 6
Passing through cmd 7 to 0
 Queuing message 0x40 ackSize 6
Device 1 (I2C Addr = 2): DacCurrent = 50, ScanCount = 20, AveLength = 3
Passing through cmd 8 to 1
 Queuing message 0x40 ackSize 5
Passing through cmd 5 to 1
 Queuing message 0x40 ackSize 6
Passing through cmd 6 to 1
 Queuing message 0x40 ackSize 6
Passing through cmd 7 to 1
 Queuing message 0x40 ackSize 6
Passing through cmd 1 to 255
 Queuing message 0x40 ackSize 5
2696: Requested continuous frames
 Queuing message 0x11 ackSize 3
 Queuing message 0x10 ackSize 2
2698: Resetting setup timeout at 468762 changing from Connect to DAQ
1:  Done parsing command in Connect
Successfully sent message 0x63 with 1 bytes at 468.766s (16 remain)
Timeout waiting for ACK of 0x63 at 468.967
Successfully sent message 0x10 with 2 bytes at 468.97s (15 remain)
Timeout waiting for ACK of 0x10 at 469.172
Successfully sent message 0x20 with 7 bytes at 469.175s (14 remain)
Timeout waiting for ACK of 0x20 at 469.376
Successfully sent message 0x25 with 3 bytes at 469.378s (13 remain)
Timeout waiting for ACK of 0x25 at 469.58
Successfully sent message 0x33 with 2 bytes at 469.583s (12 remain)
Timeout waiting for ACK of 0x33 at 469.785
Successfully sent message 0x40 with 5 bytes at 469.788s (11 remain)
Timeout waiting for ACK of 0x40 at 469.99
Successfully sent message 0x40 with 6 bytes at 469.992s (10 remain)
Timeout waiting for ACK of 0x40 at 470.194
Successfully sent message 0x40 with 6 bytes at 470.196s (9 remain)
Timeout waiting for ACK of 0x40 at 470.397
Successfully sent message 0x40 with 6 bytes at 470.4s (8 remain)
Timeout waiting for ACK of 0x40 at 470.602
Successfully sent message 0x40 with 5 bytes at 470.605s (7 remain)
Timeout waiting for ACK of 0x40 at 470.806
Successfully sent message 0x40 with 6 bytes at 470.808s (6 remain)
Timeout waiting for ACK of 0x40 at 471.01
Successfully sent message 0x40 with 6 bytes at 471.012s (5 remain)
Timeout waiting for ACK of 0x40 at 471.214
Successfully sent message 0x40 with 6 bytes at 471.217s (4 remain)
Timeout waiting for ACK of 0x40 at 471.419
Successfully sent message 0x40 with 5 bytes at 471.422s (3 remain)
Timeout waiting for ACK of 0x40 at 471.624
Successfully sent message 0x11 with 3 bytes at 471.627s (2 remain)
Timeout waiting for ACK of 0x11 at 471.829
Successfully sent message 0x10 with 2 bytes at 471.831s (1 remain)
Timeout waiting for ACK of 0x10 at 472.033
4001: Timeout 4000 waiting for data from 0 to 4001
ERROR: Timeout waiting for new data. This is most likely due 
to a Bluetooth connection issue due to interference, 
a low battery, or being out of range. Check that the 
battery is charged, and possibly try moving closer to the 
computer.
4002: Sending stop scanning command
Successfully sent message 0x10 with 2 bytes at 472.766s (0 remain)
Sending command +++
Finished escape sequence. Now disconnecting hardware
Sending command ATH
Successfully disconnected from Bluetooth
4775: Deleting D600 Object
