Log file D:\Myeongjin\projects\SensorTestProject\log\D600_00000000493C9DD0.log created on 2020-02-27 at 02:22:58 PM
System Logging Level = 2
16130: RecordSize = 12 (2 I2C dev, 0 SPI dev)
16150: Mapped RecordSize = 12
Trying to connect to Bluetooth Serial Device
Currently in state 1, so releasing existing hardware...done.
17184: Searching 1 ports
Trying to open COM7 at 921600 baud
Sending command +++AT
Read "ERROR"  from port 7
Matched ERROR, Connected to COM7 at 921600 baud
17383: Found port 921600 at baudrate 921600
17395: Configuring: sending reset command
Sending command ATZ
Start configuring at 17427
700: Parsing string OK in state Reset
715: Found "OK"
Baudrate is correct, entering bypass mode for DAQ
Sending command ATD00019525dfd8
756: Resetting setup timeout at 18187 changing from Reset to Connect
16:  Done parsing command in Reset
84: Parsing string OK in state Connect
Didn't find CONNECT in OK
111:  Done parsing command in Connect
1099: Parsing string CONNECT 00019525DFD8 in state Connect
1113: Found "CONNECT"; trying to configure system
1123: Configuring system.
 Queuing message 0x63 ackSize 1
1140: Sending stop scanning command
 Queuing message 0x10 ackSize 2
 Queuing message 0x20 ackSize 7
1274: I2C scan list configured
1280: Configuring Scan Lists
 Queuing message 0x25 ackSize 3
1299: Scan length lists set
 Queuing message 0x33 ackSize 2
1318: Setting up all of the passthru commands
Device 0 (I2C Addr = 1): DacCurrent = 50, ScanCount = 20, AveLength = 3
Passing through cmd 8 to 0
 Queuing message 0x40 ackSize 5
Passing through cmd 5 to 0
 Queuing message 0x40 ackSize 6
Passing through cmd 6 to 0
 Queuing message 0x40 ackSize 6
Passing through cmd 7 to 0
 Queuing message 0x40 ackSize 6
Device 1 (I2C Addr = 2): DacCurrent = 50, ScanCount = 20, AveLength = 3
Passing through cmd 8 to 1
 Queuing message 0x40 ackSize 5
Passing through cmd 5 to 1
 Queuing message 0x40 ackSize 6
Passing through cmd 6 to 1
 Queuing message 0x40 ackSize 6
Passing through cmd 7 to 1
 Queuing message 0x40 ackSize 6
Passing through cmd 1 to 255
 Queuing message 0x40 ackSize 5
2904: Requested continuous frames
 Queuing message 0x11 ackSize 3
 Queuing message 0x10 ackSize 2
2939: Resetting setup timeout at 21130 changing from Connect to DAQ
14:  Done parsing command in Connect
Successfully sent message 0x63 with 1 bytes at 21.184s (16 remain)
Timeout waiting for ACK of 0x63 at 21.397
Successfully sent message 0x10 with 2 bytes at 21.433s (15 remain)
Timeout waiting for ACK of 0x10 at 21.648
Successfully sent message 0x20 with 7 bytes at 21.686s (14 remain)

 --Protocol Rev change was:0 now: 4--
 ACK Mismatch: Received 0x63 while waiting for 0x20
Timeout waiting for ACK of 0x20 at 21.899
Successfully sent message 0x20 with 7 bytes at 21.935s (13 remain)
 ACKing cmd 0x20; 13 remain
Successfully sent message 0x25 with 3 bytes at 22.048s (13 remain)
 ACKing cmd 0x25; 12 remain
Successfully sent message 0x33 with 2 bytes at 22.145s (12 remain)
 ACKing cmd 0x33; 11 remain
Successfully sent message 0x40 with 5 bytes at 22.241s (11 remain)
 ACKing cmd 0x40; 10 remain
Successfully sent message 0x40 with 6 bytes at 22.336s (10 remain)
 ACKing cmd 0x40; 9 remain
Successfully sent message 0x40 with 6 bytes at 22.432s (9 remain)
 ACKing cmd 0x40; 8 remain
Successfully sent message 0x40 with 6 bytes at 22.546s (8 remain)
 ACKing cmd 0x40; 7 remain
Successfully sent message 0x40 with 5 bytes at 22.658s (7 remain)
 ACKing cmd 0x40; 6 remain
Successfully sent message 0x40 with 6 bytes at 22.77s (6 remain)
 ACKing cmd 0x40; 5 remain
Successfully sent message 0x40 with 6 bytes at 22.882s (5 remain)
 ACKing cmd 0x40; 4 remain
Successfully sent message 0x40 with 6 bytes at 22.997s (4 remain)
 ACKing cmd 0x40; 3 remain
Successfully sent message 0x40 with 5 bytes at 23.128s (3 remain)
 ACKing cmd 0x40; 2 remain
Successfully sent message 0x11 with 3 bytes at 23.222s (2 remain)
 ACKing cmd 0x11; 1 remain
Successfully sent message 0x10 with 2 bytes at 23.311s (1 remain)
 ACKing cmd 0x10; 0 remain
2250: 10 received, but 26 are needed for a full frame. Flushing.
44995: Sending stop scanning command
Successfully sent message 0x10 with 2 bytes at 66.154s (0 remain)
Sending command +++
Finished escape sequence. Now disconnecting hardware
Sending command ATH
Successfully disconnected from Bluetooth
45878: Deleting D600 Object
