Log file D:\Myeongjin\SensorTestProject\log\D600_00000200FBC89FB0.log created on 2021-08-10 at 04:01:01 PM
System Logging Level = 2
15092: RecordSize = 12 (2 I2C dev, 0 SPI dev)
15093: Mapped RecordSize = 12
Trying to connect to Bluetooth Serial Device
Currently in state 1, so releasing existing hardware...done.
15208: Searching 1 ports
Trying to open COM3 at 921600 baud
Sending command +++AT
Read "ERROR"  from port 3
Matched ERROR, Connected to COM3 at 921600 baud
15299: Found port 921600 at baudrate 921600
15300: Configuring: sending reset command
Sending command ATZ
Start configuring at 15303
700: Parsing string OK in state Reset
701: Found "OK"
Baudrate is correct, entering bypass mode for DAQ
Sending command ATD00019525dfd8
704: Resetting setup timeout at 16008 changing from Reset to Connect
0:  Done parsing command in Reset
107: Parsing string OK in state Connect
Didn't find CONNECT in OK
109:  Done parsing command in Connect
1221: Parsing string CONNECT 00019525DFD8 in state Connect
1222: Found "CONNECT"; trying to configure system
1223: Configuring system.
 Queuing message 0x63 ackSize 1
1223: Sending stop scanning command
 Queuing message 0x10 ackSize 2
 Queuing message 0x20 ackSize 7
1327: I2C scan list configured
1327: Configuring Scan Lists
 Queuing message 0x25 ackSize 3
1328: Scan length lists set
 Queuing message 0x33 ackSize 2
1330: Setting up all of the passthru commands
Device 0 (I2C Addr = 1): DacCurrent = 50, ScanCount = 20, AveLength = 3
Passing through cmd 8 to 0
 Queuing message 0x40 ackSize 5
Passing through cmd 5 to 0
 Queuing message 0x40 ackSize 6
Passing through cmd 6 to 0
 Queuing message 0x40 ackSize 6
Passing through cmd 7 to 0
 Queuing message 0x40 ackSize 6
Device 1 (I2C Addr = 2): DacCurrent = 50, ScanCount = 20, AveLength = 3
Passing through cmd 8 to 1
 Queuing message 0x40 ackSize 5
Passing through cmd 5 to 1
 Queuing message 0x40 ackSize 6
Passing through cmd 6 to 1
 Queuing message 0x40 ackSize 6
Passing through cmd 7 to 1
 Queuing message 0x40 ackSize 6
Passing through cmd 1 to 255
 Queuing message 0x40 ackSize 5
2655: Requested continuous frames
 Queuing message 0x11 ackSize 3
 Queuing message 0x10 ackSize 2
2658: Resetting setup timeout at 18666 changing from Connect to DAQ
1:  Done parsing command in Connect
Successfully sent message 0x63 with 1 bytes at 18.671s (16 remain)
Timeout waiting for ACK of 0x63 at 18.872
Successfully sent message 0x10 with 2 bytes at 18.875s (15 remain)
Timeout waiting for ACK of 0x10 at 19.076
Successfully sent message 0x20 with 7 bytes at 19.079s (14 remain)

 --Protocol Rev change was:0 now: 4--
 ACK Mismatch: Received 0x63 while waiting for 0x20
Timeout waiting for ACK of 0x20 at 19.28
Successfully sent message 0x20 with 7 bytes at 19.283s (13 remain)
 ACKing cmd 0x20; 13 remain
Successfully sent message 0x25 with 3 bytes at 19.344s (13 remain)
 ACKing cmd 0x25; 12 remain
Successfully sent message 0x33 with 2 bytes at 19.409s (12 remain)
 ACKing cmd 0x33; 11 remain
Successfully sent message 0x40 with 5 bytes at 19.472s (11 remain)
 ACKing cmd 0x40; 10 remain
Successfully sent message 0x40 with 6 bytes at 19.537s (10 remain)
 ACKing cmd 0x40; 9 remain
Successfully sent message 0x40 with 6 bytes at 19.6s (9 remain)
 ACKing cmd 0x40; 8 remain
Successfully sent message 0x40 with 6 bytes at 19.664s (8 remain)
 ACKing cmd 0x40; 7 remain
Successfully sent message 0x40 with 5 bytes at 19.729s (7 remain)
 ACKing cmd 0x40; 6 remain
Successfully sent message 0x40 with 6 bytes at 19.809s (6 remain)
 ACKing cmd 0x40; 5 remain
Successfully sent message 0x40 with 6 bytes at 19.889s (5 remain)
 ACKing cmd 0x40; 4 remain
Successfully sent message 0x40 with 6 bytes at 19.969s (4 remain)
 ACKing cmd 0x40; 3 remain
Successfully sent message 0x40 with 5 bytes at 20.049s (3 remain)
 ACKing cmd 0x40; 2 remain
Successfully sent message 0x11 with 3 bytes at 20.127s (2 remain)
 ACKing cmd 0x11; 1 remain
Successfully sent message 0x10 with 2 bytes at 20.191s (1 remain)
 ACKing cmd 0x10; 0 remain
1588: 10 received, but 26 are needed for a full frame. Flushing.
29136: Sending stop scanning command
Successfully sent message 0x10 with 2 bytes at 47.806s (0 remain)
Sending command +++
Finished escape sequence. Now disconnecting hardware
Sending command ATH
Successfully disconnected from Bluetooth
29919: Deleting D600 Object
