Log file D:\Myeongjin\SensorTestProject\log\D600_0000000035C59B30.log created on 2020-04-16 at 11:09:14 AM
System Logging Level = 2
8157182: RecordSize = 12 (2 I2C dev, 0 SPI dev)
8157195: Mapped RecordSize = 12
Trying to connect to Bluetooth Serial Device
Currently in state 1, so releasing existing hardware...done.
8157389: Searching 1 ports
Trying to open COM3 at 921600 baud
Sending command +++AT
Read "ERROR"  from port 3
Matched ERROR, Connected to COM3 at 921600 baud
8157521: Found port 921600 at baudrate 921600
8157528: Configuring: sending reset command
Sending command ATZ
Start configuring at 8157548
700: Parsing string OK in state Reset
703: Found "OK"
Baudrate is correct, entering bypass mode for DAQ
Sending command ATD00019525dfd8
712: Resetting setup timeout at 8158261 changing from Reset to Connect
3:  Done parsing command in Reset
99: Parsing string OK in state Connect
Didn't find CONNECT in OK
102:  Done parsing command in Connect
1068: Parsing string CONNECT 00019525DFD8 in state Connect
1072: Found "CONNECT"; trying to configure system
1074: Configuring system.
 Queuing message 0x63 ackSize 1
1078: Sending stop scanning command
 Queuing message 0x10 ackSize 2
 Queuing message 0x20 ackSize 7
1189: I2C scan list configured
1193: Configuring Scan Lists
 Queuing message 0x25 ackSize 3
1204: Scan length lists set
 Queuing message 0x33 ackSize 2
1213: Setting up all of the passthru commands
Device 0 (I2C Addr = 1): DacCurrent = 50, ScanCount = 20, AveLength = 3
Passing through cmd 8 to 0
 Queuing message 0x40 ackSize 5
Passing through cmd 5 to 0
 Queuing message 0x40 ackSize 6
Passing through cmd 6 to 0
 Queuing message 0x40 ackSize 6
Passing through cmd 7 to 0
 Queuing message 0x40 ackSize 6
Device 1 (I2C Addr = 2): DacCurrent = 50, ScanCount = 20, AveLength = 3
Passing through cmd 8 to 1
 Queuing message 0x40 ackSize 5
Passing through cmd 5 to 1
 Queuing message 0x40 ackSize 6
Passing through cmd 6 to 1
 Queuing message 0x40 ackSize 6
Passing through cmd 7 to 1
 Queuing message 0x40 ackSize 6
Passing through cmd 1 to 255
 Queuing message 0x40 ackSize 5
2674: Requested continuous frames
 Queuing message 0x11 ackSize 3
 Queuing message 0x10 ackSize 2
2691: Resetting setup timeout at 8160955 changing from Connect to DAQ
9:  Done parsing command in Connect
Successfully sent message 0x63 with 1 bytes at 8160.99s (16 remain)
Timeout waiting for ACK of 0x63 at 8161.19
Successfully sent message 0x10 with 2 bytes at 8161.2s (15 remain)
Timeout waiting for ACK of 0x10 at 8161.41
Successfully sent message 0x20 with 7 bytes at 8161.41s (14 remain)

 --Protocol Rev change was:0 now: 4--
 ACK Mismatch: Received 0x63 while waiting for 0x20
Timeout waiting for ACK of 0x20 at 8161.62
Successfully sent message 0x20 with 7 bytes at 8161.62s (13 remain)
 ACKing cmd 0x20; 13 remain
Successfully sent message 0x25 with 3 bytes at 8161.7s (13 remain)
 ACKing cmd 0x25; 12 remain
Successfully sent message 0x33 with 2 bytes at 8161.8s (12 remain)
 ACKing cmd 0x33; 11 remain
Successfully sent message 0x40 with 5 bytes at 8161.88s (11 remain)
 ACKing cmd 0x40; 10 remain
Successfully sent message 0x40 with 6 bytes at 8161.94s (10 remain)
 ACKing cmd 0x40; 9 remain
Successfully sent message 0x40 with 6 bytes at 8162.02s (9 remain)
 ACKing cmd 0x40; 8 remain
Successfully sent message 0x40 with 6 bytes at 8162.1s (8 remain)
 ACKing cmd 0x40; 7 remain
Successfully sent message 0x40 with 5 bytes at 8162.19s (7 remain)
 ACKing cmd 0x40; 6 remain
Successfully sent message 0x40 with 6 bytes at 8162.28s (6 remain)
 ACKing cmd 0x40; 5 remain
Successfully sent message 0x40 with 6 bytes at 8162.37s (5 remain)
 ACKing cmd 0x40; 4 remain
Successfully sent message 0x40 with 6 bytes at 8162.45s (4 remain)
 ACKing cmd 0x40; 3 remain
Successfully sent message 0x40 with 5 bytes at 8162.55s (3 remain)
 ACKing cmd 0x40; 2 remain
Successfully sent message 0x11 with 3 bytes at 8162.63s (2 remain)
 ACKing cmd 0x11; 1 remain
Successfully sent message 0x10 with 2 bytes at 8162.7s (1 remain)
 ACKing cmd 0x10; 0 remain
1800: 10 received, but 26 are needed for a full frame. Flushing.
62771: Sending stop scanning command
Successfully sent message 0x10 with 2 bytes at 8223.73s (0 remain)
Sending command +++
Finished escape sequence. Now disconnecting hardware
Sending command ATH
Successfully disconnected from Bluetooth
63665: Deleting D600 Object
