Log file D:\Myeongjin\SensorTestProject\log\D600_000000004CBF9B20.log created on 2020-04-07 at 05:16:42 PM
System Logging Level = 2
388086: RecordSize = 12 (2 I2C dev, 0 SPI dev)
388098: Mapped RecordSize = 12
Trying to connect to Bluetooth Serial Device
Currently in state 1, so releasing existing hardware...done.
388251: Searching 1 ports
Trying to open COM3 at 921600 baud
Sending command +++AT
Read "ERROR"  from port 3
Matched ERROR, Connected to COM3 at 921600 baud
388347: Found port 921600 at baudrate 921600
388350: Configuring: sending reset command
Sending command ATZ
Start configuring at 388357
702: Parsing string OK in state Reset
705: Found "OK"
Baudrate is correct, entering bypass mode for DAQ
Sending command ATD00019525dfd8
713: Resetting setup timeout at 389071 changing from Reset to Connect
3:  Done parsing command in Reset
99: Parsing string OK in state Connect
Didn't find CONNECT in OK
104:  Done parsing command in Connect
1125: Parsing string CONNECT 00019525DFD8 in state Connect
1128: Found "CONNECT"; trying to configure system
1130: Configuring system.
 Queuing message 0x63 ackSize 1
1133: Sending stop scanning command
 Queuing message 0x10 ackSize 2
 Queuing message 0x20 ackSize 7
1240: I2C scan list configured
1242: Configuring Scan Lists
 Queuing message 0x25 ackSize 3
1245: Scan length lists set
 Queuing message 0x33 ackSize 2
1249: Setting up all of the passthru commands
Device 0 (I2C Addr = 1): DacCurrent = 50, ScanCount = 20, AveLength = 3
Passing through cmd 8 to 0
 Queuing message 0x40 ackSize 5
Passing through cmd 5 to 0
 Queuing message 0x40 ackSize 6
Passing through cmd 6 to 0
 Queuing message 0x40 ackSize 6
Passing through cmd 7 to 0
 Queuing message 0x40 ackSize 6
Device 1 (I2C Addr = 2): DacCurrent = 50, ScanCount = 20, AveLength = 3
Passing through cmd 8 to 1
 Queuing message 0x40 ackSize 5
Passing through cmd 5 to 1
 Queuing message 0x40 ackSize 6
Passing through cmd 6 to 1
 Queuing message 0x40 ackSize 6
Passing through cmd 7 to 1
 Queuing message 0x40 ackSize 6
Passing through cmd 1 to 255
 Queuing message 0x40 ackSize 5
2666: Requested continuous frames
 Queuing message 0x11 ackSize 3
 Queuing message 0x10 ackSize 2
2672: Resetting setup timeout at 391744 changing from Connect to DAQ
2:  Done parsing command in Connect
Successfully sent message 0x63 with 1 bytes at 391.754s (16 remain)
Timeout waiting for ACK of 0x63 at 391.957
Successfully sent message 0x10 with 2 bytes at 391.965s (15 remain)
Timeout waiting for ACK of 0x10 at 392.168
Successfully sent message 0x20 with 7 bytes at 392.174s (14 remain)

 --Protocol Rev change was:0 now: 4--
 ACK Mismatch: Received 0x63 while waiting for 0x20
Timeout waiting for ACK of 0x20 at 392.378
Successfully sent message 0x20 with 7 bytes at 392.385s (13 remain)
 ACKing cmd 0x20; 13 remain
Successfully sent message 0x25 with 3 bytes at 392.465s (13 remain)
 ACKing cmd 0x25; 12 remain
Successfully sent message 0x33 with 2 bytes at 392.549s (12 remain)
 ACKing cmd 0x33; 11 remain
Successfully sent message 0x40 with 5 bytes at 392.608s (11 remain)
 ACKing cmd 0x40; 10 remain
Successfully sent message 0x40 with 6 bytes at 392.704s (10 remain)
 ACKing cmd 0x40; 9 remain
Successfully sent message 0x40 with 6 bytes at 392.784s (9 remain)
 ACKing cmd 0x40; 8 remain
Successfully sent message 0x40 with 6 bytes at 392.865s (8 remain)
 ACKing cmd 0x40; 7 remain
Successfully sent message 0x40 with 5 bytes at 392.944s (7 remain)
 ACKing cmd 0x40; 6 remain
Successfully sent message 0x40 with 6 bytes at 393.026s (6 remain)
 ACKing cmd 0x40; 5 remain
Successfully sent message 0x40 with 6 bytes at 393.105s (5 remain)
 ACKing cmd 0x40; 4 remain
Successfully sent message 0x40 with 6 bytes at 393.185s (4 remain)
 ACKing cmd 0x40; 3 remain
Successfully sent message 0x40 with 5 bytes at 393.264s (3 remain)
 ACKing cmd 0x40; 2 remain
Successfully sent message 0x11 with 3 bytes at 393.345s (2 remain)
 ACKing cmd 0x11; 1 remain
Successfully sent message 0x10 with 2 bytes at 393.406s (1 remain)
 ACKing cmd 0x10; 0 remain
1739: 10 received, but 26 are needed for a full frame. Flushing.
52544: Sending stop scanning command
Successfully sent message 0x10 with 2 bytes at 444.295s (0 remain)
Sending command +++
Finished escape sequence. Now disconnecting hardware
Sending command ATH
Successfully disconnected from Bluetooth
53406: Deleting D600 Object
