Log file D:\Myeongjin\SensorTestProject\log\D600_0000000043329B30.log created on 2020-04-16 at 12:14:15 PM
System Logging Level = 2
12058065: RecordSize = 12 (2 I2C dev, 0 SPI dev)
12058070: Mapped RecordSize = 12
Trying to connect to Bluetooth Serial Device
Currently in state 1, so releasing existing hardware...done.
12058138: Searching 1 ports
Trying to open COM3 at 921600 baud
Sending command +++AT
Read "ERROR"  from port 3
Matched ERROR, Connected to COM3 at 921600 baud
12058231: Found port 921600 at baudrate 921600
12058239: Configuring: sending reset command
Sending command ATZ
Start configuring at 12058258
701: Parsing string OK in state Reset
704: Found "OK"
Baudrate is correct, entering bypass mode for DAQ
Sending command ATD00019525dfd8
712: Resetting setup timeout at 12058971 changing from Reset to Connect
4:  Done parsing command in Reset
101: Parsing string OK in state Connect
Didn't find CONNECT in OK
107:  Done parsing command in Connect
878: Parsing string CONNECT 00019525DFD8 in state Connect
882: Found "CONNECT"; trying to configure system
884: Configuring system.
 Queuing message 0x63 ackSize 1
888: Sending stop scanning command
 Queuing message 0x10 ackSize 2
 Queuing message 0x20 ackSize 7
1001: I2C scan list configured
1005: Configuring Scan Lists
 Queuing message 0x25 ackSize 3
1015: Scan length lists set
 Queuing message 0x33 ackSize 2
1026: Setting up all of the passthru commands
Device 0 (I2C Addr = 1): DacCurrent = 50, ScanCount = 20, AveLength = 3
Passing through cmd 8 to 0
 Queuing message 0x40 ackSize 5
Passing through cmd 5 to 0
 Queuing message 0x40 ackSize 6
Passing through cmd 6 to 0
 Queuing message 0x40 ackSize 6
Passing through cmd 7 to 0
 Queuing message 0x40 ackSize 6
Device 1 (I2C Addr = 2): DacCurrent = 50, ScanCount = 20, AveLength = 3
Passing through cmd 8 to 1
 Queuing message 0x40 ackSize 5
Passing through cmd 5 to 1
 Queuing message 0x40 ackSize 6
Passing through cmd 6 to 1
 Queuing message 0x40 ackSize 6
Passing through cmd 7 to 1
 Queuing message 0x40 ackSize 6
Passing through cmd 1 to 255
 Queuing message 0x40 ackSize 5
2463: Requested continuous frames
 Queuing message 0x11 ackSize 3
 Queuing message 0x10 ackSize 2
2469: Resetting setup timeout at 12061441 changing from Connect to DAQ
3:  Done parsing command in Connect
Successfully sent message 0x63 with 1 bytes at 12061.5s (16 remain)
Timeout waiting for ACK of 0x63 at 12061.7
Successfully sent message 0x10 with 2 bytes at 12061.7s (15 remain)
Timeout waiting for ACK of 0x10 at 12061.9
Successfully sent message 0x20 with 7 bytes at 12061.9s (14 remain)

 --Protocol Rev change was:0 now: 4--
 ACK Mismatch: Received 0x63 while waiting for 0x20
Timeout waiting for ACK of 0x20 at 12062.1
Successfully sent message 0x20 with 7 bytes at 12062.1s (13 remain)
 ACKing cmd 0x20; 13 remain
Successfully sent message 0x25 with 3 bytes at 12062.2s (13 remain)
 ACKing cmd 0x25; 12 remain
Successfully sent message 0x33 with 2 bytes at 12062.3s (12 remain)
 ACKing cmd 0x33; 11 remain
Successfully sent message 0x40 with 5 bytes at 12062.3s (11 remain)
 ACKing cmd 0x40; 10 remain
Successfully sent message 0x40 with 6 bytes at 12062.4s (10 remain)
 ACKing cmd 0x40; 9 remain
Successfully sent message 0x40 with 6 bytes at 12062.5s (9 remain)
 ACKing cmd 0x40; 8 remain
Successfully sent message 0x40 with 6 bytes at 12062.6s (8 remain)
 ACKing cmd 0x40; 7 remain
Successfully sent message 0x40 with 5 bytes at 12062.7s (7 remain)
 ACKing cmd 0x40; 6 remain
Successfully sent message 0x40 with 6 bytes at 12062.7s (6 remain)
 ACKing cmd 0x40; 5 remain
Successfully sent message 0x40 with 6 bytes at 12062.8s (5 remain)
 ACKing cmd 0x40; 4 remain
Successfully sent message 0x40 with 6 bytes at 12062.9s (4 remain)
 ACKing cmd 0x40; 3 remain
Successfully sent message 0x40 with 5 bytes at 12063s (3 remain)
 ACKing cmd 0x40; 2 remain
Successfully sent message 0x11 with 3 bytes at 12063.1s (2 remain)
 ACKing cmd 0x11; 1 remain
Successfully sent message 0x10 with 2 bytes at 12063.1s (1 remain)
 ACKing cmd 0x10; 0 remain
1757: 10 received, but 26 are needed for a full frame. Flushing.
235738: Sending stop scanning command
Successfully sent message 0x10 with 2 bytes at 12297.2s (0 remain)
Sending command +++
Finished escape sequence. Now disconnecting hardware
Sending command ATH
Successfully disconnected from Bluetooth
236720: Deleting D600 Object
