Log file D:\Myeongjin\SensorTestProject\log\D600_0000000043DCA090.log created on 2021-01-21 at 12:56:34 PM
System Logging Level = 2
15948: RecordSize = 12 (2 I2C dev, 0 SPI dev)
15983: Mapped RecordSize = 12
Trying to connect to Bluetooth Serial Device
Currently in state 1, so releasing existing hardware...done.
17130: Searching 1 ports
Trying to open COM3 at 921600 baud
Sending command +++AT
Read "ERROR"  from port 3
Matched ERROR, Connected to COM3 at 921600 baud
17414: Found port 921600 at baudrate 921600
17439: Configuring: sending reset command
Sending command ATZ
Start configuring at 17496
700: Parsing string OK in state Reset
730: Found "OK"
Baudrate is correct, entering bypass mode for DAQ
Sending command ATD00019525dfd8
800: Resetting setup timeout at 18306 changing from Reset to Connect
30:  Done parsing command in Reset
82: Parsing string OK in state Connect
Didn't find CONNECT in OK
132:  Done parsing command in Connect
1044: Parsing string CONNECT 00019525DFD8 in state Connect
1074: Found "CONNECT"; trying to configure system
1095: Configuring system.
 Queuing message 0x63 ackSize 1
1126: Sending stop scanning command
 Queuing message 0x10 ackSize 2
 Queuing message 0x20 ackSize 7
1291: I2C scan list configured
1305: Configuring Scan Lists
 Queuing message 0x25 ackSize 3
1340: Scan length lists set
 Queuing message 0x33 ackSize 2
1375: Setting up all of the passthru commands
Device 0 (I2C Addr = 1): DacCurrent = 50, ScanCount = 20, AveLength = 3
Passing through cmd 8 to 0
 Queuing message 0x40 ackSize 5
Passing through cmd 5 to 0
 Queuing message 0x40 ackSize 6
Passing through cmd 6 to 0
 Queuing message 0x40 ackSize 6
Passing through cmd 7 to 0
 Queuing message 0x40 ackSize 6
Device 1 (I2C Addr = 2): DacCurrent = 50, ScanCount = 20, AveLength = 3
Passing through cmd 8 to 1
 Queuing message 0x40 ackSize 5
Passing through cmd 5 to 1
 Queuing message 0x40 ackSize 6
Passing through cmd 6 to 1
 Queuing message 0x40 ackSize 6
Passing through cmd 7 to 1
 Queuing message 0x40 ackSize 6
Passing through cmd 1 to 255
 Queuing message 0x40 ackSize 5
3217: Requested continuous frames
 Queuing message 0x11 ackSize 3
 Queuing message 0x10 ackSize 2
3276: Resetting setup timeout at 21591 changing from Connect to DAQ
32:  Done parsing command in Connect
Successfully sent message 0x63 with 1 bytes at 21.702s (16 remain)
Timeout waiting for ACK of 0x63 at 21.932
Successfully sent message 0x10 with 2 bytes at 22.003s (15 remain)
Timeout waiting for ACK of 0x10 at 22.232
Successfully sent message 0x20 with 7 bytes at 22.303s (14 remain)
Timeout waiting for ACK of 0x20 at 22.528
Successfully sent message 0x25 with 3 bytes at 22.599s (13 remain)
Timeout waiting for ACK of 0x25 at 22.83
Successfully sent message 0x33 with 2 bytes at 22.9s (12 remain)
Timeout waiting for ACK of 0x33 at 23.129
Successfully sent message 0x40 with 5 bytes at 23.222s (11 remain)
Timeout waiting for ACK of 0x40 at 23.454
Successfully sent message 0x40 with 6 bytes at 23.526s (10 remain)
Timeout waiting for ACK of 0x40 at 23.755
Successfully sent message 0x40 with 6 bytes at 23.828s (9 remain)
Timeout waiting for ACK of 0x40 at 24.057
Successfully sent message 0x40 with 6 bytes at 24.128s (8 remain)
Timeout waiting for ACK of 0x40 at 24.359
Successfully sent message 0x40 with 5 bytes at 24.439s (7 remain)
Timeout waiting for ACK of 0x40 at 24.669
Successfully sent message 0x40 with 6 bytes at 24.744s (6 remain)
Timeout waiting for ACK of 0x40 at 24.974
Successfully sent message 0x40 with 6 bytes at 25.046s (5 remain)
Timeout waiting for ACK of 0x40 at 25.276
Successfully sent message 0x40 with 6 bytes at 25.349s (4 remain)
Timeout waiting for ACK of 0x40 at 25.579
4003: Timeout 4000 waiting for data from 4294967287 to 4029
ERROR: Timeout waiting for new data. This is most likely due 
to a Bluetooth connection issue due to interference, 
a low battery, or being out of range. Check that the 
battery is charged, and possibly try moving closer to the 
computer.
4067: Sending stop scanning command
Successfully sent message 0x10 with 2 bytes at 25.731s (3 remain)
Sending command +++
Finished escape sequence. Now disconnecting hardware
Sending command ATH
Successfully disconnected from Bluetooth
5210: Deleting D600 Object
