Log file D:\Myeongjin\SensorTestProject\log\D600_000002C58A1EA0E0.log created on 2021-03-24 at 04:23:32 PM
System Logging Level = 2
7718117: RecordSize = 12 (2 I2C dev, 0 SPI dev)
7718166: Mapped RecordSize = 12
Trying to connect to Bluetooth Serial Device
Currently in state 1, so releasing existing hardware...done.
7718982: Searching 1 ports
Trying to open COM3 at 921600 baud
Sending command +++AT
Read "ERROR"  from port 3
Matched ERROR, Connected to COM3 at 921600 baud
7719338: Found port 921600 at baudrate 921600
7719373: Configuring: sending reset command
Sending command ATZ
Start configuring at 7719452
697: Parsing string OK in state Reset
737: Found "OK"
Baudrate is correct, entering bypass mode for DAQ
Sending command ATD00019525dfd8
835: Resetting setup timeout at 7720299 changing from Reset to Connect
41:  Done parsing command in Reset
74: Parsing string OK in state Connect
Didn't find CONNECT in OK
143:  Done parsing command in Connect
1369: Parsing string CONNECT 00019525DFD8 in state Connect
1411: Found "CONNECT"; trying to configure system
1441: Configuring system.
 Queuing message 0x63 ackSize 1
1487: Sending stop scanning command
 Queuing message 0x10 ackSize 2
 Queuing message 0x20 ackSize 7
1671: I2C scan list configured
1688: Configuring Scan Lists
 Queuing message 0x25 ackSize 3
1734: Scan length lists set
 Queuing message 0x33 ackSize 2
1784: Setting up all of the passthru commands
Device 0 (I2C Addr = 1): DacCurrent = 50, ScanCount = 20, AveLength = 3
Passing through cmd 8 to 0
 Queuing message 0x40 ackSize 5
Passing through cmd 5 to 0
 Queuing message 0x40 ackSize 6
Passing through cmd 6 to 0
 Queuing message 0x40 ackSize 6
Passing through cmd 7 to 0
 Queuing message 0x40 ackSize 6
Device 1 (I2C Addr = 2): DacCurrent = 50, ScanCount = 20, AveLength = 3
Passing through cmd 8 to 1
 Queuing message 0x40 ackSize 5
Passing through cmd 5 to 1
 Queuing message 0x40 ackSize 6
Passing through cmd 6 to 1
 Queuing message 0x40 ackSize 6
Passing through cmd 7 to 1
 Queuing message 0x40 ackSize 6
Passing through cmd 1 to 255
 Queuing message 0x40 ackSize 5
3813: Requested continuous frames
 Queuing message 0x11 ackSize 3
 Queuing message 0x10 ackSize 2
3895: Resetting setup timeout at 7724207 changing from Connect to DAQ
42:  Done parsing command in Connect
Successfully sent message 0x63 with 1 bytes at 7724.36s (16 remain)
Timeout waiting for ACK of 0x63 at 7724.6
Successfully sent message 0x10 with 2 bytes at 7724.69s (15 remain)
Timeout waiting for ACK of 0x10 at 7724.93
Successfully sent message 0x20 with 7 bytes at 7725.03s (14 remain)

 --Protocol Rev change was:0 now: 4--
 ACK Mismatch: Received 0x63 while waiting for 0x20
Timeout waiting for ACK of 0x20 at 7725.27
Successfully sent message 0x20 with 7 bytes at 7725.36s (13 remain)
 ACKing cmd 0x20; 13 remain
Successfully sent message 0x25 with 3 bytes at 7725.51s (13 remain)
 ACKing cmd 0x25; 12 remain
Successfully sent message 0x33 with 2 bytes at 7725.65s (12 remain)
 ACKing cmd 0x33; 11 remain
Successfully sent message 0x40 with 5 bytes at 7725.8s (11 remain)
 ACKing cmd 0x40; 10 remain
Successfully sent message 0x40 with 6 bytes at 7725.94s (10 remain)
 ACKing cmd 0x40; 9 remain
Successfully sent message 0x40 with 6 bytes at 7726.09s (9 remain)
 ACKing cmd 0x40; 8 remain
Successfully sent message 0x40 with 6 bytes at 7726.22s (8 remain)
 ACKing cmd 0x40; 7 remain
Successfully sent message 0x40 with 5 bytes at 7726.39s (7 remain)
 ACKing cmd 0x40; 6 remain
Successfully sent message 0x40 with 6 bytes at 7726.53s (6 remain)
 ACKing cmd 0x40; 5 remain
Successfully sent message 0x40 with 6 bytes at 7726.69s (5 remain)
 ACKing cmd 0x40; 4 remain
Successfully sent message 0x40 with 6 bytes at 7726.85s (4 remain)
 ACKing cmd 0x40; 3 remain
Successfully sent message 0x40 with 5 bytes at 7727s (3 remain)
 ACKing cmd 0x40; 2 remain
Successfully sent message 0x11 with 3 bytes at 7727.16s (2 remain)
 ACKing cmd 0x11; 1 remain
Successfully sent message 0x10 with 2 bytes at 7727.3s (1 remain)
 ACKing cmd 0x10; 0 remain
3156: 10 received, but 26 are needed for a full frame. Flushing.
12347: Sending stop scanning command
Successfully sent message 0x10 with 2 bytes at 7736.67s (0 remain)
Sending command +++
Finished escape sequence. Now disconnecting hardware
Sending command ATH
Successfully disconnected from Bluetooth
13544: Deleting D600 Object
