Log file D:\Myeongjin\SensorTestProject\log\D600_00000000449DA090.log created on 2021-01-21 at 12:57:10 PM
System Logging Level = 2
51957: RecordSize = 12 (2 I2C dev, 0 SPI dev)
51993: Mapped RecordSize = 12
Trying to connect to Bluetooth Serial Device
Currently in state 1, so releasing existing hardware...done.
52499: Searching 1 ports
Trying to open COM3 at 921600 baud
Sending command +++AT
Read "ERROR"  from port 3
Matched ERROR, Connected to COM3 at 921600 baud
52783: Found port 921600 at baudrate 921600
52808: Configuring: sending reset command
Sending command ATZ
Start configuring at 52870
699: Parsing string OK in state Reset
731: Found "OK"
Baudrate is correct, entering bypass mode for DAQ
Sending command ATD00019525dfd8
813: Resetting setup timeout at 53692 changing from Reset to Connect
31:  Done parsing command in Reset
84: Parsing string OK in state Connect
Didn't find CONNECT in OK
134:  Done parsing command in Connect
1388: Parsing string CONNECT 00019525DFD8 in state Connect
1419: Found "CONNECT"; trying to configure system
1440: Configuring system.
 Queuing message 0x63 ackSize 1
1469: Sending stop scanning command
 Queuing message 0x10 ackSize 2
 Queuing message 0x20 ackSize 7
1625: I2C scan list configured
1639: Configuring Scan Lists
 Queuing message 0x25 ackSize 3
1674: Scan length lists set
 Queuing message 0x33 ackSize 2
1709: Setting up all of the passthru commands
Device 0 (I2C Addr = 1): DacCurrent = 50, ScanCount = 20, AveLength = 3
Passing through cmd 8 to 0
 Queuing message 0x40 ackSize 5
Passing through cmd 5 to 0
 Queuing message 0x40 ackSize 6
Passing through cmd 6 to 0
 Queuing message 0x40 ackSize 6
Passing through cmd 7 to 0
 Queuing message 0x40 ackSize 6
Device 1 (I2C Addr = 2): DacCurrent = 50, ScanCount = 20, AveLength = 3
Passing through cmd 8 to 1
 Queuing message 0x40 ackSize 5
Passing through cmd 5 to 1
 Queuing message 0x40 ackSize 6
Passing through cmd 6 to 1
 Queuing message 0x40 ackSize 6
Passing through cmd 7 to 1
 Queuing message 0x40 ackSize 6
Passing through cmd 1 to 255
 Queuing message 0x40 ackSize 5
3553: Requested continuous frames
 Queuing message 0x11 ackSize 3
 Queuing message 0x10 ackSize 2
3612: Resetting setup timeout at 57312 changing from Connect to DAQ
33:  Done parsing command in Connect
Successfully sent message 0x63 with 1 bytes at 57.424s (16 remain)
Timeout waiting for ACK of 0x63 at 57.653
Successfully sent message 0x10 with 2 bytes at 57.721s (15 remain)
Timeout waiting for ACK of 0x10 at 57.95
Successfully sent message 0x20 with 7 bytes at 58.021s (14 remain)
Timeout waiting for ACK of 0x20 at 58.247
Successfully sent message 0x25 with 3 bytes at 58.318s (13 remain)
Timeout waiting for ACK of 0x25 at 58.546
Successfully sent message 0x33 with 2 bytes at 58.618s (12 remain)
Timeout waiting for ACK of 0x33 at 58.846
Successfully sent message 0x40 with 5 bytes at 58.918s (11 remain)
Timeout waiting for ACK of 0x40 at 59.149
Successfully sent message 0x40 with 6 bytes at 59.223s (10 remain)
Timeout waiting for ACK of 0x40 at 59.456
Successfully sent message 0x40 with 6 bytes at 59.527s (9 remain)
Timeout waiting for ACK of 0x40 at 59.755
Successfully sent message 0x40 with 6 bytes at 59.831s (8 remain)
Timeout waiting for ACK of 0x40 at 60.06
Successfully sent message 0x40 with 5 bytes at 60.131s (7 remain)
Timeout waiting for ACK of 0x40 at 60.361
Successfully sent message 0x40 with 6 bytes at 60.447s (6 remain)
Timeout waiting for ACK of 0x40 at 60.679
Successfully sent message 0x40 with 6 bytes at 60.75s (5 remain)
Timeout waiting for ACK of 0x40 at 60.98
Successfully sent message 0x40 with 6 bytes at 61.053s (4 remain)
Timeout waiting for ACK of 0x40 at 61.283
Successfully sent message 0x40 with 5 bytes at 61.357s (3 remain)
4065: Timeout 4000 waiting for data from 4294967288 to 4088
ERROR: Timeout waiting for new data. This is most likely due 
to a Bluetooth connection issue due to interference, 
a low battery, or being out of range. Check that the 
battery is charged, and possibly try moving closer to the 
computer.
4126: Sending stop scanning command
Successfully sent message 0x10 with 2 bytes at 61.52s (2 remain)
Sending command +++
Sending command +++
Finished escape sequence. Now disconnecting hardware
Sending command ATH
Sending command ATH
Successfully disconnected from Bluetooth
5393: Deleting D600 Object
