Log file D:\Myeongjin\SensorTestProject\log\D600_000000003C089B30.log created on 2020-04-16 at 09:04:44 AM
System Logging Level = 2
687164: RecordSize = 12 (2 I2C dev, 0 SPI dev)
687175: Mapped RecordSize = 12
Trying to connect to Bluetooth Serial Device
Currently in state 1, so releasing existing hardware...done.
687328: Searching 1 ports
Trying to open COM3 at 921600 baud
Sending command +++AT
Read "ERROR"  from port 3
Matched ERROR, Connected to COM3 at 921600 baud
687459: Found port 921600 at baudrate 921600
687467: Configuring: sending reset command
Sending command ATZ
Start configuring at 687486
701: Parsing string OK in state Reset
704: Found "OK"
Baudrate is correct, entering bypass mode for DAQ
Sending command ATD00019525dfd8
712: Resetting setup timeout at 688199 changing from Reset to Connect
4:  Done parsing command in Reset
100: Parsing string OK in state Connect
Didn't find CONNECT in OK
105:  Done parsing command in Connect
1192: Parsing string CONNECT 00019525DFD8 in state Connect
1195: Found "CONNECT"; trying to configure system
1197: Configuring system.
 Queuing message 0x63 ackSize 1
1200: Sending stop scanning command
 Queuing message 0x10 ackSize 2
 Queuing message 0x20 ackSize 7
1312: I2C scan list configured
1315: Configuring Scan Lists
 Queuing message 0x25 ackSize 3
1326: Scan length lists set
 Queuing message 0x33 ackSize 2
1336: Setting up all of the passthru commands
Device 0 (I2C Addr = 1): DacCurrent = 50, ScanCount = 20, AveLength = 3
Passing through cmd 8 to 0
 Queuing message 0x40 ackSize 5
Passing through cmd 5 to 0
 Queuing message 0x40 ackSize 6
Passing through cmd 6 to 0
 Queuing message 0x40 ackSize 6
Passing through cmd 7 to 0
 Queuing message 0x40 ackSize 6
Device 1 (I2C Addr = 2): DacCurrent = 50, ScanCount = 20, AveLength = 3
Passing through cmd 8 to 1
 Queuing message 0x40 ackSize 5
Passing through cmd 5 to 1
 Queuing message 0x40 ackSize 6
Passing through cmd 6 to 1
 Queuing message 0x40 ackSize 6
Passing through cmd 7 to 1
 Queuing message 0x40 ackSize 6
Passing through cmd 1 to 255
 Queuing message 0x40 ackSize 5
2799: Requested continuous frames
 Queuing message 0x11 ackSize 3
 Queuing message 0x10 ackSize 2
2816: Resetting setup timeout at 691017 changing from Connect to DAQ
9:  Done parsing command in Connect
Successfully sent message 0x63 with 1 bytes at 691.05s (16 remain)
Timeout waiting for ACK of 0x63 at 691.257
Successfully sent message 0x10 with 2 bytes at 691.264s (15 remain)
Timeout waiting for ACK of 0x10 at 691.469
Successfully sent message 0x20 with 7 bytes at 691.477s (14 remain)

 --Protocol Rev change was:0 now: 4--
 ACK Mismatch: Received 0x63 while waiting for 0x20
Timeout waiting for ACK of 0x20 at 691.68
Successfully sent message 0x20 with 7 bytes at 691.689s (13 remain)
 ACKing cmd 0x20; 13 remain
Successfully sent message 0x25 with 3 bytes at 691.756s (13 remain)
 ACKing cmd 0x25; 12 remain
Successfully sent message 0x33 with 2 bytes at 691.852s (12 remain)
 ACKing cmd 0x33; 11 remain
Successfully sent message 0x40 with 5 bytes at 691.932s (11 remain)
 ACKing cmd 0x40; 10 remain
Successfully sent message 0x40 with 6 bytes at 692.011s (10 remain)
 ACKing cmd 0x40; 9 remain
Successfully sent message 0x40 with 6 bytes at 692.091s (9 remain)
 ACKing cmd 0x40; 8 remain
Successfully sent message 0x40 with 6 bytes at 692.171s (8 remain)
 ACKing cmd 0x40; 7 remain
Successfully sent message 0x40 with 5 bytes at 692.258s (7 remain)
 ACKing cmd 0x40; 6 remain
Successfully sent message 0x40 with 6 bytes at 692.348s (6 remain)
 ACKing cmd 0x40; 5 remain
Successfully sent message 0x40 with 6 bytes at 692.427s (5 remain)
 ACKing cmd 0x40; 4 remain
Successfully sent message 0x40 with 6 bytes at 692.507s (4 remain)
 ACKing cmd 0x40; 3 remain
Successfully sent message 0x40 with 5 bytes at 692.594s (3 remain)
 ACKing cmd 0x40; 2 remain
Successfully sent message 0x11 with 3 bytes at 692.675s (2 remain)
 ACKing cmd 0x11; 1 remain
Successfully sent message 0x10 with 2 bytes at 692.75s (1 remain)
 ACKing cmd 0x10; 0 remain
1792: 10 received, but 26 are needed for a full frame. Flushing.
1893907: Sending stop scanning command
Successfully sent message 0x10 with 2 bytes at 2584.93s (0 remain)
Sending command +++
Finished escape sequence. Now disconnecting hardware
Sending command ATH
Successfully disconnected from Bluetooth
1897460: Deleting D600 Object
Log file D:\Myeongjin\SensorTestProject\log\D600_000000003C089B30.log created on 2020-04-16 at 07:18:10 PM
System Logging Level = 2
37493024: RecordSize = 12 (2 I2C dev, 0 SPI dev)
37493029: Mapped RecordSize = 12
Trying to connect to Bluetooth Serial Device
Currently in state 1, so releasing existing hardware...done.
37493085: Searching 1 ports
Trying to open COM3 at 921600 baud
Sending command +++AT
Read "ERROR"  from port 3
Matched ERROR, Connected to COM3 at 921600 baud
37493194: Found port 921600 at baudrate 921600
37493197: Configuring: sending reset command
Sending command ATZ
Start configuring at 37493203
700: Parsing string OK in state Reset
704: Found "OK"
Baudrate is correct, entering bypass mode for DAQ
Sending command ATD00019525dfd8
714: Resetting setup timeout at 37493918 changing from Reset to Connect
3:  Done parsing command in Reset
96: Parsing string OK in state Connect
Didn't find CONNECT in OK
102:  Done parsing command in Connect
1281: Parsing string CONNECT 00019525DFD8 in state Connect
1285: Found "CONNECT"; trying to configure system
1287: Configuring system.
 Queuing message 0x63 ackSize 1
1291: Sending stop scanning command
 Queuing message 0x10 ackSize 2
 Queuing message 0x20 ackSize 7
1399: I2C scan list configured
1401: Configuring Scan Lists
 Queuing message 0x25 ackSize 3
1404: Scan length lists set
 Queuing message 0x33 ackSize 2
1408: Setting up all of the passthru commands
Device 0 (I2C Addr = 1): DacCurrent = 50, ScanCount = 20, AveLength = 3
Passing through cmd 8 to 0
 Queuing message 0x40 ackSize 5
Passing through cmd 5 to 0
 Queuing message 0x40 ackSize 6
Passing through cmd 6 to 0
 Queuing message 0x40 ackSize 6
Passing through cmd 7 to 0
 Queuing message 0x40 ackSize 6
Device 1 (I2C Addr = 2): DacCurrent = 50, ScanCount = 20, AveLength = 3
Passing through cmd 8 to 1
 Queuing message 0x40 ackSize 5
Passing through cmd 5 to 1
 Queuing message 0x40 ackSize 6
Passing through cmd 6 to 1
 Queuing message 0x40 ackSize 6
Passing through cmd 7 to 1
 Queuing message 0x40 ackSize 6
Passing through cmd 1 to 255
 Queuing message 0x40 ackSize 5
2771: Requested continuous frames
 Queuing message 0x11 ackSize 3
 Queuing message 0x10 ackSize 2
2777: Resetting setup timeout at 37496696 changing from Connect to DAQ
3:  Done parsing command in Connect
Successfully sent message 0x63 with 1 bytes at 37496.7s (16 remain)
Timeout waiting for ACK of 0x63 at 37496.9
Successfully sent message 0x10 with 2 bytes at 37496.9s (15 remain)
Timeout waiting for ACK of 0x10 at 37497.1
Successfully sent message 0x20 with 7 bytes at 37497.1s (14 remain)

 --Protocol Rev change was:0 now: 4--
 ACK Mismatch: Received 0x63 while waiting for 0x20
Timeout waiting for ACK of 0x20 at 37497.3
Successfully sent message 0x20 with 7 bytes at 37497.3s (13 remain)
 ACKing cmd 0x20; 13 remain
Successfully sent message 0x25 with 3 bytes at 37497.4s (13 remain)
 ACKing cmd 0x25; 12 remain
Successfully sent message 0x33 with 2 bytes at 37497.5s (12 remain)
 ACKing cmd 0x33; 11 remain
Successfully sent message 0x40 with 5 bytes at 37497.6s (11 remain)
 ACKing cmd 0x40; 10 remain
Successfully sent message 0x40 with 6 bytes at 37497.7s (10 remain)
 ACKing cmd 0x40; 9 remain
Successfully sent message 0x40 with 6 bytes at 37497.7s (9 remain)
 ACKing cmd 0x40; 8 remain
Successfully sent message 0x40 with 6 bytes at 37497.8s (8 remain)
 ACKing cmd 0x40; 7 remain
Successfully sent message 0x40 with 5 bytes at 37497.9s (7 remain)
 ACKing cmd 0x40; 6 remain
Successfully sent message 0x40 with 6 bytes at 37498s (6 remain)
 ACKing cmd 0x40; 5 remain
Successfully sent message 0x40 with 6 bytes at 37498.1s (5 remain)
 ACKing cmd 0x40; 4 remain
Successfully sent message 0x40 with 6 bytes at 37498.2s (4 remain)
 ACKing cmd 0x40; 3 remain
Successfully sent message 0x40 with 5 bytes at 37498.3s (3 remain)
 ACKing cmd 0x40; 2 remain
Successfully sent message 0x11 with 3 bytes at 37498.4s (2 remain)
 ACKing cmd 0x11; 1 remain
Successfully sent message 0x10 with 2 bytes at 37498.4s (1 remain)
 ACKing cmd 0x10; 0 remain
1805: 10 received, but 26 are needed for a full frame. Flushing.
88689: Sending stop scanning command
Successfully sent message 0x10 with 2 bytes at 37585.4s (0 remain)
Sending command +++
Finished escape sequence. Now disconnecting hardware
Sending command ATH
Successfully disconnected from Bluetooth
89495: Deleting D600 Object
