Log file D:\Myeongjin\SensorTestProject\log\D600_0000000036759B30.log created on 2020-04-16 at 02:31:02 PM
System Logging Level = 2
20264984: RecordSize = 12 (2 I2C dev, 0 SPI dev)
20264989: Mapped RecordSize = 12
Trying to connect to Bluetooth Serial Device
Currently in state 1, so releasing existing hardware...done.
20265050: Searching 1 ports
Trying to open COM3 at 921600 baud
Sending command +++AT
Read "ERROR"  from port 3
Matched ERROR, Connected to COM3 at 921600 baud
20265139: Found port 921600 at baudrate 921600
20265141: Configuring: sending reset command
Sending command ATZ
Start configuring at 20265148
701: Parsing string OK in state Reset
704: Found "OK"
Baudrate is correct, entering bypass mode for DAQ
Sending command ATD00019525dfd8
713: Resetting setup timeout at 20265862 changing from Reset to Connect
4:  Done parsing command in Reset
97: Parsing string OK in state Connect
Didn't find CONNECT in OK
103:  Done parsing command in Connect
881: Parsing string CONNECT 00019525DFD8 in state Connect
885: Found "CONNECT"; trying to configure system
887: Configuring system.
 Queuing message 0x63 ackSize 1
891: Sending stop scanning command
 Queuing message 0x10 ackSize 2
 Queuing message 0x20 ackSize 7
1000: I2C scan list configured
1001: Configuring Scan Lists
 Queuing message 0x25 ackSize 3
1005: Scan length lists set
 Queuing message 0x33 ackSize 2
1009: Setting up all of the passthru commands
Device 0 (I2C Addr = 1): DacCurrent = 50, ScanCount = 20, AveLength = 3
Passing through cmd 8 to 0
 Queuing message 0x40 ackSize 5
Passing through cmd 5 to 0
 Queuing message 0x40 ackSize 6
Passing through cmd 6 to 0
 Queuing message 0x40 ackSize 6
Passing through cmd 7 to 0
 Queuing message 0x40 ackSize 6
Device 1 (I2C Addr = 2): DacCurrent = 50, ScanCount = 20, AveLength = 3
Passing through cmd 8 to 1
 Queuing message 0x40 ackSize 5
Passing through cmd 5 to 1
 Queuing message 0x40 ackSize 6
Passing through cmd 6 to 1
 Queuing message 0x40 ackSize 6
Passing through cmd 7 to 1
 Queuing message 0x40 ackSize 6
Passing through cmd 1 to 255
 Queuing message 0x40 ackSize 5
2372: Requested continuous frames
 Queuing message 0x11 ackSize 3
 Queuing message 0x10 ackSize 2
2378: Resetting setup timeout at 20268241 changing from Connect to DAQ
3:  Done parsing command in Connect
Successfully sent message 0x63 with 1 bytes at 20268.3s (16 remain)
Timeout waiting for ACK of 0x63 at 20268.5
Successfully sent message 0x10 with 2 bytes at 20268.5s (15 remain)
Timeout waiting for ACK of 0x10 at 20268.7
Successfully sent message 0x20 with 7 bytes at 20268.7s (14 remain)

 --Protocol Rev change was:0 now: 4--
 ACK Mismatch: Received 0x63 while waiting for 0x20
Timeout waiting for ACK of 0x20 at 20268.9
Successfully sent message 0x20 with 7 bytes at 20268.9s (13 remain)
 ACKing cmd 0x20; 13 remain
Successfully sent message 0x25 with 3 bytes at 20269s (13 remain)
 ACKing cmd 0x25; 12 remain
Successfully sent message 0x33 with 2 bytes at 20269.1s (12 remain)
 ACKing cmd 0x33; 11 remain
Successfully sent message 0x40 with 5 bytes at 20269.1s (11 remain)
 ACKing cmd 0x40; 10 remain
Successfully sent message 0x40 with 6 bytes at 20269.2s (10 remain)
 ACKing cmd 0x40; 9 remain
Successfully sent message 0x40 with 6 bytes at 20269.3s (9 remain)
 ACKing cmd 0x40; 8 remain
Successfully sent message 0x40 with 6 bytes at 20269.4s (8 remain)
 ACKing cmd 0x40; 7 remain
Successfully sent message 0x40 with 5 bytes at 20269.5s (7 remain)
 ACKing cmd 0x40; 6 remain
Successfully sent message 0x40 with 6 bytes at 20269.6s (6 remain)
 ACKing cmd 0x40; 5 remain
Successfully sent message 0x40 with 6 bytes at 20269.6s (5 remain)
 ACKing cmd 0x40; 4 remain
Successfully sent message 0x40 with 6 bytes at 20269.7s (4 remain)
 ACKing cmd 0x40; 3 remain
Successfully sent message 0x40 with 5 bytes at 20269.8s (3 remain)
 ACKing cmd 0x40; 2 remain
Successfully sent message 0x11 with 3 bytes at 20269.9s (2 remain)
 ACKing cmd 0x11; 1 remain
Successfully sent message 0x10 with 2 bytes at 20270s (1 remain)
 ACKing cmd 0x10; 0 remain
1798: 10 received, but 26 are needed for a full frame. Flushing.
21004: Sending stop scanning command
Successfully sent message 0x10 with 2 bytes at 20289.3s (0 remain)
Sending command +++
Finished escape sequence. Now disconnecting hardware
Sending command ATH
Successfully disconnected from Bluetooth
21855: Deleting D600 Object
