Log file D:\Myeongjin\SensorTestProject\log\D600_000002C584EBA0E0.log created on 2021-03-24 at 03:46:54 PM
System Logging Level = 2
5519984: RecordSize = 12 (2 I2C dev, 0 SPI dev)
5520026: Mapped RecordSize = 12
Trying to connect to Bluetooth Serial Device
Currently in state 1, so releasing existing hardware...done.
5520599: Searching 1 ports
Trying to open COM3 at 921600 baud
Sending command +++AT
Read "ERROR"  from port 3
Matched ERROR, Connected to COM3 at 921600 baud
5520928: Found port 921600 at baudrate 921600
5520956: Configuring: sending reset command
Sending command ATZ
Start configuring at 5521026
697: Parsing string OK in state Reset
733: Found "OK"
Baudrate is correct, entering bypass mode for DAQ
Sending command ATD00019525dfd8
817: Resetting setup timeout at 5521852 changing from Reset to Connect
34:  Done parsing command in Reset
80: Parsing string OK in state Connect
Didn't find CONNECT in OK
141:  Done parsing command in Connect
972: Parsing string CONNECT 00019525DFD8 in state Connect
1008: Found "CONNECT"; trying to configure system
1033: Configuring system.
 Queuing message 0x63 ackSize 1
1069: Sending stop scanning command
 Queuing message 0x10 ackSize 2
 Queuing message 0x20 ackSize 7
1239: I2C scan list configured
1254: Configuring Scan Lists
 Queuing message 0x25 ackSize 3
1292: Scan length lists set
 Queuing message 0x33 ackSize 2
1333: Setting up all of the passthru commands
Device 0 (I2C Addr = 1): DacCurrent = 50, ScanCount = 20, AveLength = 3
Passing through cmd 8 to 0
 Queuing message 0x40 ackSize 5
Passing through cmd 5 to 0
 Queuing message 0x40 ackSize 6
Passing through cmd 6 to 0
 Queuing message 0x40 ackSize 6
Passing through cmd 7 to 0
 Queuing message 0x40 ackSize 6
Device 1 (I2C Addr = 2): DacCurrent = 50, ScanCount = 20, AveLength = 3
Passing through cmd 8 to 1
 Queuing message 0x40 ackSize 5
Passing through cmd 5 to 1
 Queuing message 0x40 ackSize 6
Passing through cmd 6 to 1
 Queuing message 0x40 ackSize 6
Passing through cmd 7 to 1
 Queuing message 0x40 ackSize 6
Passing through cmd 1 to 255
 Queuing message 0x40 ackSize 5
3222: Requested continuous frames
 Queuing message 0x11 ackSize 3
 Queuing message 0x10 ackSize 2
3285: Resetting setup timeout at 5525146 changing from Connect to DAQ
35:  Done parsing command in Connect
Successfully sent message 0x63 with 1 bytes at 5525.27s (16 remain)
Timeout waiting for ACK of 0x63 at 5525.51
Successfully sent message 0x10 with 2 bytes at 5525.6s (15 remain)
Timeout waiting for ACK of 0x10 at 5525.83
Successfully sent message 0x20 with 7 bytes at 5525.91s (14 remain)

 --Protocol Rev change was:0 now: 4--
 ACK Mismatch: Received 0x63 while waiting for 0x20
Timeout waiting for ACK of 0x20 at 5526.14
Successfully sent message 0x20 with 7 bytes at 5526.22s (13 remain)
 ACKing cmd 0x20; 13 remain
Successfully sent message 0x25 with 3 bytes at 5526.36s (13 remain)
 ACKing cmd 0x25; 12 remain
Successfully sent message 0x33 with 2 bytes at 5526.5s (12 remain)
 ACKing cmd 0x33; 11 remain
Successfully sent message 0x40 with 5 bytes at 5526.62s (11 remain)
 ACKing cmd 0x40; 10 remain
Successfully sent message 0x40 with 6 bytes at 5526.74s (10 remain)
 ACKing cmd 0x40; 9 remain
Successfully sent message 0x40 with 6 bytes at 5526.87s (9 remain)
 ACKing cmd 0x40; 8 remain
Successfully sent message 0x40 with 6 bytes at 5527.01s (8 remain)
 ACKing cmd 0x40; 7 remain
Successfully sent message 0x40 with 5 bytes at 5527.14s (7 remain)
 ACKing cmd 0x40; 6 remain
Successfully sent message 0x40 with 6 bytes at 5527.29s (6 remain)
 ACKing cmd 0x40; 5 remain
Successfully sent message 0x40 with 6 bytes at 5527.43s (5 remain)
 ACKing cmd 0x40; 4 remain
Successfully sent message 0x40 with 6 bytes at 5527.58s (4 remain)
 ACKing cmd 0x40; 3 remain
Successfully sent message 0x40 with 5 bytes at 5527.73s (3 remain)
 ACKing cmd 0x40; 2 remain
Successfully sent message 0x11 with 3 bytes at 5527.89s (2 remain)
 ACKing cmd 0x11; 1 remain
Successfully sent message 0x10 with 2 bytes at 5528.03s (1 remain)
 ACKing cmd 0x10; 0 remain
2943: 10 received, but 26 are needed for a full frame. Flushing.
48560: Sending stop scanning command
Successfully sent message 0x10 with 2 bytes at 5573.79s (0 remain)
Sending command +++
Finished escape sequence. Now disconnecting hardware
Sending command ATH
Successfully disconnected from Bluetooth
49664: Deleting D600 Object
