Log file D:\Myeongjin\SensorTestProject\log\D600_0000000044849D80.log created on 2020-08-19 at 03:48:09 PM
System Logging Level = 2
70468: RecordSize = 12 (2 I2C dev, 0 SPI dev)
70498: Mapped RecordSize = 12
Trying to connect to Bluetooth Serial Device
Currently in state 1, so releasing existing hardware...done.
70926: Searching 1 ports
Trying to open COM3 at 921600 baud
Sending command +++AT
Read "ERROR"  from port 3
Matched ERROR, Connected to COM3 at 921600 baud
71185: Found port 921600 at baudrate 921600
71207: Configuring: sending reset command
Sending command ATZ
Start configuring at 71260
697: Parsing string OK in state Reset
726: Found "OK"
Baudrate is correct, entering bypass mode for DAQ
Sending command ATD00019525dfd8
786: Resetting setup timeout at 72054 changing from Reset to Connect
26:  Done parsing command in Reset
79: Parsing string OK in state Connect
Didn't find CONNECT in OK
124:  Done parsing command in Connect
1312: Parsing string CONNECT 00019525DFD8 in state Connect
1343: Found "CONNECT"; trying to configure system
1362: Configuring system.
 Queuing message 0x63 ackSize 1
1389: Sending stop scanning command
 Queuing message 0x10 ackSize 2
 Queuing message 0x20 ackSize 7
1543: I2C scan list configured
1556: Configuring Scan Lists
 Queuing message 0x25 ackSize 3
1588: Scan length lists set
 Queuing message 0x33 ackSize 2
1620: Setting up all of the passthru commands
Device 0 (I2C Addr = 1): DacCurrent = 50, ScanCount = 20, AveLength = 3
Passing through cmd 8 to 0
 Queuing message 0x40 ackSize 5
Passing through cmd 5 to 0
 Queuing message 0x40 ackSize 6
Passing through cmd 6 to 0
 Queuing message 0x40 ackSize 6
Passing through cmd 7 to 0
 Queuing message 0x40 ackSize 6
Device 1 (I2C Addr = 2): DacCurrent = 50, ScanCount = 20, AveLength = 3
Passing through cmd 8 to 1
 Queuing message 0x40 ackSize 5
Passing through cmd 5 to 1
 Queuing message 0x40 ackSize 6
Passing through cmd 6 to 1
 Queuing message 0x40 ackSize 6
Passing through cmd 7 to 1
 Queuing message 0x40 ackSize 6
Passing through cmd 1 to 255
 Queuing message 0x40 ackSize 5
3408: Requested continuous frames
 Queuing message 0x11 ackSize 3
 Queuing message 0x10 ackSize 2
3463: Resetting setup timeout at 75525 changing from Connect to DAQ
29:  Done parsing command in Connect
Successfully sent message 0x63 with 1 bytes at 75.622s (16 remain)
Timeout waiting for ACK of 0x63 at 75.848
Successfully sent message 0x10 with 2 bytes at 75.908s (15 remain)
Timeout waiting for ACK of 0x10 at 76.133
Successfully sent message 0x20 with 7 bytes at 76.196s (14 remain)

 --Protocol Rev change was:0 now: 4--
 ACK Mismatch: Received 0x63 while waiting for 0x20
Timeout waiting for ACK of 0x20 at 76.421
Successfully sent message 0x20 with 7 bytes at 76.485s (13 remain)
 ACKing cmd 0x20; 13 remain
Successfully sent message 0x25 with 3 bytes at 76.609s (13 remain)
 ACKing cmd 0x25; 12 remain
Successfully sent message 0x33 with 2 bytes at 76.717s (12 remain)
 ACKing cmd 0x33; 11 remain
Successfully sent message 0x40 with 5 bytes at 76.83s (11 remain)
 ACKing cmd 0x40; 10 remain
Successfully sent message 0x40 with 6 bytes at 76.945s (10 remain)
 ACKing cmd 0x40; 9 remain
Successfully sent message 0x40 with 6 bytes at 77.071s (9 remain)
 ACKing cmd 0x40; 8 remain
Successfully sent message 0x40 with 6 bytes at 77.197s (8 remain)
 ACKing cmd 0x40; 7 remain
Successfully sent message 0x40 with 5 bytes at 77.328s (7 remain)
 ACKing cmd 0x40; 6 remain
Successfully sent message 0x40 with 6 bytes at 77.454s (6 remain)
 ACKing cmd 0x40; 5 remain
Successfully sent message 0x40 with 6 bytes at 77.586s (5 remain)
 ACKing cmd 0x40; 4 remain
Successfully sent message 0x40 with 6 bytes at 77.757s (4 remain)
 ACKing cmd 0x40; 3 remain
Successfully sent message 0x40 with 5 bytes at 77.873s (3 remain)
 ACKing cmd 0x40; 2 remain
Successfully sent message 0x11 with 3 bytes at 77.999s (2 remain)
 ACKing cmd 0x11; 1 remain
Successfully sent message 0x10 with 2 bytes at 78.111s (1 remain)
 ACKing cmd 0x10; 0 remain
2647: 10 received, but 26 are needed for a full frame. Flushing.
46484: Sending stop scanning command
Successfully sent message 0x10 with 2 bytes at 122.074s (0 remain)
Sending command +++
Finished escape sequence. Now disconnecting hardware
Sending command ATH
Successfully disconnected from Bluetooth
47552: Deleting D600 Object
