Log file D:\Myeongjin\projects\SensorTestProject\log\D600_000000003E719DD0.log created on 2020-03-05 at 03:41:26 PM
System Logging Level = 2
15637: RecordSize = 12 (2 I2C dev, 0 SPI dev)
15650: Mapped RecordSize = 12
Trying to connect to Bluetooth Serial Device
Currently in state 1, so releasing existing hardware...done.
16218: Searching 1 ports
Trying to open COM7 at 921600 baud
Sending command +++AT
Read "ERROR"  from port 7
Matched ERROR, Connected to COM7 at 921600 baud
16352: Found port 921600 at baudrate 921600
16360: Configuring: sending reset command
Sending command ATZ
Start configuring at 16378
699: Parsing string OK in state Reset
709: Found "OK"
Baudrate is correct, entering bypass mode for DAQ
Sending command ATD00019525dfd8
732: Resetting setup timeout at 17113 changing from Reset to Connect
9:  Done parsing command in Reset
93: Parsing string OK in state Connect
Didn't find CONNECT in OK
108:  Done parsing command in Connect
1035: Parsing string CONNECT 00019525DFD8 in state Connect
1044: Found "CONNECT"; trying to configure system
1050: Configuring system.
 Queuing message 0x63 ackSize 1
1062: Sending stop scanning command
 Queuing message 0x10 ackSize 2
 Queuing message 0x20 ackSize 7
1186: I2C scan list configured
1190: Configuring Scan Lists
 Queuing message 0x25 ackSize 3
1202: Scan length lists set
 Queuing message 0x33 ackSize 2
1215: Setting up all of the passthru commands
Device 0 (I2C Addr = 1): DacCurrent = 50, ScanCount = 20, AveLength = 3
Passing through cmd 8 to 0
 Queuing message 0x40 ackSize 5
Passing through cmd 5 to 0
 Queuing message 0x40 ackSize 6
Passing through cmd 6 to 0
 Queuing message 0x40 ackSize 6
Passing through cmd 7 to 0
 Queuing message 0x40 ackSize 6
Device 1 (I2C Addr = 2): DacCurrent = 50, ScanCount = 20, AveLength = 3
Passing through cmd 8 to 1
 Queuing message 0x40 ackSize 5
Passing through cmd 5 to 1
 Queuing message 0x40 ackSize 6
Passing through cmd 6 to 1
 Queuing message 0x40 ackSize 6
Passing through cmd 7 to 1
 Queuing message 0x40 ackSize 6
Passing through cmd 1 to 255
 Queuing message 0x40 ackSize 5
2689: Requested continuous frames
 Queuing message 0x11 ackSize 3
 Queuing message 0x10 ackSize 2
2708: Resetting setup timeout at 19824 changing from Connect to DAQ
9:  Done parsing command in Connect
Successfully sent message 0x63 with 1 bytes at 19.859s (16 remain)
Timeout waiting for ACK of 0x63 at 20.068
Successfully sent message 0x10 with 2 bytes at 20.093s (15 remain)
Timeout waiting for ACK of 0x10 at 20.301
Successfully sent message 0x20 with 7 bytes at 20.326s (14 remain)

 --Protocol Rev change was:0 now: 4--
 ACK Mismatch: Received 0x63 while waiting for 0x20
Timeout waiting for ACK of 0x20 at 20.535
Successfully sent message 0x20 with 7 bytes at 20.56s (13 remain)
 ACKing cmd 0x20; 13 remain
Successfully sent message 0x25 with 3 bytes at 20.643s (13 remain)
 ACKing cmd 0x25; 12 remain
Successfully sent message 0x33 with 2 bytes at 20.722s (12 remain)
 ACKing cmd 0x33; 11 remain
Successfully sent message 0x40 with 5 bytes at 20.816s (11 remain)
 ACKing cmd 0x40; 10 remain
Successfully sent message 0x40 with 6 bytes at 20.913s (10 remain)
 ACKing cmd 0x40; 9 remain
Successfully sent message 0x40 with 6 bytes at 20.994s (9 remain)
 ACKing cmd 0x40; 8 remain
Successfully sent message 0x40 with 6 bytes at 21.091s (8 remain)
 ACKing cmd 0x40; 7 remain
Successfully sent message 0x40 with 5 bytes at 21.171s (7 remain)
 ACKing cmd 0x40; 6 remain
Successfully sent message 0x40 with 6 bytes at 21.25s (6 remain)
 ACKing cmd 0x40; 5 remain
Successfully sent message 0x40 with 6 bytes at 21.346s (5 remain)
 ACKing cmd 0x40; 4 remain
Successfully sent message 0x40 with 6 bytes at 21.441s (4 remain)
 ACKing cmd 0x40; 3 remain
Successfully sent message 0x40 with 5 bytes at 21.54s (3 remain)
 ACKing cmd 0x40; 2 remain
Successfully sent message 0x11 with 3 bytes at 21.633s (2 remain)
 ACKing cmd 0x11; 1 remain
Successfully sent message 0x10 with 2 bytes at 21.746s (1 remain)
 ACKing cmd 0x10; 0 remain
1999: 10 received, but 26 are needed for a full frame. Flushing.
20723: Sending stop scanning command
Successfully sent message 0x10 with 2 bytes at 40.576s (0 remain)
Sending command +++
Finished escape sequence. Now disconnecting hardware
Sending command ATH
Successfully disconnected from Bluetooth
21619: Deleting D600 Object
