Log file D:\Myeongjin\SensorTestProject\log\D600_0000027F800C9FB0.log created on 2021-08-24 at 01:41:29 PM
System Logging Level = 2
4025266: RecordSize = 12 (2 I2C dev, 0 SPI dev)
4025267: Mapped RecordSize = 12
Trying to connect to Bluetooth Serial Device
Currently in state 1, so releasing existing hardware...done.
4025290: Searching 1 ports
Trying to open COM3 at 921600 baud
Sending command +++AT
Read "ERROR"  from port 3
Matched ERROR, Connected to COM3 at 921600 baud
4025354: Found port 921600 at baudrate 921600
4025355: Configuring: sending reset command
Sending command ATZ
Start configuring at 4025358
701: Parsing string OK in state Reset
702: Found "OK"
Baudrate is correct, entering bypass mode for DAQ
Sending command ATD00019525dfd8
706: Resetting setup timeout at 4026064 changing from Reset to Connect
0:  Done parsing command in Reset
106: Parsing string OK in state Connect
Didn't find CONNECT in OK
108:  Done parsing command in Connect
905: Parsing string CONNECT 00019525DFD8 in state Connect
907: Found "CONNECT"; trying to configure system
908: Configuring system.
 Queuing message 0x63 ackSize 1
909: Sending stop scanning command
 Queuing message 0x10 ackSize 2
 Queuing message 0x20 ackSize 7
1011: I2C scan list configured
1011: Configuring Scan Lists
 Queuing message 0x25 ackSize 3
1012: Scan length lists set
 Queuing message 0x33 ackSize 2
1014: Setting up all of the passthru commands
Device 0 (I2C Addr = 1): DacCurrent = 50, ScanCount = 20, AveLength = 3
Passing through cmd 8 to 0
 Queuing message 0x40 ackSize 5
Passing through cmd 5 to 0
 Queuing message 0x40 ackSize 6
Passing through cmd 6 to 0
 Queuing message 0x40 ackSize 6
Passing through cmd 7 to 0
 Queuing message 0x40 ackSize 6
Device 1 (I2C Addr = 2): DacCurrent = 50, ScanCount = 20, AveLength = 3
Passing through cmd 8 to 1
 Queuing message 0x40 ackSize 5
Passing through cmd 5 to 1
 Queuing message 0x40 ackSize 6
Passing through cmd 6 to 1
 Queuing message 0x40 ackSize 6
Passing through cmd 7 to 1
 Queuing message 0x40 ackSize 6
Passing through cmd 1 to 255
 Queuing message 0x40 ackSize 5
2340: Requested continuous frames
 Queuing message 0x11 ackSize 3
 Queuing message 0x10 ackSize 2
2343: Resetting setup timeout at 4028407 changing from Connect to DAQ
2:  Done parsing command in Connect
Successfully sent message 0x63 with 1 bytes at 4028.41s (16 remain)
Timeout waiting for ACK of 0x63 at 4028.61
Successfully sent message 0x10 with 2 bytes at 4028.62s (15 remain)
Timeout waiting for ACK of 0x10 at 4028.82
Successfully sent message 0x20 with 7 bytes at 4028.82s (14 remain)

 --Protocol Rev change was:0 now: 4--
 ACK Mismatch: Received 0x63 while waiting for 0x20
Timeout waiting for ACK of 0x20 at 4029.02
Successfully sent message 0x20 with 7 bytes at 4029.03s (13 remain)
 ACKing cmd 0x20; 13 remain
Successfully sent message 0x25 with 3 bytes at 4029.09s (13 remain)
 ACKing cmd 0x25; 12 remain
Successfully sent message 0x33 with 2 bytes at 4029.16s (12 remain)
 ACKing cmd 0x33; 11 remain
Successfully sent message 0x40 with 5 bytes at 4029.22s (11 remain)
 ACKing cmd 0x40; 10 remain
Successfully sent message 0x40 with 6 bytes at 4029.3s (10 remain)
 ACKing cmd 0x40; 9 remain
Successfully sent message 0x40 with 6 bytes at 4029.36s (9 remain)
 ACKing cmd 0x40; 8 remain
Successfully sent message 0x40 with 6 bytes at 4029.44s (8 remain)
 ACKing cmd 0x40; 7 remain
Successfully sent message 0x40 with 5 bytes at 4029.52s (7 remain)
 ACKing cmd 0x40; 6 remain
Successfully sent message 0x40 with 6 bytes at 4029.6s (6 remain)
 ACKing cmd 0x40; 5 remain
Successfully sent message 0x40 with 6 bytes at 4029.68s (5 remain)
 ACKing cmd 0x40; 4 remain
Successfully sent message 0x40 with 6 bytes at 4029.74s (4 remain)
 ACKing cmd 0x40; 3 remain
Successfully sent message 0x40 with 5 bytes at 4029.82s (3 remain)
 ACKing cmd 0x40; 2 remain
Successfully sent message 0x11 with 3 bytes at 4029.89s (2 remain)
 ACKing cmd 0x11; 1 remain
Successfully sent message 0x10 with 2 bytes at 4029.95s (1 remain)
 ACKing cmd 0x10; 0 remain
1624: 10 received, but 26 are needed for a full frame. Flushing.
10719: Sending stop scanning command
Successfully sent message 0x10 with 2 bytes at 4039.13s (0 remain)
Sending command +++
Finished escape sequence. Now disconnecting hardware
Sending command ATH
Successfully disconnected from Bluetooth
11503: Deleting D600 Object
