Log file D:\Myeongjin\SensorTestProject\log\D600_000001EC06A0A0D0.log created on 2021-03-22 at 02:36:36 PM
System Logging Level = 2
187880: RecordSize = 12 (2 I2C dev, 0 SPI dev)
187918: Mapped RecordSize = 12
Trying to connect to Bluetooth Serial Device
Currently in state 1, so releasing existing hardware...done.
188452: Searching 1 ports
Trying to open COM3 at 921600 baud
Sending command +++AT
Read "ERROR"  from port 3
Matched ERROR, Connected to COM3 at 921600 baud
188737: Found port 921600 at baudrate 921600
188763: Configuring: sending reset command
Sending command ATZ
Start configuring at 188826
697: Parsing string OK in state Reset
728: Found "OK"
Baudrate is correct, entering bypass mode for DAQ
Sending command ATD00019525dfd8
804: Resetting setup timeout at 189638 changing from Reset to Connect
32:  Done parsing command in Reset
77: Parsing string OK in state Connect
Didn't find CONNECT in OK
132:  Done parsing command in Connect
816: Parsing string CONNECT 00019525DFD8 in state Connect
849: Found "CONNECT"; trying to configure system
873: Configuring system.
 Queuing message 0x63 ackSize 1
905: Sending stop scanning command
 Queuing message 0x10 ackSize 2
 Queuing message 0x20 ackSize 7
1069: I2C scan list configured
1084: Configuring Scan Lists
 Queuing message 0x25 ackSize 3
1122: Scan length lists set
 Queuing message 0x33 ackSize 2
1159: Setting up all of the passthru commands
Device 0 (I2C Addr = 1): DacCurrent = 50, ScanCount = 20, AveLength = 3
Passing through cmd 8 to 0
 Queuing message 0x40 ackSize 5
Passing through cmd 5 to 0
 Queuing message 0x40 ackSize 6
Passing through cmd 6 to 0
 Queuing message 0x40 ackSize 6
Passing through cmd 7 to 0
 Queuing message 0x40 ackSize 6
Device 1 (I2C Addr = 2): DacCurrent = 50, ScanCount = 20, AveLength = 3
Passing through cmd 8 to 1
 Queuing message 0x40 ackSize 5
Passing through cmd 5 to 1
 Queuing message 0x40 ackSize 6
Passing through cmd 6 to 1
 Queuing message 0x40 ackSize 6
Passing through cmd 7 to 1
 Queuing message 0x40 ackSize 6
Passing through cmd 1 to 255
 Queuing message 0x40 ackSize 5
3036: Requested continuous frames
 Queuing message 0x11 ackSize 3
 Queuing message 0x10 ackSize 2
3098: Resetting setup timeout at 192746 changing from Connect to DAQ
34:  Done parsing command in Connect
Successfully sent message 0x63 with 1 bytes at 192.864s (16 remain)
Timeout waiting for ACK of 0x63 at 193.094
Successfully sent message 0x10 with 2 bytes at 193.169s (15 remain)
Timeout waiting for ACK of 0x10 at 193.4
Successfully sent message 0x20 with 7 bytes at 193.475s (14 remain)

 --Protocol Rev change was:0 now: 4--
 ACK Mismatch: Received 0x63 while waiting for 0x20
Timeout waiting for ACK of 0x20 at 193.704
Successfully sent message 0x20 with 7 bytes at 193.805s (13 remain)
 ACKing cmd 0x20; 13 remain
Successfully sent message 0x25 with 3 bytes at 193.936s (13 remain)
 ACKing cmd 0x25; 12 remain
Successfully sent message 0x33 with 2 bytes at 194.064s (12 remain)
 ACKing cmd 0x33; 11 remain
Successfully sent message 0x40 with 5 bytes at 194.189s (11 remain)
 ACKing cmd 0x40; 10 remain
Successfully sent message 0x40 with 6 bytes at 194.317s (10 remain)
 ACKing cmd 0x40; 9 remain
Successfully sent message 0x40 with 6 bytes at 194.465s (9 remain)
 ACKing cmd 0x40; 8 remain
Successfully sent message 0x40 with 6 bytes at 194.591s (8 remain)
 ACKing cmd 0x40; 7 remain
Successfully sent message 0x40 with 5 bytes at 194.733s (7 remain)
 ACKing cmd 0x40; 6 remain
Successfully sent message 0x40 with 6 bytes at 194.865s (6 remain)
 ACKing cmd 0x40; 5 remain
Successfully sent message 0x40 with 6 bytes at 195.007s (5 remain)
 ACKing cmd 0x40; 4 remain
Successfully sent message 0x40 with 6 bytes at 195.155s (4 remain)
 ACKing cmd 0x40; 3 remain
Successfully sent message 0x40 with 5 bytes at 195.302s (3 remain)
 ACKing cmd 0x40; 2 remain
Successfully sent message 0x11 with 3 bytes at 195.438s (2 remain)
 ACKing cmd 0x11; 1 remain
Successfully sent message 0x10 with 2 bytes at 195.568s (1 remain)
 ACKing cmd 0x10; 0 remain
2886: 10 received, but 26 are needed for a full frame. Flushing.
217008: Sending stop scanning command
Successfully sent message 0x10 with 2 bytes at 409.835s (0 remain)
Sending command +++
Finished escape sequence. Now disconnecting hardware
Sending command ATH
Successfully disconnected from Bluetooth
218104: Deleting D600 Object
