Log file D:\Myeongjin\SensorTestProject\log\D600_0000012E8043A0D0.log created on 2021-04-14 at 01:06:54 PM
System Logging Level = 2
1098130: RecordSize = 12 (2 I2C dev, 0 SPI dev)
1098176: Mapped RecordSize = 12
Trying to connect to Bluetooth Serial Device
Currently in state 1, so releasing existing hardware...done.
1098835: Searching 1 ports
Trying to open COM3 at 921600 baud
Sending command +++AT
Read "ERROR"  from port 3
Matched ERROR, Connected to COM3 at 921600 baud
1099196: Found port 921600 at baudrate 921600
1099229: Configuring: sending reset command
Sending command ATZ
Start configuring at 1099303
694: Parsing string OK in state Reset
730: Found "OK"
Baudrate is correct, entering bypass mode for DAQ
Sending command ATD00019525dfd8
817: Resetting setup timeout at 1100130 changing from Reset to Connect
37:  Done parsing command in Reset
103: Parsing string OK in state Connect
Didn't find CONNECT in OK
168:  Done parsing command in Connect
1253: Parsing string CONNECT 00019525DFD8 in state Connect
1293: Found "CONNECT"; trying to configure system
1318: Configuring system.
 Queuing message 0x63 ackSize 1
1525: Sending stop scanning command
 Queuing message 0x10 ackSize 2
 Queuing message 0x20 ackSize 7
1695: I2C scan list configured
1711: Configuring Scan Lists
 Queuing message 0x25 ackSize 3
1756: Scan length lists set
 Queuing message 0x33 ackSize 2
1804: Setting up all of the passthru commands
Device 0 (I2C Addr = 1): DacCurrent = 50, ScanCount = 20, AveLength = 3
Passing through cmd 8 to 0
 Queuing message 0x40 ackSize 5
Passing through cmd 5 to 0
 Queuing message 0x40 ackSize 6
Passing through cmd 6 to 0
 Queuing message 0x40 ackSize 6
Passing through cmd 7 to 0
 Queuing message 0x40 ackSize 6
Device 1 (I2C Addr = 2): DacCurrent = 50, ScanCount = 20, AveLength = 3
Passing through cmd 8 to 1
 Queuing message 0x40 ackSize 5
Passing through cmd 5 to 1
 Queuing message 0x40 ackSize 6
Passing through cmd 6 to 1
 Queuing message 0x40 ackSize 6
Passing through cmd 7 to 1
 Queuing message 0x40 ackSize 6
Passing through cmd 1 to 255
 Queuing message 0x40 ackSize 5
3845: Requested continuous frames
 Queuing message 0x11 ackSize 3
 Queuing message 0x10 ackSize 2
4026: Resetting setup timeout at 1104171 changing from Connect to DAQ
43:  Done parsing command in Connect
Successfully sent message 0x63 with 1 bytes at 1104.32s (16 remain)
Timeout waiting for ACK of 0x63 at 1104.55
Successfully sent message 0x10 with 2 bytes at 1104.63s (15 remain)
Timeout waiting for ACK of 0x10 at 1104.99
Successfully sent message 0x20 with 7 bytes at 1105.08s (14 remain)

 --Protocol Rev change was:0 now: 4--
 ACK Mismatch: Received 0x63 while waiting for 0x20
Timeout waiting for ACK of 0x20 at 1105.32
Successfully sent message 0x20 with 7 bytes at 1105.42s (13 remain)
 ACKing cmd 0x20; 13 remain
Successfully sent message 0x25 with 3 bytes at 1105.55s (13 remain)
 ACKing cmd 0x25; 12 remain
Successfully sent message 0x33 with 2 bytes at 1105.68s (12 remain)
 ACKing cmd 0x33; 11 remain
Successfully sent message 0x40 with 5 bytes at 1105.81s (11 remain)
 ACKing cmd 0x40; 10 remain
Successfully sent message 0x40 with 6 bytes at 1105.94s (10 remain)
 ACKing cmd 0x40; 9 remain
Successfully sent message 0x40 with 6 bytes at 1106.17s (9 remain)
 ACKing cmd 0x40; 8 remain
Successfully sent message 0x40 with 6 bytes at 1106.48s (8 remain)
 ACKing cmd 0x40; 7 remain
Successfully sent message 0x40 with 5 bytes at 1106.63s (7 remain)
 ACKing cmd 0x40; 6 remain
Successfully sent message 0x40 with 6 bytes at 1106.77s (6 remain)
 ACKing cmd 0x40; 5 remain
Successfully sent message 0x40 with 6 bytes at 1106.9s (5 remain)
 ACKing cmd 0x40; 4 remain
Successfully sent message 0x40 with 6 bytes at 1107.04s (4 remain)
 ACKing cmd 0x40; 3 remain
Successfully sent message 0x40 with 5 bytes at 1107.18s (3 remain)
 ACKing cmd 0x40; 2 remain
Successfully sent message 0x11 with 3 bytes at 1107.31s (2 remain)
 ACKing cmd 0x11; 1 remain
Successfully sent message 0x10 with 2 bytes at 1107.45s (1 remain)
 ACKing cmd 0x10; 0 remain
3345: 10 received, but 26 are needed for a full frame. Flushing.
22282: Sending stop scanning command
Successfully sent message 0x10 with 2 bytes at 1126.55s (0 remain)
Sending command +++
Finished escape sequence. Now disconnecting hardware
Sending command ATH
Successfully disconnected from Bluetooth
23442: Deleting D600 Object
