Log file D:\Myeongjin\SensorTestProject\log\D600_000000004A6F9F80.log created on 2020-05-22 at 01:08:02 PM
System Logging Level = 2
171444: RecordSize = 12 (2 I2C dev, 0 SPI dev)
171477: Mapped RecordSize = 12
Trying to connect to Bluetooth Serial Device
Currently in state 1, so releasing existing hardware...done.
171953: Searching 1 ports
Trying to open COM3 at 921600 baud
Sending command +++AT
Read "ERROR"  from port 3
Matched ERROR, Connected to COM3 at 921600 baud
172219: Found port 921600 at baudrate 921600
172242: Configuring: sending reset command
Sending command ATZ
Start configuring at 172297
696: Parsing string OK in state Reset
728: Found "OK"
Baudrate is correct, entering bypass mode for DAQ
Sending command ATD00019525dfd8
800: Resetting setup timeout at 173106 changing from Reset to Connect
28:  Done parsing command in Reset
79: Parsing string OK in state Connect
Didn't find CONNECT in OK
126:  Done parsing command in Connect
1252: Parsing string CONNECT 00019525DFD8 in state Connect
1282: Found "CONNECT"; trying to configure system
1306: Configuring system.
 Queuing message 0x63 ackSize 1
1336: Sending stop scanning command
 Queuing message 0x10 ackSize 2
 Queuing message 0x20 ackSize 7
1495: I2C scan list configured
1508: Configuring Scan Lists
 Queuing message 0x25 ackSize 3
1542: Scan length lists set
 Queuing message 0x33 ackSize 2
1576: Setting up all of the passthru commands
Device 0 (I2C Addr = 1): DacCurrent = 50, ScanCount = 20, AveLength = 3
Passing through cmd 8 to 0
 Queuing message 0x40 ackSize 5
Passing through cmd 5 to 0
 Queuing message 0x40 ackSize 6
Passing through cmd 6 to 0
 Queuing message 0x40 ackSize 6
Passing through cmd 7 to 0
 Queuing message 0x40 ackSize 6
Device 1 (I2C Addr = 2): DacCurrent = 50, ScanCount = 20, AveLength = 3
Passing through cmd 8 to 1
 Queuing message 0x40 ackSize 5
Passing through cmd 5 to 1
 Queuing message 0x40 ackSize 6
Passing through cmd 6 to 1
 Queuing message 0x40 ackSize 6
Passing through cmd 7 to 1
 Queuing message 0x40 ackSize 6
Passing through cmd 1 to 255
 Queuing message 0x40 ackSize 5
3407: Requested continuous frames
 Queuing message 0x11 ackSize 3
 Queuing message 0x10 ackSize 2
3462: Resetting setup timeout at 176577 changing from Connect to DAQ
30:  Done parsing command in Connect
Successfully sent message 0x63 with 1 bytes at 176.686s (16 remain)
Timeout waiting for ACK of 0x63 at 176.914
Successfully sent message 0x10 with 2 bytes at 176.981s (15 remain)
Timeout waiting for ACK of 0x10 at 177.209
Successfully sent message 0x20 with 7 bytes at 177.281s (14 remain)

 --Protocol Rev change was:0 now: 4--
 ACK Mismatch: Received 0x63 while waiting for 0x20
Timeout waiting for ACK of 0x20 at 177.508
Successfully sent message 0x20 with 7 bytes at 177.577s (13 remain)
 ACKing cmd 0x20; 13 remain
Successfully sent message 0x25 with 3 bytes at 177.709s (13 remain)
 ACKing cmd 0x25; 12 remain
Successfully sent message 0x33 with 2 bytes at 177.842s (12 remain)
 ACKing cmd 0x33; 11 remain
Successfully sent message 0x40 with 5 bytes at 177.962s (11 remain)
 ACKing cmd 0x40; 10 remain
Successfully sent message 0x40 with 6 bytes at 178.093s (10 remain)
 ACKing cmd 0x40; 9 remain
Successfully sent message 0x40 with 6 bytes at 178.224s (9 remain)
 ACKing cmd 0x40; 8 remain
Successfully sent message 0x40 with 6 bytes at 178.348s (8 remain)
 ACKing cmd 0x40; 7 remain
Successfully sent message 0x40 with 5 bytes at 178.466s (7 remain)
 ACKing cmd 0x40; 6 remain
Successfully sent message 0x40 with 6 bytes at 178.604s (6 remain)
 ACKing cmd 0x40; 5 remain
Successfully sent message 0x40 with 6 bytes at 178.731s (5 remain)
 ACKing cmd 0x40; 4 remain
Successfully sent message 0x40 with 6 bytes at 178.861s (4 remain)
 ACKing cmd 0x40; 3 remain
Successfully sent message 0x40 with 5 bytes at 178.99s (3 remain)
 ACKing cmd 0x40; 2 remain
Successfully sent message 0x11 with 3 bytes at 179.117s (2 remain)
 ACKing cmd 0x11; 1 remain
Successfully sent message 0x10 with 2 bytes at 179.229s (1 remain)
 ACKing cmd 0x10; 0 remain
2708: 10 received, but 26 are needed for a full frame. Flushing.
18097: Sending stop scanning command
Successfully sent message 0x10 with 2 bytes at 194.758s (0 remain)
Sending command +++
Finished escape sequence. Now disconnecting hardware
Sending command ATH
Successfully disconnected from Bluetooth
19211: Deleting D600 Object
