Log file F:\Unity projects\SensorTestProject\log\D600_000000004C4A9490.log created on 2020-04-02 at 11:49:04 2707498: RecordSize = 12 (2 I2C dev, 0 SPI dev)
2707505: Mapped RecordSize = 12
Trying to connect to Bluetooth Serial Device
Currently in state 1, so releasing existing hardware...done.
2707611: Searching 3 ports
Trying to open COM3 at 921600 baud
Trying to open COM3 at 9600 baud
Trying to open COM4 at 921600 baud
Sending command +++AT
ERROR: IO Error sending command string "+++AT" to Bluetooth dongle
Failed reading a string from COM port after 21 tries. FIFO size = 0
Failed getting response from port 4
Trying to open COM4 at 9600 baud
Sending command +++AT
ERROR: IO Error sending command string "+++AT" to Bluetooth dongle
Failed reading a string from COM port after 21 tries. FIFO size = 0
Failed getting response from port 4
Trying to open COM5 at 921600 baud
Sending command +++AT
Read "ERROR"  from port 5
Matched ERROR, Connected to COM5 at 921600 baud
2719574: Found port 921600 at baudrate 921600
2719578: Configuring: sending reset command
Sending command ATZ
Start configuring at 2719589
702: Parsing string OK in state Reset
708: Found "OK"
Baudrate is correct, entering bypass mode for DAQ
Sending command ATD00019525dfd8
720: Resetting setup timeout at 2720311 changing from Reset to Connect
6:  Done parsing command in Reset
92: Parsing string OK in state Connect
Didn't find CONNECT in OK
101:  Done parsing command in Connect
982: Parsing string CONNECT 00019525DFD8 in state Connect
987: Found "CONNECT"; trying to configure system
991: Configuring system.
 Queuing message 0x63 ackSize 1
997: Sending stop scanning command
 Queuing message 0x10 ackSize 2
 Queuing message 0x20 ackSize 7
1108: I2C scan list configured
1111: Configuring Scan Lists
 Queuing message 0x25 ackSize 3
1117: Scan length lists set
 Queuing message 0x33 ackSize 2
1123: Setting up all of the passthru commands
Device 0 (I2C Addr = 1): DacCurrent = 50, ScanCount = 20, AveLength = 3
Passing through cmd 8 to 0
 Queuing message 0x40 ackSize 5
Passing through cmd 5 to 0
 Queuing message 0x40 ackSize 6
Passing through cmd 6 to 0
 Queuing message 0x40 ackSize 6
Passing through cmd 7 to 0
 Queuing message 0x40 ackSize 6
Device 1 (I2C Addr = 2): DacCurrent = 50, ScanCount = 20, AveLength = 3
Passing through cmd 8 to 1
 Queuing message 0x40 ackSize 5
Passing through cmd 5 to 1
 Queuing message 0x40 ackSize 6
Passing through cmd 6 to 1
 Queuing message 0x40 ackSize 6
Passing through cmd 7 to 1
 Queuing message 0x40 ackSize 6
Passing through cmd 1 to 255
 Queuing message 0x40 ackSize 5
2521: Requested continuous frames
 Queuing message 0x11 ackSize 3
 Queuing message 0x10 ackSize 2
2533: Resetting setup timeout at 2722846 changing from Connect to DAQ
5:  Done parsing command in Connect
Successfully sent message 0x63 with 1 bytes at 2722.87s (16 remain)
Timeout waiting for ACK of 0x63 at 2723.07
Successfully sent message 0x10 with 2 bytes at 2723.09s (15 remain)
Timeout waiting for ACK of 0x10 at 2723.29
Successfully sent message 0x20 with 7 bytes at 2723.3s (14 remain)
Timeout waiting for ACK of 0x20 at 2723.51
Successfully sent message 0x25 with 3 bytes at 2723.52s (13 remain)
Timeout waiting for ACK of 0x25 at 2723.72
Successfully sent message 0x33 with 2 bytes at 2723.74s (12 remain)
Timeout waiting for ACK of 0x33 at 2723.95
Successfully sent message 0x40 with 5 bytes at 2723.96s (11 remain)
Timeout waiting for ACK of 0x40 at 2724.17
Successfully sent message 0x40 with 6 bytes at 2724.18s (10 remain)
Timeout waiting for ACK of 0x40 at 2724.39
Successfully sent message 0x40 with 6 bytes at 2724.4s (9 remain)
Timeout waiting for ACK of 0x40 at 2724.6
Successfully sent message 0x40 with 6 bytes at 2724.61s (8 remain)
Timeout waiting for ACK of 0x40 at 2724.82
Successfully sent message 0x40 with 5 bytes at 2724.83s (7 remain)
Timeout waiting for ACK of 0x40 at 2725.04
Successfully sent message 0x40 with 6 bytes at 2725.05s (6 remain)
Timeout waiting for ACK of 0x40 at 2725.25
Successfully sent message 0x40 with 6 bytes at 2725.26s (5 remain)
Timeout waiting for ACK of 0x40 at 2725.47
Successfully sent message 0x40 with 6 bytes at 2725.48s (4 remain)
Timeout waiting for ACK of 0x40 at 2725.69
Successfully sent message 0x40 with 5 bytes at 2725.7s (3 remain)
Timeout waiting for ACK of 0x40 at 2725.91
Successfully sent message 0x11 with 3 bytes at 2725.92s (2 remain)
Timeout waiting for ACK of 0x11 at 2726.13
Successfully sent message 0x10 with 2 bytes at 2726.14s (1 remain)
Timeout waiting for ACK of 0x10 at 2726.34
3999: Timeout 4000 waiting for data from 4294967294 to 4002
ERROR: Timeout waiting for new data. This is most likely due 
to a Bluetooth connection issue due to interference, 
a low battery, or being out of range. Check that the 
battery is charged, and possibly try moving closer to the 
computer.
4008: Sending stop scanning command
Successfully sent message 0x10 with 2 bytes at 2726.87s (0 remain)
Sending command +++
Finished escape sequence. Now disconnecting hardware
Sending command ATH
Successfully disconnected from Bluetooth
4858: Deleting D600 Object
