Log file D:\Myeongjin\SensorTestProject\log\D600_0000000062799F80.log created on 2020-05-11 at 04:35:48 PM
System Logging Level = 2
21934270: RecordSize = 12 (2 I2C dev, 0 SPI dev)
21934320: Mapped RecordSize = 12
Trying to connect to Bluetooth Serial Device
Currently in state 1, so releasing existing hardware...done.
21935033: Searching 1 ports
Trying to open COM3 at 921600 baud
Sending command +++AT
Read "ERROR"  from port 3
Matched ERROR, Connected to COM3 at 921600 baud
21935419: Found port 921600 at baudrate 921600
21935453: Configuring: sending reset command
Sending command ATZ
Start configuring at 21935533
16: Parsing string ERROR in state Reset
Didn't find Reset success message OK in ERROR
90:  Done parsing command in Reset
696: Parsing string OK in state Reset
765: Found "OK"
Baudrate is correct, entering bypass mode for DAQ
Sending command ATD00019525dfd8
932: Resetting setup timeout at 21936483 changing from Reset to Connect
68:  Done parsing command in Reset
120: Parsing string OK in state Connect
Didn't find CONNECT in OK
237:  Done parsing command in Connect
6001: Timeout waiting to change state: 0 bytes in FIFO. ()
ERROR: Timeout connecting to the PPS electronics module over Bluetooth.
Check that the module is powered on, in range, that the battery is charged,
and that the Bluetooth address is 00019525dfd8
(The Bluetooth address is printed on the back of the electronics.)
Sending command +++
Failed reading a string from COM port after 21 tries. FIFO size = 0
Sending command +++
Failed reading a string from COM port after 21 tries. FIFO size = 0
Sending command +++
Failed reading a string from COM port after 21 tries. FIFO size = 0
Sending command +++
Failed reading a string from COM port after 21 tries. FIFO size = 0
Sending command +++
Failed reading a string from COM port after 21 tries. FIFO size = 0
Error receiving escape sequence confirmation!
10787: Deleting D600 Object
