Log file D:\Myeongjin\SensorTestProject\log\D600_000000003B859B30.log created on 2020-04-16 at 09:02:50 AM
System Logging Level = 2
573153: RecordSize = 12 (2 I2C dev, 0 SPI dev)
573164: Mapped RecordSize = 12
Trying to connect to Bluetooth Serial Device
Currently in state 1, so releasing existing hardware...done.
573318: Searching 1 ports
Trying to open COM3 at 921600 baud
Sending command +++AT
Read "ERROR"  from port 3
Matched ERROR, Connected to COM3 at 921600 baud
573447: Found port 921600 at baudrate 921600
573454: Configuring: sending reset command
Sending command ATZ
Start configuring at 573474
699: Parsing string OK in state Reset
703: Found "OK"
Baudrate is correct, entering bypass mode for DAQ
Sending command ATD00019525dfd8
711: Resetting setup timeout at 574187 changing from Reset to Connect
2:  Done parsing command in Reset
98: Parsing string OK in state Connect
Didn't find CONNECT in OK
103:  Done parsing command in Connect
845: Parsing string CONNECT 00019525DFD8 in state Connect
848: Found "CONNECT"; trying to configure system
849: Configuring system.
 Queuing message 0x63 ackSize 1
852: Sending stop scanning command
 Queuing message 0x10 ackSize 2
 Queuing message 0x20 ackSize 7
964: I2C scan list configured
968: Configuring Scan Lists
 Queuing message 0x25 ackSize 3
978: Scan length lists set
 Queuing message 0x33 ackSize 2
988: Setting up all of the passthru commands
Device 0 (I2C Addr = 1): DacCurrent = 50, ScanCount = 20, AveLength = 3
Passing through cmd 8 to 0
 Queuing message 0x40 ackSize 5
Passing through cmd 5 to 0
 Queuing message 0x40 ackSize 6
Passing through cmd 6 to 0
 Queuing message 0x40 ackSize 6
Passing through cmd 7 to 0
 Queuing message 0x40 ackSize 6
Device 1 (I2C Addr = 2): DacCurrent = 50, ScanCount = 20, AveLength = 3
Passing through cmd 8 to 1
 Queuing message 0x40 ackSize 5
Passing through cmd 5 to 1
 Queuing message 0x40 ackSize 6
Passing through cmd 6 to 1
 Queuing message 0x40 ackSize 6
Passing through cmd 7 to 1
 Queuing message 0x40 ackSize 6
Passing through cmd 1 to 255
 Queuing message 0x40 ackSize 5
2445: Requested continuous frames
 Queuing message 0x11 ackSize 3
 Queuing message 0x10 ackSize 2
2462: Resetting setup timeout at 576652 changing from Connect to DAQ
9:  Done parsing command in Connect
Successfully sent message 0x63 with 1 bytes at 576.684s (16 remain)
Timeout waiting for ACK of 0x63 at 576.891
Successfully sent message 0x10 with 2 bytes at 576.899s (15 remain)
Timeout waiting for ACK of 0x10 at 577.103
Successfully sent message 0x20 with 7 bytes at 577.112s (14 remain)

 --Protocol Rev change was:0 now: 4--
 ACK Mismatch: Received 0x63 while waiting for 0x20
Timeout waiting for ACK of 0x20 at 577.316
Successfully sent message 0x20 with 7 bytes at 577.324s (13 remain)
 ACKing cmd 0x20; 13 remain
Successfully sent message 0x25 with 3 bytes at 577.39s (13 remain)
 ACKing cmd 0x25; 12 remain
Successfully sent message 0x33 with 2 bytes at 577.473s (12 remain)
 ACKing cmd 0x33; 11 remain
Successfully sent message 0x40 with 5 bytes at 577.534s (11 remain)
 ACKing cmd 0x40; 10 remain
Successfully sent message 0x40 with 6 bytes at 577.614s (10 remain)
 ACKing cmd 0x40; 9 remain
Successfully sent message 0x40 with 6 bytes at 577.683s (9 remain)
 ACKing cmd 0x40; 8 remain
Successfully sent message 0x40 with 6 bytes at 577.773s (8 remain)
 ACKing cmd 0x40; 7 remain
Successfully sent message 0x40 with 5 bytes at 577.854s (7 remain)
 ACKing cmd 0x40; 6 remain
Successfully sent message 0x40 with 6 bytes at 577.934s (6 remain)
 ACKing cmd 0x40; 5 remain
Successfully sent message 0x40 with 6 bytes at 578.014s (5 remain)
 ACKing cmd 0x40; 4 remain
Successfully sent message 0x40 with 6 bytes at 578.111s (4 remain)
 ACKing cmd 0x40; 3 remain
Successfully sent message 0x40 with 5 bytes at 578.191s (3 remain)
 ACKing cmd 0x40; 2 remain
Successfully sent message 0x11 with 3 bytes at 578.271s (2 remain)
 ACKing cmd 0x11; 1 remain
Successfully sent message 0x10 with 2 bytes at 578.341s (1 remain)
 ACKing cmd 0x10; 0 remain
1758: 10 received, but 26 are needed for a full frame. Flushing.
24048: Sending stop scanning command
Successfully sent message 0x10 with 2 bytes at 600.707s (0 remain)
Sending command +++
Finished escape sequence. Now disconnecting hardware
Sending command ATH
Successfully disconnected from Bluetooth
24926: Deleting D600 Object
