Log file D:\Myeongjin\SensorTestProject\log\D600_000000004596A0A0.log created on 2021-01-27 at 11:01:45 AM
System Logging Level = 2
1314095: RecordSize = 12 (2 I2C dev, 0 SPI dev)
1314141: Mapped RecordSize = 12
Trying to connect to Bluetooth Serial Device
Currently in state 1, so releasing existing hardware...done.
1314750: Searching 1 ports
Trying to open COM3 at 921600 baud
Sending command +++AT
Read "ERROR"  from port 3
Matched ERROR, Connected to COM3 at 921600 baud
1315050: Found port 921600 at baudrate 921600
1315079: Configuring: sending reset command
Sending command ATZ
Start configuring at 1315144
695: Parsing string OK in state Reset
728: Found "OK"
Baudrate is correct, entering bypass mode for DAQ
Sending command ATD00019525dfd8
814: Resetting setup timeout at 1315968 changing from Reset to Connect
34:  Done parsing command in Reset
79: Parsing string OK in state Connect
Didn't find CONNECT in OK
138:  Done parsing command in Connect
1807: Parsing string CONNECT 00019525DFD8 in state Connect
1841: Found "CONNECT"; trying to configure system
1876: Configuring system.
 Queuing message 0x63 ackSize 1
1910: Sending stop scanning command
 Queuing message 0x10 ackSize 2
 Queuing message 0x20 ackSize 7
2085: I2C scan list configured
2100: Configuring Scan Lists
 Queuing message 0x25 ackSize 3
2140: Scan length lists set
 Queuing message 0x33 ackSize 2
2180: Setting up all of the passthru commands
Device 0 (I2C Addr = 1): DacCurrent = 50, ScanCount = 20, AveLength = 3
Passing through cmd 8 to 0
 Queuing message 0x40 ackSize 5
Passing through cmd 5 to 0
 Queuing message 0x40 ackSize 6
Passing through cmd 6 to 0
 Queuing message 0x40 ackSize 6
Passing through cmd 7 to 0
 Queuing message 0x40 ackSize 6
Device 1 (I2C Addr = 2): DacCurrent = 50, ScanCount = 20, AveLength = 3
Passing through cmd 8 to 1
 Queuing message 0x40 ackSize 5
Passing through cmd 5 to 1
 Queuing message 0x40 ackSize 6
Passing through cmd 6 to 1
 Queuing message 0x40 ackSize 6
Passing through cmd 7 to 1
 Queuing message 0x40 ackSize 6
Passing through cmd 1 to 255
 Queuing message 0x40 ackSize 5
4091: Requested continuous frames
 Queuing message 0x11 ackSize 3
 Queuing message 0x10 ackSize 2
4158: Resetting setup timeout at 1320136 changing from Connect to DAQ
36:  Done parsing command in Connect
Successfully sent message 0x63 with 1 bytes at 1320.26s (16 remain)
Timeout waiting for ACK of 0x63 at 1320.49
Successfully sent message 0x10 with 2 bytes at 1320.57s (15 remain)
Timeout waiting for ACK of 0x10 at 1320.81
Successfully sent message 0x20 with 7 bytes at 1320.9s (14 remain)
Timeout waiting for ACK of 0x20 at 1321.13
Successfully sent message 0x25 with 3 bytes at 1321.21s (13 remain)
Timeout waiting for ACK of 0x25 at 1321.44
Successfully sent message 0x33 with 2 bytes at 1321.52s (12 remain)
Timeout waiting for ACK of 0x33 at 1321.76
Successfully sent message 0x40 with 5 bytes at 1321.84s (11 remain)
Timeout waiting for ACK of 0x40 at 1322.07
Successfully sent message 0x40 with 6 bytes at 1322.15s (10 remain)
Timeout waiting for ACK of 0x40 at 1322.38
Successfully sent message 0x40 with 6 bytes at 1322.47s (9 remain)
Timeout waiting for ACK of 0x40 at 1322.7
Successfully sent message 0x40 with 6 bytes at 1322.79s (8 remain)
Timeout waiting for ACK of 0x40 at 1323.02
Successfully sent message 0x40 with 5 bytes at 1323.11s (7 remain)
Timeout waiting for ACK of 0x40 at 1323.34
Successfully sent message 0x40 with 6 bytes at 1323.42s (6 remain)
Timeout waiting for ACK of 0x40 at 1323.65
Successfully sent message 0x40 with 6 bytes at 1323.74s (5 remain)
Timeout waiting for ACK of 0x40 at 1323.97
Successfully sent message 0x40 with 6 bytes at 1324.05s (4 remain)
3991: Timeout 4000 waiting for data from 4294967286 to 4018
ERROR: Timeout waiting for new data. This is most likely due 
to a Bluetooth connection issue due to interference, 
a low battery, or being out of range. Check that the 
battery is charged, and possibly try moving closer to the 
computer.
4060: Sending stop scanning command
Successfully sent message 0x10 with 2 bytes at 1324.28s (3 remain)
Sending command +++
Finished escape sequence. Now disconnecting hardware
Sending command ATH
Successfully disconnected from Bluetooth
5237: Deleting D600 Object
