Log file D:\Myeongjin\SensorTestProject\log\D600_0000000057F69F80.log created on 2020-05-27 at 02:07:07 PM
System Logging Level = 2
78353756: RecordSize = 12 (2 I2C dev, 0 SPI dev)
78353802: Mapped RecordSize = 12
Trying to connect to Bluetooth Serial Device
Currently in state 1, so releasing existing hardware...done.
78354467: Searching 1 ports
Trying to open COM3 at 921600 baud
Sending command +++AT
Read "ERROR"  from port 3
Matched ERROR, Connected to COM3 at 921600 baud
78354769: Found port 921600 at baudrate 921600
78354796: Configuring: sending reset command
Sending command ATZ
Start configuring at 78354861
15: Parsing string ERROR in state Reset
Didn't find Reset success message OK in ERROR
68:  Done parsing command in Reset
698: Parsing string OK in state Reset
729: Found "OK"
Baudrate is correct, entering bypass mode for DAQ
Sending command ATD00019525dfd8
808: Resetting setup timeout at 78355678 changing from Reset to Connect
37:  Done parsing command in Reset
74: Parsing string OK in state Connect
Didn't find CONNECT in OK
130:  Done parsing command in Connect
954: Parsing string CONNECT 00019525DFD8 in state Connect
987: Found "CONNECT"; trying to configure system
1011: Configuring system.
 Queuing message 0x63 ackSize 1
1046: Sending stop scanning command
 Queuing message 0x10 ackSize 2
 Queuing message 0x20 ackSize 7
1214: I2C scan list configured
1229: Configuring Scan Lists
 Queuing message 0x25 ackSize 3
1269: Scan length lists set
 Queuing message 0x33 ackSize 2
1309: Setting up all of the passthru commands
Device 0 (I2C Addr = 1): DacCurrent = 50, ScanCount = 20, AveLength = 3
Passing through cmd 8 to 0
 Queuing message 0x40 ackSize 5
Passing through cmd 5 to 0
 Queuing message 0x40 ackSize 6
Passing through cmd 6 to 0
 Queuing message 0x40 ackSize 6
Passing through cmd 7 to 0
 Queuing message 0x40 ackSize 6
Device 1 (I2C Addr = 2): DacCurrent = 50, ScanCount = 20, AveLength = 3
Passing through cmd 8 to 1
 Queuing message 0x40 ackSize 5
Passing through cmd 5 to 1
 Queuing message 0x40 ackSize 6
Passing through cmd 6 to 1
 Queuing message 0x40 ackSize 6
Passing through cmd 7 to 1
 Queuing message 0x40 ackSize 6
Passing through cmd 1 to 255
 Queuing message 0x40 ackSize 5
3227: Requested continuous frames
 Queuing message 0x11 ackSize 3
 Queuing message 0x10 ackSize 2
3293: Resetting setup timeout at 78358981 changing from Connect to DAQ
40:  Done parsing command in Connect
Successfully sent message 0x63 with 1 bytes at 78359.1s (16 remain)
Timeout waiting for ACK of 0x63 at 78359.3
Successfully sent message 0x10 with 2 bytes at 78359.4s (15 remain)
Timeout waiting for ACK of 0x10 at 78359.7
Successfully sent message 0x20 with 7 bytes at 78359.7s (14 remain)

 --Protocol Rev change was:0 now: 4--
 ACK Mismatch: Received 0x63 while waiting for 0x20
Timeout waiting for ACK of 0x20 at 78360
Successfully sent message 0x20 with 7 bytes at 78360s (13 remain)
 ACKing cmd 0x20; 13 remain
Successfully sent message 0x25 with 3 bytes at 78360.2s (13 remain)
 ACKing cmd 0x25; 12 remain
Successfully sent message 0x33 with 2 bytes at 78360.3s (12 remain)
 ACKing cmd 0x33; 11 remain
Successfully sent message 0x40 with 5 bytes at 78360.4s (11 remain)
 ACKing cmd 0x40; 10 remain
Successfully sent message 0x40 with 6 bytes at 78360.6s (10 remain)
 ACKing cmd 0x40; 9 remain
Successfully sent message 0x40 with 6 bytes at 78360.7s (9 remain)
 ACKing cmd 0x40; 8 remain
Successfully sent message 0x40 with 6 bytes at 78360.8s (8 remain)
 ACKing cmd 0x40; 7 remain
Successfully sent message 0x40 with 5 bytes at 78361s (7 remain)
 ACKing cmd 0x40; 6 remain
Successfully sent message 0x40 with 6 bytes at 78361.1s (6 remain)
 ACKing cmd 0x40; 5 remain
Successfully sent message 0x40 with 6 bytes at 78361.2s (5 remain)
 ACKing cmd 0x40; 4 remain
Successfully sent message 0x40 with 6 bytes at 78361.4s (4 remain)
 ACKing cmd 0x40; 3 remain
Successfully sent message 0x40 with 5 bytes at 78361.5s (3 remain)
 ACKing cmd 0x40; 2 remain
Successfully sent message 0x11 with 3 bytes at 78361.7s (2 remain)
 ACKing cmd 0x11; 1 remain
Successfully sent message 0x10 with 2 bytes at 78361.8s (1 remain)
 ACKing cmd 0x10; 0 remain
2866: 10 received, but 26 are needed for a full frame. Flushing.
271322: Sending stop scanning command
Successfully sent message 0x10 with 2 bytes at 78630.4s (0 remain)
Sending command +++
Finished escape sequence. Now disconnecting hardware
Sending command ATH
Successfully disconnected from Bluetooth
272498: Deleting D600 Object
