Log file D:\Myeongjin\SensorTestProject\log\D600_0000000053A49B30.log created on 2020-04-17 at 11:02:10 AM
System Logging Level = 2
82586: RecordSize = 12 (2 I2C dev, 0 SPI dev)
82590: Mapped RecordSize = 12
Trying to connect to Bluetooth Serial Device
Currently in state 1, so releasing existing hardware...done.
82645: Searching 1 ports
Trying to open COM3 at 921600 baud
Sending command +++AT
Read "ERROR"  from port 3
Matched ERROR, Connected to COM3 at 921600 baud
82726: Found port 921600 at baudrate 921600
82729: Configuring: sending reset command
Sending command ATZ
Start configuring at 82737
2: Parsing string ERROR in state Reset
Didn't find Reset success message OK in ERROR
8:  Done parsing command in Reset
702: Parsing string OK in state Reset
705: Found "OK"
Baudrate is correct, entering bypass mode for DAQ
Sending command ATD00019525dfd8
714: Resetting setup timeout at 83452 changing from Reset to Connect
3:  Done parsing command in Reset
100: Parsing string OK in state Connect
Didn't find CONNECT in OK
105:  Done parsing command in Connect
891: Parsing string CONNECT 00019525DFD8 in state Connect
894: Found "CONNECT"; trying to configure system
896: Configuring system.
 Queuing message 0x63 ackSize 1
899: Sending stop scanning command
 Queuing message 0x10 ackSize 2
 Queuing message 0x20 ackSize 7
1005: I2C scan list configured
1006: Configuring Scan Lists
 Queuing message 0x25 ackSize 3
1010: Scan length lists set
 Queuing message 0x33 ackSize 2
1014: Setting up all of the passthru commands
Device 0 (I2C Addr = 1): DacCurrent = 50, ScanCount = 20, AveLength = 3
Passing through cmd 8 to 0
 Queuing message 0x40 ackSize 5
Passing through cmd 5 to 0
 Queuing message 0x40 ackSize 6
Passing through cmd 6 to 0
 Queuing message 0x40 ackSize 6
Passing through cmd 7 to 0
 Queuing message 0x40 ackSize 6
Device 1 (I2C Addr = 2): DacCurrent = 50, ScanCount = 20, AveLength = 3
Passing through cmd 8 to 1
 Queuing message 0x40 ackSize 5
Passing through cmd 5 to 1
 Queuing message 0x40 ackSize 6
Passing through cmd 6 to 1
 Queuing message 0x40 ackSize 6
Passing through cmd 7 to 1
 Queuing message 0x40 ackSize 6
Passing through cmd 1 to 255
 Queuing message 0x40 ackSize 5
2381: Requested continuous frames
 Queuing message 0x11 ackSize 3
 Queuing message 0x10 ackSize 2
2388: Resetting setup timeout at 85841 changing from Connect to DAQ
3:  Done parsing command in Connect
Successfully sent message 0x63 with 1 bytes at 85.854s (16 remain)
Timeout waiting for ACK of 0x63 at 86.058
Successfully sent message 0x10 with 2 bytes at 86.065s (15 remain)
Timeout waiting for ACK of 0x10 at 86.269
Successfully sent message 0x20 with 7 bytes at 86.275s (14 remain)

 --Protocol Rev change was:0 now: 4--
 ACK Mismatch: Received 0x63 while waiting for 0x20
Timeout waiting for ACK of 0x20 at 86.501
Successfully sent message 0x20 with 7 bytes at 86.508s (13 remain)
 ACKing cmd 0x20; 13 remain
Successfully sent message 0x25 with 3 bytes at 86.586s (13 remain)
 ACKing cmd 0x25; 12 remain
Successfully sent message 0x33 with 2 bytes at 86.651s (12 remain)
 ACKing cmd 0x33; 11 remain
Successfully sent message 0x40 with 5 bytes at 86.73s (11 remain)
 ACKing cmd 0x40; 10 remain
Successfully sent message 0x40 with 6 bytes at 86.809s (10 remain)
 ACKing cmd 0x40; 9 remain
Successfully sent message 0x40 with 6 bytes at 86.89s (9 remain)
 ACKing cmd 0x40; 8 remain
Successfully sent message 0x40 with 6 bytes at 86.954s (8 remain)
 ACKing cmd 0x40; 7 remain
Successfully sent message 0x40 with 5 bytes at 87.018s (7 remain)
 ACKing cmd 0x40; 6 remain
Successfully sent message 0x40 with 6 bytes at 87.114s (6 remain)
 ACKing cmd 0x40; 5 remain
Successfully sent message 0x40 with 6 bytes at 87.193s (5 remain)
 ACKing cmd 0x40; 4 remain
Successfully sent message 0x40 with 6 bytes at 87.274s (4 remain)
 ACKing cmd 0x40; 3 remain
Successfully sent message 0x40 with 5 bytes at 87.353s (3 remain)
 ACKing cmd 0x40; 2 remain
Successfully sent message 0x11 with 3 bytes at 87.434s (2 remain)
 ACKing cmd 0x11; 1 remain
Successfully sent message 0x10 with 2 bytes at 87.515s (1 remain)
 ACKing cmd 0x10; 0 remain
1730: 10 received, but 26 are needed for a full frame. Flushing.
511779: Sending stop scanning command
Successfully sent message 0x10 with 2 bytes at 597.628s (0 remain)
Sending command +++
Finished escape sequence. Now disconnecting hardware
Sending command ATH
Successfully disconnected from Bluetooth
512630: Deleting D600 Object
