Log file D:\Myeongjin\SensorTestProject\log\D600_00000200FBFF9FB0.log created on 2021-08-10 at 04:22:48 PM
System Logging Level = 2
1322035: RecordSize = 12 (2 I2C dev, 0 SPI dev)
1322037: Mapped RecordSize = 12
Trying to connect to Bluetooth Serial Device
Currently in state 1, so releasing existing hardware...done.
1322059: Searching 1 ports
Trying to open COM3 at 921600 baud
Sending command +++AT
Read "ERROR"  from port 3
Matched ERROR, Connected to COM3 at 921600 baud
1322135: Found port 921600 at baudrate 921600
1322136: Configuring: sending reset command
Sending command ATZ
Start configuring at 1322139
702: Parsing string OK in state Reset
702: Found "OK"
Baudrate is correct, entering bypass mode for DAQ
Sending command ATD00019525dfd8
705: Resetting setup timeout at 1322844 changing from Reset to Connect
1:  Done parsing command in Reset
108: Parsing string OK in state Connect
Didn't find CONNECT in OK
110:  Done parsing command in Connect
1060: Parsing string CONNECT 00019525DFD8 in state Connect
1061: Found "CONNECT"; trying to configure system
1062: Configuring system.
 Queuing message 0x63 ackSize 1
1063: Sending stop scanning command
 Queuing message 0x10 ackSize 2
 Queuing message 0x20 ackSize 7
1166: I2C scan list configured
1166: Configuring Scan Lists
 Queuing message 0x25 ackSize 3
1168: Scan length lists set
 Queuing message 0x33 ackSize 2
1170: Setting up all of the passthru commands
Device 0 (I2C Addr = 1): DacCurrent = 50, ScanCount = 20, AveLength = 3
Passing through cmd 8 to 0
 Queuing message 0x40 ackSize 5
Passing through cmd 5 to 0
 Queuing message 0x40 ackSize 6
Passing through cmd 6 to 0
 Queuing message 0x40 ackSize 6
Passing through cmd 7 to 0
 Queuing message 0x40 ackSize 6
Device 1 (I2C Addr = 2): DacCurrent = 50, ScanCount = 20, AveLength = 3
Passing through cmd 8 to 1
 Queuing message 0x40 ackSize 5
Passing through cmd 5 to 1
 Queuing message 0x40 ackSize 6
Passing through cmd 6 to 1
 Queuing message 0x40 ackSize 6
Passing through cmd 7 to 1
 Queuing message 0x40 ackSize 6
Passing through cmd 1 to 255
 Queuing message 0x40 ackSize 5
2498: Requested continuous frames
 Queuing message 0x11 ackSize 3
 Queuing message 0x10 ackSize 2
2500: Resetting setup timeout at 1325344 changing from Connect to DAQ
1:  Done parsing command in Connect
Successfully sent message 0x63 with 1 bytes at 1325.35s (16 remain)
Timeout waiting for ACK of 0x63 at 1325.55
Successfully sent message 0x10 with 2 bytes at 1325.55s (15 remain)
Timeout waiting for ACK of 0x10 at 1325.76
Successfully sent message 0x20 with 7 bytes at 1325.76s (14 remain)

 --Protocol Rev change was:0 now: 4--
 ACK Mismatch: Received 0x63 while waiting for 0x20
Timeout waiting for ACK of 0x20 at 1325.96
Successfully sent message 0x20 with 7 bytes at 1325.96s (13 remain)
 ACKing cmd 0x20; 13 remain
Successfully sent message 0x25 with 3 bytes at 1326.03s (13 remain)
 ACKing cmd 0x25; 12 remain
Successfully sent message 0x33 with 2 bytes at 1326.1s (12 remain)
 ACKing cmd 0x33; 11 remain
Successfully sent message 0x40 with 5 bytes at 1326.18s (11 remain)
 ACKing cmd 0x40; 10 remain
Successfully sent message 0x40 with 6 bytes at 1326.26s (10 remain)
 ACKing cmd 0x40; 9 remain
Successfully sent message 0x40 with 6 bytes at 1326.35s (9 remain)
 ACKing cmd 0x40; 8 remain
Successfully sent message 0x40 with 6 bytes at 1326.43s (8 remain)
 ACKing cmd 0x40; 7 remain
Successfully sent message 0x40 with 5 bytes at 1326.53s (7 remain)
 ACKing cmd 0x40; 6 remain
Successfully sent message 0x40 with 6 bytes at 1326.61s (6 remain)
 ACKing cmd 0x40; 5 remain
Successfully sent message 0x40 with 6 bytes at 1326.69s (5 remain)
 ACKing cmd 0x40; 4 remain
Successfully sent message 0x40 with 6 bytes at 1326.77s (4 remain)
 ACKing cmd 0x40; 3 remain
Successfully sent message 0x40 with 5 bytes at 1326.85s (3 remain)
 ACKing cmd 0x40; 2 remain
Successfully sent message 0x11 with 3 bytes at 1326.93s (2 remain)
 ACKing cmd 0x11; 1 remain
Successfully sent message 0x10 with 2 bytes at 1327.01s (1 remain)
 ACKing cmd 0x10; 0 remain
1727: 10 received, but 26 are needed for a full frame. Flushing.
11260: Sending stop scanning command
Successfully sent message 0x10 with 2 bytes at 1336.61s (0 remain)
Sending command +++
Finished escape sequence. Now disconnecting hardware
Sending command ATH
Successfully disconnected from Bluetooth
12061: Deleting D600 Object
Log file D:\Myeongjin\SensorTestProject\log\D600_00000200FBFF9FB0.log created on 2021-08-16 at 03:37:05 PM
System Logging Level = 2
516979058: RecordSize = 12 (2 I2C dev, 0 SPI dev)
516979060: Mapped RecordSize = 12
Trying to connect to Bluetooth Serial Device
Currently in state 1, so releasing existing hardware...done.
516979100: Searching 1 ports
Trying to open COM3 at 921600 baud
Sending command +++AT
Read "ERROR"  from port 3
Matched ERROR, Connected to COM3 at 921600 baud
516979187: Found port 921600 at baudrate 921600
516979188: Configuring: sending reset command
Sending command ATZ
Start configuring at 516979191
700: Parsing string OK in state Reset
701: Found "OK"
Baudrate is correct, entering bypass mode for DAQ
Sending command ATD00019525dfd8
704: Resetting setup timeout at 516979895 changing from Reset to Connect
2:  Done parsing command in Reset
108: Parsing string OK in state Connect
Didn't find CONNECT in OK
110:  Done parsing command in Connect
1044: Parsing string CONNECT 00019525DFD8 in state Connect
1045: Found "CONNECT"; trying to configure system
1046: Configuring system.
 Queuing message 0x63 ackSize 1
1047: Sending stop scanning command
 Queuing message 0x10 ackSize 2
 Queuing message 0x20 ackSize 7
1150: I2C scan list configured
1150: Configuring Scan Lists
 Queuing message 0x25 ackSize 3
1151: Scan length lists set
 Queuing message 0x33 ackSize 2
1153: Setting up all of the passthru commands
Device 0 (I2C Addr = 1): DacCurrent = 50, ScanCount = 20, AveLength = 3
Passing through cmd 8 to 0
 Queuing message 0x40 ackSize 5
Passing through cmd 5 to 0
 Queuing message 0x40 ackSize 6
Passing through cmd 6 to 0
 Queuing message 0x40 ackSize 6
Passing through cmd 7 to 0
 Queuing message 0x40 ackSize 6
Device 1 (I2C Addr = 2): DacCurrent = 50, ScanCount = 20, AveLength = 3
Passing through cmd 8 to 1
 Queuing message 0x40 ackSize 5
Passing through cmd 5 to 1
 Queuing message 0x40 ackSize 6
Passing through cmd 6 to 1
 Queuing message 0x40 ackSize 6
Passing through cmd 7 to 1
 Queuing message 0x40 ackSize 6
Passing through cmd 1 to 255
 Queuing message 0x40 ackSize 5
2479: Requested continuous frames
 Queuing message 0x11 ackSize 3
 Queuing message 0x10 ackSize 2
2481: Resetting setup timeout at 516982376 changing from Connect to DAQ
2:  Done parsing command in Connect
Successfully sent message 0x63 with 1 bytes at 516982s (16 remain)
Timeout waiting for ACK of 0x63 at 516983
Successfully sent message 0x10 with 2 bytes at 516983s (15 remain)
Timeout waiting for ACK of 0x10 at 516983
Successfully sent message 0x20 with 7 bytes at 516983s (14 remain)

 --Protocol Rev change was:0 now: 4--
 ACK Mismatch: Received 0x63 while waiting for 0x20
Timeout waiting for ACK of 0x20 at 516983
Successfully sent message 0x20 with 7 bytes at 516983s (13 remain)
 ACKing cmd 0x20; 13 remain
Successfully sent message 0x25 with 3 bytes at 516983s (13 remain)
 ACKing cmd 0x25; 12 remain
Successfully sent message 0x33 with 2 bytes at 516983s (12 remain)
 ACKing cmd 0x33; 11 remain
Successfully sent message 0x40 with 5 bytes at 516983s (11 remain)
 ACKing cmd 0x40; 10 remain
Successfully sent message 0x40 with 6 bytes at 516983s (10 remain)
 ACKing cmd 0x40; 9 remain
Successfully sent message 0x40 with 6 bytes at 516983s (9 remain)
 ACKing cmd 0x40; 8 remain
Successfully sent message 0x40 with 6 bytes at 516983s (8 remain)
 ACKing cmd 0x40; 7 remain
Successfully sent message 0x40 with 5 bytes at 516984s (7 remain)
 ACKing cmd 0x40; 6 remain
Successfully sent message 0x40 with 6 bytes at 516984s (6 remain)
 ACKing cmd 0x40; 5 remain
Successfully sent message 0x40 with 6 bytes at 516984s (5 remain)
 ACKing cmd 0x40; 4 remain
Successfully sent message 0x40 with 6 bytes at 516984s (4 remain)
 ACKing cmd 0x40; 3 remain
Successfully sent message 0x40 with 5 bytes at 516984s (3 remain)
 ACKing cmd 0x40; 2 remain
Successfully sent message 0x11 with 3 bytes at 516984s (2 remain)
 ACKing cmd 0x11; 1 remain
Successfully sent message 0x10 with 2 bytes at 516984s (1 remain)
 ACKing cmd 0x10; 0 remain
1642: 10 received, but 26 are needed for a full frame. Flushing.
156217: Sending stop scanning command
Successfully sent message 0x10 with 2 bytes at 517139s (0 remain)
Sending command +++
Finished escape sequence. Now disconnecting hardware
Sending command ATH
Successfully disconnected from Bluetooth
157017: Deleting D600 Object
