Log file D:\Myeongjin\SensorTestProject\log\D600_000000005060A090.log created on 2021-01-21 at 12:42:11 PM
System Logging Level = 2
2943260: RecordSize = 12 (2 I2C dev, 0 SPI dev)
2943306: Mapped RecordSize = 12
Trying to connect to Bluetooth Serial Device
Currently in state 1, so releasing existing hardware...done.
2943985: Searching 1 ports
Trying to open COM3 at 921600 baud
Sending command +++AT
Read "ERROR"  from port 3
Matched ERROR, Connected to COM3 at 921600 baud
2944339: Found port 921600 at baudrate 921600
2944371: Configuring: sending reset command
Sending command ATZ
Start configuring at 2944445
698: Parsing string OK in state Reset
736: Found "OK"
Baudrate is correct, entering bypass mode for DAQ
Sending command ATD00019525dfd8
828: Resetting setup timeout at 2945284 changing from Reset to Connect
40:  Done parsing command in Reset
82: Parsing string OK in state Connect
Didn't find CONNECT in OK
149:  Done parsing command in Connect
1248: Parsing string CONNECT 00019525DFD8 in state Connect
1290: Found "CONNECT"; trying to configure system
1318: Configuring system.
 Queuing message 0x63 ackSize 1
1358: Sending stop scanning command
 Queuing message 0x10 ackSize 2
 Queuing message 0x20 ackSize 7
1533: I2C scan list configured
1550: Configuring Scan Lists
 Queuing message 0x25 ackSize 3
1596: Scan length lists set
 Queuing message 0x33 ackSize 2
1640: Setting up all of the passthru commands
Device 0 (I2C Addr = 1): DacCurrent = 50, ScanCount = 20, AveLength = 3
Passing through cmd 8 to 0
 Queuing message 0x40 ackSize 5
Passing through cmd 5 to 0
 Queuing message 0x40 ackSize 6
Passing through cmd 6 to 0
 Queuing message 0x40 ackSize 6
Passing through cmd 7 to 0
 Queuing message 0x40 ackSize 6
Device 1 (I2C Addr = 2): DacCurrent = 50, ScanCount = 20, AveLength = 3
Passing through cmd 8 to 1
 Queuing message 0x40 ackSize 5
Passing through cmd 5 to 1
 Queuing message 0x40 ackSize 6
Passing through cmd 6 to 1
 Queuing message 0x40 ackSize 6
Passing through cmd 7 to 1
 Queuing message 0x40 ackSize 6
Passing through cmd 1 to 255
 Queuing message 0x40 ackSize 5
3664: Requested continuous frames
 Queuing message 0x11 ackSize 3
 Queuing message 0x10 ackSize 2
3742: Resetting setup timeout at 2949039 changing from Connect to DAQ
42:  Done parsing command in Connect
Successfully sent message 0x63 with 1 bytes at 2949.18s (16 remain)
Timeout waiting for ACK of 0x63 at 2949.42
Successfully sent message 0x10 with 2 bytes at 2949.51s (15 remain)
Timeout waiting for ACK of 0x10 at 2949.75
Successfully sent message 0x20 with 7 bytes at 2949.84s (14 remain)

 --Protocol Rev change was:0 now: 4--
 ACK Mismatch: Received 0x63 while waiting for 0x20
Timeout waiting for ACK of 0x20 at 2950.08
Successfully sent message 0x20 with 7 bytes at 2950.17s (13 remain)
 ACKing cmd 0x20; 13 remain
Successfully sent message 0x25 with 3 bytes at 2950.32s (13 remain)
 ACKing cmd 0x25; 12 remain
Successfully sent message 0x33 with 2 bytes at 2950.47s (12 remain)
 ACKing cmd 0x33; 11 remain
Successfully sent message 0x40 with 5 bytes at 2950.61s (11 remain)
 ACKing cmd 0x40; 10 remain
Successfully sent message 0x40 with 6 bytes at 2950.75s (10 remain)
 ACKing cmd 0x40; 9 remain
Successfully sent message 0x40 with 6 bytes at 2950.9s (9 remain)
 ACKing cmd 0x40; 8 remain
Successfully sent message 0x40 with 6 bytes at 2951.06s (8 remain)
 ACKing cmd 0x40; 7 remain
Successfully sent message 0x40 with 5 bytes at 2951.22s (7 remain)
 ACKing cmd 0x40; 6 remain
Successfully sent message 0x40 with 6 bytes at 2951.4s (6 remain)
 ACKing cmd 0x40; 5 remain
Successfully sent message 0x40 with 6 bytes at 2951.55s (5 remain)
 ACKing cmd 0x40; 4 remain
Successfully sent message 0x40 with 6 bytes at 2951.7s (4 remain)
 ACKing cmd 0x40; 3 remain
Successfully sent message 0x40 with 5 bytes at 2951.84s (3 remain)
 ACKing cmd 0x40; 2 remain
Successfully sent message 0x11 with 3 bytes at 2951.97s (2 remain)
 ACKing cmd 0x11; 1 remain
Successfully sent message 0x10 with 2 bytes at 2952.11s (1 remain)
 ACKing cmd 0x10; 0 remain
3141: 10 received, but 26 are needed for a full frame. Flushing.
24889: Sending stop scanning command
Successfully sent message 0x10 with 2 bytes at 2974.04s (0 remain)
Sending command +++
Finished escape sequence. Now disconnecting hardware
Sending command ATH
Successfully disconnected from Bluetooth
26074: Deleting D600 Object
