Log file D:\Myeongjin\SensorTestProject\log\D600_0000015EF5779FD0.log created on 2021-09-07 at 02:39:36 PM
System Logging Level = 2
310757: RecordSize = 12 (2 I2C dev, 0 SPI dev)
310759: Mapped RecordSize = 12
Trying to connect to Bluetooth Serial Device
Currently in state 1, so releasing existing hardware...done.
310792: Searching 1 ports
Trying to open COM3 at 921600 baud
Sending command +++AT
Read "ERROR"  from port 3
Matched ERROR, Connected to COM3 at 921600 baud
310864: Found port 921600 at baudrate 921600
310865: Configuring: sending reset command
Sending command ATZ
Start configuring at 310868
702: Parsing string OK in state Reset
704: Found "OK"
Baudrate is correct, entering bypass mode for DAQ
Sending command ATD00019525dfd8
710: Resetting setup timeout at 311579 changing from Reset to Connect
2:  Done parsing command in Reset
102: Parsing string OK in state Connect
Didn't find CONNECT in OK
107:  Done parsing command in Connect
1147: Parsing string CONNECT 00019525DFD8 in state Connect
1149: Found "CONNECT"; trying to configure system
1150: Configuring system.
 Queuing message 0x63 ackSize 1
1151: Sending stop scanning command
 Queuing message 0x10 ackSize 2
 Queuing message 0x20 ackSize 7
1257: I2C scan list configured
1259: Configuring Scan Lists
 Queuing message 0x25 ackSize 3
1263: Scan length lists set
 Queuing message 0x33 ackSize 2
1267: Setting up all of the passthru commands
Device 0 (I2C Addr = 1): DacCurrent = 50, ScanCount = 20, AveLength = 3
Passing through cmd 8 to 0
 Queuing message 0x40 ackSize 5
Passing through cmd 5 to 0
 Queuing message 0x40 ackSize 6
Passing through cmd 6 to 0
 Queuing message 0x40 ackSize 6
Passing through cmd 7 to 0
 Queuing message 0x40 ackSize 6
Device 1 (I2C Addr = 2): DacCurrent = 50, ScanCount = 20, AveLength = 3
Passing through cmd 8 to 1
 Queuing message 0x40 ackSize 5
Passing through cmd 5 to 1
 Queuing message 0x40 ackSize 6
Passing through cmd 6 to 1
 Queuing message 0x40 ackSize 6
Passing through cmd 7 to 1
 Queuing message 0x40 ackSize 6
Passing through cmd 1 to 255
 Queuing message 0x40 ackSize 5
2666: Requested continuous frames
 Queuing message 0x11 ackSize 3
 Queuing message 0x10 ackSize 2
2670: Resetting setup timeout at 314250 changing from Connect to DAQ
4:  Done parsing command in Connect
Successfully sent message 0x63 with 1 bytes at 314.265s (16 remain)
Timeout waiting for ACK of 0x63 at 314.467
Successfully sent message 0x10 with 2 bytes at 314.469s (15 remain)
Timeout waiting for ACK of 0x10 at 314.67
Successfully sent message 0x20 with 7 bytes at 314.672s (14 remain)

 --Protocol Rev change was:0 now: 4--
 ACK Mismatch: Received 0x63 while waiting for 0x20
Timeout waiting for ACK of 0x20 at 314.874
Successfully sent message 0x20 with 7 bytes at 314.882s (13 remain)
 ACKing cmd 0x20; 13 remain
Successfully sent message 0x25 with 3 bytes at 314.976s (13 remain)
 ACKing cmd 0x25; 12 remain
Successfully sent message 0x33 with 2 bytes at 315.056s (12 remain)
 ACKing cmd 0x33; 11 remain
Successfully sent message 0x40 with 5 bytes at 315.138s (11 remain)
 ACKing cmd 0x40; 10 remain
Successfully sent message 0x40 with 6 bytes at 315.218s (10 remain)
 ACKing cmd 0x40; 9 remain
Successfully sent message 0x40 with 6 bytes at 315.297s (9 remain)
 ACKing cmd 0x40; 8 remain
Successfully sent message 0x40 with 6 bytes at 315.376s (8 remain)
 ACKing cmd 0x40; 7 remain
Successfully sent message 0x40 with 5 bytes at 315.458s (7 remain)
 ACKing cmd 0x40; 6 remain
Successfully sent message 0x40 with 6 bytes at 315.547s (6 remain)
 ACKing cmd 0x40; 5 remain
Successfully sent message 0x40 with 6 bytes at 315.632s (5 remain)
 ACKing cmd 0x40; 4 remain
Successfully sent message 0x40 with 6 bytes at 315.707s (4 remain)
 ACKing cmd 0x40; 3 remain
Successfully sent message 0x40 with 5 bytes at 315.808s (3 remain)
 ACKing cmd 0x40; 2 remain
Successfully sent message 0x11 with 3 bytes at 315.889s (2 remain)
 ACKing cmd 0x11; 1 remain
Successfully sent message 0x10 with 2 bytes at 315.964s (1 remain)
 ACKing cmd 0x10; 0 remain
1774: 10 received, but 26 are needed for a full frame. Flushing.
122183: Sending stop scanning command
Successfully sent message 0x10 with 2 bytes at 436.435s (0 remain)
Sending command +++
Finished escape sequence. Now disconnecting hardware
Sending command ATH
Successfully disconnected from Bluetooth
123007: Deleting D600 Object
