Log file D:\Myeongjin\SensorTestProject\log\D600_000002985797A030.log created on 2021-03-11 at 12:43:37 PM
System Logging Level = 2
263281: RecordSize = 12 (2 I2C dev, 0 SPI dev)
263320: Mapped RecordSize = 12
Trying to connect to Bluetooth Serial Device
Currently in state 1, so releasing existing hardware...done.
263882: Searching 1 ports
Trying to open COM3 at 921600 baud
Sending command +++AT
Read "ERROR"  from port 3
Matched ERROR, Connected to COM3 at 921600 baud
264172: Found port 921600 at baudrate 921600
264198: Configuring: sending reset command
Sending command ATZ
Start configuring at 264259
697: Parsing string OK in state Reset
730: Found "OK"
Baudrate is correct, entering bypass mode for DAQ
Sending command ATD00019525dfd8
808: Resetting setup timeout at 265077 changing from Reset to Connect
32:  Done parsing command in Reset
72: Parsing string OK in state Connect
Didn't find CONNECT in OK
131:  Done parsing command in Connect
1341: Parsing string CONNECT 00019525DFD8 in state Connect
1378: Found "CONNECT"; trying to configure system
1402: Configuring system.
 Queuing message 0x63 ackSize 1
1437: Sending stop scanning command
 Queuing message 0x10 ackSize 2
 Queuing message 0x20 ackSize 7
1598: I2C scan list configured
1613: Configuring Scan Lists
 Queuing message 0x25 ackSize 3
1651: Scan length lists set
 Queuing message 0x33 ackSize 2
1690: Setting up all of the passthru commands
Device 0 (I2C Addr = 1): DacCurrent = 50, ScanCount = 20, AveLength = 3
Passing through cmd 8 to 0
 Queuing message 0x40 ackSize 5
Passing through cmd 5 to 0
 Queuing message 0x40 ackSize 6
Passing through cmd 6 to 0
 Queuing message 0x40 ackSize 6
Passing through cmd 7 to 0
 Queuing message 0x40 ackSize 6
Device 1 (I2C Addr = 2): DacCurrent = 50, ScanCount = 20, AveLength = 3
Passing through cmd 8 to 1
 Queuing message 0x40 ackSize 5
Passing through cmd 5 to 1
 Queuing message 0x40 ackSize 6
Passing through cmd 6 to 1
 Queuing message 0x40 ackSize 6
Passing through cmd 7 to 1
 Queuing message 0x40 ackSize 6
Passing through cmd 1 to 255
 Queuing message 0x40 ackSize 5
3590: Requested continuous frames
 Queuing message 0x11 ackSize 3
 Queuing message 0x10 ackSize 2
3655: Resetting setup timeout at 268741 changing from Connect to DAQ
35:  Done parsing command in Connect
Successfully sent message 0x63 with 1 bytes at 268.86s (16 remain)
Timeout waiting for ACK of 0x63 at 269.091
Successfully sent message 0x10 with 2 bytes at 269.166s (15 remain)
Timeout waiting for ACK of 0x10 at 269.397
Successfully sent message 0x20 with 7 bytes at 269.473s (14 remain)

 --Protocol Rev change was:0 now: 4--
 ACK Mismatch: Received 0x63 while waiting for 0x20
Timeout waiting for ACK of 0x20 at 269.704
Successfully sent message 0x20 with 7 bytes at 269.78s (13 remain)
 ACKing cmd 0x20; 13 remain
Successfully sent message 0x25 with 3 bytes at 269.921s (13 remain)
 ACKing cmd 0x25; 12 remain
Successfully sent message 0x33 with 2 bytes at 270.053s (12 remain)
 ACKing cmd 0x33; 11 remain
Successfully sent message 0x40 with 5 bytes at 270.179s (11 remain)
 ACKing cmd 0x40; 10 remain
Successfully sent message 0x40 with 6 bytes at 270.312s (10 remain)
 ACKing cmd 0x40; 9 remain
Successfully sent message 0x40 with 6 bytes at 270.437s (9 remain)
 ACKing cmd 0x40; 8 remain
Successfully sent message 0x40 with 6 bytes at 270.563s (8 remain)
 ACKing cmd 0x40; 7 remain
Successfully sent message 0x40 with 5 bytes at 270.694s (7 remain)
 ACKing cmd 0x40; 6 remain
Successfully sent message 0x40 with 6 bytes at 270.824s (6 remain)
 ACKing cmd 0x40; 5 remain
Successfully sent message 0x40 with 6 bytes at 270.947s (5 remain)
 ACKing cmd 0x40; 4 remain
Successfully sent message 0x40 with 6 bytes at 271.075s (4 remain)
 ACKing cmd 0x40; 3 remain
Successfully sent message 0x40 with 5 bytes at 271.24s (3 remain)
 ACKing cmd 0x40; 2 remain
Successfully sent message 0x11 with 3 bytes at 271.38s (2 remain)
 ACKing cmd 0x11; 1 remain
Successfully sent message 0x10 with 2 bytes at 271.509s (1 remain)
 ACKing cmd 0x10; 0 remain
2834: 10 received, but 26 are needed for a full frame. Flushing.
107839: Sending stop scanning command
Successfully sent message 0x10 with 2 bytes at 376.661s (0 remain)
Sending command +++
Finished escape sequence. Now disconnecting hardware
Sending command ATH
Successfully disconnected from Bluetooth
108942: Deleting D600 Object
