Log file D:\Myeongjin\SensorTestProject\log\D600_0000000038C89F80.log created on 2020-05-22 at 01:23:20 PM
System Logging Level = 2
1088556: RecordSize = 12 (2 I2C dev, 0 SPI dev)
1088592: Mapped RecordSize = 12
Trying to connect to Bluetooth Serial Device
Currently in state 1, so releasing existing hardware...done.
1089185: Searching 1 ports
Trying to open COM3 at 921600 baud
Sending command +++AT
Read "ERROR"  from port 3
Matched ERROR, Connected to COM3 at 921600 baud
1089483: Found port 921600 at baudrate 921600
1089509: Configuring: sending reset command
Sending command ATZ
Start configuring at 1089569
699: Parsing string OK in state Reset
730: Found "OK"
Baudrate is correct, entering bypass mode for DAQ
Sending command ATD00019525dfd8
805: Resetting setup timeout at 1090383 changing from Reset to Connect
31:  Done parsing command in Reset
75: Parsing string OK in state Connect
Didn't find CONNECT in OK
127:  Done parsing command in Connect
933: Parsing string CONNECT 00019525DFD8 in state Connect
973: Found "CONNECT"; trying to configure system
999: Configuring system.
 Queuing message 0x63 ackSize 1
1032: Sending stop scanning command
 Queuing message 0x10 ackSize 2
 Queuing message 0x20 ackSize 7
1194: I2C scan list configured
1209: Configuring Scan Lists
 Queuing message 0x25 ackSize 3
1247: Scan length lists set
 Queuing message 0x33 ackSize 2
1283: Setting up all of the passthru commands
Device 0 (I2C Addr = 1): DacCurrent = 50, ScanCount = 20, AveLength = 3
Passing through cmd 8 to 0
 Queuing message 0x40 ackSize 5
Passing through cmd 5 to 0
 Queuing message 0x40 ackSize 6
Passing through cmd 6 to 0
 Queuing message 0x40 ackSize 6
Passing through cmd 7 to 0
 Queuing message 0x40 ackSize 6
Device 1 (I2C Addr = 2): DacCurrent = 50, ScanCount = 20, AveLength = 3
Passing through cmd 8 to 1
 Queuing message 0x40 ackSize 5
Passing through cmd 5 to 1
 Queuing message 0x40 ackSize 6
Passing through cmd 6 to 1
 Queuing message 0x40 ackSize 6
Passing through cmd 7 to 1
 Queuing message 0x40 ackSize 6
Passing through cmd 1 to 255
 Queuing message 0x40 ackSize 5
3150: Requested continuous frames
 Queuing message 0x11 ackSize 3
 Queuing message 0x10 ackSize 2
3219: Resetting setup timeout at 1093612 changing from Connect to DAQ
43:  Done parsing command in Connect
Successfully sent message 0x63 with 1 bytes at 1093.74s (16 remain)
Timeout waiting for ACK of 0x63 at 1093.97
Successfully sent message 0x10 with 2 bytes at 1094.05s (15 remain)
Timeout waiting for ACK of 0x10 at 1094.27
Successfully sent message 0x20 with 7 bytes at 1094.35s (14 remain)

 --Protocol Rev change was:0 now: 4--
 ACK Mismatch: Received 0x63 while waiting for 0x20
Timeout waiting for ACK of 0x20 at 1094.58
Successfully sent message 0x20 with 7 bytes at 1094.66s (13 remain)
 ACKing cmd 0x20; 13 remain
Successfully sent message 0x25 with 3 bytes at 1094.81s (13 remain)
 ACKing cmd 0x25; 12 remain
Successfully sent message 0x33 with 2 bytes at 1094.92s (12 remain)
 ACKing cmd 0x33; 11 remain
Successfully sent message 0x40 with 5 bytes at 1095.06s (11 remain)
 ACKing cmd 0x40; 10 remain
Successfully sent message 0x40 with 6 bytes at 1095.18s (10 remain)
 ACKing cmd 0x40; 9 remain
Successfully sent message 0x40 with 6 bytes at 1095.31s (9 remain)
 ACKing cmd 0x40; 8 remain
Successfully sent message 0x40 with 6 bytes at 1095.45s (8 remain)
 ACKing cmd 0x40; 7 remain
Successfully sent message 0x40 with 5 bytes at 1095.6s (7 remain)
 ACKing cmd 0x40; 6 remain
Successfully sent message 0x40 with 6 bytes at 1095.72s (6 remain)
 ACKing cmd 0x40; 5 remain
Successfully sent message 0x40 with 6 bytes at 1095.85s (5 remain)
 ACKing cmd 0x40; 4 remain
Successfully sent message 0x40 with 6 bytes at 1096s (4 remain)
 ACKing cmd 0x40; 3 remain
Successfully sent message 0x40 with 5 bytes at 1096.14s (3 remain)
 ACKing cmd 0x40; 2 remain
Successfully sent message 0x11 with 3 bytes at 1096.27s (2 remain)
 ACKing cmd 0x11; 1 remain
Successfully sent message 0x10 with 2 bytes at 1096.39s (1 remain)
 ACKing cmd 0x10; 0 remain
2850: 10 received, but 26 are needed for a full frame. Flushing.
51271: Sending stop scanning command
Successfully sent message 0x10 with 2 bytes at 1144.98s (0 remain)
Sending command +++
Finished escape sequence. Now disconnecting hardware
Sending command ATH
Successfully disconnected from Bluetooth
52393: Deleting D600 Object
