Log file D:\Myeongjin\SensorTestProject\log\D600_000002985642A030.log created on 2021-03-11 at 01:39:08 PM
System Logging Level = 2
3594421: RecordSize = 12 (2 I2C dev, 0 SPI dev)
3594467: Mapped RecordSize = 12
Trying to connect to Bluetooth Serial Device
Currently in state 1, so releasing existing hardware...done.
3595171: Searching 1 ports
Trying to open COM3 at 921600 baud
Sending command +++AT
Read "ERROR"  from port 3
Matched ERROR, Connected to COM3 at 921600 baud
3595497: Found port 921600 at baudrate 921600
3595528: Configuring: sending reset command
Sending command ATZ
Start configuring at 3595598
696: Parsing string OK in state Reset
731: Found "OK"
Baudrate is correct, entering bypass mode for DAQ
Sending command ATD00019525dfd8
819: Resetting setup timeout at 3596426 changing from Reset to Connect
36:  Done parsing command in Reset
75: Parsing string OK in state Connect
Didn't find CONNECT in OK
139:  Done parsing command in Connect
960: Parsing string CONNECT 00019525DFD8 in state Connect
997: Found "CONNECT"; trying to configure system
1024: Configuring system.
 Queuing message 0x63 ackSize 1
1063: Sending stop scanning command
 Queuing message 0x10 ackSize 2
 Queuing message 0x20 ackSize 7
1232: I2C scan list configured
1251: Configuring Scan Lists
 Queuing message 0x25 ackSize 3
1294: Scan length lists set
 Queuing message 0x33 ackSize 2
1336: Setting up all of the passthru commands
Device 0 (I2C Addr = 1): DacCurrent = 50, ScanCount = 20, AveLength = 3
Passing through cmd 8 to 0
 Queuing message 0x40 ackSize 5
Passing through cmd 5 to 0
 Queuing message 0x40 ackSize 6
Passing through cmd 6 to 0
 Queuing message 0x40 ackSize 6
Passing through cmd 7 to 0
 Queuing message 0x40 ackSize 6
Device 1 (I2C Addr = 2): DacCurrent = 50, ScanCount = 20, AveLength = 3
Passing through cmd 8 to 1
 Queuing message 0x40 ackSize 5
Passing through cmd 5 to 1
 Queuing message 0x40 ackSize 6
Passing through cmd 6 to 1
 Queuing message 0x40 ackSize 6
Passing through cmd 7 to 1
 Queuing message 0x40 ackSize 6
Passing through cmd 1 to 255
 Queuing message 0x40 ackSize 5
3272: Requested continuous frames
 Queuing message 0x11 ackSize 3
 Queuing message 0x10 ackSize 2
3343: Resetting setup timeout at 3599779 changing from Connect to DAQ
84:  Done parsing command in Connect
Successfully sent message 0x63 with 1 bytes at 3599.96s (16 remain)
Timeout waiting for ACK of 0x63 at 3600.19
Successfully sent message 0x10 with 2 bytes at 3600.28s (15 remain)
Timeout waiting for ACK of 0x10 at 3600.51
Successfully sent message 0x20 with 7 bytes at 3600.6s (14 remain)

 --Protocol Rev change was:0 now: 4--
 ACK Mismatch: Received 0x63 while waiting for 0x20
Timeout waiting for ACK of 0x20 at 3600.84
Successfully sent message 0x20 with 7 bytes at 3600.92s (13 remain)
 ACKing cmd 0x20; 13 remain
Successfully sent message 0x25 with 3 bytes at 3601.07s (13 remain)
 ACKing cmd 0x25; 12 remain
Successfully sent message 0x33 with 2 bytes at 3601.2s (12 remain)
 ACKing cmd 0x33; 11 remain
Successfully sent message 0x40 with 5 bytes at 3601.32s (11 remain)
 ACKing cmd 0x40; 10 remain
Successfully sent message 0x40 with 6 bytes at 3601.49s (10 remain)
 ACKing cmd 0x40; 9 remain
Successfully sent message 0x40 with 6 bytes at 3601.65s (9 remain)
 ACKing cmd 0x40; 8 remain
Successfully sent message 0x40 with 6 bytes at 3601.8s (8 remain)
 ACKing cmd 0x40; 7 remain
Successfully sent message 0x40 with 5 bytes at 3601.94s (7 remain)
 ACKing cmd 0x40; 6 remain
Successfully sent message 0x40 with 6 bytes at 3602.1s (6 remain)
 ACKing cmd 0x40; 5 remain
Successfully sent message 0x40 with 6 bytes at 3602.24s (5 remain)
 ACKing cmd 0x40; 4 remain
Successfully sent message 0x40 with 6 bytes at 3602.38s (4 remain)
 ACKing cmd 0x40; 3 remain
Successfully sent message 0x40 with 5 bytes at 3602.53s (3 remain)
 ACKing cmd 0x40; 2 remain
Successfully sent message 0x11 with 3 bytes at 3602.67s (2 remain)
 ACKing cmd 0x11; 1 remain
Successfully sent message 0x10 with 2 bytes at 3602.8s (1 remain)
 ACKing cmd 0x10; 0 remain
3074: 10 received, but 26 are needed for a full frame. Flushing.
71654: Sending stop scanning command
Successfully sent message 0x10 with 2 bytes at 3671.53s (0 remain)
Sending command +++
Finished escape sequence. Now disconnecting hardware
Sending command ATH
Successfully disconnected from Bluetooth
72828: Deleting D600 Object
