Log file D:\Myeongjin\SensorTestProject\log\D600_0000000035C79B30.log created on 2020-04-16 at 11:15:33 AM
System Logging Level = 2
8536156: RecordSize = 12 (2 I2C dev, 0 SPI dev)
8536167: Mapped RecordSize = 12
Trying to connect to Bluetooth Serial Device
Currently in state 1, so releasing existing hardware...done.
8536323: Searching 1 ports
Trying to open COM3 at 921600 baud
Sending command +++AT
Read "ERROR"  from port 3
Matched ERROR, Connected to COM3 at 921600 baud
8536454: Found port 921600 at baudrate 921600
8536462: Configuring: sending reset command
Sending command ATZ
Start configuring at 8536481
701: Parsing string OK in state Reset
704: Found "OK"
Baudrate is correct, entering bypass mode for DAQ
Sending command ATD00019525dfd8
711: Resetting setup timeout at 8537193 changing from Reset to Connect
2:  Done parsing command in Reset
101: Parsing string OK in state Connect
Didn't find CONNECT in OK
106:  Done parsing command in Connect
1191: Parsing string CONNECT 00019525DFD8 in state Connect
1194: Found "CONNECT"; trying to configure system
1196: Configuring system.
 Queuing message 0x63 ackSize 1
1199: Sending stop scanning command
 Queuing message 0x10 ackSize 2
 Queuing message 0x20 ackSize 7
1311: I2C scan list configured
1315: Configuring Scan Lists
 Queuing message 0x25 ackSize 3
1325: Scan length lists set
 Queuing message 0x33 ackSize 2
1335: Setting up all of the passthru commands
Device 0 (I2C Addr = 1): DacCurrent = 50, ScanCount = 20, AveLength = 3
Passing through cmd 8 to 0
 Queuing message 0x40 ackSize 5
Passing through cmd 5 to 0
 Queuing message 0x40 ackSize 6
Passing through cmd 6 to 0
 Queuing message 0x40 ackSize 6
Passing through cmd 7 to 0
 Queuing message 0x40 ackSize 6
Device 1 (I2C Addr = 2): DacCurrent = 50, ScanCount = 20, AveLength = 3
Passing through cmd 8 to 1
 Queuing message 0x40 ackSize 5
Passing through cmd 5 to 1
 Queuing message 0x40 ackSize 6
Passing through cmd 6 to 1
 Queuing message 0x40 ackSize 6
Passing through cmd 7 to 1
 Queuing message 0x40 ackSize 6
Passing through cmd 1 to 255
 Queuing message 0x40 ackSize 5
2793: Requested continuous frames
 Queuing message 0x11 ackSize 3
 Queuing message 0x10 ackSize 2
2811: Resetting setup timeout at 8540006 changing from Connect to DAQ
9:  Done parsing command in Connect
Successfully sent message 0x63 with 1 bytes at 8540.04s (16 remain)
Timeout waiting for ACK of 0x63 at 8540.25
Successfully sent message 0x10 with 2 bytes at 8540.25s (15 remain)
Timeout waiting for ACK of 0x10 at 8540.46
Successfully sent message 0x20 with 7 bytes at 8540.46s (14 remain)

 --Protocol Rev change was:0 now: 4--
 ACK Mismatch: Received 0x63 while waiting for 0x20
Timeout waiting for ACK of 0x20 at 8540.67
Successfully sent message 0x20 with 7 bytes at 8540.67s (13 remain)
 ACKing cmd 0x20; 13 remain
Successfully sent message 0x25 with 3 bytes at 8540.76s (13 remain)
 ACKing cmd 0x25; 12 remain
Successfully sent message 0x33 with 2 bytes at 8540.85s (12 remain)
 ACKing cmd 0x33; 11 remain
Successfully sent message 0x40 with 5 bytes at 8540.93s (11 remain)
 ACKing cmd 0x40; 10 remain
Successfully sent message 0x40 with 6 bytes at 8541.02s (10 remain)
 ACKing cmd 0x40; 9 remain
Successfully sent message 0x40 with 6 bytes at 8541.11s (9 remain)
 ACKing cmd 0x40; 8 remain
Successfully sent message 0x40 with 6 bytes at 8541.19s (8 remain)
 ACKing cmd 0x40; 7 remain
Successfully sent message 0x40 with 5 bytes at 8541.27s (7 remain)
 ACKing cmd 0x40; 6 remain
Successfully sent message 0x40 with 6 bytes at 8541.35s (6 remain)
 ACKing cmd 0x40; 5 remain
Successfully sent message 0x40 with 6 bytes at 8541.44s (5 remain)
 ACKing cmd 0x40; 4 remain
Successfully sent message 0x40 with 6 bytes at 8541.51s (4 remain)
 ACKing cmd 0x40; 3 remain
Successfully sent message 0x40 with 5 bytes at 8541.6s (3 remain)
 ACKing cmd 0x40; 2 remain
Successfully sent message 0x11 with 3 bytes at 8541.68s (2 remain)
 ACKing cmd 0x11; 1 remain
Successfully sent message 0x10 with 2 bytes at 8541.77s (1 remain)
 ACKing cmd 0x10; 0 remain
1820: 10 received, but 26 are needed for a full frame. Flushing.
129822: Sending stop scanning command
Successfully sent message 0x10 with 2 bytes at 8669.84s (0 remain)
Sending command +++
Finished escape sequence. Now disconnecting hardware
Sending command ATH
Successfully disconnected from Bluetooth
130697: Deleting D600 Object
Log file D:\Myeongjin\SensorTestProject\log\D600_0000000035C79B30.log created on 2020-04-16 at 12:22:22 PM
System Logging Level = 2
12545034: RecordSize = 12 (2 I2C dev, 0 SPI dev)
12545039: Mapped RecordSize = 12
Trying to connect to Bluetooth Serial Device
Currently in state 1, so releasing existing hardware...done.
12545104: Searching 1 ports
Trying to open COM3 at 921600 baud
Sending command +++AT
Read "ERROR"  from port 3
Matched ERROR, Connected to COM3 at 921600 baud
12545194: Found port 921600 at baudrate 921600
12545197: Configuring: sending reset command
Sending command ATZ
Start configuring at 12545206
699: Parsing string OK in state Reset
702: Found "OK"
Baudrate is correct, entering bypass mode for DAQ
Sending command ATD00019525dfd8
710: Resetting setup timeout at 12545917 changing from Reset to Connect
5:  Done parsing command in Reset
100: Parsing string OK in state Connect
Didn't find CONNECT in OK
107:  Done parsing command in Connect
1176: Parsing string CONNECT 00019525DFD8 in state Connect
1179: Found "CONNECT"; trying to configure system
1182: Configuring system.
 Queuing message 0x63 ackSize 1
1186: Sending stop scanning command
 Queuing message 0x10 ackSize 2
 Queuing message 0x20 ackSize 7
1297: I2C scan list configured
1299: Configuring Scan Lists
 Queuing message 0x25 ackSize 3
1305: Scan length lists set
 Queuing message 0x33 ackSize 2
1310: Setting up all of the passthru commands
Device 0 (I2C Addr = 1): DacCurrent = 50, ScanCount = 20, AveLength = 3
Passing through cmd 8 to 0
 Queuing message 0x40 ackSize 5
Passing through cmd 5 to 0
 Queuing message 0x40 ackSize 6
Passing through cmd 6 to 0
 Queuing message 0x40 ackSize 6
Passing through cmd 7 to 0
 Queuing message 0x40 ackSize 6
Device 1 (I2C Addr = 2): DacCurrent = 50, ScanCount = 20, AveLength = 3
Passing through cmd 8 to 1
 Queuing message 0x40 ackSize 5
Passing through cmd 5 to 1
 Queuing message 0x40 ackSize 6
Passing through cmd 6 to 1
 Queuing message 0x40 ackSize 6
Passing through cmd 7 to 1
 Queuing message 0x40 ackSize 6
Passing through cmd 1 to 255
 Queuing message 0x40 ackSize 5
2753: Requested continuous frames
 Queuing message 0x11 ackSize 3
 Queuing message 0x10 ackSize 2
2770: Resetting setup timeout at 12548689 changing from Connect to DAQ
9:  Done parsing command in Connect
Successfully sent message 0x63 with 1 bytes at 12548.7s (16 remain)
Timeout waiting for ACK of 0x63 at 12549
Successfully sent message 0x10 with 2 bytes at 12549s (15 remain)
Timeout waiting for ACK of 0x10 at 12549.2
Successfully sent message 0x20 with 7 bytes at 12549.2s (14 remain)

 --Protocol Rev change was:0 now: 4--
 ACK Mismatch: Received 0x63 while waiting for 0x20
Timeout waiting for ACK of 0x20 at 12549.4
Successfully sent message 0x20 with 7 bytes at 12549.4s (13 remain)
 ACKing cmd 0x20; 13 remain
Successfully sent message 0x25 with 3 bytes at 12549.5s (13 remain)
 ACKing cmd 0x25; 12 remain
Successfully sent message 0x33 with 2 bytes at 12549.6s (12 remain)
 ACKing cmd 0x33; 11 remain
Successfully sent message 0x40 with 5 bytes at 12549.6s (11 remain)
 ACKing cmd 0x40; 10 remain
Successfully sent message 0x40 with 6 bytes at 12549.7s (10 remain)
 ACKing cmd 0x40; 9 remain
Successfully sent message 0x40 with 6 bytes at 12549.8s (9 remain)
 ACKing cmd 0x40; 8 remain
Successfully sent message 0x40 with 6 bytes at 12549.9s (8 remain)
 ACKing cmd 0x40; 7 remain
Successfully sent message 0x40 with 5 bytes at 12549.9s (7 remain)
 ACKing cmd 0x40; 6 remain
Successfully sent message 0x40 with 6 bytes at 12550s (6 remain)
 ACKing cmd 0x40; 5 remain
Successfully sent message 0x40 with 6 bytes at 12550.1s (5 remain)
 ACKing cmd 0x40; 4 remain
Successfully sent message 0x40 with 6 bytes at 12550.2s (4 remain)
 ACKing cmd 0x40; 3 remain
Successfully sent message 0x40 with 5 bytes at 12550.3s (3 remain)
 ACKing cmd 0x40; 2 remain
Successfully sent message 0x11 with 3 bytes at 12550.3s (2 remain)
 ACKing cmd 0x11; 1 remain
Successfully sent message 0x10 with 2 bytes at 12550.4s (1 remain)
 ACKing cmd 0x10; 0 remain
1788: 10 received, but 26 are needed for a full frame. Flushing.
274345: Sending stop scanning command
Successfully sent message 0x10 with 2 bytes at 12823s (0 remain)
Sending command +++
Finished escape sequence. Now disconnecting hardware
Sending command ATH
Successfully disconnected from Bluetooth
275209: Deleting D600 Object
