Log file D:\Myeongjin\SensorTestProject\log\D600_0000015EF5AE9FD0.log created on 2021-09-07 at 02:37:49 PM
System Logging Level = 2
203741: RecordSize = 12 (2 I2C dev, 0 SPI dev)
203743: Mapped RecordSize = 12
Trying to connect to Bluetooth Serial Device
Currently in state 1, so releasing existing hardware...done.
203769: Searching 1 ports
Trying to open COM3 at 921600 baud
Sending command +++AT
Read "ERROR"  from port 3
Matched ERROR, Connected to COM3 at 921600 baud
203841: Found port 921600 at baudrate 921600
203842: Configuring: sending reset command
Sending command ATZ
Start configuring at 203845
702: Parsing string OK in state Reset
703: Found "OK"
Baudrate is correct, entering bypass mode for DAQ
Sending command ATD00019525dfd8
705: Resetting setup timeout at 204551 changing from Reset to Connect
1:  Done parsing command in Reset
108: Parsing string OK in state Connect
Didn't find CONNECT in OK
113:  Done parsing command in Connect
1333: Parsing string CONNECT 00019525DFD8 in state Connect
1334: Found "CONNECT"; trying to configure system
1334: Configuring system.
 Queuing message 0x63 ackSize 1
1335: Sending stop scanning command
 Queuing message 0x10 ackSize 2
 Queuing message 0x20 ackSize 7
1440: I2C scan list configured
1441: Configuring Scan Lists
 Queuing message 0x25 ackSize 3
1445: Scan length lists set
 Queuing message 0x33 ackSize 2
1448: Setting up all of the passthru commands
Device 0 (I2C Addr = 1): DacCurrent = 50, ScanCount = 20, AveLength = 3
Passing through cmd 8 to 0
 Queuing message 0x40 ackSize 5
Passing through cmd 5 to 0
 Queuing message 0x40 ackSize 6
Passing through cmd 6 to 0
 Queuing message 0x40 ackSize 6
Passing through cmd 7 to 0
 Queuing message 0x40 ackSize 6
Device 1 (I2C Addr = 2): DacCurrent = 50, ScanCount = 20, AveLength = 3
Passing through cmd 8 to 1
 Queuing message 0x40 ackSize 5
Passing through cmd 5 to 1
 Queuing message 0x40 ackSize 6
Passing through cmd 6 to 1
 Queuing message 0x40 ackSize 6
Passing through cmd 7 to 1
 Queuing message 0x40 ackSize 6
Passing through cmd 1 to 255
 Queuing message 0x40 ackSize 5
2809: Requested continuous frames
 Queuing message 0x11 ackSize 3
 Queuing message 0x10 ackSize 2
2814: Resetting setup timeout at 207365 changing from Connect to DAQ
4:  Done parsing command in Connect
Successfully sent message 0x63 with 1 bytes at 207.378s (16 remain)
Timeout waiting for ACK of 0x63 at 207.581
Successfully sent message 0x10 with 2 bytes at 207.586s (15 remain)
Timeout waiting for ACK of 0x10 at 207.788
Successfully sent message 0x20 with 7 bytes at 207.794s (14 remain)

 --Protocol Rev change was:0 now: 4--
 ACK Mismatch: Received 0x63 while waiting for 0x20
Timeout waiting for ACK of 0x20 at 207.996
Successfully sent message 0x20 with 7 bytes at 207.999s (13 remain)
 ACKing cmd 0x20; 13 remain
Successfully sent message 0x25 with 3 bytes at 208.074s (13 remain)
 ACKing cmd 0x25; 12 remain
Successfully sent message 0x33 with 2 bytes at 208.139s (12 remain)
 ACKing cmd 0x33; 11 remain
Successfully sent message 0x40 with 5 bytes at 208.203s (11 remain)
 ACKing cmd 0x40; 10 remain
Successfully sent message 0x40 with 6 bytes at 208.283s (10 remain)
 ACKing cmd 0x40; 9 remain
Successfully sent message 0x40 with 6 bytes at 208.343s (9 remain)
 ACKing cmd 0x40; 8 remain
Successfully sent message 0x40 with 6 bytes at 208.427s (8 remain)
 ACKing cmd 0x40; 7 remain
Successfully sent message 0x40 with 5 bytes at 208.491s (7 remain)
 ACKing cmd 0x40; 6 remain
Successfully sent message 0x40 with 6 bytes at 208.586s (6 remain)
 ACKing cmd 0x40; 5 remain
Successfully sent message 0x40 with 6 bytes at 208.669s (5 remain)
 ACKing cmd 0x40; 4 remain
Successfully sent message 0x40 with 6 bytes at 208.728s (4 remain)
 ACKing cmd 0x40; 3 remain
Successfully sent message 0x40 with 5 bytes at 208.807s (3 remain)
 ACKing cmd 0x40; 2 remain
Successfully sent message 0x11 with 3 bytes at 208.888s (2 remain)
 ACKing cmd 0x11; 1 remain
Successfully sent message 0x10 with 2 bytes at 208.953s (1 remain)
 ACKing cmd 0x10; 0 remain
1647: 10 received, but 26 are needed for a full frame. Flushing.
12938: Sending stop scanning command
Successfully sent message 0x10 with 2 bytes at 220.312s (0 remain)
Sending command +++
Finished escape sequence. Now disconnecting hardware
Sending command ATH
Successfully disconnected from Bluetooth
13764: Deleting D600 Object
