Log file D:\Myeongjin\projects\SensorTestProject\log\D600_0000000049549DD0.log created on 2020-03-04 at 11:15:05 AM
System Logging Level = 2
2603173: RecordSize = 12 (2 I2C dev, 0 SPI dev)
2603189: Mapped RecordSize = 12
Trying to connect to Bluetooth Serial Device
Currently in state 1, so releasing existing hardware...done.
2603374: Searching 1 ports
Trying to open COM7 at 921600 baud
Sending command +++AT
Read "ERROR"  from port 7
Matched ERROR, Connected to COM7 at 921600 baud
2603531: Found port 921600 at baudrate 921600
2603543: Configuring: sending reset command
Sending command ATZ
Start configuring at 2603567
700: Parsing string OK in state Reset
712: Found "OK"
Baudrate is correct, entering bypass mode for DAQ
Sending command ATD00019525dfd8
745: Resetting setup timeout at 2604317 changing from Reset to Connect
13:  Done parsing command in Reset
95: Parsing string OK in state Connect
Didn't find CONNECT in OK
114:  Done parsing command in Connect
857: Parsing string CONNECT 00019525DFD8 in state Connect
868: Found "CONNECT"; trying to configure system
877: Configuring system.
 Queuing message 0x63 ackSize 1
891: Sending stop scanning command
 Queuing message 0x10 ackSize 2
 Queuing message 0x20 ackSize 7
1020: I2C scan list configured
1026: Configuring Scan Lists
 Queuing message 0x25 ackSize 3
1043: Scan length lists set
 Queuing message 0x33 ackSize 2
1060: Setting up all of the passthru commands
Device 0 (I2C Addr = 1): DacCurrent = 50, ScanCount = 20, AveLength = 3
Passing through cmd 8 to 0
 Queuing message 0x40 ackSize 5
Passing through cmd 5 to 0
 Queuing message 0x40 ackSize 6
Passing through cmd 6 to 0
 Queuing message 0x40 ackSize 6
Passing through cmd 7 to 0
 Queuing message 0x40 ackSize 6
Device 1 (I2C Addr = 2): DacCurrent = 50, ScanCount = 20, AveLength = 3
Passing through cmd 8 to 1
 Queuing message 0x40 ackSize 5
Passing through cmd 5 to 1
 Queuing message 0x40 ackSize 6
Passing through cmd 6 to 1
 Queuing message 0x40 ackSize 6
Passing through cmd 7 to 1
 Queuing message 0x40 ackSize 6
Passing through cmd 1 to 255
 Queuing message 0x40 ackSize 5
2577: Requested continuous frames
 Queuing message 0x11 ackSize 3
 Queuing message 0x10 ackSize 2
2602: Resetting setup timeout at 2606922 changing from Connect to DAQ
11:  Done parsing command in Connect
Successfully sent message 0x63 with 1 bytes at 2606.97s (16 remain)
Timeout waiting for ACK of 0x63 at 2607.18
Successfully sent message 0x10 with 2 bytes at 2607.21s (15 remain)
Timeout waiting for ACK of 0x10 at 2607.42
Successfully sent message 0x20 with 7 bytes at 2607.45s (14 remain)

 --Protocol Rev change was:0 now: 4--
 ACK Mismatch: Received 0x63 while waiting for 0x20
Timeout waiting for ACK of 0x20 at 2607.66
Successfully sent message 0x20 with 7 bytes at 2607.69s (13 remain)
 ACKing cmd 0x20; 13 remain
Successfully sent message 0x25 with 3 bytes at 2607.8s (13 remain)
 ACKing cmd 0x25; 12 remain
Successfully sent message 0x33 with 2 bytes at 2607.89s (12 remain)
 ACKing cmd 0x33; 11 remain
Successfully sent message 0x40 with 5 bytes at 2607.99s (11 remain)
 ACKing cmd 0x40; 10 remain
Successfully sent message 0x40 with 6 bytes at 2608.08s (10 remain)
 ACKing cmd 0x40; 9 remain
Successfully sent message 0x40 with 6 bytes at 2608.18s (9 remain)
 ACKing cmd 0x40; 8 remain
Successfully sent message 0x40 with 6 bytes at 2608.28s (8 remain)
 ACKing cmd 0x40; 7 remain
Successfully sent message 0x40 with 5 bytes at 2608.37s (7 remain)
 ACKing cmd 0x40; 6 remain
Successfully sent message 0x40 with 6 bytes at 2608.47s (6 remain)
 ACKing cmd 0x40; 5 remain
Successfully sent message 0x40 with 6 bytes at 2608.57s (5 remain)
 ACKing cmd 0x40; 4 remain
Successfully sent message 0x40 with 6 bytes at 2608.66s (4 remain)
 ACKing cmd 0x40; 3 remain
Successfully sent message 0x40 with 5 bytes at 2608.77s (3 remain)
 ACKing cmd 0x40; 2 remain
Successfully sent message 0x11 with 3 bytes at 2608.87s (2 remain)
 ACKing cmd 0x11; 1 remain
Successfully sent message 0x10 with 2 bytes at 2608.97s (1 remain)
 ACKing cmd 0x10; 0 remain
2131: 10 received, but 26 are needed for a full frame. Flushing.
32417: Sending stop scanning command
Successfully sent message 0x10 with 2 bytes at 2639.37s (0 remain)
Sending command +++
Finished escape sequence. Now disconnecting hardware
Sending command ATH
Successfully disconnected from Bluetooth
33294: Deleting D600 Object
