Log file D:\Myeongjin\SensorTestProject\log\Document_00000000520B5B10.log created on 2021-02-10 at 10:59:18 AM
System Logging Level = 2
Creating default base document 00000000520B5B10
Creating new document 00000000520B5B10 from D:\Myeongjin\SensorTestProject\setup\Quadratec_FingerTPS.cfg
Parameter::load returned 12
Loading user settings from Quadratec_FingerTPS-set.txt...
Starting hardware creation process for 1 devices
CfgBufferSizes size = 1
Creating a new LiveBuffer with 10000 frames...Using protection size of 20...success.
Setting datalog interval of 25
Creating hardware of type D600...success.
Loading scales for Buffer 0 from Quadratec_FingerTPS-cal.txt...success with D:\Myeongjin\SensorTestProject\setup\Quadratec_FingerTPS-cal.txt
Adding new buffer to buffergroup.
Loading extraction lists from Quadratec_FingerTPS-ext.txt...error.
Loading 2D vertices from #12 1...success.
Loading Display file from Quadratec_FingerTPS-display.txt...success.
Building Virtual Array from DisplayList...done.
Building 2D Geometry...done.
Loading 3D vertices from ...error.
Using 2D vertex info for default 3D display
Creating new selection object...done.
Setting up calibrated ViewScale...done.
Finding maximum raw output...using 32767
Device is calibrated.
Setting up calibrated units...done.
Adding filters to incoming data buffers...
done.
Starting data acquisition...done.
Finished creating new Capture Document
Destroying Capture document 00000000520B5B10
Stopping all running hardware...done.
Log file D:\Myeongjin\SensorTestProject\log\Document_00000000520B5B10.log created on 2021-02-10 at 11:05:22 AM
System Logging Level = 2
Creating default base document 00000000520B5B10
Creating new document 00000000520B5B10 from D:\Myeongjin\SensorTestProject\setup\Quadratec_FingerTPS.cfg
Parameter::load returned 12
Loading user settings from Quadratec_FingerTPS-set.txt...
Starting hardware creation process for 1 devices
CfgBufferSizes size = 1
Creating a new LiveBuffer with 10000 frames...Using protection size of 20...success.
Setting datalog interval of 25
Creating hardware of type D600...success.
Loading scales for Buffer 0 from Quadratec_FingerTPS-cal.txt...success with D:\Myeongjin\SensorTestProject\setup\Quadratec_FingerTPS-cal.txt
Adding new buffer to buffergroup.
Loading extraction lists from Quadratec_FingerTPS-ext.txt...error.
Loading 2D vertices from #12 1...success.
Loading Display file from Quadratec_FingerTPS-display.txt...success.
Building Virtual Array from DisplayList...done.
Building 2D Geometry...done.
Loading 3D vertices from ...error.
Using 2D vertex info for default 3D display
Creating new selection object...done.
Setting up calibrated ViewScale...done.
Finding maximum raw output...using 32767
Device is calibrated.
Setting up calibrated units...done.
Adding filters to incoming data buffers...
done.
Starting data acquisition...done.
Finished creating new Capture Document
Destroying Capture document 00000000520B5B10
Stopping all running hardware...done.
Log file D:\Myeongjin\SensorTestProject\log\Document_00000000520B5B10.log created on 2021-02-10 at 11:09:20 AM
System Logging Level = 2
Creating default base document 00000000520B5B10
Creating new document 00000000520B5B10 from D:\Myeongjin\SensorTestProject\setup\Quadratec_FingerTPS.cfg
Parameter::load returned 12
Loading user settings from Quadratec_FingerTPS-set.txt...
Starting hardware creation process for 1 devices
CfgBufferSizes size = 1
Creating a new LiveBuffer with 10000 frames...Using protection size of 20...success.
Setting datalog interval of 25
Creating hardware of type D600...success.
Loading scales for Buffer 0 from Quadratec_FingerTPS-cal.txt...success with D:\Myeongjin\SensorTestProject\setup\Quadratec_FingerTPS-cal.txt
Adding new buffer to buffergroup.
Loading extraction lists from Quadratec_FingerTPS-ext.txt...error.
Loading 2D vertices from #12 1...success.
Loading Display file from Quadratec_FingerTPS-display.txt...success.
Building Virtual Array from DisplayList...done.
Building 2D Geometry...done.
Loading 3D vertices from ...error.
Using 2D vertex info for default 3D display
Creating new selection object...done.
Setting up calibrated ViewScale...done.
Finding maximum raw output...using 32767
Device is calibrated.
Setting up calibrated units...done.
Adding filters to incoming data buffers...
done.
Starting data acquisition...done.
Finished creating new Capture Document
Destroying Capture document 00000000520B5B10
Stopping all running hardware...done.
Log file D:\Myeongjin\SensorTestProject\log\Document_00000000520B5B10.log created on 2021-02-10 at 11:13:26 AM
System Logging Level = 2
Creating default base document 00000000520B5B10
Creating new document 00000000520B5B10 from D:\Myeongjin\SensorTestProject\setup\Quadratec_FingerTPS.cfg
Parameter::load returned 12
Loading user settings from Quadratec_FingerTPS-set.txt...
Starting hardware creation process for 1 devices
CfgBufferSizes size = 1
Creating a new LiveBuffer with 10000 frames...Using protection size of 20...success.
Setting datalog interval of 25
Creating hardware of type D600...success.
Loading scales for Buffer 0 from Quadratec_FingerTPS-cal.txt...success with D:\Myeongjin\SensorTestProject\setup\Quadratec_FingerTPS-cal.txt
Adding new buffer to buffergroup.
Loading extraction lists from Quadratec_FingerTPS-ext.txt...error.
Loading 2D vertices from #12 1...success.
Loading Display file from Quadratec_FingerTPS-display.txt...success.
Building Virtual Array from DisplayList...done.
Building 2D Geometry...done.
Loading 3D vertices from ...error.
Using 2D vertex info for default 3D display
Creating new selection object...done.
Setting up calibrated ViewScale...done.
Finding maximum raw output...using 32767
Device is calibrated.
Setting up calibrated units...done.
Adding filters to incoming data buffers...
done.
Starting data acquisition...done.
Finished creating new Capture Document
Destroying Capture document 00000000520B5B10
Stopping all running hardware...done.
Log file D:\Myeongjin\SensorTestProject\log\Document_00000000520B5B10.log created on 2021-02-10 at 11:15:59 AM
System Logging Level = 2
Creating default base document 00000000520B5B10
Creating new document 00000000520B5B10 from D:\Myeongjin\SensorTestProject\setup\Quadratec_FingerTPS.cfg
Parameter::load returned 12
Loading user settings from Quadratec_FingerTPS-set.txt...
Starting hardware creation process for 1 devices
CfgBufferSizes size = 1
Creating a new LiveBuffer with 10000 frames...Using protection size of 20...success.
Setting datalog interval of 25
Creating hardware of type D600...success.
Loading scales for Buffer 0 from Quadratec_FingerTPS-cal.txt...success with D:\Myeongjin\SensorTestProject\setup\Quadratec_FingerTPS-cal.txt
Adding new buffer to buffergroup.
Loading extraction lists from Quadratec_FingerTPS-ext.txt...error.
Loading 2D vertices from #12 1...success.
Loading Display file from Quadratec_FingerTPS-display.txt...success.
Building Virtual Array from DisplayList...done.
Building 2D Geometry...done.
Loading 3D vertices from ...error.
Using 2D vertex info for default 3D display
Creating new selection object...done.
Setting up calibrated ViewScale...done.
Finding maximum raw output...using 32767
Device is calibrated.
Setting up calibrated units...done.
Adding filters to incoming data buffers...
done.
Starting data acquisition...done.
Finished creating new Capture Document
Destroying Capture document 00000000520B5B10
Stopping all running hardware...done.
Log file D:\Myeongjin\SensorTestProject\log\Document_00000000520B5B10.log created on 2021-02-10 at 11:25:34 AM
System Logging Level = 2
Creating default base document 00000000520B5B10
Creating new document 00000000520B5B10 from D:\Myeongjin\SensorTestProject\setup\Quadratec_FingerTPS.cfg
Parameter::load returned 12
Loading user settings from Quadratec_FingerTPS-set.txt...
Starting hardware creation process for 1 devices
CfgBufferSizes size = 1
Creating a new LiveBuffer with 10000 frames...Using protection size of 20...success.
Setting datalog interval of 25
Creating hardware of type D600...success.
Loading scales for Buffer 0 from Quadratec_FingerTPS-cal.txt...success with D:\Myeongjin\SensorTestProject\setup\Quadratec_FingerTPS-cal.txt
Adding new buffer to buffergroup.
Loading extraction lists from Quadratec_FingerTPS-ext.txt...error.
Loading 2D vertices from #12 1...success.
Loading Display file from Quadratec_FingerTPS-display.txt...success.
Building Virtual Array from DisplayList...done.
Building 2D Geometry...done.
Loading 3D vertices from ...error.
Using 2D vertex info for default 3D display
Creating new selection object...done.
Setting up calibrated ViewScale...done.
Finding maximum raw output...using 32767
Device is calibrated.
Setting up calibrated units...done.
Adding filters to incoming data buffers...
done.
Starting data acquisition...done.
Finished creating new Capture Document
Destroying Capture document 00000000520B5B10
Stopping all running hardware...done.
