Log file F:\Unity projects\SensorTestProject\log\Document_000000004D7CDAB0.log created on 2020-03-27 at 12:08:28 Creating default base document 000000004D7CDAB0
Creating new document 000000004D7CDAB0 from F:\Unity projects\SensorTestProject\setup\Quadratec_FingerTPS.cfg
Parameter::load returned 12
Loading user settings from Quadratec_FingerTPS-set.txt...
Starting hardware creation process for 1 devices
CfgBufferSizes size = 1
Creating a new LiveBuffer with 10000 frames...Using protection size of 20...success.
Setting datalog interval of 25
Creating hardware of type D600...success.
Loading scales for Buffer 0 from Quadratec_FingerTPS-cal.txt...success with F:\Unity projects\SensorTestProject\setup\Quadratec_FingerTPS-cal.txt
Adding new buffer to buffergroup.
Loading extraction lists from Quadratec_FingerTPS-ext.txt...error.
Loading 2D vertices from #12 1...success.
Loading Display file from Quadratec_FingerTPS-display.txt...success.
Building Virtual Array from DisplayList...done.
Building 2D Geometry...done.
Loading 3D vertices from ...error.
Using 2D vertex info for default 3D display
Creating new selection object...done.
Setting up calibrated ViewScale...done.
Finding maximum raw output...using 32767
Device is calibrated.
Setting up calibrated units...done.
Adding filters to incoming data buffers...
done.
Starting data acquisition...done.
Finished creating new Capture Document
Destroying Capture document 000000004D7CDAB0
Stopping all running hardware...done.
Log file F:\Unity projects\SensorTestProject\log\Document_000000004D7CDAB0.log created on 2020-03-27 at 03:51:20 Creating default base document 000000004D7CDAB0
Creating new document 000000004D7CDAB0 from F:\Unity projects\SensorTestProject\setup\Quadratec_FingerTPS.cfg
Parameter::load returned 12
Loading user settings from Quadratec_FingerTPS-set.txt...
Starting hardware creation process for 1 devices
CfgBufferSizes size = 1
Creating a new LiveBuffer with 10000 frames...Using protection size of 20...success.
Setting datalog interval of 25
Creating hardware of type D600...success.
Loading scales for Buffer 0 from Quadratec_FingerTPS-cal.txt...success with F:\Unity projects\SensorTestProject\setup\Quadratec_FingerTPS-cal.txt
Adding new buffer to buffergroup.
Loading extraction lists from Quadratec_FingerTPS-ext.txt...error.
Loading 2D vertices from #12 1...success.
Loading Display file from Quadratec_FingerTPS-display.txt...success.
Building Virtual Array from DisplayList...done.
Building 2D Geometry...done.
Loading 3D vertices from ...error.
Using 2D vertex info for default 3D display
Creating new selection object...done.
Setting up calibrated ViewScale...done.
Finding maximum raw output...using 32767
Device is calibrated.
Setting up calibrated units...done.
Adding filters to incoming data buffers...
done.
Starting data acquisition...done.
Finished creating new Capture Document
Destroying Capture document 000000004D7CDAB0
Stopping all running hardware...done.
Log file F:\Unity projects\SensorTestProject\log\Document_000000004D7CDAB0.log created on 2020-03-27 at 03:53:11 Creating default base document 000000004D7CDAB0
Creating new document 000000004D7CDAB0 from F:\Unity projects\SensorTestProject\setup\Quadratec_FingerTPS.cfg
Parameter::load returned 12
Loading user settings from Quadratec_FingerTPS-set.txt...
Starting hardware creation process for 1 devices
CfgBufferSizes size = 1
Creating a new LiveBuffer with 10000 frames...Using protection size of 20...success.
Setting datalog interval of 25
Creating hardware of type D600...success.
Loading scales for Buffer 0 from Quadratec_FingerTPS-cal.txt...success with F:\Unity projects\SensorTestProject\setup\Quadratec_FingerTPS-cal.txt
Adding new buffer to buffergroup.
Loading extraction lists from Quadratec_FingerTPS-ext.txt...error.
Loading 2D vertices from #12 1...success.
Loading Display file from Quadratec_FingerTPS-display.txt...success.
Building Virtual Array from DisplayList...done.
Building 2D Geometry...done.
Loading 3D vertices from ...error.
Using 2D vertex info for default 3D display
Creating new selection object...done.
Setting up calibrated ViewScale...done.
Finding maximum raw output...using 32767
Device is calibrated.
Setting up calibrated units...done.
Adding filters to incoming data buffers...
done.
Starting data acquisition...done.
Finished creating new Capture Document
Destroying Capture document 000000004D7CDAB0
Stopping all running hardware...done.
Log file F:\Unity projects\SensorTestProject\log\Document_000000004D7CDAB0.log created on 2020-03-27 at 05:04:40 Creating default base document 000000004D7CDAB0
Creating new document 000000004D7CDAB0 from F:\Unity projects\SensorTestProject\setup\Quadratec_FingerTPS.cfg
Parameter::load returned 12
Loading user settings from Quadratec_FingerTPS-set.txt...
Starting hardware creation process for 1 devices
CfgBufferSizes size = 1
Creating a new LiveBuffer with 10000 frames...Using protection size of 20...success.
Setting datalog interval of 25
Creating hardware of type D600...success.
Loading scales for Buffer 0 from Quadratec_FingerTPS-cal.txt...success with F:\Unity projects\SensorTestProject\setup\Quadratec_FingerTPS-cal.txt
Adding new buffer to buffergroup.
Loading extraction lists from Quadratec_FingerTPS-ext.txt...error.
Loading 2D vertices from #12 1...success.
Loading Display file from Quadratec_FingerTPS-display.txt...success.
Building Virtual Array from DisplayList...done.
Building 2D Geometry...done.
Loading 3D vertices from ...error.
Using 2D vertex info for default 3D display
Creating new selection object...done.
Setting up calibrated ViewScale...done.
Finding maximum raw output...using 32767
Device is calibrated.
Setting up calibrated units...done.
Adding filters to incoming data buffers...
done.
Starting data acquisition...done.
Finished creating new Capture Document
Destroying Capture document 000000004D7CDAB0
Stopping all running hardware...done.
Log file F:\Unity projects\SensorTestProject\log\Document_000000004D7CDAB0.log created on 2020-03-30 at 06:25:04 Creating default base document 000000004D7CDAB0
Creating new document 000000004D7CDAB0 from F:\Unity projects\SensorTestProject\setup\Quadratec_FingerTPS.cfg
Parameter::load returned 12
Loading user settings from Quadratec_FingerTPS-set.txt...
Starting hardware creation process for 1 devices
CfgBufferSizes size = 1
Creating a new LiveBuffer with 10000 frames...Using protection size of 20...success.
Setting datalog interval of 25
Creating hardware of type D600...success.
Loading scales for Buffer 0 from Quadratec_FingerTPS-cal.txt...success with F:\Unity projects\SensorTestProject\setup\Quadratec_FingerTPS-cal.txt
Adding new buffer to buffergroup.
Loading extraction lists from Quadratec_FingerTPS-ext.txt...error.
Loading 2D vertices from #12 1...success.
Loading Display file from Quadratec_FingerTPS-display.txt...success.
Building Virtual Array from DisplayList...done.
Building 2D Geometry...done.
Loading 3D vertices from ...error.
Using 2D vertex info for default 3D display
Creating new selection object...done.
Setting up calibrated ViewScale...done.
Finding maximum raw output...using 32767
Device is calibrated.
Setting up calibrated units...done.
Adding filters to incoming data buffers...
done.
Starting data acquisition...done.
Finished creating new Capture Document
Destroying Capture document 000000004D7CDAB0
Stopping all running hardware...done.
Log file F:\Unity projects\SensorTestProject\log\Document_000000004D7CDAB0.log created on 2020-03-30 at 06:26:08 Creating default base document 000000004D7CDAB0
Creating new document 000000004D7CDAB0 from F:\Unity projects\SensorTestProject\setup\Quadratec_FingerTPS.cfg
Parameter::load returned 12
Loading user settings from Quadratec_FingerTPS-set.txt...
Starting hardware creation process for 1 devices
CfgBufferSizes size = 1
Creating a new LiveBuffer with 10000 frames...Using protection size of 20...success.
Setting datalog interval of 25
Creating hardware of type D600...success.
Loading scales for Buffer 0 from Quadratec_FingerTPS-cal.txt...success with F:\Unity projects\SensorTestProject\setup\Quadratec_FingerTPS-cal.txt
Adding new buffer to buffergroup.
Loading extraction lists from Quadratec_FingerTPS-ext.txt...error.
Loading 2D vertices from #12 1...success.
Loading Display file from Quadratec_FingerTPS-display.txt...success.
Building Virtual Array from DisplayList...done.
Building 2D Geometry...done.
Loading 3D vertices from ...error.
Using 2D vertex info for default 3D display
Creating new selection object...done.
Setting up calibrated ViewScale...done.
Finding maximum raw output...using 32767
Device is calibrated.
Setting up calibrated units...done.
Adding filters to incoming data buffers...
done.
Starting data acquisition...done.
Finished creating new Capture Document
Destroying Capture document 000000004D7CDAB0
Stopping all running hardware...done.
Log file F:\Unity projects\SensorTestProject\log\Document_000000004D7CDAB0.log created on 2020-03-30 at 06:27:34 Creating default base document 000000004D7CDAB0
Creating new document 000000004D7CDAB0 from F:\Unity projects\SensorTestProject\setup\Quadratec_FingerTPS.cfg
Parameter::load returned 12
Loading user settings from Quadratec_FingerTPS-set.txt...
Starting hardware creation process for 1 devices
CfgBufferSizes size = 1
Creating a new LiveBuffer with 10000 frames...Using protection size of 20...success.
Setting datalog interval of 25
Creating hardware of type D600...success.
Loading scales for Buffer 0 from Quadratec_FingerTPS-cal.txt...success with F:\Unity projects\SensorTestProject\setup\Quadratec_FingerTPS-cal.txt
Adding new buffer to buffergroup.
Loading extraction lists from Quadratec_FingerTPS-ext.txt...error.
Loading 2D vertices from #12 1...success.
Loading Display file from Quadratec_FingerTPS-display.txt...success.
Building Virtual Array from DisplayList...done.
Building 2D Geometry...done.
Loading 3D vertices from ...error.
Using 2D vertex info for default 3D display
Creating new selection object...done.
Setting up calibrated ViewScale...done.
Finding maximum raw output...using 32767
Device is calibrated.
Setting up calibrated units...done.
Adding filters to incoming data buffers...
done.
Starting data acquisition...done.
Finished creating new Capture Document
Destroying Capture document 000000004D7CDAB0
Stopping all running hardware...done.
Log file F:\Unity projects\SensorTestProject\log\Document_000000004D7CDAB0.log created on 2020-03-30 at 06:38:11 Creating default base document 000000004D7CDAB0
Creating new document 000000004D7CDAB0 from F:\Unity projects\SensorTestProject\setup\Quadratec_FingerTPS.cfg
Parameter::load returned 12
Loading user settings from Quadratec_FingerTPS-set.txt...
Starting hardware creation process for 1 devices
CfgBufferSizes size = 1
Creating a new LiveBuffer with 10000 frames...Using protection size of 20...success.
Setting datalog interval of 25
Creating hardware of type D600...success.
Loading scales for Buffer 0 from Quadratec_FingerTPS-cal.txt...success with F:\Unity projects\SensorTestProject\setup\Quadratec_FingerTPS-cal.txt
Adding new buffer to buffergroup.
Loading extraction lists from Quadratec_FingerTPS-ext.txt...error.
Loading 2D vertices from #12 1...success.
Loading Display file from Quadratec_FingerTPS-display.txt...success.
Building Virtual Array from DisplayList...done.
Building 2D Geometry...done.
Loading 3D vertices from ...error.
Using 2D vertex info for default 3D display
Creating new selection object...done.
Setting up calibrated ViewScale...done.
Finding maximum raw output...using 32767
Device is calibrated.
Setting up calibrated units...done.
Adding filters to incoming data buffers...
done.
Starting data acquisition...done.
Finished creating new Capture Document
Destroying Capture document 000000004D7CDAB0
Stopping all running hardware...done.
Log file F:\Unity projects\SensorTestProject\log\Document_000000004D7CDAB0.log created on 2020-03-30 at 06:41:03 Creating default base document 000000004D7CDAB0
Creating new document 000000004D7CDAB0 from F:\Unity projects\SensorTestProject\setup\Quadratec_FingerTPS.cfg
Parameter::load returned 12
Loading user settings from Quadratec_FingerTPS-set.txt...
Starting hardware creation process for 1 devices
CfgBufferSizes size = 1
Creating a new LiveBuffer with 10000 frames...Using protection size of 20...success.
Setting datalog interval of 25
Creating hardware of type D600...success.
Loading scales for Buffer 0 from Quadratec_FingerTPS-cal.txt...success with F:\Unity projects\SensorTestProject\setup\Quadratec_FingerTPS-cal.txt
Adding new buffer to buffergroup.
Loading extraction lists from Quadratec_FingerTPS-ext.txt...error.
Loading 2D vertices from #12 1...success.
Loading Display file from Quadratec_FingerTPS-display.txt...success.
Building Virtual Array from DisplayList...done.
Building 2D Geometry...done.
Loading 3D vertices from ...error.
Using 2D vertex info for default 3D display
Creating new selection object...done.
Setting up calibrated ViewScale...done.
Finding maximum raw output...using 32767
Device is calibrated.
Setting up calibrated units...done.
Adding filters to incoming data buffers...
done.
Starting data acquisition...done.
Finished creating new Capture Document
Destroying Capture document 000000004D7CDAB0
Stopping all running hardware...done.
Log file F:\Unity projects\SensorTestProject\log\Document_000000004D7CDAB0.log created on 2020-03-30 at 06:45:13 Creating default base document 000000004D7CDAB0
Creating new document 000000004D7CDAB0 from F:\Unity projects\SensorTestProject\setup\Quadratec_FingerTPS.cfg
Parameter::load returned 12
Loading user settings from Quadratec_FingerTPS-set.txt...
Starting hardware creation process for 1 devices
CfgBufferSizes size = 1
Creating a new LiveBuffer with 10000 frames...Using protection size of 20...success.
Setting datalog interval of 25
Creating hardware of type D600...success.
Loading scales for Buffer 0 from Quadratec_FingerTPS-cal.txt...success with F:\Unity projects\SensorTestProject\setup\Quadratec_FingerTPS-cal.txt
Adding new buffer to buffergroup.
Loading extraction lists from Quadratec_FingerTPS-ext.txt...error.
Loading 2D vertices from #12 1...success.
Loading Display file from Quadratec_FingerTPS-display.txt...success.
Building Virtual Array from DisplayList...done.
Building 2D Geometry...done.
Loading 3D vertices from ...error.
Using 2D vertex info for default 3D display
Creating new selection object...done.
Setting up calibrated ViewScale...done.
Finding maximum raw output...using 32767
Device is calibrated.
Setting up calibrated units...done.
Adding filters to incoming data buffers...
done.
Starting data acquisition...done.
Finished creating new Capture Document
Destroying Capture document 000000004D7CDAB0
Stopping all running hardware...done.
Log file F:\Unity projects\SensorTestProject\log\Document_000000004D7CDAB0.log created on 2020-03-30 at 06:54:04 Creating default base document 000000004D7CDAB0
Creating new document 000000004D7CDAB0 from F:\Unity projects\SensorTestProject\setup\Quadratec_FingerTPS.cfg
Parameter::load returned 12
Loading user settings from Quadratec_FingerTPS-set.txt...
Starting hardware creation process for 1 devices
CfgBufferSizes size = 1
Creating a new LiveBuffer with 10000 frames...Using protection size of 20...success.
Setting datalog interval of 25
Creating hardware of type D600...success.
Loading scales for Buffer 0 from Quadratec_FingerTPS-cal.txt...success with F:\Unity projects\SensorTestProject\setup\Quadratec_FingerTPS-cal.txt
Adding new buffer to buffergroup.
Loading extraction lists from Quadratec_FingerTPS-ext.txt...error.
Loading 2D vertices from #12 1...success.
Loading Display file from Quadratec_FingerTPS-display.txt...success.
Building Virtual Array from DisplayList...done.
Building 2D Geometry...done.
Loading 3D vertices from ...error.
Using 2D vertex info for default 3D display
Creating new selection object...done.
Setting up calibrated ViewScale...done.
Finding maximum raw output...using 32767
Device is calibrated.
Setting up calibrated units...done.
Adding filters to incoming data buffers...
done.
Starting data acquisition...done.
Finished creating new Capture Document
Destroying Capture document 000000004D7CDAB0
Stopping all running hardware...done.
Log file F:\Unity projects\SensorTestProject\log\Document_000000004D7CDAB0.log created on 2020-03-30 at 06:57:42 Creating default base document 000000004D7CDAB0
Creating new document 000000004D7CDAB0 from F:\Unity projects\SensorTestProject\setup\Quadratec_FingerTPS.cfg
Parameter::load returned 12
Loading user settings from Quadratec_FingerTPS-set.txt...
Starting hardware creation process for 1 devices
CfgBufferSizes size = 1
Creating a new LiveBuffer with 10000 frames...Using protection size of 20...success.
Setting datalog interval of 25
Creating hardware of type D600...success.
Loading scales for Buffer 0 from Quadratec_FingerTPS-cal.txt...success with F:\Unity projects\SensorTestProject\setup\Quadratec_FingerTPS-cal.txt
Adding new buffer to buffergroup.
Loading extraction lists from Quadratec_FingerTPS-ext.txt...error.
Loading 2D vertices from #12 1...success.
Loading Display file from Quadratec_FingerTPS-display.txt...success.
Building Virtual Array from DisplayList...done.
Building 2D Geometry...done.
Loading 3D vertices from ...error.
Using 2D vertex info for default 3D display
Creating new selection object...done.
Setting up calibrated ViewScale...done.
Finding maximum raw output...using 32767
Device is calibrated.
Setting up calibrated units...done.
Adding filters to incoming data buffers...
done.
Starting data acquisition...done.
Finished creating new Capture Document
Destroying Capture document 000000004D7CDAB0
Stopping all running hardware...done.
Log file F:\Unity projects\SensorTestProject\log\Document_000000004D7CDAB0.log created on 2020-03-30 at 07:00:01 Creating default base document 000000004D7CDAB0
Creating new document 000000004D7CDAB0 from F:\Unity projects\SensorTestProject\setup\Quadratec_FingerTPS.cfg
Parameter::load returned 12
Loading user settings from Quadratec_FingerTPS-set.txt...
Starting hardware creation process for 1 devices
CfgBufferSizes size = 1
Creating a new LiveBuffer with 10000 frames...Using protection size of 20...success.
Setting datalog interval of 25
Creating hardware of type D600...success.
Loading scales for Buffer 0 from Quadratec_FingerTPS-cal.txt...success with F:\Unity projects\SensorTestProject\setup\Quadratec_FingerTPS-cal.txt
Adding new buffer to buffergroup.
Loading extraction lists from Quadratec_FingerTPS-ext.txt...error.
Loading 2D vertices from #12 1...success.
Loading Display file from Quadratec_FingerTPS-display.txt...success.
Building Virtual Array from DisplayList...done.
Building 2D Geometry...done.
Loading 3D vertices from ...error.
Using 2D vertex info for default 3D display
Creating new selection object...done.
Setting up calibrated ViewScale...done.
Finding maximum raw output...using 32767
Device is calibrated.
Setting up calibrated units...done.
Adding filters to incoming data buffers...
done.
Starting data acquisition...done.
Finished creating new Capture Document
Destroying Capture document 000000004D7CDAB0
Stopping all running hardware...done.
Log file F:\Unity projects\SensorTestProject\log\Document_000000004D7CDAB0.log created on 2020-03-30 at 07:06:48 Creating default base document 000000004D7CDAB0
Creating new document 000000004D7CDAB0 from F:\Unity projects\SensorTestProject\setup\Quadratec_FingerTPS.cfg
Parameter::load returned 12
Loading user settings from Quadratec_FingerTPS-set.txt...
Starting hardware creation process for 1 devices
CfgBufferSizes size = 1
Creating a new LiveBuffer with 10000 frames...Using protection size of 20...success.
Setting datalog interval of 25
Creating hardware of type D600...success.
Loading scales for Buffer 0 from Quadratec_FingerTPS-cal.txt...success with F:\Unity projects\SensorTestProject\setup\Quadratec_FingerTPS-cal.txt
Adding new buffer to buffergroup.
Loading extraction lists from Quadratec_FingerTPS-ext.txt...error.
Loading 2D vertices from #12 1...success.
Loading Display file from Quadratec_FingerTPS-display.txt...success.
Building Virtual Array from DisplayList...done.
Building 2D Geometry...done.
Loading 3D vertices from ...error.
Using 2D vertex info for default 3D display
Creating new selection object...done.
Setting up calibrated ViewScale...done.
Finding maximum raw output...using 32767
Device is calibrated.
Setting up calibrated units...done.
Adding filters to incoming data buffers...
done.
Starting data acquisition...done.
Finished creating new Capture Document
Destroying Capture document 000000004D7CDAB0
Stopping all running hardware...done.
Log file F:\Unity projects\SensorTestProject\log\Document_000000004D7CDAB0.log created on 2020-03-30 at 07:10:35 Creating default base document 000000004D7CDAB0
Creating new document 000000004D7CDAB0 from F:\Unity projects\SensorTestProject\setup\Quadratec_FingerTPS.cfg
Parameter::load returned 12
Loading user settings from Quadratec_FingerTPS-set.txt...
Starting hardware creation process for 1 devices
CfgBufferSizes size = 1
Creating a new LiveBuffer with 10000 frames...Using protection size of 20...success.
Setting datalog interval of 25
Creating hardware of type D600...success.
Loading scales for Buffer 0 from Quadratec_FingerTPS-cal.txt...success with F:\Unity projects\SensorTestProject\setup\Quadratec_FingerTPS-cal.txt
Adding new buffer to buffergroup.
Loading extraction lists from Quadratec_FingerTPS-ext.txt...error.
Loading 2D vertices from #12 1...success.
Loading Display file from Quadratec_FingerTPS-display.txt...success.
Building Virtual Array from DisplayList...done.
Building 2D Geometry...done.
Loading 3D vertices from ...error.
Using 2D vertex info for default 3D display
Creating new selection object...done.
Setting up calibrated ViewScale...done.
Finding maximum raw output...using 32767
Device is calibrated.
Setting up calibrated units...done.
Adding filters to incoming data buffers...
done.
Starting data acquisition...done.
Finished creating new Capture Document
Destroying Capture document 000000004D7CDAB0
Stopping all running hardware...done.
Log file F:\Unity projects\SensorTestProject\log\Document_000000004D7CDAB0.log created on 2020-03-30 at 07:16:28 Creating default base document 000000004D7CDAB0
Creating new document 000000004D7CDAB0 from F:\Unity projects\SensorTestProject\setup\Quadratec_FingerTPS.cfg
Parameter::load returned 12
Loading user settings from Quadratec_FingerTPS-set.txt...
Starting hardware creation process for 1 devices
CfgBufferSizes size = 1
Creating a new LiveBuffer with 10000 frames...Using protection size of 20...success.
Setting datalog interval of 25
Creating hardware of type D600...success.
Loading scales for Buffer 0 from Quadratec_FingerTPS-cal.txt...success with F:\Unity projects\SensorTestProject\setup\Quadratec_FingerTPS-cal.txt
Adding new buffer to buffergroup.
Loading extraction lists from Quadratec_FingerTPS-ext.txt...error.
Loading 2D vertices from #12 1...success.
Loading Display file from Quadratec_FingerTPS-display.txt...success.
Building Virtual Array from DisplayList...done.
Building 2D Geometry...done.
Loading 3D vertices from ...error.
Using 2D vertex info for default 3D display
Creating new selection object...done.
Setting up calibrated ViewScale...done.
Finding maximum raw output...using 32767
Device is calibrated.
Setting up calibrated units...done.
Adding filters to incoming data buffers...
done.
Starting data acquisition...done.
Finished creating new Capture Document
Destroying Capture document 000000004D7CDAB0
Stopping all running hardware...done.
Log file F:\Unity projects\SensorTestProject\log\Document_000000004D7CDAB0.log created on 2020-03-30 at 07:18:51 Creating default base document 000000004D7CDAB0
Creating new document 000000004D7CDAB0 from F:\Unity projects\SensorTestProject\setup\Quadratec_FingerTPS.cfg
Parameter::load returned 12
Loading user settings from Quadratec_FingerTPS-set.txt...
Starting hardware creation process for 1 devices
CfgBufferSizes size = 1
Creating a new LiveBuffer with 10000 frames...Using protection size of 20...success.
Setting datalog interval of 25
Creating hardware of type D600...success.
Loading scales for Buffer 0 from Quadratec_FingerTPS-cal.txt...success with F:\Unity projects\SensorTestProject\setup\Quadratec_FingerTPS-cal.txt
Adding new buffer to buffergroup.
Loading extraction lists from Quadratec_FingerTPS-ext.txt...error.
Loading 2D vertices from #12 1...success.
Loading Display file from Quadratec_FingerTPS-display.txt...success.
Building Virtual Array from DisplayList...done.
Building 2D Geometry...done.
Loading 3D vertices from ...error.
Using 2D vertex info for default 3D display
Creating new selection object...done.
Setting up calibrated ViewScale...done.
Finding maximum raw output...using 32767
Device is calibrated.
Setting up calibrated units...done.
Adding filters to incoming data buffers...
done.
Starting data acquisition...done.
Finished creating new Capture Document
Destroying Capture document 000000004D7CDAB0
Stopping all running hardware...done.
Log file F:\Unity projects\SensorTestProject\log\Document_000000004D7CDAB0.log created on 2020-03-30 at 07:20:48 Creating default base document 000000004D7CDAB0
Creating new document 000000004D7CDAB0 from F:\Unity projects\SensorTestProject\setup\Quadratec_FingerTPS.cfg
Parameter::load returned 12
Loading user settings from Quadratec_FingerTPS-set.txt...
Starting hardware creation process for 1 devices
CfgBufferSizes size = 1
Creating a new LiveBuffer with 10000 frames...Using protection size of 20...success.
Setting datalog interval of 25
Creating hardware of type D600...success.
Loading scales for Buffer 0 from Quadratec_FingerTPS-cal.txt...success with F:\Unity projects\SensorTestProject\setup\Quadratec_FingerTPS-cal.txt
Adding new buffer to buffergroup.
Loading extraction lists from Quadratec_FingerTPS-ext.txt...error.
Loading 2D vertices from #12 1...success.
Loading Display file from Quadratec_FingerTPS-display.txt...success.
Building Virtual Array from DisplayList...done.
Building 2D Geometry...done.
Loading 3D vertices from ...error.
Using 2D vertex info for default 3D display
Creating new selection object...done.
Setting up calibrated ViewScale...done.
Finding maximum raw output...using 32767
Device is calibrated.
Setting up calibrated units...done.
Adding filters to incoming data buffers...
done.
Starting data acquisition...done.
Finished creating new Capture Document
Destroying Capture document 000000004D7CDAB0
Stopping all running hardware...done.
Log file F:\Unity projects\SensorTestProject\log\Document_000000004D7CDAB0.log created on 2020-03-30 at 07:27:18 Creating default base document 000000004D7CDAB0
Creating new document 000000004D7CDAB0 from F:\Unity projects\SensorTestProject\setup\Quadratec_FingerTPS.cfg
Parameter::load returned 12
Loading user settings from Quadratec_FingerTPS-set.txt...
Starting hardware creation process for 1 devices
CfgBufferSizes size = 1
Creating a new LiveBuffer with 10000 frames...Using protection size of 20...success.
Setting datalog interval of 25
Creating hardware of type D600...success.
Loading scales for Buffer 0 from Quadratec_FingerTPS-cal.txt...success with F:\Unity projects\SensorTestProject\setup\Quadratec_FingerTPS-cal.txt
Adding new buffer to buffergroup.
Loading extraction lists from Quadratec_FingerTPS-ext.txt...error.
Loading 2D vertices from #12 1...success.
Loading Display file from Quadratec_FingerTPS-display.txt...success.
Building Virtual Array from DisplayList...done.
Building 2D Geometry...done.
Loading 3D vertices from ...error.
Using 2D vertex info for default 3D display
Creating new selection object...done.
Setting up calibrated ViewScale...done.
Finding maximum raw output...using 32767
Device is calibrated.
Setting up calibrated units...done.
Adding filters to incoming data buffers...
done.
Starting data acquisition...done.
Finished creating new Capture Document
Destroying Capture document 000000004D7CDAB0
Stopping all running hardware...done.
Log file F:\Unity projects\SensorTestProject\log\Document_000000004D7CDAB0.log created on 2020-03-30 at 07:30:05 Creating default base document 000000004D7CDAB0
Creating new document 000000004D7CDAB0 from F:\Unity projects\SensorTestProject\setup\Quadratec_FingerTPS.cfg
Parameter::load returned 12
Loading user settings from Quadratec_FingerTPS-set.txt...
Starting hardware creation process for 1 devices
CfgBufferSizes size = 1
Creating a new LiveBuffer with 10000 frames...Using protection size of 20...success.
Setting datalog interval of 25
Creating hardware of type D600...success.
Loading scales for Buffer 0 from Quadratec_FingerTPS-cal.txt...success with F:\Unity projects\SensorTestProject\setup\Quadratec_FingerTPS-cal.txt
Adding new buffer to buffergroup.
Loading extraction lists from Quadratec_FingerTPS-ext.txt...error.
Loading 2D vertices from #12 1...success.
Loading Display file from Quadratec_FingerTPS-display.txt...success.
Building Virtual Array from DisplayList...done.
Building 2D Geometry...done.
Loading 3D vertices from ...error.
Using 2D vertex info for default 3D display
Creating new selection object...done.
Setting up calibrated ViewScale...done.
Finding maximum raw output...using 32767
Device is calibrated.
Setting up calibrated units...done.
Adding filters to incoming data buffers...
done.
Starting data acquisition...done.
Finished creating new Capture Document
Destroying Capture document 000000004D7CDAB0
Stopping all running hardware...done.
Log file F:\Unity projects\SensorTestProject\log\Document_000000004D7CDAB0.log created on 2020-03-30 at 07:31:38 Creating default base document 000000004D7CDAB0
Creating new document 000000004D7CDAB0 from F:\Unity projects\SensorTestProject\setup\Quadratec_FingerTPS.cfg
Parameter::load returned 12
Loading user settings from Quadratec_FingerTPS-set.txt...
Starting hardware creation process for 1 devices
CfgBufferSizes size = 1
Creating a new LiveBuffer with 10000 frames...Using protection size of 20...success.
Setting datalog interval of 25
Creating hardware of type D600...success.
Loading scales for Buffer 0 from Quadratec_FingerTPS-cal.txt...success with F:\Unity projects\SensorTestProject\setup\Quadratec_FingerTPS-cal.txt
Adding new buffer to buffergroup.
Loading extraction lists from Quadratec_FingerTPS-ext.txt...error.
Loading 2D vertices from #12 1...success.
Loading Display file from Quadratec_FingerTPS-display.txt...success.
Building Virtual Array from DisplayList...done.
Building 2D Geometry...done.
Loading 3D vertices from ...error.
Using 2D vertex info for default 3D display
Creating new selection object...done.
Setting up calibrated ViewScale...done.
Finding maximum raw output...using 32767
Device is calibrated.
Setting up calibrated units...done.
Adding filters to incoming data buffers...
done.
Starting data acquisition...done.
Finished creating new Capture Document
Destroying Capture document 000000004D7CDAB0
Stopping all running hardware...done.
