Log file D:\Myeongjin\projects\SensorTestProject\log\Document_000000003925B5B0.log created on 2020-03-03 at 04:30:08 PM
System Logging Level = 2
Creating default base document 000000003925B5B0
Creating new document 000000003925B5B0 from D:\Myeongjin\projects\SensorTestProject\setup\Quadratec_FingerTPS.cfg
Parameter::load returned 12
Loading user settings from Quadratec_FingerTPS-set.txt...
Starting hardware creation process for 1 devices
CfgBufferSizes size = 1
Creating a new LiveBuffer with 10000 frames...Using protection size of 20...success.
Setting datalog interval of 0
Creating hardware of type D600...success.
Loading scales for Buffer 0 from Quadratec_FingerTPS-cal.txt...success with D:\Myeongjin\projects\SensorTestProject\setup\Quadratec_FingerTPS-cal.txt
Adding new buffer to buffergroup.
Loading extraction lists from Quadratec_FingerTPS-ext.txt...error.
Loading 2D vertices from #12 1...success.
Loading Display file from Quadratec_FingerTPS-display.txt...success.
Building Virtual Array from DisplayList...done.
Building 2D Geometry...done.
Loading 3D vertices from ...error.
Using 2D vertex info for default 3D display
Creating new selection object...done.
Setting up calibrated ViewScale...done.
Finding maximum raw output...using 32767
Device is calibrated.
Setting up calibrated units...done.
Adding filters to incoming data buffers...
done.
Starting data acquisition...done.
Finished creating new Capture Document
Destroying Capture document 000000003925B5B0
Stopping all running hardware...done.
Log file D:\Myeongjin\projects\SensorTestProject\log\Document_000000003925B5B0.log created on 2020-03-03 at 04:31:13 PM
System Logging Level = 2
Creating default base document 000000003925B5B0
Creating new document 000000003925B5B0 from D:\Myeongjin\projects\SensorTestProject\setup\Quadratec_FingerTPS.cfg
File not found.
Log file D:\Myeongjin\projects\SensorTestProject\log\Document_000000003925B5B0.log created on 2020-03-03 at 04:32:07 PM
System Logging Level = 2
Creating default base document 000000003925B5B0
Creating new document 000000003925B5B0 from D:\Myeongjin\projects\SensorTestProject\setup\Quadratec_FingerTPS.cfg
File not found.
Log file D:\Myeongjin\projects\SensorTestProject\log\Document_000000003925B5B0.log created on 2020-03-03 at 04:33:23 PM
System Logging Level = 2
Creating default base document 000000003925B5B0
Creating new document 000000003925B5B0 from D:\Myeongjin\projects\SensorTestProject\setup\Quadratec_FingerTPS.cfg
Parameter::load returned 12
Loading user settings from Quadratec_FingerTPS-set.txt...
Starting hardware creation process for 1 devices
CfgBufferSizes size = 1
Creating a new LiveBuffer with 10000 frames...Using protection size of 20...success.
Setting datalog interval of 25
Creating hardware of type D600...success.
Loading scales for Buffer 0 from Quadratec_FingerTPS-cal.txt...success with D:\Myeongjin\projects\SensorTestProject\setup\Quadratec_FingerTPS-cal.txt
Adding new buffer to buffergroup.
Loading extraction lists from Quadratec_FingerTPS-ext.txt...error.
Loading 2D vertices from #12 1...success.
Loading Display file from Quadratec_FingerTPS-display.txt...success.
Building Virtual Array from DisplayList...done.
Building 2D Geometry...done.
Loading 3D vertices from ...error.
Using 2D vertex info for default 3D display
Creating new selection object...done.
Setting up calibrated ViewScale...done.
Finding maximum raw output...using 32767
Device is calibrated.
Setting up calibrated units...done.
Adding filters to incoming data buffers...
done.
Starting data acquisition...done.
Finished creating new Capture Document
Destroying Capture document 000000003925B5B0
Stopping all running hardware...done.
Log file D:\Myeongjin\projects\SensorTestProject\log\Document_000000003925B5B0.log created on 2020-03-03 at 04:34:52 PM
System Logging Level = 2
Creating default base document 000000003925B5B0
Creating new document 000000003925B5B0 from D:\Myeongjin\projects\SensorTestProject\setup\Quadratec_FingerTPS.cfg
Parameter::load returned 12
Loading user settings from Quadratec_FingerTPS-set.txt...
Starting hardware creation process for 1 devices
CfgBufferSizes size = 1
Creating a new LiveBuffer with 10000 frames...Using protection size of 20...success.
Setting datalog interval of 25
Creating hardware of type D600...success.
Loading scales for Buffer 0 from Quadratec_FingerTPS-cal.txt...success with D:\Myeongjin\projects\SensorTestProject\setup\Quadratec_FingerTPS-cal.txt
Adding new buffer to buffergroup.
Loading extraction lists from Quadratec_FingerTPS-ext.txt...error.
Loading 2D vertices from #12 1...success.
Loading Display file from Quadratec_FingerTPS-display.txt...success.
Building Virtual Array from DisplayList...done.
Building 2D Geometry...done.
Loading 3D vertices from ...error.
Using 2D vertex info for default 3D display
Creating new selection object...done.
Setting up calibrated ViewScale...done.
Finding maximum raw output...using 32767
Device is calibrated.
Setting up calibrated units...done.
Adding filters to incoming data buffers...
done.
Starting data acquisition...done.
Finished creating new Capture Document
Destroying Capture document 000000003925B5B0
Stopping all running hardware...done.
Log file D:\Myeongjin\projects\SensorTestProject\log\Document_000000003925B5B0.log created on 2020-03-03 at 04:35:48 PM
System Logging Level = 2
Creating default base document 000000003925B5B0
Creating new document 000000003925B5B0 from D:\Myeongjin\projects\SensorTestProject\setup\Quadratec_FingerTPS.cfg
Parameter::load returned 12
Loading user settings from Quadratec_FingerTPS-set.txt...
Starting hardware creation process for 1 devices
CfgBufferSizes size = 1
Creating a new LiveBuffer with 10000 frames...Using protection size of 20...success.
Setting datalog interval of 25
Creating hardware of type D600...success.
Loading scales for Buffer 0 from Quadratec_FingerTPS-cal.txt...success with D:\Myeongjin\projects\SensorTestProject\setup\Quadratec_FingerTPS-cal.txt
Adding new buffer to buffergroup.
Loading extraction lists from Quadratec_FingerTPS-ext.txt...error.
Loading 2D vertices from #12 1...success.
Loading Display file from Quadratec_FingerTPS-display.txt...success.
Building Virtual Array from DisplayList...done.
Building 2D Geometry...done.
Loading 3D vertices from ...error.
Using 2D vertex info for default 3D display
Creating new selection object...done.
Setting up calibrated ViewScale...done.
Finding maximum raw output...using 32767
Device is calibrated.
Setting up calibrated units...done.
Adding filters to incoming data buffers...
done.
Starting data acquisition...done.
Finished creating new Capture Document
Destroying Capture document 000000003925B5B0
Stopping all running hardware...done.
Log file D:\Myeongjin\projects\SensorTestProject\log\Document_000000003925B5B0.log created on 2020-03-03 at 04:36:44 PM
System Logging Level = 2
Creating default base document 000000003925B5B0
Creating new document 000000003925B5B0 from D:\Myeongjin\projects\SensorTestProject\setup\Quadratec_FingerTPS.cfg
Parameter::load returned 12
Loading user settings from Quadratec_FingerTPS-set.txt...
Starting hardware creation process for 1 devices
CfgBufferSizes size = 1
Creating a new LiveBuffer with 10000 frames...Using protection size of 20...success.
Setting datalog interval of 25
Creating hardware of type D600...success.
Loading scales for Buffer 0 from Quadratec_FingerTPS-cal.txt...success with D:\Myeongjin\projects\SensorTestProject\setup\Quadratec_FingerTPS-cal.txt
Adding new buffer to buffergroup.
Loading extraction lists from Quadratec_FingerTPS-ext.txt...error.
Loading 2D vertices from #12 1...success.
Loading Display file from Quadratec_FingerTPS-display.txt...success.
Building Virtual Array from DisplayList...done.
Building 2D Geometry...done.
Loading 3D vertices from ...error.
Using 2D vertex info for default 3D display
Creating new selection object...done.
Setting up calibrated ViewScale...done.
Finding maximum raw output...using 32767
Device is calibrated.
Setting up calibrated units...done.
Adding filters to incoming data buffers...
done.
Starting data acquisition...done.
Finished creating new Capture Document
Destroying Capture document 000000003925B5B0
Stopping all running hardware...done.
Log file D:\Myeongjin\projects\SensorTestProject\log\Document_000000003925B5B0.log created on 2020-03-03 at 04:37:31 PM
System Logging Level = 2
Creating default base document 000000003925B5B0
Creating new document 000000003925B5B0 from D:\Myeongjin\projects\SensorTestProject\setup\Quadratec_FingerTPS.cfg
Parameter::load returned 12
Loading user settings from Quadratec_FingerTPS-set.txt...
Starting hardware creation process for 1 devices
CfgBufferSizes size = 1
Creating a new LiveBuffer with 10000 frames...Using protection size of 20...success.
Setting datalog interval of 25
Creating hardware of type D600...success.
Loading scales for Buffer 0 from Quadratec_FingerTPS-cal.txt...success with D:\Myeongjin\projects\SensorTestProject\setup\Quadratec_FingerTPS-cal.txt
Adding new buffer to buffergroup.
Loading extraction lists from Quadratec_FingerTPS-ext.txt...error.
Loading 2D vertices from #12 1...success.
Loading Display file from Quadratec_FingerTPS-display.txt...success.
Building Virtual Array from DisplayList...done.
Building 2D Geometry...done.
Loading 3D vertices from ...error.
Using 2D vertex info for default 3D display
Creating new selection object...done.
Setting up calibrated ViewScale...done.
Finding maximum raw output...using 32767
Device is calibrated.
Setting up calibrated units...done.
Adding filters to incoming data buffers...
done.
Starting data acquisition...done.
Finished creating new Capture Document
Destroying Capture document 000000003925B5B0
Stopping all running hardware...done.
Log file D:\Myeongjin\projects\SensorTestProject\log\Document_000000003925B5B0.log created on 2020-03-03 at 04:39:35 PM
System Logging Level = 2
Creating default base document 000000003925B5B0
Creating new document 000000003925B5B0 from D:\Myeongjin\projects\SensorTestProject\setup\Quadratec_FingerTPS.cfg
Parameter::load returned 12
Loading user settings from Quadratec_FingerTPS-set.txt...
Starting hardware creation process for 1 devices
CfgBufferSizes size = 1
Creating a new LiveBuffer with 10000 frames...Using protection size of 20...success.
Setting datalog interval of 25
Creating hardware of type D600...success.
Loading scales for Buffer 0 from Quadratec_FingerTPS-cal.txt...success with D:\Myeongjin\projects\SensorTestProject\setup\Quadratec_FingerTPS-cal.txt
Adding new buffer to buffergroup.
Loading extraction lists from Quadratec_FingerTPS-ext.txt...error.
Loading 2D vertices from #12 1...success.
Loading Display file from Quadratec_FingerTPS-display.txt...success.
Building Virtual Array from DisplayList...done.
Building 2D Geometry...done.
Loading 3D vertices from ...error.
Using 2D vertex info for default 3D display
Creating new selection object...done.
Setting up calibrated ViewScale...done.
Finding maximum raw output...using 32767
Device is calibrated.
Setting up calibrated units...done.
Adding filters to incoming data buffers...
done.
Starting data acquisition...done.
Finished creating new Capture Document
Destroying Capture document 000000003925B5B0
Stopping all running hardware...done.
Log file D:\Myeongjin\projects\SensorTestProject\log\Document_000000003925B5B0.log created on 2020-03-03 at 04:52:21 PM
System Logging Level = 2
Creating default base document 000000003925B5B0
Creating new document 000000003925B5B0 from D:\Myeongjin\projects\SensorTestProject\setup\Quadratec_FingerTPS.cfg
Parameter::load returned 12
Loading user settings from Quadratec_FingerTPS-set.txt...
Starting hardware creation process for 1 devices
CfgBufferSizes size = 1
Creating a new LiveBuffer with 10000 frames...Using protection size of 20...success.
Setting datalog interval of 25
Creating hardware of type D600...success.
Loading scales for Buffer 0 from Quadratec_FingerTPS-cal.txt...success with D:\Myeongjin\projects\SensorTestProject\setup\Quadratec_FingerTPS-cal.txt
Adding new buffer to buffergroup.
Loading extraction lists from Quadratec_FingerTPS-ext.txt...error.
Loading 2D vertices from #12 1...success.
Loading Display file from Quadratec_FingerTPS-display.txt...success.
Building Virtual Array from DisplayList...done.
Building 2D Geometry...done.
Loading 3D vertices from ...error.
Using 2D vertex info for default 3D display
Creating new selection object...done.
Setting up calibrated ViewScale...done.
Finding maximum raw output...using 32767
Device is calibrated.
Setting up calibrated units...done.
Adding filters to incoming data buffers...
done.
Starting data acquisition...done.
Finished creating new Capture Document
Destroying Capture document 000000003925B5B0
Stopping all running hardware...done.
Log file D:\Myeongjin\projects\SensorTestProject\log\Document_000000003925B5B0.log created on 2020-03-03 at 04:54:37 PM
System Logging Level = 2
Creating default base document 000000003925B5B0
Creating new document 000000003925B5B0 from D:\Myeongjin\projects\SensorTestProject\setup\Quadratec_FingerTPS.cfg
Parameter::load returned 12
Loading user settings from Quadratec_FingerTPS-set.txt...
Starting hardware creation process for 1 devices
CfgBufferSizes size = 1
Creating a new LiveBuffer with 10000 frames...Using protection size of 20...success.
Setting datalog interval of 25
Creating hardware of type D600...success.
Loading scales for Buffer 0 from Quadratec_FingerTPS-cal.txt...success with D:\Myeongjin\projects\SensorTestProject\setup\Quadratec_FingerTPS-cal.txt
Adding new buffer to buffergroup.
Loading extraction lists from Quadratec_FingerTPS-ext.txt...error.
Loading 2D vertices from #12 1...success.
Loading Display file from Quadratec_FingerTPS-display.txt...success.
Building Virtual Array from DisplayList...done.
Building 2D Geometry...done.
Loading 3D vertices from ...error.
Using 2D vertex info for default 3D display
Creating new selection object...done.
Setting up calibrated ViewScale...done.
Finding maximum raw output...using 32767
Device is calibrated.
Setting up calibrated units...done.
Adding filters to incoming data buffers...
done.
Starting data acquisition...done.
Finished creating new Capture Document
Destroying Capture document 000000003925B5B0
Stopping all running hardware...done.
Log file D:\Myeongjin\projects\SensorTestProject\log\Document_000000003925B5B0.log created on 2020-03-04 at 10:23:57 AM
System Logging Level = 2
Creating default base document 000000003925B5B0
Creating new document 000000003925B5B0 from D:\Myeongjin\projects\SensorTestProject\setup\Quadratec_FingerTPS.cfg
Parameter::load returned 12
Loading user settings from Quadratec_FingerTPS-set.txt...
Starting hardware creation process for 1 devices
CfgBufferSizes size = 1
Creating a new LiveBuffer with 10000 frames...Using protection size of 20...success.
Setting datalog interval of 25
Creating hardware of type D600...success.
Loading scales for Buffer 0 from Quadratec_FingerTPS-cal.txt...success with D:\Myeongjin\projects\SensorTestProject\setup\Quadratec_FingerTPS-cal.txt
Adding new buffer to buffergroup.
Loading extraction lists from Quadratec_FingerTPS-ext.txt...error.
Loading 2D vertices from #12 1...success.
Loading Display file from Quadratec_FingerTPS-display.txt...success.
Building Virtual Array from DisplayList...done.
Building 2D Geometry...done.
Loading 3D vertices from ...error.
Using 2D vertex info for default 3D display
Creating new selection object...done.
Setting up calibrated ViewScale...done.
Finding maximum raw output...using 32767
Device is calibrated.
Setting up calibrated units...done.
Adding filters to incoming data buffers...
done.
Starting data acquisition...done.
Finished creating new Capture Document
Destroying Capture document 000000003925B5B0
Stopping all running hardware...done.
