Log file D:\Myeongjin\SensorTestProject\log\Document_00000163853CE940.log created on 2021-06-24 at 01:03:17 PM
System Logging Level = 2
Creating default base document 00000163853CE940
Creating new document 00000163853CE940 from D:\Myeongjin\SensorTestProject\setup\
File not found.
Log file D:\Myeongjin\SensorTestProject\log\Document_00000163853CE940.log created on 2021-06-24 at 01:45:10 PM
System Logging Level = 2
Creating default base document 00000163853CE940
Creating new document 00000163853CE940 from D:\Myeongjin\SensorTestProject\setup\
File not found.
Log file D:\Myeongjin\SensorTestProject\log\Document_00000163853CE940.log created on 2021-06-24 at 01:52:42 PM
System Logging Level = 2
Creating default base document 00000163853CE940
Creating new document 00000163853CE940 from D:\Myeongjin\SensorTestProject\setup\
File not found.
Log file D:\Myeongjin\SensorTestProject\log\Document_00000163853CE940.log created on 2021-06-24 at 01:54:50 PM
System Logging Level = 2
Creating default base document 00000163853CE940
Creating new document 00000163853CE940 from D:\Myeongjin\SensorTestProject\setup\
File not found.
Log file D:\Myeongjin\SensorTestProject\log\Document_00000163853CE940.log created on 2021-06-24 at 01:59:11 PM
System Logging Level = 2
Creating default base document 00000163853CE940
Creating new document 00000163853CE940 from D:\Myeongjin\SensorTestProject\setup\
File not found.
Log file D:\Myeongjin\SensorTestProject\log\Document_00000163853CE940.log created on 2021-06-24 at 01:59:53 PM
System Logging Level = 2
Creating default base document 00000163853CE940
Creating new document 00000163853CE940 from D:\Myeongjin\SensorTestProject\setup\
File not found.
Log file D:\Myeongjin\SensorTestProject\log\Document_00000163853CE940.log created on 2021-06-24 at 02:01:40 PM
System Logging Level = 2
Creating default base document 00000163853CE940
Creating new document 00000163853CE940 from D:\Myeongjin\SensorTestProject\setup\
File not found.
Log file D:\Myeongjin\SensorTestProject\log\Document_00000163853CE940.log created on 2021-06-24 at 03:14:55 PM
System Logging Level = 2
Creating default base document 00000163853CE940
Creating new document 00000163853CE940 from D:\Myeongjin\SensorTestProject\setup\
File not found.
