Log file D:\Myeongjin\SensorTestProject\log\Document_00000163853CC410.log created on 2021-06-24 at 01:10:16 PM
System Logging Level = 2
Creating default base document 00000163853CC410
Creating new document 00000163853CC410 from D:\Myeongjin\SensorTestProject\setup\
File not found.
Log file D:\Myeongjin\SensorTestProject\log\Document_00000163853CC410.log created on 2021-06-24 at 01:12:32 PM
System Logging Level = 2
Creating default base document 00000163853CC410
Creating new document 00000163853CC410 from D:\Myeongjin\SensorTestProject\setup\
File not found.
Log file D:\Myeongjin\SensorTestProject\log\Document_00000163853CC410.log created on 2021-06-24 at 01:13:18 PM
System Logging Level = 2
Creating default base document 00000163853CC410
Creating new document 00000163853CC410 from D:\Myeongjin\SensorTestProject\setup\
File not found.
Log file D:\Myeongjin\SensorTestProject\log\Document_00000163853CC410.log created on 2021-06-24 at 01:24:48 PM
System Logging Level = 2
Creating default base document 00000163853CC410
Creating new document 00000163853CC410 from D:\Myeongjin\SensorTestProject\setup\
File not found.
Log file D:\Myeongjin\SensorTestProject\log\Document_00000163853CC410.log created on 2021-06-24 at 01:26:20 PM
System Logging Level = 2
Creating default base document 00000163853CC410
Creating new document 00000163853CC410 from D:\Myeongjin\SensorTestProject\setup\
File not found.
Log file D:\Myeongjin\SensorTestProject\log\Document_00000163853CC410.log created on 2021-06-24 at 01:29:56 PM
System Logging Level = 2
Creating default base document 00000163853CC410
Creating new document 00000163853CC410 from D:\Myeongjin\SensorTestProject\setup\
File not found.
Log file D:\Myeongjin\SensorTestProject\log\Document_00000163853CC410.log created on 2021-06-24 at 01:32:34 PM
System Logging Level = 2
Creating default base document 00000163853CC410
Creating new document 00000163853CC410 from D:\Myeongjin\SensorTestProject\setup\
File not found.
Log file D:\Myeongjin\SensorTestProject\log\Document_00000163853CC410.log created on 2021-06-24 at 01:33:25 PM
System Logging Level = 2
Creating default base document 00000163853CC410
Creating new document 00000163853CC410 from D:\Myeongjin\SensorTestProject\setup\
File not found.
Log file D:\Myeongjin\SensorTestProject\log\Document_00000163853CC410.log created on 2021-06-24 at 01:34:50 PM
System Logging Level = 2
Creating default base document 00000163853CC410
Creating new document 00000163853CC410 from D:\Myeongjin\SensorTestProject\setup\
File not found.
Log file D:\Myeongjin\SensorTestProject\log\Document_00000163853CC410.log created on 2021-06-24 at 01:38:39 PM
System Logging Level = 2
Creating default base document 00000163853CC410
Creating new document 00000163853CC410 from D:\Myeongjin\SensorTestProject\setup\
File not found.
Log file D:\Myeongjin\SensorTestProject\log\Document_00000163853CC410.log created on 2021-06-24 at 01:40:30 PM
System Logging Level = 2
Creating default base document 00000163853CC410
Creating new document 00000163853CC410 from D:\Myeongjin\SensorTestProject\setup\
File not found.
Log file D:\Myeongjin\SensorTestProject\log\Document_00000163853CC410.log created on 2021-06-24 at 01:41:35 PM
System Logging Level = 2
Creating default base document 00000163853CC410
Creating new document 00000163853CC410 from D:\Myeongjin\SensorTestProject\setup\
File not found.
Log file D:\Myeongjin\SensorTestProject\log\Document_00000163853CC410.log created on 2021-06-24 at 01:42:26 PM
System Logging Level = 2
Creating default base document 00000163853CC410
Creating new document 00000163853CC410 from D:\Myeongjin\SensorTestProject\setup\
File not found.
Log file D:\Myeongjin\SensorTestProject\log\Document_00000163853CC410.log created on 2021-06-24 at 01:43:56 PM
System Logging Level = 2
Creating default base document 00000163853CC410
Creating new document 00000163853CC410 from D:\Myeongjin\SensorTestProject\setup\
File not found.
