Log file D:\Myeongjin\projects\SensorTestProject\log\HwManager_0000000048716D70.log created on 2020-03-05 at 10:47:46 AM
System Logging Level = 2
Creating Hardware Manager 0000000048716D70...
Using Plugin folder of D:\Myeongjin\projects\SensorTestProject\Assets\Plugins\x86_64\HwPlugins\
Building factory using searchPath D:\Myeongjin\projects\SensorTestProject\Assets\Plugins\x86_64\HwPlugins\Hw*Lib.dll
Loading HwArrayG2Lib.dll...success!
Loading HwArrayG3Lib.dll...success!
Loading HwD600Lib.dll...success!
Loading HwDigiUsbLib.dll...success!
Loading HWEmulatorLib.dll...success!
Loading HWLoadstarLib.dll...success!
Loading HwMensorLib.dll...success!
Loading HwNidaqLib.dll...success!
Loading HwOmegaTempLib.dll...success!
Loading HwReferenceLib.dll...success!
Loading HWTileLib.dll...success!
Built factory for 11 plugins:
ArrayG2 ArrayG3 D600 DigiUsb Emulator Loadstar Mensor Nidaq OmegaTemp Reference Tile 

Attaching device type D600 from file D:\Myeongjin\projects\SensorTestProject\setup\Quadratec_FingerTPS-hw.txt
16081: Constructor found in factory.
16116: Device created.
Resizing buffer to 10000 frames, recordsize = 12
16769: Starting acquisition threads...
16773: Device 0: Success. Done
18878: Stopping acquisition thread:Device 0: was already terminated.
18895: Stopping acquisition thread:Device 0: was already terminated.
Destroying Hardware Manager 0000000048716D70
Factory is purged
