Log file D:\Myeongjin\SensorTestProject\log\HwManager_00000000589408E0.log created on 2020-12-16 at 03:47:42 PM
System Logging Level = 2
Creating Hardware Manager 00000000589408E0...
Using Plugin folder of D:\Myeongjin\SensorTestProject\Assets\Plugins\x86_64\HwPlugins\
Building factory using searchPath D:\Myeongjin\SensorTestProject\Assets\Plugins\x86_64\HwPlugins\Hw*Lib.dll
Loading HwArrayG2Lib.dll...success!
Loading HwArrayG3Lib.dll...success!
Loading HwD600Lib.dll...success!
Loading HwDigiUsbLib.dll...success!
Loading HWEmulatorLib.dll...success!
Loading HWLoadstarLib.dll...success!
Loading HwMensorLib.dll...success!
Loading HwNidaqLib.dll...success!
Loading HwOmegaTempLib.dll...success!
Loading HwReferenceLib.dll...success!
Loading HWTileLib.dll...success!
Built factory for 11 plugins:
ArrayG2 ArrayG3 D600 DigiUsb Emulator Loadstar Mensor Nidaq OmegaTemp Reference Tile 

Attaching device type D600 from file D:\Myeongjin\SensorTestProject\setup\Quadratec_FingerTPS-hw.txt
197224: Constructor found in factory.
197227: Device created.
Resizing buffer to 10000 frames, recordsize = 12
197242: Starting acquisition threads...
197242: Device 0: Success. Done
204770: Stopping acquisition thread:Device 0: is alive. Terminating... done.
205084: Stopping acquisition thread:Device 0: was already terminated.
Destroying Hardware Manager 00000000589408E0
Factory is purged
Log file D:\Myeongjin\SensorTestProject\log\HwManager_00000000589408E0.log created on 2020-12-16 at 03:49:21 PM
System Logging Level = 2
Creating Hardware Manager 00000000589408E0...
Using Plugin folder of D:\Myeongjin\SensorTestProject\Assets\Plugins\x86_64\HwPlugins\
Building factory using searchPath D:\Myeongjin\SensorTestProject\Assets\Plugins\x86_64\HwPlugins\Hw*Lib.dll
Loading HwArrayG2Lib.dll...success!
Loading HwArrayG3Lib.dll...success!
Loading HwD600Lib.dll...success!
Loading HwDigiUsbLib.dll...success!
Loading HWEmulatorLib.dll...success!
Loading HWLoadstarLib.dll...success!
Loading HwMensorLib.dll...success!
Loading HwNidaqLib.dll...success!
Loading HwOmegaTempLib.dll...success!
Loading HwReferenceLib.dll...success!
Loading HWTileLib.dll...success!
Built factory for 11 plugins:
ArrayG2 ArrayG3 D600 DigiUsb Emulator Loadstar Mensor Nidaq OmegaTemp Reference Tile 

Attaching device type D600 from file D:\Myeongjin\SensorTestProject\setup\Quadratec_FingerTPS-hw.txt
296223: Constructor found in factory.
296226: Device created.
Resizing buffer to 10000 frames, recordsize = 12
296240: Starting acquisition threads...
296240: Device 0: Success. Done
302766: Stopping acquisition thread:Device 0: is alive. Terminating... done.
303372: Stopping acquisition thread:Device 0: was already terminated.
Destroying Hardware Manager 00000000589408E0
Factory is purged
