Log file D:\Myeongjin\SensorTestProject\log\HwManager_00000000512AC6D0.log created on 2021-02-10 at 11:05:22 AM
System Logging Level = 2
Creating Hardware Manager 00000000512AC6D0...
Using Plugin folder of D:\Myeongjin\SensorTestProject\Assets\Plugins\x86_64\HwPlugins\
Building factory using searchPath D:\Myeongjin\SensorTestProject\Assets\Plugins\x86_64\HwPlugins\Hw*Lib.dll
Loading HwArrayG2Lib.dll...success!
Loading HwArrayG3Lib.dll...success!
Loading HwD600Lib.dll...success!
Loading HwDigiUsbLib.dll...success!
Loading HWEmulatorLib.dll...success!
Loading HWLoadstarLib.dll...success!
Loading HwMensorLib.dll...success!
Loading HwNidaqLib.dll...success!
Loading HwOmegaTempLib.dll...success!
Loading HwReferenceLib.dll...success!
Loading HWTileLib.dll...success!
Built factory for 11 plugins:
ArrayG2 ArrayG3 D600 DigiUsb Emulator Loadstar Mensor Nidaq OmegaTemp Reference Tile 

Attaching device type D600 from file D:\Myeongjin\SensorTestProject\setup\Quadratec_FingerTPS-hw.txt
426881: Constructor found in factory.
426970: Device created.
Resizing buffer to 10000 frames, recordsize = 12
427481: Starting acquisition threads...
427496: Device 0: Success. Done
617537: Stopping acquisition thread:Device 0: is alive. Terminating... done.
Destroying Hardware Manager 00000000512AC6D0
Factory is purged
Log file D:\Myeongjin\SensorTestProject\log\HwManager_00000000512AC6D0.log created on 2021-02-10 at 11:13:26 AM
System Logging Level = 2
Creating Hardware Manager 00000000512AC6D0...
Using Plugin folder of D:\Myeongjin\SensorTestProject\Assets\Plugins\x86_64\HwPlugins\
Building factory using searchPath D:\Myeongjin\SensorTestProject\Assets\Plugins\x86_64\HwPlugins\Hw*Lib.dll
Loading HwArrayG2Lib.dll...success!
Loading HwArrayG3Lib.dll...success!
Loading HwD600Lib.dll...success!
Loading HwDigiUsbLib.dll...success!
Loading HWEmulatorLib.dll...success!
Loading HWLoadstarLib.dll...success!
Loading HwMensorLib.dll...success!
Loading HwNidaqLib.dll...success!
Loading HwOmegaTempLib.dll...success!
Loading HwReferenceLib.dll...success!
Loading HWTileLib.dll...success!
Built factory for 11 plugins:
ArrayG2 ArrayG3 D600 DigiUsb Emulator Loadstar Mensor Nidaq OmegaTemp Reference Tile 

Attaching device type D600 from file D:\Myeongjin\SensorTestProject\setup\Quadratec_FingerTPS-hw.txt
911050: Constructor found in factory.
911153: Device created.
Resizing buffer to 10000 frames, recordsize = 12
911793: Starting acquisition threads...
911812: Device 0: Success. Done
1011495: Stopping acquisition thread:Device 0: is alive. Terminating... done.
Destroying Hardware Manager 00000000512AC6D0
Factory is purged
