Log file D:\Myeongjin\SensorTestProject\log\HwManager_00000200FB96E770.log created on 2021-08-11 at 12:25:35 PM
System Logging Level = 2
Creating Hardware Manager 00000200FB96E770...
Using Plugin folder of D:\Myeongjin\SensorTestProject\Assets\Plugins\x86_64\HwPlugins\
Building factory using searchPath D:\Myeongjin\SensorTestProject\Assets\Plugins\x86_64\HwPlugins\Hw*Lib.dll
Loading HwArrayG2Lib.dll...success!
Loading HwArrayG3Lib.dll...success!
Loading HwD600Lib.dll...success!
Loading HwDigiUsbLib.dll...success!
Loading HWEmulatorLib.dll...success!
Loading HWLoadstarLib.dll...success!
Loading HwMensorLib.dll...success!
Loading HwNidaqLib.dll...success!
Loading HwOmegaTempLib.dll...success!
Loading HwReferenceLib.dll...success!
Loading HWTileLib.dll...success!
Built factory for 11 plugins:
ArrayG2 ArrayG3 D600 DigiUsb Emulator Loadstar Mensor Nidaq OmegaTemp Reference Tile 

Attaching device type D600 from file D:\Myeongjin\SensorTestProject\setup\Quadratec_FingerTPS-hw.txt
73489049: Constructor found in factory.
73489052: Device created.
Resizing buffer to 10000 frames, recordsize = 12
73489068: Starting acquisition threads...
73489069: Device 0: Success. Done
73806374: Stopping acquisition thread:Device 0: is alive. Terminating... done.
Destroying Hardware Manager 00000200FB96E770
Factory is purged
Log file D:\Myeongjin\SensorTestProject\log\HwManager_00000200FB96E770.log created on 2021-08-16 at 03:12:33 PM
System Logging Level = 2
Creating Hardware Manager 00000200FB96E770...
Using Plugin folder of D:\Myeongjin\SensorTestProject\Assets\Plugins\x86_64\HwPlugins\
Building factory using searchPath D:\Myeongjin\SensorTestProject\Assets\Plugins\x86_64\HwPlugins\Hw*Lib.dll
Loading HwArrayG2Lib.dll...success!
Loading HwArrayG3Lib.dll...success!
Loading HwD600Lib.dll...success!
Loading HwDigiUsbLib.dll...success!
Loading HWEmulatorLib.dll...success!
Loading HWLoadstarLib.dll...success!
Loading HwMensorLib.dll...success!
Loading HwNidaqLib.dll...success!
Loading HwOmegaTempLib.dll...success!
Loading HwReferenceLib.dll...success!
Loading HWTileLib.dll...success!
Built factory for 11 plugins:
ArrayG2 ArrayG3 D600 DigiUsb Emulator Loadstar Mensor Nidaq OmegaTemp Reference Tile 

Attaching device type D600 from file D:\Myeongjin\SensorTestProject\setup\Quadratec_FingerTPS-hw.txt
515507114: Constructor found in factory.
515507131: Device created.
Resizing buffer to 10000 frames, recordsize = 12
515507183: Starting acquisition threads...
515507184: Device 0: Success. Done
515595822: Stopping acquisition thread:Device 0: is alive. Terminating... done.
Destroying Hardware Manager 00000200FB96E770
Factory is purged
