Log file F:\Unity projects\SensorTestProject\log\HwManager_000000004D5BE030.log created on 2020-03-27 at 03:51:20 Creating Hardware Manager 000000004D5BE030...
Using Plugin folder of F:\Unity projects\SensorTestProject\Assets\Plugins\x86_64\HwPlugins\
Building factory using searchPath F:\Unity projects\SensorTestProject\Assets\Plugins\x86_64\HwPlugins\Hw*Lib.dll
Loading HwArrayG2Lib.dll...success!
Loading HwArrayG3Lib.dll...success!
Loading HwD600Lib.dll...success!
Loading HwDigiUsbLib.dll...success!
Loading HWEmulatorLib.dll...success!
Loading HWLoadstarLib.dll...success!
Loading HwMensorLib.dll...success!
Loading HwNidaqLib.dll...success!
Loading HwOmegaTempLib.dll...success!
Loading HwReferenceLib.dll...success!
Loading HWTileLib.dll...success!
Built factory for 11 plugins:
ArrayG2 ArrayG3 D600 DigiUsb Emulator Loadstar Mensor Nidaq OmegaTemp Reference Tile 

Attaching device type D600 from file F:\Unity projects\SensorTestProject\setup\Quadratec_FingerTPS-hw.txt
79706805: Constructor found in factory.
79706822: Device created.
Resizing buffer to 10000 frames, recordsize = 12
79706893: Starting acquisition threads...
79706896: Device 0: Success. Done
79777807: Stopping acquisition thread:Device 0: is alive. Terminating... done.
Destroying Hardware Manager 000000004D5BE030
Factory is purged
