Log file D:\Myeongjin\SensorTestProject\log\HwManager_00000200FB96E540.log created on 2021-08-11 at 12:13:33 PM
System Logging Level = 2
Creating Hardware Manager 00000200FB96E540...
Using Plugin folder of D:\Myeongjin\SensorTestProject\Assets\Plugins\x86_64\HwPlugins\
Building factory using searchPath D:\Myeongjin\SensorTestProject\Assets\Plugins\x86_64\HwPlugins\Hw*Lib.dll
Loading HwArrayG2Lib.dll...success!
Loading HwArrayG3Lib.dll...success!
Loading HwD600Lib.dll...success!
Loading HwDigiUsbLib.dll...success!
Loading HWEmulatorLib.dll...success!
Loading HWLoadstarLib.dll...success!
Loading HwMensorLib.dll...success!
Loading HwNidaqLib.dll...success!
Loading HwOmegaTempLib.dll...success!
Loading HwReferenceLib.dll...success!
Loading HWTileLib.dll...success!
Built factory for 11 plugins:
ArrayG2 ArrayG3 D600 DigiUsb Emulator Loadstar Mensor Nidaq OmegaTemp Reference Tile 

Attaching device type D600 from file D:\Myeongjin\SensorTestProject\setup\Quadratec_FingerTPS-hw.txt
72767053: Constructor found in factory.
72767063: Device created.
Resizing buffer to 10000 frames, recordsize = 12
72767102: Starting acquisition threads...
72767102: Device 0: Success. Done
72846732: Stopping acquisition thread:Device 0: is alive. Terminating... done.
Destroying Hardware Manager 00000200FB96E540
Factory is purged
Log file D:\Myeongjin\SensorTestProject\log\HwManager_00000200FB96E540.log created on 2021-08-18 at 11:16:26 AM
System Logging Level = 2
Creating Hardware Manager 00000200FB96E540...
Using Plugin folder of D:\Myeongjin\SensorTestProject\Assets\Plugins\x86_64\HwPlugins\
Building factory using searchPath D:\Myeongjin\SensorTestProject\Assets\Plugins\x86_64\HwPlugins\Hw*Lib.dll
Loading HwArrayG2Lib.dll...success!
Loading HwArrayG3Lib.dll...success!
Loading HwD600Lib.dll...success!
Loading HwDigiUsbLib.dll...success!
Loading HWEmulatorLib.dll...success!
Loading HWLoadstarLib.dll...success!
Loading HwMensorLib.dll...success!
Loading HwNidaqLib.dll...success!
Loading HwOmegaTempLib.dll...success!
Loading HwReferenceLib.dll...success!
Loading HWTileLib.dll...success!
Built factory for 11 plugins:
ArrayG2 ArrayG3 D600 DigiUsb Emulator Loadstar Mensor Nidaq OmegaTemp Reference Tile 

Attaching device type D600 from file D:\Myeongjin\SensorTestProject\setup\Quadratec_FingerTPS-hw.txt
674140056: Constructor found in factory.
674140059: Device created.
Resizing buffer to 10000 frames, recordsize = 12
674140075: Starting acquisition threads...
674140076: Device 0: Success. Done
674429791: Stopping acquisition thread:Device 0: is alive. Terminating... done.
Destroying Hardware Manager 00000200FB96E540
Factory is purged
