Log file D:\Myeongjin\SensorTestProject\log\HwManager_0000000043E0C590.log created on 2021-01-21 at 12:57:09 PM
System Logging Level = 2
Creating Hardware Manager 0000000043E0C590...
Using Plugin folder of D:\Myeongjin\SensorTestProject\Assets\Plugins\x86_64\HwPlugins\
Building factory using searchPath D:\Myeongjin\SensorTestProject\Assets\Plugins\x86_64\HwPlugins\Hw*Lib.dll
Loading HwArrayG2Lib.dll...success!
Loading HwArrayG3Lib.dll...success!
Loading HwD600Lib.dll...success!
Loading HwDigiUsbLib.dll...success!
Loading HWEmulatorLib.dll...success!
Loading HWLoadstarLib.dll...success!
Loading HwMensorLib.dll...success!
Loading HwNidaqLib.dll...success!
Loading HwOmegaTempLib.dll...success!
Loading HwReferenceLib.dll...success!
Loading HWTileLib.dll...success!
Built factory for 11 plugins:
ArrayG2 ArrayG3 D600 DigiUsb Emulator Loadstar Mensor Nidaq OmegaTemp Reference Tile 

Attaching device type D600 from file D:\Myeongjin\SensorTestProject\setup\Quadratec_FingerTPS-hw.txt
51938: Constructor found in factory.
52011: Device created.
Resizing buffer to 10000 frames, recordsize = 12
52425: Starting acquisition threads...
52437: Device 0: Success. Done
61787: Stopping acquisition thread:Device 0: is alive. Terminating... done.
62633: Stopping acquisition thread:Device 0: was already terminated.
Destroying Hardware Manager 0000000043E0C590
Factory is purged
