Log file D:\Myeongjin\SensorTestProject\log\HwManager_0000000048DDC960.log created on 2021-01-27 at 11:04:41 AM
System Logging Level = 2
Creating Hardware Manager 0000000048DDC960...
Using Plugin folder of D:\Myeongjin\SensorTestProject\Assets\Plugins\x86_64\HwPlugins\
Building factory using searchPath D:\Myeongjin\SensorTestProject\Assets\Plugins\x86_64\HwPlugins\Hw*Lib.dll
Loading HwArrayG2Lib.dll...success!
Loading HwArrayG3Lib.dll...success!
Loading HwD600Lib.dll...success!
Loading HwDigiUsbLib.dll...success!
Loading HWEmulatorLib.dll...success!
Loading HWLoadstarLib.dll...success!
Loading HwMensorLib.dll...success!
Loading HwNidaqLib.dll...success!
Loading HwOmegaTempLib.dll...success!
Loading HwReferenceLib.dll...success!
Loading HWTileLib.dll...success!
Built factory for 11 plugins:
ArrayG2 ArrayG3 D600 DigiUsb Emulator Loadstar Mensor Nidaq OmegaTemp Reference Tile 

Attaching device type D600 from file D:\Myeongjin\SensorTestProject\setup\Quadratec_FingerTPS-hw.txt
1491125: Constructor found in factory.
1491210: Device created.
Resizing buffer to 10000 frames, recordsize = 12
1491738: Starting acquisition threads...
1491753: Device 0: Success. Done
1501140: Stopping acquisition thread:Device 0: is alive. Terminating... done.
1502152: Stopping acquisition thread:Device 0: was already terminated.
Destroying Hardware Manager 0000000048DDC960
Factory is purged
