Log file D:\Myeongjin\SensorTestProject\log\HwManager_0000000053E6CF90.log created on 2020-04-16 at 02:31:02 PM
System Logging Level = 2
Creating Hardware Manager 0000000053E6CF90...
Using Plugin folder of D:\Myeongjin\SensorTestProject\Assets\Plugins\x86_64\HwPlugins\
Building factory using searchPath D:\Myeongjin\SensorTestProject\Assets\Plugins\x86_64\HwPlugins\Hw*Lib.dll
Loading HwArrayG2Lib.dll...success!
Loading HwArrayG3Lib.dll...success!
Loading HwD600Lib.dll...success!
Loading HwDigiUsbLib.dll...success!
Loading HWEmulatorLib.dll...success!
Loading HWLoadstarLib.dll...success!
Loading HwMensorLib.dll...success!
Loading HwNidaqLib.dll...success!
Loading HwOmegaTempLib.dll...success!
Loading HwReferenceLib.dll...success!
Loading HWTileLib.dll...success!
Built factory for 11 plugins:
ArrayG2 ArrayG3 D600 DigiUsb Emulator Loadstar Mensor Nidaq OmegaTemp Reference Tile 

Attaching device type D600 from file D:\Myeongjin\SensorTestProject\setup\Quadratec_FingerTPS-hw.txt
20264981: Constructor found in factory.
20264992: Device created.
Resizing buffer to 10000 frames, recordsize = 12
20265039: Starting acquisition threads...
20265040: Device 0: Success. Done
20289240: Stopping acquisition thread:Device 0: is alive. Terminating... done.
Destroying Hardware Manager 0000000053E6CF90
Factory is purged
Log file D:\Myeongjin\SensorTestProject\log\HwManager_0000000053E6CF90.log created on 2020-04-16 at 03:10:50 PM
System Logging Level = 2
Creating Hardware Manager 0000000053E6CF90...
Using Plugin folder of D:\Myeongjin\SensorTestProject\Assets\Plugins\x86_64\HwPlugins\
Building factory using searchPath D:\Myeongjin\SensorTestProject\Assets\Plugins\x86_64\HwPlugins\Hw*Lib.dll
Loading HwArrayG2Lib.dll...success!
Loading HwArrayG3Lib.dll...success!
Loading HwD600Lib.dll...success!
Loading HwDigiUsbLib.dll...success!
Loading HWEmulatorLib.dll...success!
Loading HWLoadstarLib.dll...success!
Loading HwMensorLib.dll...success!
Loading HwNidaqLib.dll...success!
Loading HwOmegaTempLib.dll...success!
Loading HwReferenceLib.dll...success!
Loading HWTileLib.dll...success!
Built factory for 11 plugins:
ArrayG2 ArrayG3 D600 DigiUsb Emulator Loadstar Mensor Nidaq OmegaTemp Reference Tile 

Attaching device type D600 from file D:\Myeongjin\SensorTestProject\setup\Quadratec_FingerTPS-hw.txt
22652984: Constructor found in factory.
22652995: Device created.
Resizing buffer to 10000 frames, recordsize = 12
22653043: Starting acquisition threads...
22653045: Device 0: Success. Done
22745194: Stopping acquisition thread:Device 0: is alive. Terminating... done.
Destroying Hardware Manager 0000000053E6CF90
Factory is purged
