Log file D:\Myeongjin\SensorTestProject\log\HwManager_0000000048DDCB40.log created on 2021-01-27 at 10:42:05 AM
System Logging Level = 2
Creating Hardware Manager 0000000048DDCB40...
Using Plugin folder of D:\Myeongjin\SensorTestProject\Assets\Plugins\x86_64\HwPlugins\
Building factory using searchPath D:\Myeongjin\SensorTestProject\Assets\Plugins\x86_64\HwPlugins\Hw*Lib.dll
Loading HwArrayG2Lib.dll...success!
Loading HwArrayG3Lib.dll...success!
Loading HwD600Lib.dll...success!
Loading HwDigiUsbLib.dll...success!
Loading HWEmulatorLib.dll...success!
Loading HWLoadstarLib.dll...success!
Loading HwMensorLib.dll...success!
Loading HwNidaqLib.dll...success!
Loading HwOmegaTempLib.dll...success!
Loading HwReferenceLib.dll...success!
Loading HWTileLib.dll...success!
Built factory for 11 plugins:
ArrayG2 ArrayG3 D600 DigiUsb Emulator Loadstar Mensor Nidaq OmegaTemp Reference Tile 

Attaching device type D600 from file D:\Myeongjin\SensorTestProject\setup\Quadratec_FingerTPS-hw.txt
134942: Constructor found in factory.
135009: Device created.
Resizing buffer to 10000 frames, recordsize = 12
135392: Starting acquisition threads...
135403: Device 0: Success. Done
142703: Stopping acquisition thread:Device 0: is alive. Terminating... done.
146131: Stopping acquisition thread:Device 0: was already terminated.
Destroying Hardware Manager 0000000048DDCB40
Factory is purged
Log file D:\Myeongjin\SensorTestProject\log\HwManager_0000000048DDCB40.log created on 2021-01-27 at 11:03:42 AM
System Logging Level = 2
Creating Hardware Manager 0000000048DDCB40...
Using Plugin folder of D:\Myeongjin\SensorTestProject\Assets\Plugins\x86_64\HwPlugins\
Building factory using searchPath D:\Myeongjin\SensorTestProject\Assets\Plugins\x86_64\HwPlugins\Hw*Lib.dll
Loading HwArrayG2Lib.dll...success!
Loading HwArrayG3Lib.dll...success!
Loading HwD600Lib.dll...success!
Loading HwDigiUsbLib.dll...success!
Loading HWEmulatorLib.dll...success!
Loading HWLoadstarLib.dll...success!
Loading HwMensorLib.dll...success!
Loading HwNidaqLib.dll...success!
Loading HwOmegaTempLib.dll...success!
Loading HwReferenceLib.dll...success!
Loading HWTileLib.dll...success!
Built factory for 11 plugins:
ArrayG2 ArrayG3 D600 DigiUsb Emulator Loadstar Mensor Nidaq OmegaTemp Reference Tile 

Attaching device type D600 from file D:\Myeongjin\SensorTestProject\setup\Quadratec_FingerTPS-hw.txt
1432141: Constructor found in factory.
1432227: Device created.
Resizing buffer to 10000 frames, recordsize = 12
1432750: Starting acquisition threads...
1432766: Device 0: Success. Done
1442156: Stopping acquisition thread:Device 0: is alive. Terminating... done.
1442867: Stopping acquisition thread:Device 0: was already terminated.
Destroying Hardware Manager 0000000048DDCB40
Factory is purged
