Log file D:\Myeongjin\SensorTestProject\log\HwManager_00000200FB96E720.log created on 2021-08-10 at 04:18:45 PM
System Logging Level = 2
Creating Hardware Manager 00000200FB96E720...
Using Plugin folder of D:\Myeongjin\SensorTestProject\Assets\Plugins\x86_64\HwPlugins\
Building factory using searchPath D:\Myeongjin\SensorTestProject\Assets\Plugins\x86_64\HwPlugins\Hw*Lib.dll
Loading HwArrayG2Lib.dll...success!
Loading HwArrayG3Lib.dll...success!
Loading HwD600Lib.dll...success!
Loading HwDigiUsbLib.dll...success!
Loading HWEmulatorLib.dll...success!
Loading HWLoadstarLib.dll...success!
Loading HwMensorLib.dll...success!
Loading HwNidaqLib.dll...success!
Loading HwOmegaTempLib.dll...success!
Loading HwReferenceLib.dll...success!
Loading HWTileLib.dll...success!
Built factory for 11 plugins:
ArrayG2 ArrayG3 D600 DigiUsb Emulator Loadstar Mensor Nidaq OmegaTemp Reference Tile 

Attaching device type D600 from file D:\Myeongjin\SensorTestProject\setup\Quadratec_FingerTPS-hw.txt
1079017: Constructor found in factory.
1079020: Device created.
Resizing buffer to 10000 frames, recordsize = 12
1079036: Starting acquisition threads...
1079037: Device 0: Success. Done
1151521: Stopping acquisition thread:Device 0: is alive. Terminating... done.
Destroying Hardware Manager 00000200FB96E720
Factory is purged
Log file D:\Myeongjin\SensorTestProject\log\HwManager_00000200FB96E720.log created on 2021-08-11 at 02:34:38 PM
System Logging Level = 2
Creating Hardware Manager 00000200FB96E720...
Using Plugin folder of D:\Myeongjin\SensorTestProject\Assets\Plugins\x86_64\HwPlugins\
Building factory using searchPath D:\Myeongjin\SensorTestProject\Assets\Plugins\x86_64\HwPlugins\Hw*Lib.dll
Loading HwArrayG2Lib.dll...success!
Loading HwArrayG3Lib.dll...success!
Loading HwD600Lib.dll...success!
Loading HwDigiUsbLib.dll...success!
Loading HWEmulatorLib.dll...success!
Loading HWLoadstarLib.dll...success!
Loading HwMensorLib.dll...success!
Loading HwNidaqLib.dll...success!
Loading HwOmegaTempLib.dll...success!
Loading HwReferenceLib.dll...success!
Loading HWTileLib.dll...success!
Built factory for 11 plugins:
ArrayG2 ArrayG3 D600 DigiUsb Emulator Loadstar Mensor Nidaq OmegaTemp Reference Tile 

Attaching device type D600 from file D:\Myeongjin\SensorTestProject\setup\Quadratec_FingerTPS-hw.txt
81232040: Constructor found in factory.
81232044: Device created.
Resizing buffer to 10000 frames, recordsize = 12
81232060: Starting acquisition threads...
81232060: Device 0: Success. Done
81241091: Stopping acquisition thread:Device 0: is alive. Terminating... done.
81241506: Stopping acquisition thread:Device 0: was already terminated.
Destroying Hardware Manager 00000200FB96E720
Factory is purged
