<<<<<<< HEAD:log/HwManager_00000229882E0BF0.log
Log file D:\Myeongjin\SensorTestProject\log\HwManager_00000229882E0BF0.log created on 2021-05-17 at 12:37:26 PM
System Logging Level = 2
Creating Hardware Manager 00000229882E0BF0...
=======
Log file D:\Myeongjin\SensorTestProject\log\HwManager_0000012E5C84DCA0.log created on 2021-04-14 at 01:02:11 PM
System Logging Level = 2
Creating Hardware Manager 0000012E5C84DCA0...
>>>>>>> parent of 639da39 (some udpate):log/HwManager_0000012E5C84DCA0.log
Using Plugin folder of D:\Myeongjin\SensorTestProject\Assets\Plugins\x86_64\HwPlugins\
Building factory using searchPath D:\Myeongjin\SensorTestProject\Assets\Plugins\x86_64\HwPlugins\Hw*Lib.dll
Loading HwArrayG2Lib.dll...success!
Loading HwArrayG3Lib.dll...success!
Loading HwD600Lib.dll...success!
Loading HwDigiUsbLib.dll...success!
Loading HWEmulatorLib.dll...success!
Loading HWLoadstarLib.dll...success!
Loading HwMensorLib.dll...success!
Loading HwNidaqLib.dll...success!
Loading HwOmegaTempLib.dll...success!
Loading HwReferenceLib.dll...success!
Loading HWTileLib.dll...success!
Built factory for 11 plugins:
ArrayG2 ArrayG3 D600 DigiUsb Emulator Loadstar Mensor Nidaq OmegaTemp Reference Tile 

<<<<<<< HEAD:log/HwManager_00000229882E0BF0.log
Destroying Hardware Manager 00000229882E0BF0
=======
Attaching device type D600 from file D:\Myeongjin\SensorTestProject\setup\Quadratec_FingerTPS-hw.txt
816032: Constructor found in factory.
816131: Device created.
Resizing buffer to 10000 frames, recordsize = 12
816771: Starting acquisition threads...
816803: Device 0: Success. Done
833655: Stopping acquisition thread:Device 0: is alive. Terminating... done.
Destroying Hardware Manager 0000012E5C84DCA0
>>>>>>> parent of 639da39 (some udpate):log/HwManager_0000012E5C84DCA0.log
Factory is purged
