Log file D:\Myeongjin\SensorTestProject\log\HwManager_00000000519EC210.log created on 2020-04-17 at 05:52:27 PM
System Logging Level = 2
Creating Hardware Manager 00000000519EC210...
Using Plugin folder of D:\Myeongjin\SensorTestProject\Assets\Plugins\x86_64\HwPlugins\
Building factory using searchPath D:\Myeongjin\SensorTestProject\Assets\Plugins\x86_64\HwPlugins\Hw*Lib.dll
Loading HwArrayG2Lib.dll...success!
Loading HwArrayG3Lib.dll...success!
Loading HwD600Lib.dll...success!
Loading HwDigiUsbLib.dll...success!
Loading HWEmulatorLib.dll...success!
Loading HWLoadstarLib.dll...success!
Loading HwMensorLib.dll...success!
Loading HwNidaqLib.dll...success!
Loading HwOmegaTempLib.dll...success!
Loading HwReferenceLib.dll...success!
Loading HWTileLib.dll...success!
Built factory for 11 plugins:
ArrayG2 ArrayG3 D600 DigiUsb Emulator Loadstar Mensor Nidaq OmegaTemp Reference Tile 

Attaching device type D600 from file D:\Myeongjin\SensorTestProject\setup\Quadratec_FingerTPS-hw.txt
24700048: Constructor found in factory.
24700061: Device created.
Resizing buffer to 10000 frames, recordsize = 12
24700122: Starting acquisition threads...
24700123: Device 0: Success. Done
24856108: Stopping acquisition thread:Device 0: is alive. Terminating... done.
Destroying Hardware Manager 00000000519EC210
Factory is purged
