Log file D:\Myeongjin\projects\SensorTestProject\log\HwManager_0000000048539930.log created on 2020-03-03 at 04:37:31 PM
System Logging Level = 2
Creating Hardware Manager 0000000048539930...
Using Plugin folder of D:\Myeongjin\projects\SensorTestProject\Assets\Plugins\x86_64\HwPlugins\
Building factory using searchPath D:\Myeongjin\projects\SensorTestProject\Assets\Plugins\x86_64\HwPlugins\Hw*Lib.dll
Loading HwArrayG2Lib.dll...success!
Loading HwArrayG3Lib.dll...success!
Loading HwD600Lib.dll...success!
Loading HwDigiUsbLib.dll...success!
Loading HWEmulatorLib.dll...success!
Loading HWLoadstarLib.dll...success!
Loading HwMensorLib.dll...success!
Loading HwNidaqLib.dll...success!
Loading HwOmegaTempLib.dll...success!
Loading HwReferenceLib.dll...success!
Loading HWTileLib.dll...success!
Built factory for 11 plugins:
ArrayG2 ArrayG3 D600 DigiUsb Emulator Loadstar Mensor Nidaq OmegaTemp Reference Tile 

Attaching device type D600 from file D:\Myeongjin\projects\SensorTestProject\setup\Quadratec_FingerTPS-hw.txt
459186: Constructor found in factory.
459217: Device created.
Resizing buffer to 10000 frames, recordsize = 12
459365: Starting acquisition threads...
459369: Device 0: Success. Done
522176: Stopping acquisition thread:Device 0: is alive. Terminating... done.
Destroying Hardware Manager 0000000048539930
Factory is purged
Log file D:\Myeongjin\projects\SensorTestProject\log\HwManager_0000000048539930.log created on 2020-03-03 at 04:54:37 PM
System Logging Level = 2
Creating Hardware Manager 0000000048539930...
Using Plugin folder of D:\Myeongjin\projects\SensorTestProject\Assets\Plugins\x86_64\HwPlugins\
Building factory using searchPath D:\Myeongjin\projects\SensorTestProject\Assets\Plugins\x86_64\HwPlugins\Hw*Lib.dll
Loading HwArrayG2Lib.dll...success!
Loading HwArrayG3Lib.dll...success!
Loading HwD600Lib.dll...success!
Loading HwDigiUsbLib.dll...success!
Loading HWEmulatorLib.dll...success!
Loading HWLoadstarLib.dll...success!
Loading HwMensorLib.dll...success!
Loading HwNidaqLib.dll...success!
Loading HwOmegaTempLib.dll...success!
Loading HwReferenceLib.dll...success!
Loading HWTileLib.dll...success!
Built factory for 11 plugins:
ArrayG2 ArrayG3 D600 DigiUsb Emulator Loadstar Mensor Nidaq OmegaTemp Reference Tile 

Attaching device type D600 from file D:\Myeongjin\projects\SensorTestProject\setup\Quadratec_FingerTPS-hw.txt
1484998: Constructor found in factory.
1485030: Device created.
Resizing buffer to 10000 frames, recordsize = 12
1485184: Starting acquisition threads...
1485190: Device 0: Success. Done
1510694: Stopping acquisition thread:Device 0: is alive. Terminating... done.
Destroying Hardware Manager 0000000048539930
Factory is purged
