Log file D:\Myeongjin\SensorTestProject\log\HwManager_000002C58136C620.log created on 2021-03-24 at 03:50:17 PM
System Logging Level = 2
Creating Hardware Manager 000002C58136C620...
Using Plugin folder of D:\Myeongjin\SensorTestProject\Assets\Plugins\x86_64\HwPlugins\
Building factory using searchPath D:\Myeongjin\SensorTestProject\Assets\Plugins\x86_64\HwPlugins\Hw*Lib.dll
Loading HwArrayG2Lib.dll...success!
Loading HwArrayG3Lib.dll...success!
Loading HwD600Lib.dll...success!
Loading HwDigiUsbLib.dll...success!
Loading HWEmulatorLib.dll...success!
Loading HWLoadstarLib.dll...success!
Loading HwMensorLib.dll...success!
Loading HwNidaqLib.dll...success!
Loading HwOmegaTempLib.dll...success!
Loading HwReferenceLib.dll...success!
Loading HWTileLib.dll...success!
Built factory for 11 plugins:
ArrayG2 ArrayG3 D600 DigiUsb Emulator Loadstar Mensor Nidaq OmegaTemp Reference Tile 

Attaching device type D600 from file D:\Myeongjin\SensorTestProject\setup\Quadratec_FingerTPS-hw.txt
5723923: Constructor found in factory.
5724014: Device created.
Resizing buffer to 10000 frames, recordsize = 12
5724555: Starting acquisition threads...
5724571: Device 0: Success. Done
5785587: Stopping acquisition thread:Device 0: is alive. Terminating... done.
Destroying Hardware Manager 000002C58136C620
Factory is purged
Log file D:\Myeongjin\SensorTestProject\log\HwManager_000002C58136C620.log created on 2021-03-24 at 04:23:31 PM
System Logging Level = 2
Creating Hardware Manager 000002C58136C620...
Using Plugin folder of D:\Myeongjin\SensorTestProject\Assets\Plugins\x86_64\HwPlugins\
Building factory using searchPath D:\Myeongjin\SensorTestProject\Assets\Plugins\x86_64\HwPlugins\Hw*Lib.dll
Loading HwArrayG2Lib.dll...success!
Loading HwArrayG3Lib.dll...success!
Loading HwD600Lib.dll...success!
Loading HwDigiUsbLib.dll...success!
Loading HWEmulatorLib.dll...success!
Loading HWLoadstarLib.dll...success!
Loading HwMensorLib.dll...success!
Loading HwNidaqLib.dll...success!
Loading HwOmegaTempLib.dll...success!
Loading HwReferenceLib.dll...success!
Loading HWTileLib.dll...success!
Built factory for 11 plugins:
ArrayG2 ArrayG3 D600 DigiUsb Emulator Loadstar Mensor Nidaq OmegaTemp Reference Tile 

Attaching device type D600 from file D:\Myeongjin\SensorTestProject\setup\Quadratec_FingerTPS-hw.txt
7718091: Constructor found in factory.
7718196: Device created.
Resizing buffer to 10000 frames, recordsize = 12
7718888: Starting acquisition threads...
7718908: Device 0: Success. Done
7736503: Stopping acquisition thread:Device 0: is alive. Terminating... done.
Destroying Hardware Manager 000002C58136C620
Factory is purged
