Log file D:\Myeongjin\SensorTestProject\log\HwManager_000000004ADBB6A0.log created on 2020-05-22 at 01:16:20 PM
System Logging Level = 2
Creating Hardware Manager 000000004ADBB6A0...
Using Plugin folder of D:\Myeongjin\SensorTestProject\Assets\Plugins\x86_64\HwPlugins\
Building factory using searchPath D:\Myeongjin\SensorTestProject\Assets\Plugins\x86_64\HwPlugins\Hw*Lib.dll
Loading HwArrayG2Lib.dll...success!
Loading HwArrayG3Lib.dll...success!
Loading HwD600Lib.dll...success!
Loading HwDigiUsbLib.dll...success!
Loading HWEmulatorLib.dll...success!
Loading HWLoadstarLib.dll...success!
Loading HwMensorLib.dll...success!
Loading HwNidaqLib.dll...success!
Loading HwOmegaTempLib.dll...success!
Loading HwReferenceLib.dll...success!
Loading HWTileLib.dll...success!
Built factory for 11 plugins:
ArrayG2 ArrayG3 D600 DigiUsb Emulator Loadstar Mensor Nidaq OmegaTemp Reference Tile 

Attaching device type D600 from file D:\Myeongjin\SensorTestProject\setup\Quadratec_FingerTPS-hw.txt
669504: Constructor found in factory.
669581: Device created.
Resizing buffer to 10000 frames, recordsize = 12
670043: Starting acquisition threads...
670058: Device 0: Success. Done
721466: Stopping acquisition thread:Device 0: is alive. Terminating... done.
Destroying Hardware Manager 000000004ADBB6A0
Factory is purged
Log file D:\Myeongjin\SensorTestProject\log\HwManager_000000004ADBB6A0.log created on 2020-05-22 at 01:34:13 PM
System Logging Level = 2
Creating Hardware Manager 000000004ADBB6A0...
Using Plugin folder of D:\Myeongjin\SensorTestProject\Assets\Plugins\x86_64\HwPlugins\
Building factory using searchPath D:\Myeongjin\SensorTestProject\Assets\Plugins\x86_64\HwPlugins\Hw*Lib.dll
Loading HwArrayG2Lib.dll...success!
Loading HwArrayG3Lib.dll...success!
Loading HwD600Lib.dll...success!
Loading HwDigiUsbLib.dll...success!
Loading HWEmulatorLib.dll...success!
Loading HWLoadstarLib.dll...success!
Loading HwMensorLib.dll...success!
Loading HwNidaqLib.dll...success!
Loading HwOmegaTempLib.dll...success!
Loading HwReferenceLib.dll...success!
Loading HWTileLib.dll...success!
Built factory for 11 plugins:
ArrayG2 ArrayG3 D600 DigiUsb Emulator Loadstar Mensor Nidaq OmegaTemp Reference Tile 

Attaching device type D600 from file D:\Myeongjin\SensorTestProject\setup\Quadratec_FingerTPS-hw.txt
1742561: Constructor found in factory.
1742636: Device created.
Resizing buffer to 10000 frames, recordsize = 12
1743163: Starting acquisition threads...
1743177: Device 0: Success. Done
1761932: Stopping acquisition thread:Device 0: is alive. Terminating... done.
Destroying Hardware Manager 000000004ADBB6A0
Factory is purged
