Log file D:\Myeongjin\projects\SensorTestProject\log\HwManager_0000000048A997F0.log created on 2020-03-05 at 12:57:26 PM
System Logging Level = 2
Creating Hardware Manager 0000000048A997F0...
Using Plugin folder of D:\Myeongjin\projects\SensorTestProject\Assets\Plugins\x86_64\HwPlugins\
Building factory using searchPath D:\Myeongjin\projects\SensorTestProject\Assets\Plugins\x86_64\HwPlugins\Hw*Lib.dll
Loading HwArrayG2Lib.dll...success!
Loading HwArrayG3Lib.dll...success!
Loading HwD600Lib.dll...success!
Loading HwDigiUsbLib.dll...success!
Loading HWEmulatorLib.dll...success!
Loading HWLoadstarLib.dll...success!
Loading HwMensorLib.dll...success!
Loading HwNidaqLib.dll...success!
Loading HwOmegaTempLib.dll...success!
Loading HwReferenceLib.dll...success!
Loading HWTileLib.dll...success!
Built factory for 11 plugins:
ArrayG2 ArrayG3 D600 DigiUsb Emulator Loadstar Mensor Nidaq OmegaTemp Reference Tile 

Attaching device type D600 from file D:\Myeongjin\projects\SensorTestProject\setup\Quadratec_FingerTPS-hw.txt
7795597: Constructor found in factory.
7795621: Device created.
Resizing buffer to 10000 frames, recordsize = 12
7795740: Starting acquisition threads...
7795743: Device 0: Success. Done
7812349: Stopping acquisition thread:Device 0: is alive. Terminating... done.
Destroying Hardware Manager 0000000048A997F0
Factory is purged
Log file D:\Myeongjin\projects\SensorTestProject\log\HwManager_0000000048A997F0.log created on 2020-03-05 at 12:58:55 PM
System Logging Level = 2
Creating Hardware Manager 0000000048A997F0...
Using Plugin folder of D:\Myeongjin\projects\SensorTestProject\Assets\Plugins\x86_64\HwPlugins\
Building factory using searchPath D:\Myeongjin\projects\SensorTestProject\Assets\Plugins\x86_64\HwPlugins\Hw*Lib.dll
Loading HwArrayG2Lib.dll...success!
Loading HwArrayG3Lib.dll...success!
Loading HwD600Lib.dll...success!
Loading HwDigiUsbLib.dll...success!
Loading HWEmulatorLib.dll...success!
Loading HWLoadstarLib.dll...success!
Loading HwMensorLib.dll...success!
Loading HwNidaqLib.dll...success!
Loading HwOmegaTempLib.dll...success!
Loading HwReferenceLib.dll...success!
Loading HWTileLib.dll...success!
Built factory for 11 plugins:
ArrayG2 ArrayG3 D600 DigiUsb Emulator Loadstar Mensor Nidaq OmegaTemp Reference Tile 

Attaching device type D600 from file D:\Myeongjin\projects\SensorTestProject\setup\Quadratec_FingerTPS-hw.txt
7884605: Constructor found in factory.
7884630: Device created.
Resizing buffer to 10000 frames, recordsize = 12
7884752: Starting acquisition threads...
7884756: Device 0: Success. Done
7891863: Stopping acquisition thread:Device 0: is alive. Terminating... done.
7894856: Stopping acquisition thread:Device 0: was already terminated.
Destroying Hardware Manager 0000000048A997F0
Factory is purged
