Log file D:\Myeongjin\SensorTestProject\log\HwManager_00000200FB96E5E0.log created on 2021-08-10 at 04:13:10 PM
System Logging Level = 2
Creating Hardware Manager 00000200FB96E5E0...
Using Plugin folder of D:\Myeongjin\SensorTestProject\Assets\Plugins\x86_64\HwPlugins\
Building factory using searchPath D:\Myeongjin\SensorTestProject\Assets\Plugins\x86_64\HwPlugins\Hw*Lib.dll
Loading HwArrayG2Lib.dll...success!
Loading HwArrayG3Lib.dll...success!
Loading HwD600Lib.dll...success!
Loading HwDigiUsbLib.dll...success!
Loading HWEmulatorLib.dll...success!
Loading HWLoadstarLib.dll...success!
Loading HwMensorLib.dll...success!
Loading HwNidaqLib.dll...success!
Loading HwOmegaTempLib.dll...success!
Loading HwReferenceLib.dll...success!
Loading HWTileLib.dll...success!
Built factory for 11 plugins:
ArrayG2 ArrayG3 D600 DigiUsb Emulator Loadstar Mensor Nidaq OmegaTemp Reference Tile 

Attaching device type D600 from file D:\Myeongjin\SensorTestProject\setup\Quadratec_FingerTPS-hw.txt
744042: Constructor found in factory.
744045: Device created.
Resizing buffer to 10000 frames, recordsize = 12
744061: Starting acquisition threads...
744061: Device 0: Success. Done
958187: Stopping acquisition thread:Device 0: is alive. Terminating... done.
Destroying Hardware Manager 00000200FB96E5E0
Factory is purged
Log file D:\Myeongjin\SensorTestProject\log\HwManager_00000200FB96E5E0.log created on 2021-08-11 at 02:31:58 PM
System Logging Level = 2
Creating Hardware Manager 00000200FB96E5E0...
Using Plugin folder of D:\Myeongjin\SensorTestProject\Assets\Plugins\x86_64\HwPlugins\
Building factory using searchPath D:\Myeongjin\SensorTestProject\Assets\Plugins\x86_64\HwPlugins\Hw*Lib.dll
Loading HwArrayG2Lib.dll...success!
Loading HwArrayG3Lib.dll...success!
Loading HwD600Lib.dll...success!
Loading HwDigiUsbLib.dll...success!
Loading HWEmulatorLib.dll...success!
Loading HWLoadstarLib.dll...success!
Loading HwMensorLib.dll...success!
Loading HwNidaqLib.dll...success!
Loading HwOmegaTempLib.dll...success!
Loading HwReferenceLib.dll...success!
Loading HWTileLib.dll...success!
Built factory for 11 plugins:
ArrayG2 ArrayG3 D600 DigiUsb Emulator Loadstar Mensor Nidaq OmegaTemp Reference Tile 

Attaching device type D600 from file D:\Myeongjin\SensorTestProject\setup\Quadratec_FingerTPS-hw.txt
81072038: Constructor found in factory.
81072042: Device created.
Resizing buffer to 10000 frames, recordsize = 12
81072058: Starting acquisition threads...
81072058: Device 0: Success. Done
81079622: Stopping acquisition thread:Device 0: is alive. Terminating... done.
81080172: Stopping acquisition thread:Device 0: was already terminated.
Destroying Hardware Manager 00000200FB96E5E0
Factory is purged
