Log file D:\Myeongjin\SensorTestProject\log\HwManager_00000000589407F0.log created on 2020-12-16 at 03:45:16 PM
System Logging Level = 2
Creating Hardware Manager 00000000589407F0...
Using Plugin folder of D:\Myeongjin\SensorTestProject\Assets\Plugins\x86_64\HwPlugins\
Building factory using searchPath D:\Myeongjin\SensorTestProject\Assets\Plugins\x86_64\HwPlugins\Hw*Lib.dll
Loading HwArrayG2Lib.dll...success!
Loading HwArrayG3Lib.dll...success!
Loading HwD600Lib.dll...success!
Loading HwDigiUsbLib.dll...success!
Loading HWEmulatorLib.dll...success!
Loading HWLoadstarLib.dll...success!
Loading HwMensorLib.dll...success!
Loading HwNidaqLib.dll...success!
Loading HwOmegaTempLib.dll...success!
Loading HwReferenceLib.dll...success!
Loading HWTileLib.dll...success!
Built factory for 11 plugins:
ArrayG2 ArrayG3 D600 DigiUsb Emulator Loadstar Mensor Nidaq OmegaTemp Reference Tile 

Attaching device type D600 from file D:\Myeongjin\SensorTestProject\setup\Quadratec_FingerTPS-hw.txt
51222: Constructor found in factory.
51225: Device created.
Resizing buffer to 10000 frames, recordsize = 12
51239: Starting acquisition threads...
51240: Device 0: Success. Done
58766: Stopping acquisition thread:Device 0: is alive. Terminating... done.
59538: Stopping acquisition thread:Device 0: was already terminated.
Destroying Hardware Manager 00000000589407F0
Factory is purged
Log file D:\Myeongjin\SensorTestProject\log\HwManager_00000000589407F0.log created on 2020-12-16 at 03:48:37 PM
System Logging Level = 2
Creating Hardware Manager 00000000589407F0...
Using Plugin folder of D:\Myeongjin\SensorTestProject\Assets\Plugins\x86_64\HwPlugins\
Building factory using searchPath D:\Myeongjin\SensorTestProject\Assets\Plugins\x86_64\HwPlugins\Hw*Lib.dll
Loading HwArrayG2Lib.dll...success!
Loading HwArrayG3Lib.dll...success!
Loading HwD600Lib.dll...success!
Loading HwDigiUsbLib.dll...success!
Loading HWEmulatorLib.dll...success!
Loading HWLoadstarLib.dll...success!
Loading HwMensorLib.dll...success!
Loading HwNidaqLib.dll...success!
Loading HwOmegaTempLib.dll...success!
Loading HwReferenceLib.dll...success!
Loading HWTileLib.dll...success!
Built factory for 11 plugins:
ArrayG2 ArrayG3 D600 DigiUsb Emulator Loadstar Mensor Nidaq OmegaTemp Reference Tile 

Attaching device type D600 from file D:\Myeongjin\SensorTestProject\setup\Quadratec_FingerTPS-hw.txt
252227: Constructor found in factory.
252230: Device created.
Resizing buffer to 10000 frames, recordsize = 12
252244: Starting acquisition threads...
252245: Device 0: Success. Done
259771: Stopping acquisition thread:Device 0: is alive. Terminating... done.
260180: Stopping acquisition thread:Device 0: was already terminated.
Destroying Hardware Manager 00000000589407F0
Factory is purged
Log file D:\Myeongjin\SensorTestProject\log\HwManager_00000000589407F0.log created on 2020-12-16 at 03:53:19 PM
System Logging Level = 2
Creating Hardware Manager 00000000589407F0...
Using Plugin folder of D:\Myeongjin\SensorTestProject\Assets\Plugins\x86_64\HwPlugins\
Building factory using searchPath D:\Myeongjin\SensorTestProject\Assets\Plugins\x86_64\HwPlugins\Hw*Lib.dll
Loading HwArrayG2Lib.dll...success!
Loading HwArrayG3Lib.dll...success!
Loading HwD600Lib.dll...success!
Loading HwDigiUsbLib.dll...success!
Loading HWEmulatorLib.dll...success!
Loading HWLoadstarLib.dll...success!
Loading HwMensorLib.dll...success!
Loading HwNidaqLib.dll...success!
Loading HwOmegaTempLib.dll...success!
Loading HwReferenceLib.dll...success!
Loading HWTileLib.dll...success!
Built factory for 11 plugins:
ArrayG2 ArrayG3 D600 DigiUsb Emulator Loadstar Mensor Nidaq OmegaTemp Reference Tile 

Attaching device type D600 from file D:\Myeongjin\SensorTestProject\setup\Quadratec_FingerTPS-hw.txt
534216: Constructor found in factory.
534219: Device created.
Resizing buffer to 10000 frames, recordsize = 12
534233: Starting acquisition threads...
534234: Device 0: Success. Done
541759: Stopping acquisition thread:Device 0: is alive. Terminating... done.
542162: Stopping acquisition thread:Device 0: was already terminated.
Destroying Hardware Manager 00000000589407F0
Factory is purged
