Log file D:\Myeongjin\SensorTestProject\log\HwManager_000000005889CD80.log created on 2020-05-11 at 04:35:47 PM
System Logging Level = 2
Creating Hardware Manager 000000005889CD80...
Using Plugin folder of D:\Myeongjin\SensorTestProject\Assets\Plugins\x86_64\HwPlugins\
Building factory using searchPath D:\Myeongjin\SensorTestProject\Assets\Plugins\x86_64\HwPlugins\Hw*Lib.dll
Loading HwArrayG2Lib.dll...success!
Loading HwArrayG3Lib.dll...success!
Loading HwD600Lib.dll...success!
Loading HwDigiUsbLib.dll...success!
Loading HWEmulatorLib.dll...success!
Loading HWLoadstarLib.dll...success!
Loading HwMensorLib.dll...success!
Loading HwNidaqLib.dll...success!
Loading HwOmegaTempLib.dll...success!
Loading HwReferenceLib.dll...success!
Loading HWTileLib.dll...success!
Built factory for 11 plugins:
ArrayG2 ArrayG3 D600 DigiUsb Emulator Loadstar Mensor Nidaq OmegaTemp Reference Tile 

Attaching device type D600 from file D:\Myeongjin\SensorTestProject\setup\Quadratec_FingerTPS-hw.txt
21934245: Constructor found in factory.
21934348: Device created.
Resizing buffer to 10000 frames, recordsize = 12
21934936: Starting acquisition threads...
21934953: Device 0: Success. Done
21942954: Stopping acquisition thread:Device 0: is alive. Terminating... done.
21947126: Stopping acquisition thread:Device 0: was already terminated.
Destroying Hardware Manager 000000005889CD80
Factory is purged
