Log file F:\Unity projects\SensorTestProject\log\HwManager_000000003741E490.log created on 2020-04-02 at 11:12:13 Creating Hardware Manager 000000003741E490...
Using Plugin folder of F:\Unity projects\SensorTestProject\Assets\Plugins\x86_64\HwPlugins\
Building factory using searchPath F:\Unity projects\SensorTestProject\Assets\Plugins\x86_64\HwPlugins\Hw*Lib.dll
Loading HwArrayG2Lib.dll...success!
Loading HwArrayG3Lib.dll...success!
Loading HwD600Lib.dll...success!
Loading HwDigiUsbLib.dll...success!
Loading HWEmulatorLib.dll...success!
Loading HWLoadstarLib.dll...success!
Loading HwMensorLib.dll...success!
Loading HwNidaqLib.dll...success!
Loading HwOmegaTempLib.dll...success!
Loading HwReferenceLib.dll...success!
Loading HWTileLib.dll...success!
Built factory for 11 plugins:
ArrayG2 ArrayG3 D600 DigiUsb Emulator Loadstar Mensor Nidaq OmegaTemp Reference Tile 

Attaching device type D600 from file F:\Unity projects\SensorTestProject\setup\Quadratec_FingerTPS-hw.txt
496498: Constructor found in factory.
496515: Device created.
Resizing buffer to 10000 frames, recordsize = 12
496589: Starting acquisition threads...
496592: Device 0: Success. Done
1243679: Stopping acquisition thread:Device 0: is alive. Terminating... done.
Destroying Hardware Manager 000000003741E490
Factory is purged
