Log file D:\Myeongjin\SensorTestProject\log\HwManager_000000005006B280.log created on 2020-05-27 at 12:34:02 PM
System Logging Level = 2
Creating Hardware Manager 000000005006B280...
Using Plugin folder of D:\Myeongjin\SensorTestProject\Assets\Plugins\x86_64\HwPlugins\
Building factory using searchPath D:\Myeongjin\SensorTestProject\Assets\Plugins\x86_64\HwPlugins\Hw*Lib.dll
Loading HwArrayG2Lib.dll...success!
Loading HwArrayG3Lib.dll...success!
Loading HwD600Lib.dll...success!
Loading HwDigiUsbLib.dll...success!
Loading HWEmulatorLib.dll...success!
Loading HWLoadstarLib.dll...success!
Loading HwMensorLib.dll...success!
Loading HwNidaqLib.dll...success!
Loading HwOmegaTempLib.dll...success!
Loading HwReferenceLib.dll...success!
Loading HWTileLib.dll...success!
Built factory for 11 plugins:
ArrayG2 ArrayG3 D600 DigiUsb Emulator Loadstar Mensor Nidaq OmegaTemp Reference Tile 

Attaching device type D600 from file D:\Myeongjin\SensorTestProject\setup\Quadratec_FingerTPS-hw.txt
72769703: Constructor found in factory.
72769789: Device created.
Resizing buffer to 10000 frames, recordsize = 12
72770338: Starting acquisition threads...
72770355: Device 0: Success. Done
72779243: Stopping acquisition thread:Device 0: is alive. Terminating... done.
72780026: Stopping acquisition thread:Device 0: was already terminated.
Destroying Hardware Manager 000000005006B280
Factory is purged
Log file D:\Myeongjin\SensorTestProject\log\HwManager_000000005006B280.log created on 2020-05-27 at 02:07:06 PM
System Logging Level = 2
Creating Hardware Manager 000000005006B280...
Using Plugin folder of D:\Myeongjin\SensorTestProject\Assets\Plugins\x86_64\HwPlugins\
Building factory using searchPath D:\Myeongjin\SensorTestProject\Assets\Plugins\x86_64\HwPlugins\Hw*Lib.dll
Loading HwArrayG2Lib.dll...success!
Loading HwArrayG3Lib.dll...success!
Loading HwD600Lib.dll...success!
Loading HwDigiUsbLib.dll...success!
Loading HWEmulatorLib.dll...success!
Loading HWLoadstarLib.dll...success!
Loading HwMensorLib.dll...success!
Loading HwNidaqLib.dll...success!
Loading HwOmegaTempLib.dll...success!
Loading HwReferenceLib.dll...success!
Loading HWTileLib.dll...success!
Built factory for 11 plugins:
ArrayG2 ArrayG3 D600 DigiUsb Emulator Loadstar Mensor Nidaq OmegaTemp Reference Tile 

Attaching device type D600 from file D:\Myeongjin\SensorTestProject\setup\Quadratec_FingerTPS-hw.txt
78353736: Constructor found in factory.
78353825: Device created.
Resizing buffer to 10000 frames, recordsize = 12
78354385: Starting acquisition threads...
78354404: Device 0: Success. Done
78630254: Stopping acquisition thread:Device 0: is alive. Terminating... done.
Destroying Hardware Manager 000000005006B280
Factory is purged
