Log file D:\Myeongjin\projects\SensorTestProject\log\HwManager_000000004C8A9C50.log created on 2020-03-05 at 03:47:15 PM
System Logging Level = 2
Creating Hardware Manager 000000004C8A9C50...
Using Plugin folder of D:\Myeongjin\projects\SensorTestProject\Assets\Plugins\x86_64\HwPlugins\
Building factory using searchPath D:\Myeongjin\projects\SensorTestProject\Assets\Plugins\x86_64\HwPlugins\Hw*Lib.dll
Loading HwArrayG2Lib.dll...success!
Loading HwArrayG3Lib.dll...success!
Loading HwD600Lib.dll...success!
Loading HwDigiUsbLib.dll...success!
Loading HWEmulatorLib.dll...success!
Loading HWLoadstarLib.dll...success!
Loading HwMensorLib.dll...success!
Loading HwNidaqLib.dll...success!
Loading HwOmegaTempLib.dll...success!
Loading HwReferenceLib.dll...success!
Loading HWTileLib.dll...success!
Built factory for 11 plugins:
ArrayG2 ArrayG3 D600 DigiUsb Emulator Loadstar Mensor Nidaq OmegaTemp Reference Tile 

Attaching device type D600 from file D:\Myeongjin\projects\SensorTestProject\setup\Quadratec_FingerTPS-hw.txt
364685: Constructor found in factory.
364714: Device created.
Resizing buffer to 10000 frames, recordsize = 12
364852: Starting acquisition threads...
364856: Device 0: Success. Done
383574: Stopping acquisition thread:Device 0: is alive. Terminating... done.
Destroying Hardware Manager 000000004C8A9C50
Factory is purged
Log file D:\Myeongjin\projects\SensorTestProject\log\HwManager_000000004C8A9C50.log created on 2020-03-05 at 03:52:38 PM
System Logging Level = 2
Creating Hardware Manager 000000004C8A9C50...
Using Plugin folder of D:\Myeongjin\projects\SensorTestProject\Assets\Plugins\x86_64\HwPlugins\
Building factory using searchPath D:\Myeongjin\projects\SensorTestProject\Assets\Plugins\x86_64\HwPlugins\Hw*Lib.dll
Loading HwArrayG2Lib.dll...success!
Loading HwArrayG3Lib.dll...success!
Loading HwD600Lib.dll...success!
Loading HwDigiUsbLib.dll...success!
Loading HWEmulatorLib.dll...success!
Loading HWLoadstarLib.dll...success!
Loading HwMensorLib.dll...success!
Loading HwNidaqLib.dll...success!
Loading HwOmegaTempLib.dll...success!
Loading HwReferenceLib.dll...success!
Loading HWTileLib.dll...success!
Built factory for 11 plugins:
ArrayG2 ArrayG3 D600 DigiUsb Emulator Loadstar Mensor Nidaq OmegaTemp Reference Tile 

Attaching device type D600 from file D:\Myeongjin\projects\SensorTestProject\setup\Quadratec_FingerTPS-hw.txt
687812: Constructor found in factory.
687841: Device created.
Resizing buffer to 10000 frames, recordsize = 12
687991: Starting acquisition threads...
687997: Device 0: Success. Done
728774: Stopping acquisition thread:Device 0: is alive. Terminating... done.
Destroying Hardware Manager 000000004C8A9C50
Factory is purged
Log file D:\Myeongjin\projects\SensorTestProject\log\HwManager_000000004C8A9C50.log created on 2020-03-05 at 04:07:25 PM
System Logging Level = 2
Creating Hardware Manager 000000004C8A9C50...
Using Plugin folder of D:\Myeongjin\projects\SensorTestProject\Assets\Plugins\x86_64\HwPlugins\
Building factory using searchPath D:\Myeongjin\projects\SensorTestProject\Assets\Plugins\x86_64\HwPlugins\Hw*Lib.dll
Loading HwArrayG2Lib.dll...success!
Loading HwArrayG3Lib.dll...success!
Loading HwD600Lib.dll...success!
Loading HwDigiUsbLib.dll...success!
Loading HWEmulatorLib.dll...success!
Loading HWLoadstarLib.dll...success!
Loading HwMensorLib.dll...success!
Loading HwNidaqLib.dll...success!
Loading HwOmegaTempLib.dll...success!
Loading HwReferenceLib.dll...success!
Loading HWTileLib.dll...success!
Built factory for 11 plugins:
ArrayG2 ArrayG3 D600 DigiUsb Emulator Loadstar Mensor Nidaq OmegaTemp Reference Tile 

Attaching device type D600 from file D:\Myeongjin\projects\SensorTestProject\setup\Quadratec_FingerTPS-hw.txt
1574660: Constructor found in factory.
1574689: Device created.
Resizing buffer to 10000 frames, recordsize = 12
1574823: Starting acquisition threads...
1574827: Device 0: Success. Done
1640001: Stopping acquisition thread:Device 0: is alive. Terminating... done.
Destroying Hardware Manager 000000004C8A9C50
Factory is purged
