Log file D:\Myeongjin\SensorTestProject\log\HwManager_0000000053E6D2B0.log created on 2020-04-16 at 11:57:12 AM
System Logging Level = 2
Creating Hardware Manager 0000000053E6D2B0...
Using Plugin folder of D:\Myeongjin\SensorTestProject\Assets\Plugins\x86_64\HwPlugins\
Building factory using searchPath D:\Myeongjin\SensorTestProject\Assets\Plugins\x86_64\HwPlugins\Hw*Lib.dll
Loading HwArrayG2Lib.dll...success!
Loading HwArrayG3Lib.dll...success!
Loading HwD600Lib.dll...success!
Loading HwDigiUsbLib.dll...success!
Loading HWEmulatorLib.dll...success!
Loading HWLoadstarLib.dll...success!
Loading HwMensorLib.dll...success!
Loading HwNidaqLib.dll...success!
Loading HwOmegaTempLib.dll...success!
Loading HwReferenceLib.dll...success!
Loading HWTileLib.dll...success!
Built factory for 11 plugins:
ArrayG2 ArrayG3 D600 DigiUsb Emulator Loadstar Mensor Nidaq OmegaTemp Reference Tile 

Attaching device type D600 from file D:\Myeongjin\SensorTestProject\setup\Quadratec_FingerTPS-hw.txt
11035033: Constructor found in factory.
11035043: Device created.
Resizing buffer to 10000 frames, recordsize = 12
11035085: Starting acquisition threads...
11035087: Device 0: Success. Done
11192292: Stopping acquisition thread:Device 0: is alive. Terminating... done.
Destroying Hardware Manager 0000000053E6D2B0
Factory is purged
Log file D:\Myeongjin\SensorTestProject\log\HwManager_0000000053E6D2B0.log created on 2020-04-16 at 07:15:15 PM
System Logging Level = 2
Creating Hardware Manager 0000000053E6D2B0...
Using Plugin folder of D:\Myeongjin\SensorTestProject\Assets\Plugins\x86_64\HwPlugins\
Building factory using searchPath D:\Myeongjin\SensorTestProject\Assets\Plugins\x86_64\HwPlugins\Hw*Lib.dll
Loading HwArrayG2Lib.dll...success!
Loading HwArrayG3Lib.dll...success!
Loading HwD600Lib.dll...success!
Loading HwDigiUsbLib.dll...success!
Loading HWEmulatorLib.dll...success!
Loading HWLoadstarLib.dll...success!
Loading HwMensorLib.dll...success!
Loading HwNidaqLib.dll...success!
Loading HwOmegaTempLib.dll...success!
Loading HwReferenceLib.dll...success!
Loading HWTileLib.dll...success!
Built factory for 11 plugins:
ArrayG2 ArrayG3 D600 DigiUsb Emulator Loadstar Mensor Nidaq OmegaTemp Reference Tile 

Attaching device type D600 from file D:\Myeongjin\SensorTestProject\setup\Quadratec_FingerTPS-hw.txt
37318024: Constructor found in factory.
37318035: Device created.
Resizing buffer to 10000 frames, recordsize = 12
37318080: Starting acquisition threads...
37318082: Device 0: Success. Done
37382902: Stopping acquisition thread:Device 0: is alive. Terminating... done.
Destroying Hardware Manager 0000000053E6D2B0
Factory is purged
