Log file D:\Myeongjin\SensorTestProject\log\HwManager_0000000053E6D300.log created on 2020-04-16 at 09:02:50 AM
System Logging Level = 2
Creating Hardware Manager 0000000053E6D300...
Using Plugin folder of D:\Myeongjin\SensorTestProject\Assets\Plugins\x86_64\HwPlugins\
Building factory using searchPath D:\Myeongjin\SensorTestProject\Assets\Plugins\x86_64\HwPlugins\Hw*Lib.dll
Loading HwArrayG2Lib.dll...success!
Loading HwArrayG3Lib.dll...success!
Loading HwD600Lib.dll...success!
Loading HwDigiUsbLib.dll...success!
Loading HWEmulatorLib.dll...success!
Loading HWLoadstarLib.dll...success!
Loading HwMensorLib.dll...success!
Loading HwNidaqLib.dll...success!
Loading HwOmegaTempLib.dll...success!
Loading HwReferenceLib.dll...success!
Loading HWTileLib.dll...success!
Built factory for 11 plugins:
ArrayG2 ArrayG3 D600 DigiUsb Emulator Loadstar Mensor Nidaq OmegaTemp Reference Tile 

Attaching device type D600 from file D:\Myeongjin\SensorTestProject\setup\Quadratec_FingerTPS-hw.txt
573147: Constructor found in factory.
573171: Device created.
Resizing buffer to 10000 frames, recordsize = 12
573291: Starting acquisition threads...
573295: Device 0: Success. Done
600697: Stopping acquisition thread:Device 0: is alive. Terminating... done.
Destroying Hardware Manager 0000000053E6D300
Factory is purged
Log file D:\Myeongjin\SensorTestProject\log\HwManager_0000000053E6D300.log created on 2020-04-16 at 08:27:04 PM
System Logging Level = 2
Creating Hardware Manager 0000000053E6D300...
Using Plugin folder of D:\Myeongjin\SensorTestProject\Assets\Plugins\x86_64\HwPlugins\
Building factory using searchPath D:\Myeongjin\SensorTestProject\Assets\Plugins\x86_64\HwPlugins\Hw*Lib.dll
Loading HwArrayG2Lib.dll...success!
Loading HwArrayG3Lib.dll...success!
Loading HwD600Lib.dll...success!
Loading HwDigiUsbLib.dll...success!
Loading HWEmulatorLib.dll...success!
Loading HWLoadstarLib.dll...success!
Loading HwMensorLib.dll...success!
Loading HwNidaqLib.dll...success!
Loading HwOmegaTempLib.dll...success!
Loading HwReferenceLib.dll...success!
Loading HWTileLib.dll...success!
Built factory for 11 plugins:
ArrayG2 ArrayG3 D600 DigiUsb Emulator Loadstar Mensor Nidaq OmegaTemp Reference Tile 

Attaching device type D600 from file D:\Myeongjin\SensorTestProject\setup\Quadratec_FingerTPS-hw.txt
41627019: Constructor found in factory.
41627029: Device created.
Resizing buffer to 10000 frames, recordsize = 12
41627071: Starting acquisition threads...
41627072: Device 0: Success. Done
42332444: Stopping acquisition thread:Device 0: is alive. Terminating... done.
Destroying Hardware Manager 0000000053E6D300
Factory is purged
