Log file D:\Myeongjin\SensorTestProject\log\HwManager_00000000441EE550.log created on 2020-08-19 at 03:48:09 PM
System Logging Level = 2
Creating Hardware Manager 00000000441EE550...
Using Plugin folder of D:\Myeongjin\SensorTestProject\Assets\Plugins\x86_64\HwPlugins\
Building factory using searchPath D:\Myeongjin\SensorTestProject\Assets\Plugins\x86_64\HwPlugins\Hw*Lib.dll
Loading HwArrayG2Lib.dll...success!
Loading HwArrayG3Lib.dll...success!
Loading HwD600Lib.dll...success!
Loading HwDigiUsbLib.dll...success!
Loading HWEmulatorLib.dll...success!
Loading HWLoadstarLib.dll...success!
Loading HwMensorLib.dll...success!
Loading HwNidaqLib.dll...success!
Loading HwOmegaTempLib.dll...success!
Loading HwReferenceLib.dll...success!
Loading HWTileLib.dll...success!
Built factory for 11 plugins:
ArrayG2 ArrayG3 D600 DigiUsb Emulator Loadstar Mensor Nidaq OmegaTemp Reference Tile 

Attaching device type D600 from file D:\Myeongjin\SensorTestProject\setup\Quadratec_FingerTPS-hw.txt
70452: Constructor found in factory.
70514: Device created.
Resizing buffer to 10000 frames, recordsize = 12
70868: Starting acquisition threads...
70878: Device 0: Success. Done
121981: Stopping acquisition thread:Device 0: is alive. Terminating... done.
Destroying Hardware Manager 00000000441EE550
Factory is purged
