Log file F:\Unity projects\SensorTestProject\log\HwManager_000000004D5BE4E0.log created on 2020-03-26 at 05:45:30 Creating Hardware Manager 000000004D5BE4E0...
Using Plugin folder of F:\Unity projects\SensorTestProject\Assets\Plugins\x86_64\HwPlugins\
Building factory using searchPath F:\Unity projects\SensorTestProject\Assets\Plugins\x86_64\HwPlugins\Hw*Lib.dll
Loading HwArrayG2Lib.dll...success!
Loading HwArrayG3Lib.dll...success!
Loading HwD600Lib.dll...success!
Loading HwDigiUsbLib.dll...success!
Loading HWEmulatorLib.dll...success!
Loading HWLoadstarLib.dll...success!
Loading HwMensorLib.dll...success!
Loading HwNidaqLib.dll...success!
Loading HwOmegaTempLib.dll...success!
Loading HwReferenceLib.dll...success!
Loading HWTileLib.dll...success!
Built factory for 11 plugins:
ArrayG2 ArrayG3 D600 DigiUsb Emulator Loadstar Mensor Nidaq OmegaTemp Reference Tile 

Attaching device type D600 from file F:\Unity projects\SensorTestProject\setup\Quadratec_FingerTPS-hw.txt
156742: Constructor found in factory.
156755: Device created.
Resizing buffer to 10000 frames, recordsize = 12
156810: Starting acquisition threads...
156811: Device 0: Success. Done
213894: Stopping acquisition thread:Device 0: is alive. Terminating... done.
Destroying Hardware Manager 000000004D5BE4E0
Factory is purged
Log file F:\Unity projects\SensorTestProject\log\HwManager_000000004D5BE4E0.log created on 2020-03-30 at 06:45:13 Creating Hardware Manager 000000004D5BE4E0...
Using Plugin folder of F:\Unity projects\SensorTestProject\Assets\Plugins\x86_64\HwPlugins\
Building factory using searchPath F:\Unity projects\SensorTestProject\Assets\Plugins\x86_64\HwPlugins\Hw*Lib.dll
Loading HwArrayG2Lib.dll...success!
Loading HwArrayG3Lib.dll...success!
Loading HwD600Lib.dll...success!
Loading HwDigiUsbLib.dll...success!
Loading HWEmulatorLib.dll...success!
Loading HWLoadstarLib.dll...success!
Loading HwMensorLib.dll...success!
Loading HwNidaqLib.dll...success!
Loading HwOmegaTempLib.dll...success!
Loading HwReferenceLib.dll...success!
Loading HWTileLib.dll...success!
Built factory for 11 plugins:
ArrayG2 ArrayG3 D600 DigiUsb Emulator Loadstar Mensor Nidaq OmegaTemp Reference Tile 

Attaching device type D600 from file F:\Unity projects\SensorTestProject\setup\Quadratec_FingerTPS-hw.txt
345739754: Constructor found in factory.
345739769: Device created.
Resizing buffer to 10000 frames, recordsize = 12
345739835: Starting acquisition threads...
345739838: Device 0: Success. Done
346027525: Stopping acquisition thread:Device 0: is alive. Terminating... done.
Destroying Hardware Manager 000000004D5BE4E0
Factory is purged
