Log file D:\Myeongjin\projects\SensorTestProject\log\HwManager_0000000048A997A0.log created on 2020-03-05 at 12:48:33 PM
System Logging Level = 2
Creating Hardware Manager 0000000048A997A0...
Using Plugin folder of D:\Myeongjin\projects\SensorTestProject\Assets\Plugins\x86_64\HwPlugins\
Building factory using searchPath D:\Myeongjin\projects\SensorTestProject\Assets\Plugins\x86_64\HwPlugins\Hw*Lib.dll
Loading HwArrayG2Lib.dll...success!
Loading HwArrayG3Lib.dll...success!
Loading HwD600Lib.dll...success!
Loading HwDigiUsbLib.dll...success!
Loading HWEmulatorLib.dll...success!
Loading HWLoadstarLib.dll...success!
Loading HwMensorLib.dll...success!
Loading HwNidaqLib.dll...success!
Loading HwOmegaTempLib.dll...success!
Loading HwReferenceLib.dll...success!
Loading HWTileLib.dll...success!
Built factory for 11 plugins:
ArrayG2 ArrayG3 D600 DigiUsb Emulator Loadstar Mensor Nidaq OmegaTemp Reference Tile 

Attaching device type D600 from file D:\Myeongjin\projects\SensorTestProject\setup\Quadratec_FingerTPS-hw.txt
7262666: Constructor found in factory.
7262697: Device created.
Resizing buffer to 10000 frames, recordsize = 12
7262848: Starting acquisition threads...
7262852: Device 0: Success. Done
7271479: Stopping acquisition thread:Device 0: is alive. Terminating... done.
7272265: Stopping acquisition thread:Device 0: was already terminated.
Destroying Hardware Manager 0000000048A997A0
Factory is purged
