Log file D:\Myeongjin\SensorTestProject\log\HwManager_0000000053E6D620.log created on 2020-04-16 at 12:00:35 PM
System Logging Level = 2
Creating Hardware Manager 0000000053E6D620...
Using Plugin folder of D:\Myeongjin\SensorTestProject\Assets\Plugins\x86_64\HwPlugins\
Building factory using searchPath D:\Myeongjin\SensorTestProject\Assets\Plugins\x86_64\HwPlugins\Hw*Lib.dll
Loading HwArrayG2Lib.dll...success!
Loading HwArrayG3Lib.dll...success!
Loading HwD600Lib.dll...success!
Loading HwDigiUsbLib.dll...success!
Loading HWEmulatorLib.dll...success!
Loading HWLoadstarLib.dll...success!
Loading HwMensorLib.dll...success!
Loading HwNidaqLib.dll...success!
Loading HwOmegaTempLib.dll...success!
Loading HwReferenceLib.dll...success!
Loading HWTileLib.dll...success!
Built factory for 11 plugins:
ArrayG2 ArrayG3 D600 DigiUsb Emulator Loadstar Mensor Nidaq OmegaTemp Reference Tile 

Attaching device type D600 from file D:\Myeongjin\SensorTestProject\setup\Quadratec_FingerTPS-hw.txt
11238040: Constructor found in factory.
11238049: Device created.
Resizing buffer to 10000 frames, recordsize = 12
11238095: Starting acquisition threads...
11238097: Device 0: Success. Done
11324652: Stopping acquisition thread:Device 0: is alive. Terminating... done.
Destroying Hardware Manager 0000000053E6D620
Factory is purged
Log file D:\Myeongjin\SensorTestProject\log\HwManager_0000000053E6D620.log created on 2020-04-16 at 12:14:15 PM
System Logging Level = 2
Creating Hardware Manager 0000000053E6D620...
Using Plugin folder of D:\Myeongjin\SensorTestProject\Assets\Plugins\x86_64\HwPlugins\
Building factory using searchPath D:\Myeongjin\SensorTestProject\Assets\Plugins\x86_64\HwPlugins\Hw*Lib.dll
Loading HwArrayG2Lib.dll...success!
Loading HwArrayG3Lib.dll...success!
Loading HwD600Lib.dll...success!
Loading HwDigiUsbLib.dll...success!
Loading HWEmulatorLib.dll...success!
Loading HWLoadstarLib.dll...success!
Loading HwMensorLib.dll...success!
Loading HwNidaqLib.dll...success!
Loading HwOmegaTempLib.dll...success!
Loading HwReferenceLib.dll...success!
Loading HWTileLib.dll...success!
Built factory for 11 plugins:
ArrayG2 ArrayG3 D600 DigiUsb Emulator Loadstar Mensor Nidaq OmegaTemp Reference Tile 

Attaching device type D600 from file D:\Myeongjin\SensorTestProject\setup\Quadratec_FingerTPS-hw.txt
12058058: Constructor found in factory.
12058072: Device created.
Resizing buffer to 10000 frames, recordsize = 12
12058124: Starting acquisition threads...
12058125: Device 0: Success. Done
12297176: Stopping acquisition thread:Device 0: is alive. Terminating... done.
Destroying Hardware Manager 0000000053E6D620
Factory is purged
