Log file D:\Myeongjin\SensorTestProject\log\HwManager_0000012E5C84DD90.log created on 2021-04-14 at 01:06:05 PM
System Logging Level = 2
Creating Hardware Manager 0000012E5C84DD90...
Using Plugin folder of D:\Myeongjin\SensorTestProject\Assets\Plugins\x86_64\HwPlugins\
Building factory using searchPath D:\Myeongjin\SensorTestProject\Assets\Plugins\x86_64\HwPlugins\Hw*Lib.dll
Loading HwArrayG2Lib.dll...success!
Loading HwArrayG3Lib.dll...success!
Loading HwD600Lib.dll...success!
Loading HwDigiUsbLib.dll...success!
Loading HWEmulatorLib.dll...success!
Loading HWLoadstarLib.dll...success!
Loading HwMensorLib.dll...success!
Loading HwNidaqLib.dll...success!
Loading HwOmegaTempLib.dll...success!
Loading HwReferenceLib.dll...success!
Loading HWTileLib.dll...success!
Built factory for 11 plugins:
ArrayG2 ArrayG3 D600 DigiUsb Emulator Loadstar Mensor Nidaq OmegaTemp Reference Tile 

Attaching device type D600 from file D:\Myeongjin\SensorTestProject\setup\Quadratec_FingerTPS-hw.txt
1050162: Constructor found in factory.
1050251: Device created.
Resizing buffer to 10000 frames, recordsize = 12
1050802: Starting acquisition threads...
1050817: Device 0: Success. Done
1068101: Stopping acquisition thread:Device 0: is alive. Terminating... done.
Destroying Hardware Manager 0000012E5C84DD90
Factory is purged
