Log file D:\Myeongjin\projects\SensorTestProejct\log\HwManager_000000003C32C3C0.log created on 2020-02-20 at 10:39:51 AM
System Logging Level = 2
Creating Hardware Manager 000000003C32C3C0...
Using Plugin folder of D:\Myeongjin\projects\SensorTestProejct\Assets\Plugins\x86_64\HwPlugins\
Building factory using searchPath D:\Myeongjin\projects\SensorTestProejct\Assets\Plugins\x86_64\HwPlugins\Hw*Lib.dll
Loading HwArrayG2Lib.dll...success!
Loading HwArrayG3Lib.dll...success!
Loading HwD600Lib.dll...success!
Loading HwDigiUsbLib.dll...success!
Loading HWEmulatorLib.dll...success!
Loading HWLoadstarLib.dll...success!
Loading HwMensorLib.dll...success!
Loading HwNidaqLib.dll...success!
Loading HwOmegaTempLib.dll...success!
Loading HwReferenceLib.dll...success!
Loading HWTileLib.dll...success!
Built factory for 11 plugins:
ArrayG2 ArrayG3 D600 DigiUsb Emulator Loadstar Mensor Nidaq OmegaTemp Reference Tile 

Attaching device type D600 from file D:\Myeongjin\projects\SensorTestProejct\setup\Quadratec_FingerTPS-hw.txt
133785: Constructor found in factory.
133809: Device created.
Resizing buffer to 10000 frames, recordsize = 12
133935: Starting acquisition threads...
133939: Device 0: Success. Done
168144: Stopping acquisition thread:Device 0: is alive. Terminating... done.
Destroying Hardware Manager 000000003C32C3C0
Factory is purged
