Log file D:\Myeongjin\SensorTestProject\log\HwManager_0000000048DDC6E0.log created on 2021-01-27 at 11:07:29 AM
System Logging Level = 2
Creating Hardware Manager 0000000048DDC6E0...
Using Plugin folder of D:\Myeongjin\SensorTestProject\Assets\Plugins\x86_64\HwPlugins\
Building factory using searchPath D:\Myeongjin\SensorTestProject\Assets\Plugins\x86_64\HwPlugins\Hw*Lib.dll
Loading HwArrayG2Lib.dll...success!
Loading HwArrayG3Lib.dll...success!
Loading HwD600Lib.dll...success!
Loading HwDigiUsbLib.dll...success!
Loading HWEmulatorLib.dll...success!
Loading HWLoadstarLib.dll...success!
Loading HwMensorLib.dll...success!
Loading HwNidaqLib.dll...success!
Loading HwOmegaTempLib.dll...success!
Loading HwReferenceLib.dll...success!
Loading HWTileLib.dll...success!
Built factory for 11 plugins:
ArrayG2 ArrayG3 D600 DigiUsb Emulator Loadstar Mensor Nidaq OmegaTemp Reference Tile 

Attaching device type D600 from file D:\Myeongjin\SensorTestProject\setup\Quadratec_FingerTPS-hw.txt
1659140: Constructor found in factory.
1659227: Device created.
Resizing buffer to 10000 frames, recordsize = 12
1659758: Starting acquisition threads...
1659773: Device 0: Success. Done
1948577: Stopping acquisition thread:Device 0: is alive. Terminating... done.
Destroying Hardware Manager 0000000048DDC6E0
Factory is purged
Log file D:\Myeongjin\SensorTestProject\log\HwManager_0000000048DDC6E0.log created on 2021-01-27 at 11:14:27 AM
System Logging Level = 2
Creating Hardware Manager 0000000048DDC6E0...
Using Plugin folder of D:\Myeongjin\SensorTestProject\Assets\Plugins\x86_64\HwPlugins\
Building factory using searchPath D:\Myeongjin\SensorTestProject\Assets\Plugins\x86_64\HwPlugins\Hw*Lib.dll
Loading HwArrayG2Lib.dll...success!
Loading HwArrayG3Lib.dll...success!
Loading HwD600Lib.dll...success!
Loading HwDigiUsbLib.dll...success!
Loading HWEmulatorLib.dll...success!
Loading HWLoadstarLib.dll...success!
Loading HwMensorLib.dll...success!
Loading HwNidaqLib.dll...success!
Loading HwOmegaTempLib.dll...success!
Loading HwReferenceLib.dll...success!
Loading HWTileLib.dll...success!
Built factory for 11 plugins:
ArrayG2 ArrayG3 D600 DigiUsb Emulator Loadstar Mensor Nidaq OmegaTemp Reference Tile 

Attaching device type D600 from file D:\Myeongjin\SensorTestProject\setup\Quadratec_FingerTPS-hw.txt
2077270: Constructor found in factory.
2077373: Device created.
Resizing buffer to 10000 frames, recordsize = 12
2077975: Starting acquisition threads...
2077993: Device 0: Success. Done
2255063: Stopping acquisition thread:Device 0: is alive. Terminating... done.
Destroying Hardware Manager 0000000048DDC6E0
Factory is purged
