Log file D:\Myeongjin\SensorTestProject\log\HwManager_000002C58136CA30.log created on 2021-03-24 at 03:46:53 PM
System Logging Level = 2
Creating Hardware Manager 000002C58136CA30...
Using Plugin folder of D:\Myeongjin\SensorTestProject\Assets\Plugins\x86_64\HwPlugins\
Building factory using searchPath D:\Myeongjin\SensorTestProject\Assets\Plugins\x86_64\HwPlugins\Hw*Lib.dll
Loading HwArrayG2Lib.dll...success!
Loading HwArrayG3Lib.dll...success!
Loading HwD600Lib.dll...success!
Loading HwDigiUsbLib.dll...success!
Loading HWEmulatorLib.dll...success!
Loading HWLoadstarLib.dll...success!
Loading HwMensorLib.dll...success!
Loading HwNidaqLib.dll...success!
Loading HwOmegaTempLib.dll...success!
Loading HwReferenceLib.dll...success!
Loading HWTileLib.dll...success!
Built factory for 11 plugins:
ArrayG2 ArrayG3 D600 DigiUsb Emulator Loadstar Mensor Nidaq OmegaTemp Reference Tile 

Attaching device type D600 from file D:\Myeongjin\SensorTestProject\setup\Quadratec_FingerTPS-hw.txt
5519965: Constructor found in factory.
5520051: Device created.
Resizing buffer to 10000 frames, recordsize = 12
5520521: Starting acquisition threads...
5520535: Device 0: Success. Done
5573670: Stopping acquisition thread:Device 0: is alive. Terminating... done.
Destroying Hardware Manager 000002C58136CA30
Factory is purged
Log file D:\Myeongjin\SensorTestProject\log\HwManager_000002C58136CA30.log created on 2021-03-24 at 03:48:11 PM
System Logging Level = 2
Creating Hardware Manager 000002C58136CA30...
Using Plugin folder of D:\Myeongjin\SensorTestProject\Assets\Plugins\x86_64\HwPlugins\
Building factory using searchPath D:\Myeongjin\SensorTestProject\Assets\Plugins\x86_64\HwPlugins\Hw*Lib.dll
Loading HwArrayG2Lib.dll...success!
Loading HwArrayG3Lib.dll...success!
Loading HwD600Lib.dll...success!
Loading HwDigiUsbLib.dll...success!
Loading HWEmulatorLib.dll...success!
Loading HWLoadstarLib.dll...success!
Loading HwMensorLib.dll...success!
Loading HwNidaqLib.dll...success!
Loading HwOmegaTempLib.dll...success!
Loading HwReferenceLib.dll...success!
Loading HWTileLib.dll...success!
Built factory for 11 plugins:
ArrayG2 ArrayG3 D600 DigiUsb Emulator Loadstar Mensor Nidaq OmegaTemp Reference Tile 

Attaching device type D600 from file D:\Myeongjin\SensorTestProject\setup\Quadratec_FingerTPS-hw.txt
5597889: Constructor found in factory.
5597993: Device created.
Resizing buffer to 10000 frames, recordsize = 12
5598470: Starting acquisition threads...
5598485: Device 0: Success. Done
5634126: Stopping acquisition thread:Device 0: is alive. Terminating... done.
Destroying Hardware Manager 000002C58136CA30
Factory is purged
