Log file D:\Myeongjin\SensorTestProject\log\HwManager_00000200FB96E9A0.log created on 2021-08-10 at 04:22:48 PM
System Logging Level = 2
Creating Hardware Manager 00000200FB96E9A0...
Using Plugin folder of D:\Myeongjin\SensorTestProject\Assets\Plugins\x86_64\HwPlugins\
Building factory using searchPath D:\Myeongjin\SensorTestProject\Assets\Plugins\x86_64\HwPlugins\Hw*Lib.dll
Loading HwArrayG2Lib.dll...success!
Loading HwArrayG3Lib.dll...success!
Loading HwD600Lib.dll...success!
Loading HwDigiUsbLib.dll...success!
Loading HWEmulatorLib.dll...success!
Loading HWLoadstarLib.dll...success!
Loading HwMensorLib.dll...success!
Loading HwNidaqLib.dll...success!
Loading HwOmegaTempLib.dll...success!
Loading HwReferenceLib.dll...success!
Loading HWTileLib.dll...success!
Built factory for 11 plugins:
ArrayG2 ArrayG3 D600 DigiUsb Emulator Loadstar Mensor Nidaq OmegaTemp Reference Tile 

Attaching device type D600 from file D:\Myeongjin\SensorTestProject\setup\Quadratec_FingerTPS-hw.txt
1322034: Constructor found in factory.
1322037: Device created.
Resizing buffer to 10000 frames, recordsize = 12
1322052: Starting acquisition threads...
1322053: Device 0: Success. Done
1336603: Stopping acquisition thread:Device 0: is alive. Terminating... done.
Destroying Hardware Manager 00000200FB96E9A0
Factory is purged
Log file D:\Myeongjin\SensorTestProject\log\HwManager_00000200FB96E9A0.log created on 2021-08-18 at 11:22:29 AM
System Logging Level = 2
Creating Hardware Manager 00000200FB96E9A0...
Using Plugin folder of D:\Myeongjin\SensorTestProject\Assets\Plugins\x86_64\HwPlugins\
Building factory using searchPath D:\Myeongjin\SensorTestProject\Assets\Plugins\x86_64\HwPlugins\Hw*Lib.dll
Loading HwArrayG2Lib.dll...success!
Loading HwArrayG3Lib.dll...success!
Loading HwD600Lib.dll...success!
Loading HwDigiUsbLib.dll...success!
Loading HWEmulatorLib.dll...success!
Loading HWLoadstarLib.dll...success!
Loading HwMensorLib.dll...success!
Loading HwNidaqLib.dll...success!
Loading HwOmegaTempLib.dll...success!
Loading HwReferenceLib.dll...success!
Loading HWTileLib.dll...success!
Built factory for 11 plugins:
ArrayG2 ArrayG3 D600 DigiUsb Emulator Loadstar Mensor Nidaq OmegaTemp Reference Tile 

Attaching device type D600 from file D:\Myeongjin\SensorTestProject\setup\Quadratec_FingerTPS-hw.txt
674503082: Constructor found in factory.
674503085: Device created.
Resizing buffer to 10000 frames, recordsize = 12
674503175: Starting acquisition threads...
674503176: Device 0: Success. Done
674912431: Stopping acquisition thread:Device 0: is alive. Terminating... done.
Destroying Hardware Manager 00000200FB96E9A0
Factory is purged
Log file D:\Myeongjin\SensorTestProject\log\HwManager_00000200FB96E9A0.log created on 2021-08-18 at 11:51:30 AM
System Logging Level = 2
Creating Hardware Manager 00000200FB96E9A0...
Using Plugin folder of D:\Myeongjin\SensorTestProject\Assets\Plugins\x86_64\HwPlugins\
Building factory using searchPath D:\Myeongjin\SensorTestProject\Assets\Plugins\x86_64\HwPlugins\Hw*Lib.dll
Loading HwArrayG2Lib.dll...success!
Loading HwArrayG3Lib.dll...success!
Loading HwD600Lib.dll...success!
Loading HwDigiUsbLib.dll...success!
Loading HWEmulatorLib.dll...success!
Loading HWLoadstarLib.dll...success!
Loading HwMensorLib.dll...success!
Loading HwNidaqLib.dll...success!
Loading HwOmegaTempLib.dll...success!
Loading HwReferenceLib.dll...success!
Loading HWTileLib.dll...success!
Built factory for 11 plugins:
ArrayG2 ArrayG3 D600 DigiUsb Emulator Loadstar Mensor Nidaq OmegaTemp Reference Tile 

Attaching device type D600 from file D:\Myeongjin\SensorTestProject\setup\Quadratec_FingerTPS-hw.txt
676244030: Constructor found in factory.
676244081: Device created.
Resizing buffer to 10000 frames, recordsize = 12
676244096: Starting acquisition threads...
676244097: Device 0: Success. Done
680763925: Stopping acquisition thread:Device 0: is alive. Terminating... done.
Destroying Hardware Manager 00000200FB96E9A0
Factory is purged
