Log file D:\Myeongjin\SensorTestProject\log\HwManager_000002C58136CB70.log created on 2021-03-24 at 02:51:30 PM
System Logging Level = 2
Creating Hardware Manager 000002C58136CB70...
Using Plugin folder of D:\Myeongjin\SensorTestProject\Assets\Plugins\x86_64\HwPlugins\
Building factory using searchPath D:\Myeongjin\SensorTestProject\Assets\Plugins\x86_64\HwPlugins\Hw*Lib.dll
Loading HwArrayG2Lib.dll...success!
Loading HwArrayG3Lib.dll...success!
Loading HwD600Lib.dll...success!
Loading HwDigiUsbLib.dll...success!
Loading HWEmulatorLib.dll...success!
Loading HWLoadstarLib.dll...success!
Loading HwMensorLib.dll...success!
Loading HwNidaqLib.dll...success!
Loading HwOmegaTempLib.dll...success!
Loading HwReferenceLib.dll...success!
Loading HWTileLib.dll...success!
Built factory for 11 plugins:
ArrayG2 ArrayG3 D600 DigiUsb Emulator Loadstar Mensor Nidaq OmegaTemp Reference Tile 

Attaching device type D600 from file D:\Myeongjin\SensorTestProject\setup\Quadratec_FingerTPS-hw.txt
2196878: Constructor found in factory.
2196961: Device created.
Resizing buffer to 10000 frames, recordsize = 12
2197474: Starting acquisition threads...
2197488: Device 0: Success. Done
2276650: Stopping acquisition thread:Device 0: is alive. Terminating... done.
Destroying Hardware Manager 000002C58136CB70
Factory is purged
Log file D:\Myeongjin\SensorTestProject\log\HwManager_000002C58136CB70.log created on 2021-03-24 at 03:41:28 PM
System Logging Level = 2
Creating Hardware Manager 000002C58136CB70...
Using Plugin folder of D:\Myeongjin\SensorTestProject\Assets\Plugins\x86_64\HwPlugins\
Building factory using searchPath D:\Myeongjin\SensorTestProject\Assets\Plugins\x86_64\HwPlugins\Hw*Lib.dll
Loading HwArrayG2Lib.dll...success!
Loading HwArrayG3Lib.dll...success!
Loading HwD600Lib.dll...success!
Loading HwDigiUsbLib.dll...success!
Loading HWEmulatorLib.dll...success!
Loading HWLoadstarLib.dll...success!
Loading HwMensorLib.dll...success!
Loading HwNidaqLib.dll...success!
Loading HwOmegaTempLib.dll...success!
Loading HwReferenceLib.dll...success!
Loading HWTileLib.dll...success!
Built factory for 11 plugins:
ArrayG2 ArrayG3 D600 DigiUsb Emulator Loadstar Mensor Nidaq OmegaTemp Reference Tile 

Destroying Hardware Manager 000002C58136CB70
Factory is purged
Log file D:\Myeongjin\SensorTestProject\log\HwManager_000002C58136CB70.log created on 2021-03-24 at 03:44:36 PM
System Logging Level = 2
Creating Hardware Manager 000002C58136CB70...
Using Plugin folder of D:\Myeongjin\SensorTestProject\Assets\Plugins\x86_64\HwPlugins\
Building factory using searchPath D:\Myeongjin\SensorTestProject\Assets\Plugins\x86_64\HwPlugins\Hw*Lib.dll
Loading HwArrayG2Lib.dll...success!
Loading HwArrayG3Lib.dll...success!
Loading HwD600Lib.dll...success!
Loading HwDigiUsbLib.dll...success!
Loading HWEmulatorLib.dll...success!
Loading HWLoadstarLib.dll...success!
Loading HwMensorLib.dll...success!
Loading HwNidaqLib.dll...success!
Loading HwOmegaTempLib.dll...success!
Loading HwReferenceLib.dll...success!
Loading HWTileLib.dll...success!
Built factory for 11 plugins:
ArrayG2 ArrayG3 D600 DigiUsb Emulator Loadstar Mensor Nidaq OmegaTemp Reference Tile 

Attaching device type D600 from file D:\Myeongjin\SensorTestProject\setup\Quadratec_FingerTPS-hw.txt
5382896: Constructor found in factory.
5382975: Device created.
Resizing buffer to 10000 frames, recordsize = 12
5383479: Starting acquisition threads...
5383494: Device 0: Success. Done
5465212: Stopping acquisition thread:Device 0: is alive. Terminating... done.
Destroying Hardware Manager 000002C58136CB70
Factory is purged
