Log file D:\Myeongjin\SensorTestProject\log\HwManager_000000005C3216F0.log created on 2020-05-06 at 04:36:55 PM
System Logging Level = 2
Creating Hardware Manager 000000005C3216F0...
Using Plugin folder of D:\Myeongjin\SensorTestProject\Assets\Plugins\x86_64\HwPlugins\
Building factory using searchPath D:\Myeongjin\SensorTestProject\Assets\Plugins\x86_64\HwPlugins\Hw*Lib.dll
Loading HwArrayG2Lib.dll...success!
Loading HwArrayG3Lib.dll...success!
Loading HwD600Lib.dll...success!
Loading HwDigiUsbLib.dll...success!
Loading HWEmulatorLib.dll...success!
Loading HWLoadstarLib.dll...success!
Loading HwMensorLib.dll...success!
Loading HwNidaqLib.dll...success!
Loading HwOmegaTempLib.dll...success!
Loading HwReferenceLib.dll...success!
Loading HWTileLib.dll...success!
Built factory for 11 plugins:
ArrayG2 ArrayG3 D600 DigiUsb Emulator Loadstar Mensor Nidaq OmegaTemp Reference Tile 

Attaching device type D600 from file D:\Myeongjin\SensorTestProject\setup\Quadratec_FingerTPS-hw.txt
15856: Constructor found in factory.
15924: Device created.
Resizing buffer to 10000 frames, recordsize = 12
16940: Starting acquisition threads...
16951: Device 0: Success. Done
30449: Stopping acquisition thread:Device 0: is alive. Terminating... done.
Destroying Hardware Manager 000000005C3216F0
Factory is purged
