Log file F:\Unity projects\SensorTestProject\log\HwManager_000000004D5BE080.log created on 2020-03-26 at 09:40:21 Creating Hardware Manager 000000004D5BE080...
Using Plugin folder of F:\Unity projects\SensorTestProject\Assets\Plugins\x86_64\HwPlugins\
Building factory using searchPath F:\Unity projects\SensorTestProject\Assets\Plugins\x86_64\HwPlugins\Hw*Lib.dll
Loading HwArrayG2Lib.dll...success!
Loading HwArrayG3Lib.dll...success!
Loading HwD600Lib.dll...success!
Loading HwDigiUsbLib.dll...success!
Loading HWEmulatorLib.dll...success!
Loading HWLoadstarLib.dll...success!
Loading HwMensorLib.dll...success!
Loading HwNidaqLib.dll...success!
Loading HwOmegaTempLib.dll...success!
Loading HwReferenceLib.dll...success!
Loading HWTileLib.dll...success!
Built factory for 11 plugins:
ArrayG2 ArrayG3 D600 DigiUsb Emulator Loadstar Mensor Nidaq OmegaTemp Reference Tile 

Attaching device type D600 from file F:\Unity projects\SensorTestProject\setup\Quadratec_FingerTPS-hw.txt
14247809: Constructor found in factory.
14247824: Device created.
Resizing buffer to 10000 frames, recordsize = 12
14247890: Starting acquisition threads...
14247892: Device 0: Success. Done
14318900: Stopping acquisition thread:Device 0: is alive. Terminating... done.
Destroying Hardware Manager 000000004D5BE080
Factory is purged
