Log file D:\Myeongjin\projects\SensorTestProject\log\HwManager_0000000048A99A20.log created on 2020-03-05 at 12:53:26 PM
System Logging Level = 2
Creating Hardware Manager 0000000048A99A20...
Using Plugin folder of D:\Myeongjin\projects\SensorTestProject\Assets\Plugins\x86_64\HwPlugins\
Building factory using searchPath D:\Myeongjin\projects\SensorTestProject\Assets\Plugins\x86_64\HwPlugins\Hw*Lib.dll
Loading HwArrayG2Lib.dll...success!
Loading HwArrayG3Lib.dll...success!
Loading HwD600Lib.dll...success!
Loading HwDigiUsbLib.dll...success!
Loading HWEmulatorLib.dll...success!
Loading HWLoadstarLib.dll...success!
Loading HwMensorLib.dll...success!
Loading HwNidaqLib.dll...success!
Loading HwOmegaTempLib.dll...success!
Loading HwReferenceLib.dll...success!
Loading HWTileLib.dll...success!
Built factory for 11 plugins:
ArrayG2 ArrayG3 D600 DigiUsb Emulator Loadstar Mensor Nidaq OmegaTemp Reference Tile 

Attaching device type D600 from file D:\Myeongjin\projects\SensorTestProject\setup\Quadratec_FingerTPS-hw.txt
7555815: Constructor found in factory.
7555845: Device created.
Resizing buffer to 10000 frames, recordsize = 12
7555991: Starting acquisition threads...
7555996: Device 0: Success. Done
7564129: Stopping acquisition thread:Device 0: is alive. Terminating... done.
7564749: Stopping acquisition thread:Device 0: was already terminated.
Destroying Hardware Manager 0000000048A99A20
Factory is purged
