Log file D:\Myeongjin\projects\SensorTestProject\log\HwManager_0000000044339B10.log created on 2020-03-04 at 11:17:14 AM
System Logging Level = 2
Creating Hardware Manager 0000000044339B10...
Using Plugin folder of D:\Myeongjin\projects\SensorTestProject\Assets\Plugins\x86_64\HwPlugins\
Building factory using searchPath D:\Myeongjin\projects\SensorTestProject\Assets\Plugins\x86_64\HwPlugins\Hw*Lib.dll
Loading HwArrayG2Lib.dll...success!
Loading HwArrayG3Lib.dll...success!
Loading HwD600Lib.dll...success!
Loading HwDigiUsbLib.dll...success!
Loading HWEmulatorLib.dll...success!
Loading HWLoadstarLib.dll...success!
Loading HwMensorLib.dll...success!
Loading HwNidaqLib.dll...success!
Loading HwOmegaTempLib.dll...success!
Loading HwReferenceLib.dll...success!
Loading HWTileLib.dll...success!
Built factory for 11 plugins:
ArrayG2 ArrayG3 D600 DigiUsb Emulator Loadstar Mensor Nidaq OmegaTemp Reference Tile 

Attaching device type D600 from file D:\Myeongjin\projects\SensorTestProject\setup\Quadratec_FingerTPS-hw.txt
2732278: Constructor found in factory.
2732314: Device created.
Resizing buffer to 10000 frames, recordsize = 12
2732489: Starting acquisition threads...
2732494: Device 0: Success. Done
2878941: Stopping acquisition thread:Device 0: is alive. Terminating... done.
Destroying Hardware Manager 0000000044339B10
Factory is purged
Log file D:\Myeongjin\projects\SensorTestProject\log\HwManager_0000000044339B10.log created on 2020-03-04 at 12:45:49 PM
System Logging Level = 2
Creating Hardware Manager 0000000044339B10...
Using Plugin folder of D:\Myeongjin\projects\SensorTestProject\Assets\Plugins\x86_64\HwPlugins\
Building factory using searchPath D:\Myeongjin\projects\SensorTestProject\Assets\Plugins\x86_64\HwPlugins\Hw*Lib.dll
Loading HwArrayG2Lib.dll...success!
Loading HwArrayG3Lib.dll...success!
Loading HwD600Lib.dll...success!
Loading HwDigiUsbLib.dll...success!
Loading HWEmulatorLib.dll...success!
Loading HWLoadstarLib.dll...success!
Loading HwMensorLib.dll...success!
Loading HwNidaqLib.dll...success!
Loading HwOmegaTempLib.dll...success!
Loading HwReferenceLib.dll...success!
Loading HWTileLib.dll...success!
Built factory for 11 plugins:
ArrayG2 ArrayG3 D600 DigiUsb Emulator Loadstar Mensor Nidaq OmegaTemp Reference Tile 

Attaching device type D600 from file D:\Myeongjin\projects\SensorTestProject\setup\Quadratec_FingerTPS-hw.txt
8047149: Constructor found in factory.
8047182: Device created.
Resizing buffer to 10000 frames, recordsize = 12
8047340: Starting acquisition threads...
8047344: Device 0: Success. Done
8115848: Stopping acquisition thread:Device 0: is alive. Terminating... done.
Destroying Hardware Manager 0000000044339B10
Factory is purged
