Log file D:\Myeongjin\projects\SensorTestProject\log\HwManager_0000000048FC6D70.log created on 2020-02-25 at 03:23:22 PM
System Logging Level = 3
Creating Hardware Manager 0000000048FC6D70...
Using Plugin folder of D:\Myeongjin\projects\SensorTestProject\Assets\Plugins\x86_64\HwPlugins\
Building factory using searchPath D:\Myeongjin\projects\SensorTestProject\Assets\Plugins\x86_64\HwPlugins\Hw*Lib.dll
Loading HwArrayG2Lib.dll...success!
Loading HwArrayG3Lib.dll...success!
Loading HwD600Lib.dll...success!
Loading HwDigiUsbLib.dll...success!
Loading HWEmulatorLib.dll...success!
Loading HWLoadstarLib.dll...success!
Loading HwMensorLib.dll...success!
Loading HwNidaqLib.dll...success!
Loading HwOmegaTempLib.dll...success!
Loading HwReferenceLib.dll...success!
Loading HWTileLib.dll...success!
Built factory for 11 plugins:
ArrayG2 ArrayG3 D600 DigiUsb Emulator Loadstar Mensor Nidaq OmegaTemp Reference Tile 

Attaching device type D600 from file D:\Myeongjin\projects\SensorTestProject\setup\Quadratec_FingerTPS-hw.txt
15964: Constructor found in factory.
15999: Device created.
Resizing buffer to 10000 frames, recordsize = 12
16562: Starting acquisition threads...
16566: Device 0: Success. Done
17693: Stopping acquisition thread:Device 0: is alive. Terminating... done.
Removing back inserter
19048: Stopping acquisition thread:Device 0: was already terminated.
Removing back inserter
Destroying Hardware Manager 0000000048FC6D70
Factory is purged
