Log file D:\Myeongjin\SensorTestProject\log\HwManager_0000029856F22190.log created on 2021-03-11 at 01:39:07 PM
System Logging Level = 2
Creating Hardware Manager 0000029856F22190...
Using Plugin folder of D:\Myeongjin\SensorTestProject\Assets\Plugins\x86_64\HwPlugins\
Building factory using searchPath D:\Myeongjin\SensorTestProject\Assets\Plugins\x86_64\HwPlugins\Hw*Lib.dll
Loading HwArrayG2Lib.dll...success!
Loading HwArrayG3Lib.dll...success!
Loading HwD600Lib.dll...success!
Loading HwDigiUsbLib.dll...success!
Loading HWEmulatorLib.dll...success!
Loading HWLoadstarLib.dll...success!
Loading HwMensorLib.dll...success!
Loading HwNidaqLib.dll...success!
Loading HwOmegaTempLib.dll...success!
Loading HwReferenceLib.dll...success!
Loading HWTileLib.dll...success!
Built factory for 11 plugins:
ArrayG2 ArrayG3 D600 DigiUsb Emulator Loadstar Mensor Nidaq OmegaTemp Reference Tile 

Attaching device type D600 from file D:\Myeongjin\SensorTestProject\setup\Quadratec_FingerTPS-hw.txt
3594398: Constructor found in factory.
3594490: Device created.
Resizing buffer to 10000 frames, recordsize = 12
3595087: Starting acquisition threads...
3595103: Device 0: Success. Done
3671389: Stopping acquisition thread:Device 0: is alive. Terminating... done.
Destroying Hardware Manager 0000029856F22190
Factory is purged
Log file D:\Myeongjin\SensorTestProject\log\HwManager_0000029856F22190.log created on 2021-03-11 at 01:42:35 PM
System Logging Level = 2
Creating Hardware Manager 0000029856F22190...
Using Plugin folder of D:\Myeongjin\SensorTestProject\Assets\Plugins\x86_64\HwPlugins\
Building factory using searchPath D:\Myeongjin\SensorTestProject\Assets\Plugins\x86_64\HwPlugins\Hw*Lib.dll
Loading HwArrayG2Lib.dll...success!
Loading HwArrayG3Lib.dll...success!
Loading HwD600Lib.dll...success!
Loading HwDigiUsbLib.dll...success!
Loading HWEmulatorLib.dll...success!
Loading HWLoadstarLib.dll...success!
Loading HwMensorLib.dll...success!
Loading HwNidaqLib.dll...success!
Loading HwOmegaTempLib.dll...success!
Loading HwReferenceLib.dll...success!
Loading HWTileLib.dll...success!
Built factory for 11 plugins:
ArrayG2 ArrayG3 D600 DigiUsb Emulator Loadstar Mensor Nidaq OmegaTemp Reference Tile 

Attaching device type D600 from file D:\Myeongjin\SensorTestProject\setup\Quadratec_FingerTPS-hw.txt
3802467: Constructor found in factory.
3802561: Device created.
Resizing buffer to 10000 frames, recordsize = 12
3803178: Starting acquisition threads...
3803196: Device 0: Success. Done
4173312: Stopping acquisition thread:Device 0: is alive. Terminating... done.
Destroying Hardware Manager 0000029856F22190
Factory is purged
