Log file D:\Myeongjin\projects\SensorTestProject\log\HwManager_0000000044339A20.log created on 2020-03-04 at 11:10:40 AM
System Logging Level = 2
Creating Hardware Manager 0000000044339A20...
Using Plugin folder of D:\Myeongjin\projects\SensorTestProject\Assets\Plugins\x86_64\HwPlugins\
Building factory using searchPath D:\Myeongjin\projects\SensorTestProject\Assets\Plugins\x86_64\HwPlugins\Hw*Lib.dll
Loading HwArrayG2Lib.dll...success!
Loading HwArrayG3Lib.dll...success!
Loading HwD600Lib.dll...success!
Loading HwDigiUsbLib.dll...success!
Loading HWEmulatorLib.dll...success!
Loading HWLoadstarLib.dll...success!
Loading HwMensorLib.dll...success!
Loading HwNidaqLib.dll...success!
Loading HwOmegaTempLib.dll...success!
Loading HwReferenceLib.dll...success!
Loading HWTileLib.dll...success!
Built factory for 11 plugins:
ArrayG2 ArrayG3 D600 DigiUsb Emulator Loadstar Mensor Nidaq OmegaTemp Reference Tile 

Attaching device type D600 from file D:\Myeongjin\projects\SensorTestProject\setup\Quadratec_FingerTPS-hw.txt
2338151: Constructor found in factory.
2338182: Device created.
Resizing buffer to 10000 frames, recordsize = 12
2338345: Starting acquisition threads...
2338349: Device 0: Success. Done
2431107: Stopping acquisition thread:Device 0: is alive. Terminating... done.
Destroying Hardware Manager 0000000044339A20
Factory is purged
Log file D:\Myeongjin\projects\SensorTestProject\log\HwManager_0000000044339A20.log created on 2020-03-04 at 11:20:10 AM
System Logging Level = 2
Creating Hardware Manager 0000000044339A20...
Using Plugin folder of D:\Myeongjin\projects\SensorTestProject\Assets\Plugins\x86_64\HwPlugins\
Building factory using searchPath D:\Myeongjin\projects\SensorTestProject\Assets\Plugins\x86_64\HwPlugins\Hw*Lib.dll
Loading HwArrayG2Lib.dll...success!
Loading HwArrayG3Lib.dll...success!
Loading HwD600Lib.dll...success!
Loading HwDigiUsbLib.dll...success!
Loading HWEmulatorLib.dll...success!
Loading HWLoadstarLib.dll...success!
Loading HwMensorLib.dll...success!
Loading HwNidaqLib.dll...success!
Loading HwOmegaTempLib.dll...success!
Loading HwReferenceLib.dll...success!
Loading HWTileLib.dll...success!
Built factory for 11 plugins:
ArrayG2 ArrayG3 D600 DigiUsb Emulator Loadstar Mensor Nidaq OmegaTemp Reference Tile 

Attaching device type D600 from file D:\Myeongjin\projects\SensorTestProject\setup\Quadratec_FingerTPS-hw.txt
2908405: Constructor found in factory.
2908435: Device created.
Resizing buffer to 10000 frames, recordsize = 12
2908599: Starting acquisition threads...
2908604: Device 0: Success. Done
2925707: Stopping acquisition thread:Device 0: is alive. Terminating... done.
Destroying Hardware Manager 0000000044339A20
Factory is purged
Log file D:\Myeongjin\projects\SensorTestProject\log\HwManager_0000000044339A20.log created on 2020-03-04 at 12:34:43 PM
System Logging Level = 2
Creating Hardware Manager 0000000044339A20...
Using Plugin folder of D:\Myeongjin\projects\SensorTestProject\Assets\Plugins\x86_64\HwPlugins\
Building factory using searchPath D:\Myeongjin\projects\SensorTestProject\Assets\Plugins\x86_64\HwPlugins\Hw*Lib.dll
Loading HwArrayG2Lib.dll...success!
Loading HwArrayG3Lib.dll...success!
Loading HwD600Lib.dll...success!
Loading HwDigiUsbLib.dll...success!
Loading HWEmulatorLib.dll...success!
Loading HWLoadstarLib.dll...success!
Loading HwMensorLib.dll...success!
Loading HwNidaqLib.dll...success!
Loading HwOmegaTempLib.dll...success!
Loading HwReferenceLib.dll...success!
Loading HWTileLib.dll...success!
Built factory for 11 plugins:
ArrayG2 ArrayG3 D600 DigiUsb Emulator Loadstar Mensor Nidaq OmegaTemp Reference Tile 

Attaching device type D600 from file D:\Myeongjin\projects\SensorTestProject\setup\Quadratec_FingerTPS-hw.txt
7381146: Constructor found in factory.
7381179: Device created.
Resizing buffer to 10000 frames, recordsize = 12
7381355: Starting acquisition threads...
7381361: Device 0: Success. Done
7400148: Stopping acquisition thread:Device 0: is alive. Terminating... done.
Destroying Hardware Manager 0000000044339A20
Factory is purged
