Log file F:\Unity projects\SensorTestProject\log\HwManager_000000004D5BE300.log created on 2020-03-30 at 06:27:34 Creating Hardware Manager 000000004D5BE300...
Using Plugin folder of F:\Unity projects\SensorTestProject\Assets\Plugins\x86_64\HwPlugins\
Building factory using searchPath F:\Unity projects\SensorTestProject\Assets\Plugins\x86_64\HwPlugins\Hw*Lib.dll
Loading HwArrayG2Lib.dll...success!
Loading HwArrayG3Lib.dll...success!
Loading HwD600Lib.dll...success!
Loading HwDigiUsbLib.dll...success!
Loading HWEmulatorLib.dll...success!
Loading HWLoadstarLib.dll...success!
Loading HwMensorLib.dll...success!
Loading HwNidaqLib.dll...success!
Loading HwOmegaTempLib.dll...success!
Loading HwReferenceLib.dll...success!
Loading HWTileLib.dll...success!
Built factory for 11 plugins:
ArrayG2 ArrayG3 D600 DigiUsb Emulator Loadstar Mensor Nidaq OmegaTemp Reference Tile 

Attaching device type D600 from file F:\Unity projects\SensorTestProject\setup\Quadratec_FingerTPS-hw.txt
344680757: Constructor found in factory.
344680773: Device created.
Resizing buffer to 10000 frames, recordsize = 12
344680832: Starting acquisition threads...
344680835: Device 0: Success. Done
344692422: Stopping acquisition thread:Device 0: is alive. Terminating... done.
344692904: Stopping acquisition thread:Device 0: was already terminated.
Destroying Hardware Manager 000000004D5BE300
Factory is purged
Log file F:\Unity projects\SensorTestProject\log\HwManager_000000004D5BE300.log created on 2020-03-30 at 07:06:48 Creating Hardware Manager 000000004D5BE300...
Using Plugin folder of F:\Unity projects\SensorTestProject\Assets\Plugins\x86_64\HwPlugins\
Building factory using searchPath F:\Unity projects\SensorTestProject\Assets\Plugins\x86_64\HwPlugins\Hw*Lib.dll
Loading HwArrayG2Lib.dll...success!
Loading HwArrayG3Lib.dll...success!
Loading HwD600Lib.dll...success!
Loading HwDigiUsbLib.dll...success!
Loading HWEmulatorLib.dll...success!
Loading HWLoadstarLib.dll...success!
Loading HwMensorLib.dll...success!
Loading HwNidaqLib.dll...success!
Loading HwOmegaTempLib.dll...success!
Loading HwReferenceLib.dll...success!
Loading HWTileLib.dll...success!
Built factory for 11 plugins:
ArrayG2 ArrayG3 D600 DigiUsb Emulator Loadstar Mensor Nidaq OmegaTemp Reference Tile 

Attaching device type D600 from file F:\Unity projects\SensorTestProject\setup\Quadratec_FingerTPS-hw.txt
347034741: Constructor found in factory.
347034755: Device created.
Resizing buffer to 10000 frames, recordsize = 12
347034823: Starting acquisition threads...
347034825: Device 0: Success. Done
347222218: Stopping acquisition thread:Device 0: is alive. Terminating... done.
Destroying Hardware Manager 000000004D5BE300
Factory is purged
Log file F:\Unity projects\SensorTestProject\log\HwManager_000000004D5BE300.log created on 2020-03-30 at 07:18:51 Creating Hardware Manager 000000004D5BE300...
Using Plugin folder of F:\Unity projects\SensorTestProject\Assets\Plugins\x86_64\HwPlugins\
Building factory using searchPath F:\Unity projects\SensorTestProject\Assets\Plugins\x86_64\HwPlugins\Hw*Lib.dll
Loading HwArrayG2Lib.dll...success!
Loading HwArrayG3Lib.dll...success!
Loading HwD600Lib.dll...success!
Loading HwDigiUsbLib.dll...success!
Loading HWEmulatorLib.dll...success!
Loading HWLoadstarLib.dll...success!
Loading HwMensorLib.dll...success!
Loading HwNidaqLib.dll...success!
Loading HwOmegaTempLib.dll...success!
Loading HwReferenceLib.dll...success!
Loading HWTileLib.dll...success!
Built factory for 11 plugins:
ArrayG2 ArrayG3 D600 DigiUsb Emulator Loadstar Mensor Nidaq OmegaTemp Reference Tile 

Attaching device type D600 from file F:\Unity projects\SensorTestProject\setup\Quadratec_FingerTPS-hw.txt
347757768: Constructor found in factory.
347757783: Device created.
Resizing buffer to 10000 frames, recordsize = 12
347757849: Starting acquisition threads...
347757852: Device 0: Success. Done
347846880: Stopping acquisition thread:Device 0: is alive. Terminating... done.
Destroying Hardware Manager 000000004D5BE300
Factory is purged
