Log file D:\Myeongjin\projects\SensorTestProject\log\HwManager_00000000443399D0.log created on 2020-03-04 at 12:51:14 PM
System Logging Level = 2
Creating Hardware Manager 00000000443399D0...
Using Plugin folder of D:\Myeongjin\projects\SensorTestProject\Assets\Plugins\x86_64\HwPlugins\
Building factory using searchPath D:\Myeongjin\projects\SensorTestProject\Assets\Plugins\x86_64\HwPlugins\Hw*Lib.dll
Loading HwArrayG2Lib.dll...success!
Loading HwArrayG3Lib.dll...success!
Loading HwD600Lib.dll...success!
Loading HwDigiUsbLib.dll...success!
Loading HWEmulatorLib.dll...success!
Loading HWLoadstarLib.dll...success!
Loading HwMensorLib.dll...success!
Loading HwNidaqLib.dll...success!
Loading HwOmegaTempLib.dll...success!
Loading HwReferenceLib.dll...success!
Loading HWTileLib.dll...success!
Built factory for 11 plugins:
ArrayG2 ArrayG3 D600 DigiUsb Emulator Loadstar Mensor Nidaq OmegaTemp Reference Tile 

Attaching device type D600 from file D:\Myeongjin\projects\SensorTestProject\setup\Quadratec_FingerTPS-hw.txt
8372511: Constructor found in factory.
8372543: Device created.
Resizing buffer to 10000 frames, recordsize = 12
8372694: Starting acquisition threads...
8372699: Device 0: Success. Done
8401981: Stopping acquisition thread:Device 0: is alive. Terminating... done.
Destroying Hardware Manager 00000000443399D0
Factory is purged
