Log file D:\Myeongjin\SensorTestProject\log\HwManager_0000000048DDC5F0.log created on 2021-01-27 at 10:45:49 AM
System Logging Level = 2
Creating Hardware Manager 0000000048DDC5F0...
Using Plugin folder of D:\Myeongjin\SensorTestProject\Assets\Plugins\x86_64\HwPlugins\
Building factory using searchPath D:\Myeongjin\SensorTestProject\Assets\Plugins\x86_64\HwPlugins\Hw*Lib.dll
Loading HwArrayG2Lib.dll...success!
Loading HwArrayG3Lib.dll...success!
Loading HwD600Lib.dll...success!
Loading HwDigiUsbLib.dll...success!
Loading HWEmulatorLib.dll...success!
Loading HWLoadstarLib.dll...success!
Loading HwMensorLib.dll...success!
Loading HwNidaqLib.dll...success!
Loading HwOmegaTempLib.dll...success!
Loading HwReferenceLib.dll...success!
Loading HWTileLib.dll...success!
Built factory for 11 plugins:
ArrayG2 ArrayG3 D600 DigiUsb Emulator Loadstar Mensor Nidaq OmegaTemp Reference Tile 

Attaching device type D600 from file D:\Myeongjin\SensorTestProject\setup\Quadratec_FingerTPS-hw.txt
359039: Constructor found in factory.
359120: Device created.
Resizing buffer to 10000 frames, recordsize = 12
359608: Starting acquisition threads...
359623: Device 0: Success. Done
366953: Stopping acquisition thread:Device 0: is alive. Terminating... done.
370390: Stopping acquisition thread:Device 0: was already terminated.
Destroying Hardware Manager 0000000048DDC5F0
Factory is purged
Log file D:\Myeongjin\SensorTestProject\log\HwManager_0000000048DDC5F0.log created on 2021-01-27 at 10:59:44 AM
System Logging Level = 2
Creating Hardware Manager 0000000048DDC5F0...
Using Plugin folder of D:\Myeongjin\SensorTestProject\Assets\Plugins\x86_64\HwPlugins\
Building factory using searchPath D:\Myeongjin\SensorTestProject\Assets\Plugins\x86_64\HwPlugins\Hw*Lib.dll
Loading HwArrayG2Lib.dll...success!
Loading HwArrayG3Lib.dll...success!
Loading HwD600Lib.dll...success!
Loading HwDigiUsbLib.dll...success!
Loading HWEmulatorLib.dll...success!
Loading HWLoadstarLib.dll...success!
Loading HwMensorLib.dll...success!
Loading HwNidaqLib.dll...success!
Loading HwOmegaTempLib.dll...success!
Loading HwReferenceLib.dll...success!
Loading HWTileLib.dll...success!
Built factory for 11 plugins:
ArrayG2 ArrayG3 D600 DigiUsb Emulator Loadstar Mensor Nidaq OmegaTemp Reference Tile 

Attaching device type D600 from file D:\Myeongjin\SensorTestProject\setup\Quadratec_FingerTPS-hw.txt
1194101: Constructor found in factory.
1194184: Device created.
Resizing buffer to 10000 frames, recordsize = 12
1194694: Starting acquisition threads...
1194712: Device 0: Success. Done
1202583: Stopping acquisition thread:Device 0: is alive. Terminating... done.
1206070: Stopping acquisition thread:Device 0: was already terminated.
Destroying Hardware Manager 0000000048DDC5F0
Factory is purged
