Log file D:\Myeongjin\projects\SensorTestProejct\log\MainAPI_Log_0000000000000000.log created on 2020-02-20 at 10:37:53 AM
System Logging Level = 2
Root Folder: D:\Myeongjin\projects\SensorTestProejct\Assets\Plugins\x86_64\
HwPlugins Folder: D:\Myeongjin\projects\SensorTestProejct\Assets\Plugins\x86_64\HwPlugins\
ProcPlugins Folder: D:\Myeongjin\projects\SensorTestProejct\Assets\Plugins\x86_64\ProcPlugins\
Given Local Root Folder: 
Local Root Folder: D:\Myeongjin\projects\SensorTestProejct
Setup Folder: D:\Myeongjin\projects\SensorTestProejct\setup\
Log Folder: D:\Myeongjin\projects\SensorTestProejct\log\
Given Version: 1.0.0.0
Root Folder: D:\Myeongjin\projects\SensorTestProejct\Assets\Plugins\x86_64\
HwPlugins Folder: D:\Myeongjin\projects\SensorTestProejct\Assets\Plugins\x86_64\HwPlugins\
ProcPlugins Folder: D:\Myeongjin\projects\SensorTestProejct\Assets\Plugins\x86_64\ProcPlugins\
Given Local Root Folder: 
Local Root Folder: D:\Myeongjin\projects\SensorTestProejct
Setup Folder: D:\Myeongjin\projects\SensorTestProejct\setup\
Log Folder: D:\Myeongjin\projects\SensorTestProejct\log\
Given Version: 1.0.0.0
Root Folder: D:\Myeongjin\projects\SensorTestProejct\Assets\Plugins\x86_64\
HwPlugins Folder: D:\Myeongjin\projects\SensorTestProejct\Assets\Plugins\x86_64\HwPlugins\
ProcPlugins Folder: D:\Myeongjin\projects\SensorTestProejct\Assets\Plugins\x86_64\ProcPlugins\
Given Local Root Folder: 
Local Root Folder: D:\Myeongjin\projects\SensorTestProejct
Setup Folder: D:\Myeongjin\projects\SensorTestProejct\setup\
Log Folder: D:\Myeongjin\projects\SensorTestProejct\log\
Given Version: 1.0.0.0
Root Folder: D:\Myeongjin\projects\SensorTestProejct\Assets\Plugins\x86_64\
HwPlugins Folder: D:\Myeongjin\projects\SensorTestProejct\Assets\Plugins\x86_64\HwPlugins\
ProcPlugins Folder: D:\Myeongjin\projects\SensorTestProejct\Assets\Plugins\x86_64\ProcPlugins\
Given Local Root Folder: 
Local Root Folder: D:\Myeongjin\projects\SensorTestProejct
Setup Folder: D:\Myeongjin\projects\SensorTestProejct\setup\
Log Folder: D:\Myeongjin\projects\SensorTestProejct\log\
Given Version: 1.0.0.0
Root Folder: D:\Myeongjin\projects\SensorTestProejct\Assets\Plugins\x86_64\
HwPlugins Folder: D:\Myeongjin\projects\SensorTestProejct\Assets\Plugins\x86_64\HwPlugins\
ProcPlugins Folder: D:\Myeongjin\projects\SensorTestProejct\Assets\Plugins\x86_64\ProcPlugins\
Given Local Root Folder: 
Local Root Folder: D:\Myeongjin\projects\SensorTestProejct
Setup Folder: D:\Myeongjin\projects\SensorTestProejct\setup\
Log Folder: D:\Myeongjin\projects\SensorTestProejct\log\
Given Version: 1.0.0.0
Root Folder: D:\Myeongjin\projects\SensorTestProejct\Assets\Plugins\x86_64\
HwPlugins Folder: D:\Myeongjin\projects\SensorTestProejct\Assets\Plugins\x86_64\HwPlugins\
ProcPlugins Folder: D:\Myeongjin\projects\SensorTestProejct\Assets\Plugins\x86_64\ProcPlugins\
Given Local Root Folder: 
Local Root Folder: D:\Myeongjin\projects\SensorTestProejct
Setup Folder: D:\Myeongjin\projects\SensorTestProejct\setup\
Log Folder: D:\Myeongjin\projects\SensorTestProejct\log\
Given Version: 1.0.0.0
Root Folder: D:\Myeongjin\projects\SensorTestProejct\Assets\Plugins\x86_64\
HwPlugins Folder: D:\Myeongjin\projects\SensorTestProejct\Assets\Plugins\x86_64\HwPlugins\
ProcPlugins Folder: D:\Myeongjin\projects\SensorTestProejct\Assets\Plugins\x86_64\ProcPlugins\
Given Local Root Folder: 
Local Root Folder: D:\Myeongjin\projects\SensorTestProejct
Setup Folder: D:\Myeongjin\projects\SensorTestProejct\setup\
Log Folder: D:\Myeongjin\projects\SensorTestProejct\log\
Given Version: 1.0.0.0
Root Folder: D:\Myeongjin\projects\SensorTestProejct\Assets\Plugins\x86_64\
HwPlugins Folder: D:\Myeongjin\projects\SensorTestProejct\Assets\Plugins\x86_64\HwPlugins\
ProcPlugins Folder: D:\Myeongjin\projects\SensorTestProejct\Assets\Plugins\x86_64\ProcPlugins\
Given Local Root Folder: 
Local Root Folder: D:\Myeongjin\projects\SensorTestProejct
Setup Folder: D:\Myeongjin\projects\SensorTestProejct\setup\
Log Folder: D:\Myeongjin\projects\SensorTestProejct\log\
Given Version: 1.0.0.0
Root Folder: D:\Myeongjin\projects\SensorTestProejct\Assets\Plugins\x86_64\
HwPlugins Folder: D:\Myeongjin\projects\SensorTestProejct\Assets\Plugins\x86_64\HwPlugins\
ProcPlugins Folder: D:\Myeongjin\projects\SensorTestProejct\Assets\Plugins\x86_64\ProcPlugins\
Given Local Root Folder: 
Local Root Folder: D:\Myeongjin\projects\SensorTestProejct
Setup Folder: D:\Myeongjin\projects\SensorTestProejct\setup\
Log Folder: D:\Myeongjin\projects\SensorTestProejct\log\
Given Version: 1.0.0.0
Root Folder: D:\Myeongjin\projects\SensorTestProejct\Assets\Plugins\x86_64\
HwPlugins Folder: D:\Myeongjin\projects\SensorTestProejct\Assets\Plugins\x86_64\HwPlugins\
ProcPlugins Folder: D:\Myeongjin\projects\SensorTestProejct\Assets\Plugins\x86_64\ProcPlugins\
Given Local Root Folder: 
Local Root Folder: D:\Myeongjin\projects\SensorTestProejct
Setup Folder: D:\Myeongjin\projects\SensorTestProejct\setup\
Log Folder: D:\Myeongjin\projects\SensorTestProejct\log\
Given Version: 1.0.0.0
Root Folder: D:\Myeongjin\projects\SensorTestProejct\Assets\Plugins\x86_64\
HwPlugins Folder: D:\Myeongjin\projects\SensorTestProejct\Assets\Plugins\x86_64\HwPlugins\
ProcPlugins Folder: D:\Myeongjin\projects\SensorTestProejct\Assets\Plugins\x86_64\ProcPlugins\
Given Local Root Folder: 
Local Root Folder: D:\Myeongjin\projects\SensorTestProejct
Setup Folder: D:\Myeongjin\projects\SensorTestProejct\setup\
Log Folder: D:\Myeongjin\projects\SensorTestProejct\log\
Given Version: 1.0.0.0
